<?xml version="1.0" encoding="UTF-8"?>
<TestRun id="89f8db50-9b15-4305-9c16-7472b685e26e" name="vplechuc@EXOI7 2016-01-04 16:20:00" runUser="ExoI7\vplechuc" xmlns="http://microsoft.com/schemas/VisualStudio/TeamTest/2010">
  <TestSettings name="Default Test Settings" id="03a727fc-89ee-4ddd-9283-c4d88598da3d">
    <Deployment userDeploymentRoot="C:\dev\repos\VersionOne.TeamSync" useDefaultDeploymentRoot="false" runDeploymentRoot="vplechuc_EXOI7 2016-01-04 16_20_00" />
    <Execution>
      <TestTypeSpecific />
      <AgentRule name="Execution Agents">
      </AgentRule>
    </Execution>
    <Properties />
  </TestSettings>
  <Times creation="2016-01-04T16:20:00.0963577-03:00" queuing="2016-01-04T16:20:01.2904260-03:00" start="2016-01-04T16:20:01.3904317-03:00" finish="2016-01-04T16:20:04.6326172-03:00" />
  <ResultSummary outcome="Completed">
    <Counters total="240" executed="240" passed="240" error="0" failed="0" timeout="0" aborted="0" inconclusive="0" passedButRunAborted="0" notRunnable="0" notExecuted="0" disconnected="0" warning="0" completed="0" inProgress="0" pending="0" />
  </ResultSummary>
  <TestDefinitions>
    <UnitTest name="makes_a_call_add_a_link_back_to_jira" storage="c:\dev\repos\versionone.teamsync\versionone.teamsync.core.tests\bin\release\versionone.teamsync.core.tests.dll" id="7c45da67-691d-5bd4-21b6-f709a5c0841a">
      <Execution id="d3c63ee6-a96e-41e2-bd7a-27d093878793" />
      <TestMethod codeBase="C:/dev/repos/VersionOne.TeamSync/VersionOne.TeamSync.Core.Tests/bin/Release/VersionOne.TeamSync.Core.Tests.DLL" adapterTypeName="Microsoft.VisualStudio.TestTools.TestTypes.Unit.UnitTestAdapter, Microsoft.VisualStudio.QualityTools.Tips.UnitTest.Adapter, Version=12.0.0.0, Culture=neutral, PublicKeyToken=b03f5f7f11d50a3a" className="VersionOne.TeamSync.Core.Tests.Workers.orphan_defect, VersionOne.TeamSync.Core.Tests, Version=1.1.0.20, Culture=neutral, PublicKeyToken=null" name="makes_a_call_add_a_link_back_to_jira" />
    </UnitTest>
    <UnitTest name="should_never_call_the_logger" storage="c:\dev\repos\versionone.teamsync\versionone.teamsync.core.tests\bin\release\versionone.teamsync.core.tests.dll" id="842f58c8-3234-0ede-11a7-6dbc9d5b135b">
      <Execution id="16121203-517d-4cb0-afb6-b75bb66af93e" />
      <TestMethod codeBase="C:/dev/repos/VersionOne.TeamSync/VersionOne.TeamSync.Core.Tests/bin/Release/VersionOne.TeamSync.Core.Tests.DLL" adapterTypeName="Microsoft.VisualStudio.TestTools.TestTypes.Unit.UnitTestAdapter, Microsoft.VisualStudio.QualityTools.Tips.UnitTest.Adapter, Version=12.0.0.0, Culture=neutral, PublicKeyToken=b03f5f7f11d50a3a" className="VersionOne.TeamSync.Core.Tests.getting_orphan_stories_in_a_jira_project, VersionOne.TeamSync.Core.Tests, Version=1.1.0.20, Culture=neutral, PublicKeyToken=null" name="should_never_call_the_logger" />
    </UnitTest>
    <UnitTest name="should_sync_member_at_least_once" storage="c:\dev\repos\versionone.teamsync\versionone.teamsync.core.tests\bin\release\versionone.teamsync.core.tests.dll" id="ea0ec4a5-849c-43bd-0799-eb8fea1943b2">
      <Execution id="8302222e-b401-47e8-acf8-54d7e6dcd712" />
      <TestMethod codeBase="C:/dev/repos/VersionOne.TeamSync/VersionOne.TeamSync.Core.Tests/bin/Release/VersionOne.TeamSync.Core.Tests.DLL" adapterTypeName="Microsoft.VisualStudio.TestTools.TestTypes.Unit.UnitTestAdapter, Microsoft.VisualStudio.QualityTools.Tips.UnitTest.Adapter, Version=12.0.0.0, Culture=neutral, PublicKeyToken=b03f5f7f11d50a3a" className="VersionOne.TeamSync.Core.Tests.story_with_assignee, VersionOne.TeamSync.Core.Tests, Version=1.1.0.20, Culture=neutral, PublicKeyToken=null" name="should_sync_member_at_least_once" />
    </UnitTest>
    <UnitTest name="should_be_a_match_even_if_someone_adds_spaces" storage="c:\dev\repos\versionone.teamsync\versionone.teamsync.core.tests\bin\release\versionone.teamsync.core.tests.dll" id="38347bc0-45a7-6fe8-4b95-ec13ed172ed2">
      <Execution id="b7661d0d-c7cd-458c-965d-4b863abea103" />
      <TestMethod codeBase="C:/dev/repos/VersionOne.TeamSync/VersionOne.TeamSync.Core.Tests/bin/Release/VersionOne.TeamSync.Core.Tests.DLL" adapterTypeName="Microsoft.VisualStudio.TestTools.TestTypes.Unit.UnitTestAdapter, Microsoft.VisualStudio.QualityTools.Tips.UnitTest.Adapter, Version=12.0.0.0, Culture=neutral, PublicKeyToken=b03f5f7f11d50a3a" className="VersionOne.TeamSync.Core.Tests.IssueExtension_MatchesTests, VersionOne.TeamSync.Core.Tests, Version=1.1.0.20, Culture=neutral, PublicKeyToken=null" name="should_be_a_match_even_if_someone_adds_spaces" />
    </UnitTest>
    <UnitTest name="should_call_EpicsWithoutReference_one_time" storage="c:\dev\repos\versionone.teamsync\versionone.teamsync.core.tests\bin\release\versionone.teamsync.core.tests.dll" id="ae304cd0-294e-ae2e-8d96-1e068f7b7160">
      <Execution id="632b9340-9a66-4e0d-9797-d2206bd12a7c" />
      <TestMethod codeBase="C:/dev/repos/VersionOne.TeamSync/VersionOne.TeamSync.Core.Tests/bin/Release/VersionOne.TeamSync.Core.Tests.DLL" adapterTypeName="Microsoft.VisualStudio.TestTools.TestTypes.Unit.UnitTestAdapter, Microsoft.VisualStudio.QualityTools.Tips.UnitTest.Adapter, Version=12.0.0.0, Culture=neutral, PublicKeyToken=b03f5f7f11d50a3a" className="VersionOne.TeamSync.Core.Tests.Worker_when_a_VersionOne_epic_is_closed, VersionOne.TeamSync.Core.Tests, Version=1.1.0.20, Culture=neutral, PublicKeyToken=null" name="should_call_EpicsWithoutReference_one_time" />
    </UnitTest>
    <UnitTest name="different_description_means_update" storage="c:\dev\repos\versionone.teamsync\versionone.teamsync.core.tests\bin\release\versionone.teamsync.core.tests.dll" id="0924a7ea-e553-197a-453e-0f848e7913f2">
      <Execution id="47363eb4-da61-45fc-980a-950692632434" />
      <TestMethod codeBase="C:/dev/repos/VersionOne.TeamSync/VersionOne.TeamSync.Core.Tests/bin/Release/VersionOne.TeamSync.Core.Tests.DLL" adapterTypeName="Microsoft.VisualStudio.TestTools.TestTypes.Unit.UnitTestAdapter, Microsoft.VisualStudio.QualityTools.Tips.UnitTest.Adapter, Version=12.0.0.0, Culture=neutral, PublicKeyToken=b03f5f7f11d50a3a" className="VersionOne.TeamSync.Core.Tests.EqualityTests_Story, VersionOne.TeamSync.Core.Tests, Version=1.1.0.20, Culture=neutral, PublicKeyToken=null" name="different_description_means_update" />
    </UnitTest>
    <UnitTest name="should_send_the_right_defect_to_be_updated" storage="c:\dev\repos\versionone.teamsync\versionone.teamsync.core.tests\bin\release\versionone.teamsync.core.tests.dll" id="d8ae65da-1195-d8f5-a279-2ed3d2892714">
      <Execution id="6141d625-a505-4292-9f12-6fe6363ac230" />
      <Properties>
        <Property>
          <Key>__Internal_DeclaringClassName__</Key>
          <Value>VersionOne.TeamSync.Core.Tests.Workers.defect_update</Value>
        </Property>
      </Properties>
      <TestMethod codeBase="C:/dev/repos/VersionOne.TeamSync/VersionOne.TeamSync.Core.Tests/bin/Release/VersionOne.TeamSync.Core.Tests.DLL" adapterTypeName="Microsoft.VisualStudio.TestTools.TestTypes.Unit.UnitTestAdapter, Microsoft.VisualStudio.QualityTools.Tips.UnitTest.Adapter, Version=12.0.0.0, Culture=neutral, PublicKeyToken=b03f5f7f11d50a3a" className="VersionOne.TeamSync.Core.Tests.modified_defect_has_priority_set, VersionOne.TeamSync.Core.Tests, Version=1.1.0.20, Culture=neutral, PublicKeyToken=null" name="should_send_the_right_defect_to_be_updated" />
    </UnitTest>
    <UnitTest name="do_not_call_the_jira_api" storage="c:\dev\repos\versionone.teamsync\versionone.teamsync.core.tests\bin\release\versionone.teamsync.core.tests.dll" id="8352b740-5640-aeae-5140-564f66adf679">
      <Execution id="72e3943d-d2b3-49ee-93b9-40ab0761d839" />
      <TestMethod codeBase="C:/dev/repos/VersionOne.TeamSync/VersionOne.TeamSync.Core.Tests/bin/Release/VersionOne.TeamSync.Core.Tests.DLL" adapterTypeName="Microsoft.VisualStudio.TestTools.TestTypes.Unit.UnitTestAdapter, Microsoft.VisualStudio.QualityTools.Tips.UnitTest.Adapter, Version=12.0.0.0, Culture=neutral, PublicKeyToken=b03f5f7f11d50a3a" className="VersionOne.TeamSync.Core.Tests.Workers.Worker_when_there_are_no_new_epics, VersionOne.TeamSync.Core.Tests, Version=1.1.0.20, Culture=neutral, PublicKeyToken=null" name="do_not_call_the_jira_api" />
    </UnitTest>
    <UnitTest name="makes_a_call_add_a_link_back_to_jira" storage="c:\dev\repos\versionone.teamsync\versionone.teamsync.core.tests\bin\release\versionone.teamsync.core.tests.dll" id="ace7038c-c5a7-de23-1f2a-d0e7fd972954">
      <Execution id="90774a6b-00d5-40de-87f7-2dd85b941084" />
      <TestMethod codeBase="C:/dev/repos/VersionOne.TeamSync/VersionOne.TeamSync.Core.Tests/bin/Release/VersionOne.TeamSync.Core.Tests.DLL" adapterTypeName="Microsoft.VisualStudio.TestTools.TestTypes.Unit.UnitTestAdapter, Microsoft.VisualStudio.QualityTools.Tips.UnitTest.Adapter, Version=12.0.0.0, Culture=neutral, PublicKeyToken=b03f5f7f11d50a3a" className="VersionOne.TeamSync.Core.Tests.orphan_story, VersionOne.TeamSync.Core.Tests, Version=1.1.0.20, Culture=neutral, PublicKeyToken=null" name="makes_a_call_add_a_link_back_to_jira" />
    </UnitTest>
    <UnitTest name="should_not_update_the_parent_epic" storage="c:\dev\repos\versionone.teamsync\versionone.teamsync.core.tests\bin\release\versionone.teamsync.core.tests.dll" id="d90fddeb-6dbb-2aa4-1b55-969a440f31a3">
      <Execution id="9bdb09bb-e475-4e10-ac36-ecb5d0aaf90b" />
      <TestMethod codeBase="C:/dev/repos/VersionOne.TeamSync/VersionOne.TeamSync.Core.Tests/bin/Release/VersionOne.TeamSync.Core.Tests.DLL" adapterTypeName="Microsoft.VisualStudio.TestTools.TestTypes.Unit.UnitTestAdapter, Microsoft.VisualStudio.QualityTools.Tips.UnitTest.Adapter, Version=12.0.0.0, Culture=neutral, PublicKeyToken=b03f5f7f11d50a3a" className="VersionOne.TeamSync.Core.Tests.StorySync.and_the_status_is_normal_but_the_parent_epic_is_closed, VersionOne.TeamSync.Core.Tests, Version=1.1.0.20, Culture=neutral, PublicKeyToken=null" name="should_not_update_the_parent_epic" />
    </UnitTest>
    <UnitTest name="passed_in_scope_becomes_actual_scopeId" storage="c:\dev\repos\versionone.teamsync\versionone.teamsync.core.tests\bin\release\versionone.teamsync.core.tests.dll" id="8fb5d0ad-2a71-593d-1b4a-7642ea73d25e">
      <Execution id="b6d5c313-61b8-4969-8ff4-f2d35c1622ad" />
      <TestMethod codeBase="C:/dev/repos/VersionOne.TeamSync/VersionOne.TeamSync.Core.Tests/bin/Release/VersionOne.TeamSync.Core.Tests.DLL" adapterTypeName="Microsoft.VisualStudio.TestTools.TestTypes.Unit.UnitTestAdapter, Microsoft.VisualStudio.QualityTools.Tips.UnitTest.Adapter, Version=12.0.0.0, Culture=neutral, PublicKeyToken=b03f5f7f11d50a3a" className="VersionOne.TeamSync.Core.Tests.IssueExtensionTests, VersionOne.TeamSync.Core.Tests, Version=1.1.0.20, Culture=neutral, PublicKeyToken=null" name="passed_in_scope_becomes_actual_scopeId" />
    </UnitTest>
    <UnitTest name="should_create_a_post_to_create_member" storage="c:\dev\repos\versionone.teamsync\versionone.teamsync.core.tests\bin\release\versionone.teamsync.core.tests.dll" id="4c881ea4-3cc9-4a9b-5eba-be04acf0addc">
      <Execution id="d4572ec7-c066-4f7a-adb5-6d149f5689fc" />
      <TestMethod codeBase="C:/dev/repos/VersionOne.TeamSync/VersionOne.TeamSync.Core.Tests/bin/Release/VersionOne.TeamSync.Core.Tests.DLL" adapterTypeName="Microsoft.VisualStudio.TestTools.TestTypes.Unit.UnitTestAdapter, Microsoft.VisualStudio.QualityTools.Tips.UnitTest.Adapter, Version=12.0.0.0, Culture=neutral, PublicKeyToken=b03f5f7f11d50a3a" className="VersionOne.TeamSync.Core.Tests.when_assignee_exists_in_v1_and_it_matches_equals_true, VersionOne.TeamSync.Core.Tests, Version=1.1.0.20, Culture=neutral, PublicKeyToken=null" name="should_create_a_post_to_create_member" />
    </UnitTest>
    <UnitTest name="should_call_GetEpicsInProject_jira" storage="c:\dev\repos\versionone.teamsync\versionone.teamsync.core.tests\bin\release\versionone.teamsync.core.tests.dll" id="859089f1-9be3-2eff-86d9-f31ec9dcc1ea">
      <Execution id="094e5285-a592-4b4d-92fd-a3d9672d0cd3" />
      <TestMethod codeBase="C:/dev/repos/VersionOne.TeamSync/VersionOne.TeamSync.Core.Tests/bin/Release/VersionOne.TeamSync.Core.Tests.DLL" adapterTypeName="Microsoft.VisualStudio.TestTools.TestTypes.Unit.UnitTestAdapter, Microsoft.VisualStudio.QualityTools.Tips.UnitTest.Adapter, Version=12.0.0.0, Culture=neutral, PublicKeyToken=b03f5f7f11d50a3a" className="VersionOne.TeamSync.Core.Tests.Worker_when_there_is_1_epic_to_update_and_no_match_in_jira, VersionOne.TeamSync.Core.Tests, Version=1.1.0.20, Culture=neutral, PublicKeyToken=null" name="should_call_GetEpicsInProject_jira" />
    </UnitTest>
    <UnitTest name="should_send_the_right_priority_to_be_updated" storage="c:\dev\repos\versionone.teamsync\versionone.teamsync.core.tests\bin\release\versionone.teamsync.core.tests.dll" id="6177ca55-578c-ba9c-7a78-75da4b6c3658">
      <Execution id="ad916618-e57b-4431-bf47-13f408456c16" />
      <TestMethod codeBase="C:/dev/repos/VersionOne.TeamSync/VersionOne.TeamSync.Core.Tests/bin/Release/VersionOne.TeamSync.Core.Tests.DLL" adapterTypeName="Microsoft.VisualStudio.TestTools.TestTypes.Unit.UnitTestAdapter, Microsoft.VisualStudio.QualityTools.Tips.UnitTest.Adapter, Version=12.0.0.0, Culture=neutral, PublicKeyToken=b03f5f7f11d50a3a" className="VersionOne.TeamSync.Core.Tests.modified_story_has_priority_set, VersionOne.TeamSync.Core.Tests, Version=1.1.0.20, Culture=neutral, PublicKeyToken=null" name="should_send_the_right_priority_to_be_updated" />
    </UnitTest>
    <UnitTest name="when_content_does_not_match_throw_a_jira_exception_with_that_data" storage="c:\dev\repos\versionone.teamsync\versionone.teamsync.core.tests\bin\release\versionone.teamsync.core.tests.dll" id="03d4ba6b-5c6e-ee83-cf11-a4e8e5fa4192">
      <Execution id="72265b73-36e1-4cdb-8b2d-3f9927a8abdb" />
      <TestMethod codeBase="C:/dev/repos/VersionOne.TeamSync/VersionOne.TeamSync.Core.Tests/bin/Release/VersionOne.TeamSync.Core.Tests.DLL" adapterTypeName="Microsoft.VisualStudio.TestTools.TestTypes.Unit.UnitTestAdapter, Microsoft.VisualStudio.QualityTools.Tips.UnitTest.Adapter, Version=12.0.0.0, Culture=neutral, PublicKeyToken=b03f5f7f11d50a3a" className="VersionOne.TeamSync.Core.Tests.Executing_a_request_with_T_return, VersionOne.TeamSync.Core.Tests, Version=1.1.0.20, Culture=neutral, PublicKeyToken=null" name="when_content_does_not_match_throw_a_jira_exception_with_that_data" />
    </UnitTest>
    <UnitTest name="null_v1_priority_returns_empty_string" storage="c:\dev\repos\versionone.teamsync\versionone.teamsync.core.tests\bin\release\versionone.teamsync.core.tests.dll" id="189132ef-3b03-1a59-eac3-ea0849320c1b">
      <Execution id="1cee03d4-3f32-4618-b370-2f4ed5ad9de1" />
      <TestMethod codeBase="C:/dev/repos/VersionOne.TeamSync/VersionOne.TeamSync.Core.Tests/bin/Release/VersionOne.TeamSync.Core.Tests.DLL" adapterTypeName="Microsoft.VisualStudio.TestTools.TestTypes.Unit.UnitTestAdapter, Microsoft.VisualStudio.QualityTools.Tips.UnitTest.Adapter, Version=12.0.0.0, Culture=neutral, PublicKeyToken=b03f5f7f11d50a3a" className="VersionOne.TeamSync.Core.Tests.modified_epic_has_priority_set, VersionOne.TeamSync.Core.Tests, Version=1.1.0.20, Culture=neutral, PublicKeyToken=null" name="null_v1_priority_returns_empty_string" />
    </UnitTest>
    <UnitTest name="should_refresh_the_defect_once" storage="c:\dev\repos\versionone.teamsync\versionone.teamsync.core.tests\bin\release\versionone.teamsync.core.tests.dll" id="b5b106c8-979f-415b-256d-de38aed0c503">
      <Execution id="e28d21a6-c7b6-4577-9cd7-b72ce94470bd" />
      <TestMethod codeBase="C:/dev/repos/VersionOne.TeamSync/VersionOne.TeamSync.Core.Tests/bin/Release/VersionOne.TeamSync.Core.Tests.DLL" adapterTypeName="Microsoft.VisualStudio.TestTools.TestTypes.Unit.UnitTestAdapter, Microsoft.VisualStudio.QualityTools.Tips.UnitTest.Adapter, Version=12.0.0.0, Culture=neutral, PublicKeyToken=b03f5f7f11d50a3a" className="VersionOne.TeamSync.Core.Tests.Workers.child_defect, VersionOne.TeamSync.Core.Tests, Version=1.1.0.20, Culture=neutral, PublicKeyToken=null" name="should_refresh_the_defect_once" />
    </UnitTest>
    <UnitTest name="should_not_call_either_operations_to_close_or_reopen" storage="c:\dev\repos\versionone.teamsync\versionone.teamsync.core.tests\bin\release\versionone.teamsync.core.tests.dll" id="bb358b37-78fd-81d1-baa4-f9cf0cda2deb">
      <Execution id="5aeea55e-5df4-4fc9-abb6-a0b7d2df7d4a" />
      <TestMethod codeBase="C:/dev/repos/VersionOne.TeamSync/VersionOne.TeamSync.Core.Tests/bin/Release/VersionOne.TeamSync.Core.Tests.DLL" adapterTypeName="Microsoft.VisualStudio.TestTools.TestTypes.Unit.UnitTestAdapter, Microsoft.VisualStudio.QualityTools.Tips.UnitTest.Adapter, Version=12.0.0.0, Culture=neutral, PublicKeyToken=b03f5f7f11d50a3a" className="VersionOne.TeamSync.Core.Tests.Workers.defect_update_with_closed_epic, VersionOne.TeamSync.Core.Tests, Version=1.1.0.20, Culture=neutral, PublicKeyToken=null" name="should_not_call_either_operations_to_close_or_reopen" />
    </UnitTest>
    <UnitTest name="should_sync_member_at_least_once" storage="c:\dev\repos\versionone.teamsync\versionone.teamsync.core.tests\bin\release\versionone.teamsync.core.tests.dll" id="a9e21aff-2cf2-8baa-1619-d9d58ece1ce5">
      <Execution id="a1fcbfb6-0642-4e0a-8a7e-cac47c50367e" />
      <TestMethod codeBase="C:/dev/repos/VersionOne.TeamSync/VersionOne.TeamSync.Core.Tests/bin/Release/VersionOne.TeamSync.Core.Tests.DLL" adapterTypeName="Microsoft.VisualStudio.TestTools.TestTypes.Unit.UnitTestAdapter, Microsoft.VisualStudio.QualityTools.Tips.UnitTest.Adapter, Version=12.0.0.0, Culture=neutral, PublicKeyToken=b03f5f7f11d50a3a" className="VersionOne.TeamSync.Core.Tests.create_actual, VersionOne.TeamSync.Core.Tests, Version=1.1.0.20, Culture=neutral, PublicKeyToken=null" name="should_sync_member_at_least_once" />
    </UnitTest>
    <UnitTest name="should_create_a_post_to_update_member" storage="c:\dev\repos\versionone.teamsync\versionone.teamsync.core.tests\bin\release\versionone.teamsync.core.tests.dll" id="c0f5d4a2-b9c3-8ba4-a5cd-e43136f83f1c">
      <Execution id="a3d654ae-7c9e-4228-ba8c-189574d6d2f9" />
      <TestMethod codeBase="C:/dev/repos/VersionOne.TeamSync/VersionOne.TeamSync.Core.Tests/bin/Release/VersionOne.TeamSync.Core.Tests.DLL" adapterTypeName="Microsoft.VisualStudio.TestTools.TestTypes.Unit.UnitTestAdapter, Microsoft.VisualStudio.QualityTools.Tips.UnitTest.Adapter, Version=12.0.0.0, Culture=neutral, PublicKeyToken=b03f5f7f11d50a3a" className="VersionOne.TeamSync.Core.Tests.when_assignee_exists_in_v1_and_it_matches_equals_false, VersionOne.TeamSync.Core.Tests, Version=1.1.0.20, Culture=neutral, PublicKeyToken=null" name="should_create_a_post_to_update_member" />
    </UnitTest>
    <UnitTest name="should_refresh_the_defect_once" storage="c:\dev\repos\versionone.teamsync\versionone.teamsync.core.tests\bin\release\versionone.teamsync.core.tests.dll" id="fa853800-8453-665d-e00a-6ed40aa20fc4">
      <Execution id="092cc584-a413-4f0f-adee-970f98ecacdf" />
      <TestMethod codeBase="C:/dev/repos/VersionOne.TeamSync/VersionOne.TeamSync.Core.Tests/bin/Release/VersionOne.TeamSync.Core.Tests.DLL" adapterTypeName="Microsoft.VisualStudio.TestTools.TestTypes.Unit.UnitTestAdapter, Microsoft.VisualStudio.QualityTools.Tips.UnitTest.Adapter, Version=12.0.0.0, Culture=neutral, PublicKeyToken=b03f5f7f11d50a3a" className="VersionOne.TeamSync.Core.Tests.Workers.orphan_defect, VersionOne.TeamSync.Core.Tests, Version=1.1.0.20, Culture=neutral, PublicKeyToken=null" name="should_refresh_the_defect_once" />
    </UnitTest>
    <UnitTest name="should_not_call_close_story" storage="c:\dev\repos\versionone.teamsync\versionone.teamsync.core.tests\bin\release\versionone.teamsync.core.tests.dll" id="c9ab5b7e-efe9-a785-3e50-f5ab04f81e63">
      <Execution id="b0461323-009a-49bd-9767-5d1bd122cc81" />
      <TestMethod codeBase="C:/dev/repos/VersionOne.TeamSync/VersionOne.TeamSync.Core.Tests/bin/Release/VersionOne.TeamSync.Core.Tests.DLL" adapterTypeName="Microsoft.VisualStudio.TestTools.TestTypes.Unit.UnitTestAdapter, Microsoft.VisualStudio.QualityTools.Tips.UnitTest.Adapter, Version=12.0.0.0, Culture=neutral, PublicKeyToken=b03f5f7f11d50a3a" className="VersionOne.TeamSync.Core.Tests.StorySync.and_the_status_is_not_done_when_the_v1_story_is_closed, VersionOne.TeamSync.Core.Tests, Version=1.1.0.20, Culture=neutral, PublicKeyToken=null" name="should_not_call_close_story" />
    </UnitTest>
    <UnitTest name="has_two_parameters" storage="c:\dev\repos\versionone.teamsync\versionone.teamsync.core.tests\bin\release\versionone.teamsync.core.tests.dll" id="0be6098c-dfad-01a6-03f7-a0eb6e8ab4b2">
      <Execution id="67c99dc5-682a-40cd-8a10-3b67720f35bc" />
      <Properties>
        <Property>
          <Key>__Internal_DeclaringClassName__</Key>
          <Value>VersionOne.TeamSync.Core.Tests.when_using_search</Value>
        </Property>
      </Properties>
      <TestMethod codeBase="C:/dev/repos/VersionOne.TeamSync/VersionOne.TeamSync.Core.Tests/bin/Release/VersionOne.TeamSync.Core.Tests.DLL" adapterTypeName="Microsoft.VisualStudio.TestTools.TestTypes.Unit.UnitTestAdapter, Microsoft.VisualStudio.QualityTools.Tips.UnitTest.Adapter, Version=12.0.0.0, Culture=neutral, PublicKeyToken=b03f5f7f11d50a3a" className="VersionOne.TeamSync.Core.Tests.when_seaching_in_one_project_for_items_in_jira, VersionOne.TeamSync.Core.Tests, Version=1.1.0.20, Culture=neutral, PublicKeyToken=null" name="has_two_parameters" />
    </UnitTest>
    <UnitTest name="should_have_eleven_query_items" storage="c:\dev\repos\versionone.teamsync\versionone.teamsync.core.tests\bin\release\versionone.teamsync.core.tests.dll" id="9167a63e-ebf4-8110-49e2-4dc38d5a41f8">
      <Execution id="378eb02e-347a-4e56-b94b-07fae669eb2f" />
      <TestMethod codeBase="C:/dev/repos/VersionOne.TeamSync/VersionOne.TeamSync.Core.Tests/bin/Release/VersionOne.TeamSync.Core.Tests.DLL" adapterTypeName="Microsoft.VisualStudio.TestTools.TestTypes.Unit.UnitTestAdapter, Microsoft.VisualStudio.QualityTools.Tips.UnitTest.Adapter, Version=12.0.0.0, Culture=neutral, PublicKeyToken=b03f5f7f11d50a3a" className="VersionOne.TeamSync.Core.Tests.getting_orphan_stories_in_a_jira_project, VersionOne.TeamSync.Core.Tests, Version=1.1.0.20, Culture=neutral, PublicKeyToken=null" name="should_have_eleven_query_items" />
    </UnitTest>
    <UnitTest name="when_content_does_not_match_throw_a_jira_exception_with_that_data" storage="c:\dev\repos\versionone.teamsync\versionone.teamsync.core.tests\bin\release\versionone.teamsync.core.tests.dll" id="4e983407-5545-d04b-a350-6eee99f5f035">
      <Execution id="8b75e0d3-4d3d-478f-ab20-b08328ba0eef" />
      <TestMethod codeBase="C:/dev/repos/VersionOne.TeamSync/VersionOne.TeamSync.Core.Tests/bin/Release/VersionOne.TeamSync.Core.Tests.DLL" adapterTypeName="Microsoft.VisualStudio.TestTools.TestTypes.Unit.UnitTestAdapter, Microsoft.VisualStudio.QualityTools.Tips.UnitTest.Adapter, Version=12.0.0.0, Culture=neutral, PublicKeyToken=b03f5f7f11d50a3a" className="VersionOne.TeamSync.Core.Tests.Executing_a_request_with_no_return, VersionOne.TeamSync.Core.Tests, Version=1.1.0.20, Culture=neutral, PublicKeyToken=null" name="when_content_does_not_match_throw_a_jira_exception_with_that_data" />
    </UnitTest>
    <UnitTest name="should_call_EpicsWithReference_one_time" storage="c:\dev\repos\versionone.teamsync\versionone.teamsync.core.tests\bin\release\versionone.teamsync.core.tests.dll" id="037f1dbe-a8a7-60c2-44bd-1ed4291d70a1">
      <Execution id="76b57fe1-9276-4738-847e-fa0aabfc9264" />
      <TestMethod codeBase="C:/dev/repos/VersionOne.TeamSync/VersionOne.TeamSync.Core.Tests/bin/Release/VersionOne.TeamSync.Core.Tests.DLL" adapterTypeName="Microsoft.VisualStudio.TestTools.TestTypes.Unit.UnitTestAdapter, Microsoft.VisualStudio.QualityTools.Tips.UnitTest.Adapter, Version=12.0.0.0, Culture=neutral, PublicKeyToken=b03f5f7f11d50a3a" className="VersionOne.TeamSync.Core.Tests.Worker_when_there_is_1_epic_to_update_and_no_match_in_jira, VersionOne.TeamSync.Core.Tests, Version=1.1.0.20, Culture=neutral, PublicKeyToken=null" name="should_call_EpicsWithReference_one_time" />
    </UnitTest>
    <UnitTest name="do_not_call_GetJiraPriorityIdFromMapping" storage="c:\dev\repos\versionone.teamsync\versionone.teamsync.core.tests\bin\release\versionone.teamsync.core.tests.dll" id="2bf42bc1-5575-e8b6-d93f-a6cf3ff03d71">
      <Execution id="f91ff854-2b32-48e1-9a32-98c9d8d9265c" />
      <TestMethod codeBase="C:/dev/repos/VersionOne.TeamSync/VersionOne.TeamSync.Core.Tests/bin/Release/VersionOne.TeamSync.Core.Tests.DLL" adapterTypeName="Microsoft.VisualStudio.TestTools.TestTypes.Unit.UnitTestAdapter, Microsoft.VisualStudio.QualityTools.Tips.UnitTest.Adapter, Version=12.0.0.0, Culture=neutral, PublicKeyToken=b03f5f7f11d50a3a" className="VersionOne.TeamSync.Core.Tests.new_epic_has_no_priority_set, VersionOne.TeamSync.Core.Tests, Version=1.1.0.20, Culture=neutral, PublicKeyToken=null" name="do_not_call_GetJiraPriorityIdFromMapping" />
    </UnitTest>
    <UnitTest name="should_sync_member_at_least_once" storage="c:\dev\repos\versionone.teamsync\versionone.teamsync.core.tests\bin\release\versionone.teamsync.core.tests.dll" id="5bcc6b4d-0123-1f07-709a-65a208da1bbf">
      <Execution id="759e8bd3-4cbc-4ae5-95b0-f32925e8a2de" />
      <TestMethod codeBase="C:/dev/repos/VersionOne.TeamSync/VersionOne.TeamSync.Core.Tests/bin/Release/VersionOne.TeamSync.Core.Tests.DLL" adapterTypeName="Microsoft.VisualStudio.TestTools.TestTypes.Unit.UnitTestAdapter, Microsoft.VisualStudio.QualityTools.Tips.UnitTest.Adapter, Version=12.0.0.0, Culture=neutral, PublicKeyToken=b03f5f7f11d50a3a" className="VersionOne.TeamSync.Core.Tests.new_story_has_priority_set, VersionOne.TeamSync.Core.Tests, Version=1.1.0.20, Culture=neutral, PublicKeyToken=null" name="should_sync_member_at_least_once" />
    </UnitTest>
    <UnitTest name="should_include_the_description" storage="c:\dev\repos\versionone.teamsync\versionone.teamsync.core.tests\bin\release\versionone.teamsync.core.tests.dll" id="3e432423-edd5-0e59-6398-25f96524c3c1">
      <Execution id="8464ae5e-2beb-4739-9cf9-12bb5e4325f9" />
      <TestMethod codeBase="C:/dev/repos/VersionOne.TeamSync/VersionOne.TeamSync.Core.Tests/bin/Release/VersionOne.TeamSync.Core.Tests.DLL" adapterTypeName="Microsoft.VisualStudio.TestTools.TestTypes.Unit.UnitTestAdapter, Microsoft.VisualStudio.QualityTools.Tips.UnitTest.Adapter, Version=12.0.0.0, Culture=neutral, PublicKeyToken=b03f5f7f11d50a3a" className="VersionOne.TeamSync.Core.Tests.when_creating_payload_for_jira_epic_update, VersionOne.TeamSync.Core.Tests, Version=1.1.0.20, Culture=neutral, PublicKeyToken=null" name="should_include_the_description" />
    </UnitTest>
    <UnitTest name="defect_should_have_a_name_of_defect_template" storage="c:\dev\repos\versionone.teamsync\versionone.teamsync.core.tests\bin\release\versionone.teamsync.core.tests.dll" id="e449a90a-1c83-26f7-0d19-cb247779b8f5">
      <Execution id="3b3ad9e3-67de-43d5-a6ca-8e12f8fd7645" />
      <TestMethod codeBase="C:/dev/repos/VersionOne.TeamSync/VersionOne.TeamSync.Core.Tests/bin/Release/VersionOne.TeamSync.Core.Tests.DLL" adapterTypeName="Microsoft.VisualStudio.TestTools.TestTypes.Unit.UnitTestAdapter, Microsoft.VisualStudio.QualityTools.Tips.UnitTest.Adapter, Version=12.0.0.0, Culture=neutral, PublicKeyToken=b03f5f7f11d50a3a" className="VersionOne.TeamSync.Core.Tests.Xml.Defect_Tests, VersionOne.TeamSync.Core.Tests, Version=1.1.0.20, Culture=neutral, PublicKeyToken=null" name="defect_should_have_a_name_of_defect_template" />
    </UnitTest>
    <UnitTest name="different_reference_means_update" storage="c:\dev\repos\versionone.teamsync\versionone.teamsync.core.tests\bin\release\versionone.teamsync.core.tests.dll" id="4f440371-e6e1-0514-902b-8e6501e79653">
      <Execution id="fa36175c-cd4c-4c11-abd3-74efeac0cc2c" />
      <TestMethod codeBase="C:/dev/repos/VersionOne.TeamSync/VersionOne.TeamSync.Core.Tests/bin/Release/VersionOne.TeamSync.Core.Tests.DLL" adapterTypeName="Microsoft.VisualStudio.TestTools.TestTypes.Unit.UnitTestAdapter, Microsoft.VisualStudio.QualityTools.Tips.UnitTest.Adapter, Version=12.0.0.0, Culture=neutral, PublicKeyToken=b03f5f7f11d50a3a" className="VersionOne.TeamSync.Core.Tests.EqualityTests_Epic, VersionOne.TeamSync.Core.Tests, Version=1.1.0.20, Culture=neutral, PublicKeyToken=null" name="different_reference_means_update" />
    </UnitTest>
    <UnitTest name="should_call_CreateEpic_on_jira" storage="c:\dev\repos\versionone.teamsync\versionone.teamsync.core.tests\bin\release\versionone.teamsync.core.tests.dll" id="8671fc59-b87b-384e-da5e-9c2e17437011">
      <Execution id="6625a9f0-3841-4b02-8fb8-90e5103af26a" />
      <TestMethod codeBase="C:/dev/repos/VersionOne.TeamSync/VersionOne.TeamSync.Core.Tests/bin/Release/VersionOne.TeamSync.Core.Tests.DLL" adapterTypeName="Microsoft.VisualStudio.TestTools.TestTypes.Unit.UnitTestAdapter, Microsoft.VisualStudio.QualityTools.Tips.UnitTest.Adapter, Version=12.0.0.0, Culture=neutral, PublicKeyToken=b03f5f7f11d50a3a" className="VersionOne.TeamSync.Core.Tests.Worker_when_a_VersionOne_epic_is_closed_and_already_updated, VersionOne.TeamSync.Core.Tests, Version=1.1.0.20, Culture=neutral, PublicKeyToken=null" name="should_call_CreateEpic_on_jira" />
    </UnitTest>
    <UnitTest name="makes_a_call_to_update_the_issue_in_jira_with_story_number" storage="c:\dev\repos\versionone.teamsync\versionone.teamsync.core.tests\bin\release\versionone.teamsync.core.tests.dll" id="1a53bf63-7f68-fa13-fc02-54ef19b26c61">
      <Execution id="3c5dd31a-a9e2-4887-bf0b-0293d9b64aa1" />
      <TestMethod codeBase="C:/dev/repos/VersionOne.TeamSync/VersionOne.TeamSync.Core.Tests/bin/Release/VersionOne.TeamSync.Core.Tests.DLL" adapterTypeName="Microsoft.VisualStudio.TestTools.TestTypes.Unit.UnitTestAdapter, Microsoft.VisualStudio.QualityTools.Tips.UnitTest.Adapter, Version=12.0.0.0, Culture=neutral, PublicKeyToken=b03f5f7f11d50a3a" className="VersionOne.TeamSync.Core.Tests.orphan_story, VersionOne.TeamSync.Core.Tests, Version=1.1.0.20, Culture=neutral, PublicKeyToken=null" name="makes_a_call_to_update_the_issue_in_jira_with_story_number" />
    </UnitTest>
    <UnitTest name="should_have_one_project" storage="c:\dev\repos\versionone.teamsync\versionone.teamsync.core.tests\bin\release\versionone.teamsync.core.tests.dll" id="b0bf992d-67a0-4bf1-6102-e6548bd7e11c">
      <DeploymentItems>
        <DeploymentItem filename="CreateMeta.json" />
      </DeploymentItems>
      <Execution id="10eddb93-329e-4cf5-9dc2-ea1ef98c2c58" />
      <TestMethod codeBase="C:/dev/repos/VersionOne.TeamSync/VersionOne.TeamSync.Core.Tests/bin/Release/VersionOne.TeamSync.Core.Tests.DLL" adapterTypeName="Microsoft.VisualStudio.TestTools.TestTypes.Unit.UnitTestAdapter, Microsoft.VisualStudio.QualityTools.Tips.UnitTest.Adapter, Version=12.0.0.0, Culture=neutral, PublicKeyToken=b03f5f7f11d50a3a" className="VersionOne.TeamSync.Core.Tests.JsonConverter.MetaDataConverterTests, VersionOne.TeamSync.Core.Tests, Version=1.1.0.20, Culture=neutral, PublicKeyToken=null" name="should_have_one_project" />
    </UnitTest>
    <UnitTest name="different_estimate_means_update" storage="c:\dev\repos\versionone.teamsync\versionone.teamsync.core.tests\bin\release\versionone.teamsync.core.tests.dll" id="5dd8bc2c-6ad7-872a-533e-b0b8e5fb0b3c">
      <Execution id="762efd57-5a01-4af4-b12b-0aaaa788096e" />
      <TestMethod codeBase="C:/dev/repos/VersionOne.TeamSync/VersionOne.TeamSync.Core.Tests/bin/Release/VersionOne.TeamSync.Core.Tests.DLL" adapterTypeName="Microsoft.VisualStudio.TestTools.TestTypes.Unit.UnitTestAdapter, Microsoft.VisualStudio.QualityTools.Tips.UnitTest.Adapter, Version=12.0.0.0, Culture=neutral, PublicKeyToken=b03f5f7f11d50a3a" className="VersionOne.TeamSync.Core.Tests.EqualityTests_Story, VersionOne.TeamSync.Core.Tests, Version=1.1.0.20, Culture=neutral, PublicKeyToken=null" name="different_estimate_means_update" />
    </UnitTest>
    <UnitTest name="should_not_update_the_issue" storage="c:\dev\repos\versionone.teamsync\versionone.teamsync.core.tests\bin\release\versionone.teamsync.core.tests.dll" id="ce9788eb-b60b-d0e7-8fbb-1a9e315e3da7">
      <Execution id="106e4b46-9039-4173-9297-1ec1d5259597" />
      <TestMethod codeBase="C:/dev/repos/VersionOne.TeamSync/VersionOne.TeamSync.Core.Tests/bin/Release/VersionOne.TeamSync.Core.Tests.DLL" adapterTypeName="Microsoft.VisualStudio.TestTools.TestTypes.Unit.UnitTestAdapter, Microsoft.VisualStudio.QualityTools.Tips.UnitTest.Adapter, Version=12.0.0.0, Culture=neutral, PublicKeyToken=b03f5f7f11d50a3a" className="VersionOne.TeamSync.Core.Tests.StorySync.take_jira_story_to_v1_story_and_epic_is_closed, VersionOne.TeamSync.Core.Tests, Version=1.1.0.20, Culture=neutral, PublicKeyToken=null" name="should_not_update_the_issue" />
    </UnitTest>
    <UnitTest name="calls_GetEpicsInProject_once" storage="c:\dev\repos\versionone.teamsync\versionone.teamsync.core.tests\bin\release\versionone.teamsync.core.tests.dll" id="acbdfc65-73b4-b053-dbfc-7814b2d6a963">
      <Execution id="2c2b4cca-a31d-49bb-86e8-f9af54b2e354" />
      <TestMethod codeBase="C:/dev/repos/VersionOne.TeamSync/VersionOne.TeamSync.Core.Tests/bin/Release/VersionOne.TeamSync.Core.Tests.DLL" adapterTypeName="Microsoft.VisualStudio.TestTools.TestTypes.Unit.UnitTestAdapter, Microsoft.VisualStudio.QualityTools.Tips.UnitTest.Adapter, Version=12.0.0.0, Culture=neutral, PublicKeyToken=b03f5f7f11d50a3a" className="VersionOne.TeamSync.Core.Tests.Worker_when_there_are_no_epics_to_update, VersionOne.TeamSync.Core.Tests, Version=1.1.0.20, Culture=neutral, PublicKeyToken=null" name="calls_GetEpicsInProject_once" />
    </UnitTest>
    <UnitTest name="does_not_try_to_create_a_link_on_v1_epic" storage="c:\dev\repos\versionone.teamsync\versionone.teamsync.core.tests\bin\release\versionone.teamsync.core.tests.dll" id="ff6668d6-987c-acbb-2e79-8bdc76ec18f6">
      <Execution id="ee50df10-4516-4c60-904c-134139918fa3" />
      <TestMethod codeBase="C:/dev/repos/VersionOne.TeamSync/VersionOne.TeamSync.Core.Tests/bin/Release/VersionOne.TeamSync.Core.Tests.DLL" adapterTypeName="Microsoft.VisualStudio.TestTools.TestTypes.Unit.UnitTestAdapter, Microsoft.VisualStudio.QualityTools.Tips.UnitTest.Adapter, Version=12.0.0.0, Culture=neutral, PublicKeyToken=b03f5f7f11d50a3a" className="VersionOne.TeamSync.Core.Tests.Worker_when_there_are_no_new_epics, VersionOne.TeamSync.Core.Tests, Version=1.1.0.20, Culture=neutral, PublicKeyToken=null" name="does_not_try_to_create_a_link_on_v1_epic" />
    </UnitTest>
    <UnitTest name="should_call_create_member_just_once" storage="c:\dev\repos\versionone.teamsync\versionone.teamsync.core.tests\bin\release\versionone.teamsync.core.tests.dll" id="6cd4c692-cf1b-abea-6b9b-321981764b34">
      <Execution id="05a3d7a2-cdc0-4a74-9b16-1ea7ddd648c4" />
      <TestMethod codeBase="C:/dev/repos/VersionOne.TeamSync/VersionOne.TeamSync.Core.Tests/bin/Release/VersionOne.TeamSync.Core.Tests.DLL" adapterTypeName="Microsoft.VisualStudio.TestTools.TestTypes.Unit.UnitTestAdapter, Microsoft.VisualStudio.QualityTools.Tips.UnitTest.Adapter, Version=12.0.0.0, Culture=neutral, PublicKeyToken=b03f5f7f11d50a3a" className="VersionOne.TeamSync.Core.Tests.when_assignee_does_not_exists_in_v1, VersionOne.TeamSync.Core.Tests, Version=1.1.0.20, Culture=neutral, PublicKeyToken=null" name="should_call_create_member_just_once" />
    </UnitTest>
    <UnitTest name="calls_the_GetEpicsWithoutReference_once" storage="c:\dev\repos\versionone.teamsync\versionone.teamsync.core.tests\bin\release\versionone.teamsync.core.tests.dll" id="86938245-09e8-90d4-202c-689ca2441c0f">
      <Execution id="20d787ad-d325-4f63-b56c-5c3f31083f3a" />
      <TestMethod codeBase="C:/dev/repos/VersionOne.TeamSync/VersionOne.TeamSync.Core.Tests/bin/Release/VersionOne.TeamSync.Core.Tests.DLL" adapterTypeName="Microsoft.VisualStudio.TestTools.TestTypes.Unit.UnitTestAdapter, Microsoft.VisualStudio.QualityTools.Tips.UnitTest.Adapter, Version=12.0.0.0, Culture=neutral, PublicKeyToken=b03f5f7f11d50a3a" className="VersionOne.TeamSync.Core.Tests.Workers.Worker_when_there_are_no_new_epics, VersionOne.TeamSync.Core.Tests, Version=1.1.0.20, Culture=neutral, PublicKeyToken=null" name="calls_the_GetEpicsWithoutReference_once" />
    </UnitTest>
    <UnitTest name="should_refresh_the_story_once" storage="c:\dev\repos\versionone.teamsync\versionone.teamsync.core.tests\bin\release\versionone.teamsync.core.tests.dll" id="19c14232-a109-53fd-a537-084cde1f58b0">
      <Execution id="5f276359-4000-4c3b-bf2c-8edbe5716dea" />
      <TestMethod codeBase="C:/dev/repos/VersionOne.TeamSync/VersionOne.TeamSync.Core.Tests/bin/Release/VersionOne.TeamSync.Core.Tests.DLL" adapterTypeName="Microsoft.VisualStudio.TestTools.TestTypes.Unit.UnitTestAdapter, Microsoft.VisualStudio.QualityTools.Tips.UnitTest.Adapter, Version=12.0.0.0, Culture=neutral, PublicKeyToken=b03f5f7f11d50a3a" className="VersionOne.TeamSync.Core.Tests.child_story, VersionOne.TeamSync.Core.Tests, Version=1.1.0.20, Culture=neutral, PublicKeyToken=null" name="should_refresh_the_story_once" />
    </UnitTest>
    <UnitTest name="null_v1_priority_returns_empty_string" storage="c:\dev\repos\versionone.teamsync\versionone.teamsync.core.tests\bin\release\versionone.teamsync.core.tests.dll" id="76de075c-2879-aa01-68fb-63d3c0f7eb1c">
      <Execution id="c311c57e-e4e9-445e-9190-787396627301" />
      <TestMethod codeBase="C:/dev/repos/VersionOne.TeamSync/VersionOne.TeamSync.Core.Tests/bin/Release/VersionOne.TeamSync.Core.Tests.DLL" adapterTypeName="Microsoft.VisualStudio.TestTools.TestTypes.Unit.UnitTestAdapter, Microsoft.VisualStudio.QualityTools.Tips.UnitTest.Adapter, Version=12.0.0.0, Culture=neutral, PublicKeyToken=b03f5f7f11d50a3a" className="VersionOne.TeamSync.Core.Tests.new_epic_has_no_priority_set, VersionOne.TeamSync.Core.Tests, Version=1.1.0.20, Culture=neutral, PublicKeyToken=null" name="null_v1_priority_returns_empty_string" />
    </UnitTest>
    <UnitTest name="should_call_CreateEpic_on_jira_without_modifying_reserved_word" storage="c:\dev\repos\versionone.teamsync\versionone.teamsync.core.tests\bin\release\versionone.teamsync.core.tests.dll" id="7dc1a8ff-86e5-b22f-1e6d-8965b3c09bb3">
      <Execution id="53c230ac-5afc-4fbe-9468-390ad8645f53" />
      <TestMethod codeBase="C:/dev/repos/VersionOne.TeamSync/VersionOne.TeamSync.Core.Tests/bin/Release/VersionOne.TeamSync.Core.Tests.DLL" adapterTypeName="Microsoft.VisualStudio.TestTools.TestTypes.Unit.UnitTestAdapter, Microsoft.VisualStudio.QualityTools.Tips.UnitTest.Adapter, Version=12.0.0.0, Culture=neutral, PublicKeyToken=b03f5f7f11d50a3a" className="VersionOne.TeamSync.Core.Tests.and_the_jira_project_contains_a_reserved_word, VersionOne.TeamSync.Core.Tests, Version=1.1.0.20, Culture=neutral, PublicKeyToken=null" name="should_call_CreateEpic_on_jira_without_modifying_reserved_word" />
    </UnitTest>
    <UnitTest name="calls_GetEpicWithReference_once" storage="c:\dev\repos\versionone.teamsync\versionone.teamsync.core.tests\bin\release\versionone.teamsync.core.tests.dll" id="05f2803e-97dd-9c87-bb62-553a5a197614">
      <Execution id="2da1bb9a-5e36-423e-856b-110657e41e9e" />
      <TestMethod codeBase="C:/dev/repos/VersionOne.TeamSync/VersionOne.TeamSync.Core.Tests/bin/Release/VersionOne.TeamSync.Core.Tests.DLL" adapterTypeName="Microsoft.VisualStudio.TestTools.TestTypes.Unit.UnitTestAdapter, Microsoft.VisualStudio.QualityTools.Tips.UnitTest.Adapter, Version=12.0.0.0, Culture=neutral, PublicKeyToken=b03f5f7f11d50a3a" className="VersionOne.TeamSync.Core.Tests.Worker_when_there_are_no_epics_to_update, VersionOne.TeamSync.Core.Tests, Version=1.1.0.20, Culture=neutral, PublicKeyToken=null" name="calls_GetEpicWithReference_once" />
    </UnitTest>
    <UnitTest name="make_sure_its_getting_refereces_correctly" storage="c:\dev\repos\versionone.teamsync\versionone.teamsync.core.tests\bin\release\versionone.teamsync.core.tests.dll" id="f7f0b8a7-cf7f-ca25-9d15-baa8f7f78579">
      <Execution id="4d26f61a-9bb0-42ed-92d4-7cdaf437c0fb" />
      <Properties>
        <Property>
          <Key>__Internal_AsyncTypeName__</Key>
          <Value>VersionOne.TeamSync.Core.Tests.V1DomainTests+&lt;make_sure_its_getting_refereces_correctly&gt;d__2</Value>
        </Property>
      </Properties>
      <TestMethod codeBase="C:/dev/repos/VersionOne.TeamSync/VersionOne.TeamSync.Core.Tests/bin/Release/VersionOne.TeamSync.Core.Tests.DLL" adapterTypeName="Microsoft.VisualStudio.TestTools.TestTypes.Unit.UnitTestAdapter, Microsoft.VisualStudio.QualityTools.Tips.UnitTest.Adapter, Version=12.0.0.0, Culture=neutral, PublicKeyToken=b03f5f7f11d50a3a" className="VersionOne.TeamSync.Core.Tests.V1DomainTests, VersionOne.TeamSync.Core.Tests, Version=1.1.0.20, Culture=neutral, PublicKeyToken=null" name="make_sure_its_getting_refereces_correctly" />
    </UnitTest>
    <UnitTest name="should_call_logger_only_one_time" storage="c:\dev\repos\versionone.teamsync\versionone.teamsync.core.tests\bin\release\versionone.teamsync.core.tests.dll" id="5be88f42-415b-ed4c-6676-7af0dc752928">
      <Execution id="530e39dc-5844-41fb-8892-db6fd9748f37" />
      <TestMethod codeBase="C:/dev/repos/VersionOne.TeamSync/VersionOne.TeamSync.Core.Tests/bin/Release/VersionOne.TeamSync.Core.Tests.DLL" adapterTypeName="Microsoft.VisualStudio.TestTools.TestTypes.Unit.UnitTestAdapter, Microsoft.VisualStudio.QualityTools.Tips.UnitTest.Adapter, Version=12.0.0.0, Culture=neutral, PublicKeyToken=b03f5f7f11d50a3a" className="VersionOne.TeamSync.Core.Tests.dealing_with_a_property_that_isnt_visible, VersionOne.TeamSync.Core.Tests, Version=1.1.0.20, Culture=neutral, PublicKeyToken=null" name="should_call_logger_only_one_time" />
    </UnitTest>
    <UnitTest name="passed_in_workitem_becomes_actual_workItemId" storage="c:\dev\repos\versionone.teamsync\versionone.teamsync.core.tests\bin\release\versionone.teamsync.core.tests.dll" id="bd9f7548-9838-12f2-8291-82e96fd11935">
      <Execution id="d3916f94-f007-4b50-8ab4-670360537f0b" />
      <TestMethod codeBase="C:/dev/repos/VersionOne.TeamSync/VersionOne.TeamSync.Core.Tests/bin/Release/VersionOne.TeamSync.Core.Tests.DLL" adapterTypeName="Microsoft.VisualStudio.TestTools.TestTypes.Unit.UnitTestAdapter, Microsoft.VisualStudio.QualityTools.Tips.UnitTest.Adapter, Version=12.0.0.0, Culture=neutral, PublicKeyToken=b03f5f7f11d50a3a" className="VersionOne.TeamSync.Core.Tests.IssueExtensionTests, VersionOne.TeamSync.Core.Tests, Version=1.1.0.20, Culture=neutral, PublicKeyToken=null" name="passed_in_workitem_becomes_actual_workItemId" />
    </UnitTest>
    <UnitTest name="should_never_call_delete_asset" storage="c:\dev\repos\versionone.teamsync\versionone.teamsync.core.tests\bin\release\versionone.teamsync.core.tests.dll" id="b48af73c-bd52-31fe-f202-018d97d9fbe7">
      <Execution id="eb8a45ab-4db6-4fc3-a839-73e6df25b0f8" />
      <TestMethod codeBase="C:/dev/repos/VersionOne.TeamSync/VersionOne.TeamSync.Core.Tests/bin/Release/VersionOne.TeamSync.Core.Tests.DLL" adapterTypeName="Microsoft.VisualStudio.TestTools.TestTypes.Unit.UnitTestAdapter, Microsoft.VisualStudio.QualityTools.Tips.UnitTest.Adapter, Version=12.0.0.0, Culture=neutral, PublicKeyToken=b03f5f7f11d50a3a" className="VersionOne.TeamSync.Core.Tests.Workers.defect_delete, VersionOne.TeamSync.Core.Tests, Version=1.1.0.20, Culture=neutral, PublicKeyToken=null" name="should_never_call_delete_asset" />
    </UnitTest>
    <UnitTest name="should_call_delete_asset_just_one_time" storage="c:\dev\repos\versionone.teamsync\versionone.teamsync.core.tests\bin\release\versionone.teamsync.core.tests.dll" id="1f1d9103-b75a-300d-af44-8f44b9875c6e">
      <Execution id="5f425023-24ef-4d5d-8673-b8e54f811779" />
      <TestMethod codeBase="C:/dev/repos/VersionOne.TeamSync/VersionOne.TeamSync.Core.Tests/bin/Release/VersionOne.TeamSync.Core.Tests.DLL" adapterTypeName="Microsoft.VisualStudio.TestTools.TestTypes.Unit.UnitTestAdapter, Microsoft.VisualStudio.QualityTools.Tips.UnitTest.Adapter, Version=12.0.0.0, Culture=neutral, PublicKeyToken=b03f5f7f11d50a3a" className="VersionOne.TeamSync.Core.Tests.story_delete, VersionOne.TeamSync.Core.Tests, Version=1.1.0.20, Culture=neutral, PublicKeyToken=null" name="should_call_delete_asset_just_one_time" />
    </UnitTest>
    <UnitTest name="all_mocked_calls_are_called" storage="c:\dev\repos\versionone.teamsync\versionone.teamsync.core.tests\bin\release\versionone.teamsync.core.tests.dll" id="c553ed22-adc3-afe9-427c-07019092e292">
      <Execution id="ceb614bd-b8e5-4523-bd1b-ad6e1e9d46a3" />
      <TestMethod codeBase="C:/dev/repos/VersionOne.TeamSync/VersionOne.TeamSync.Core.Tests/bin/Release/VersionOne.TeamSync.Core.Tests.DLL" adapterTypeName="Microsoft.VisualStudio.TestTools.TestTypes.Unit.UnitTestAdapter, Microsoft.VisualStudio.QualityTools.Tips.UnitTest.Adapter, Version=12.0.0.0, Culture=neutral, PublicKeyToken=b03f5f7f11d50a3a" className="VersionOne.TeamSync.Core.Tests.Jira.Jira_SettingProjectToResolved_Tests, VersionOne.TeamSync.Core.Tests, Version=1.1.0.20, Culture=neutral, PublicKeyToken=null" name="all_mocked_calls_are_called" />
    </UnitTest>
    <UnitTest name="should_call_delete_asset_just_two_times" storage="c:\dev\repos\versionone.teamsync\versionone.teamsync.core.tests\bin\release\versionone.teamsync.core.tests.dll" id="dfb8df9a-3da8-8bf2-86dd-fd5f7a55d471">
      <Execution id="cc78a94f-eef7-4a9f-93de-48f16f752224" />
      <TestMethod codeBase="C:/dev/repos/VersionOne.TeamSync/VersionOne.TeamSync.Core.Tests/bin/Release/VersionOne.TeamSync.Core.Tests.DLL" adapterTypeName="Microsoft.VisualStudio.TestTools.TestTypes.Unit.UnitTestAdapter, Microsoft.VisualStudio.QualityTools.Tips.UnitTest.Adapter, Version=12.0.0.0, Culture=neutral, PublicKeyToken=b03f5f7f11d50a3a" className="VersionOne.TeamSync.Core.Tests.Workers.defect_delete, VersionOne.TeamSync.Core.Tests, Version=1.1.0.20, Culture=neutral, PublicKeyToken=null" name="should_call_delete_asset_just_two_times" />
    </UnitTest>
    <UnitTest name="calls_UpdateEpic_twice" storage="c:\dev\repos\versionone.teamsync\versionone.teamsync.core.tests\bin\release\versionone.teamsync.core.tests.dll" id="a69fc034-1d45-dd69-add3-e58400a5425e">
      <Execution id="efe99604-db0a-4739-8b67-0526d9c53877" />
      <TestMethod codeBase="C:/dev/repos/VersionOne.TeamSync/VersionOne.TeamSync.Core.Tests/bin/Release/VersionOne.TeamSync.Core.Tests.DLL" adapterTypeName="Microsoft.VisualStudio.TestTools.TestTypes.Unit.UnitTestAdapter, Microsoft.VisualStudio.QualityTools.Tips.UnitTest.Adapter, Version=12.0.0.0, Culture=neutral, PublicKeyToken=b03f5f7f11d50a3a" className="VersionOne.TeamSync.Core.Tests.Worker_when_there_are_no_updated_epics, VersionOne.TeamSync.Core.Tests, Version=1.1.0.20, Culture=neutral, PublicKeyToken=null" name="calls_UpdateEpic_twice" />
    </UnitTest>
    <UnitTest name="nullable_attribute_setter_builds_out_an_asset_payload" storage="c:\dev\repos\versionone.teamsync\versionone.teamsync.core.tests\bin\release\versionone.teamsync.core.tests.dll" id="b1940fb9-b21b-8e69-b650-19ad5a532e31">
      <Execution id="dc02695f-8621-457e-b588-b60c30f2acd5" />
      <TestMethod codeBase="C:/dev/repos/VersionOne.TeamSync/VersionOne.TeamSync.Core.Tests/bin/Release/VersionOne.TeamSync.Core.Tests.DLL" adapterTypeName="Microsoft.VisualStudio.TestTools.TestTypes.Unit.UnitTestAdapter, Microsoft.VisualStudio.QualityTools.Tips.UnitTest.Adapter, Version=12.0.0.0, Culture=neutral, PublicKeyToken=b03f5f7f11d50a3a" className="VersionOne.TeamSync.Core.Tests.Xml.SetNullableNodeTests, VersionOne.TeamSync.Core.Tests, Version=1.1.0.20, Culture=neutral, PublicKeyToken=null" name="nullable_attribute_setter_builds_out_an_asset_payload" />
    </UnitTest>
    <UnitTest name="should_not_update_the_issue" storage="c:\dev\repos\versionone.teamsync\versionone.teamsync.core.tests\bin\release\versionone.teamsync.core.tests.dll" id="6522519e-d94e-3af0-130e-0c6a670a9d88">
      <Execution id="32b3518d-3f6c-4af4-9f9f-e15a95e42f24" />
      <TestMethod codeBase="C:/dev/repos/VersionOne.TeamSync/VersionOne.TeamSync.Core.Tests/bin/Release/VersionOne.TeamSync.Core.Tests.DLL" adapterTypeName="Microsoft.VisualStudio.TestTools.TestTypes.Unit.UnitTestAdapter, Microsoft.VisualStudio.QualityTools.Tips.UnitTest.Adapter, Version=12.0.0.0, Culture=neutral, PublicKeyToken=b03f5f7f11d50a3a" className="VersionOne.TeamSync.Core.Tests.Workers.take_jira_bug_to_v1_defect_and_epic_is_closed, VersionOne.TeamSync.Core.Tests, Version=1.1.0.20, Culture=neutral, PublicKeyToken=null" name="should_not_update_the_issue" />
    </UnitTest>
    <UnitTest name="does_not_try_to_add_weblink" storage="c:\dev\repos\versionone.teamsync\versionone.teamsync.core.tests\bin\release\versionone.teamsync.core.tests.dll" id="c7f7202a-8b3e-78d6-c8c4-fba612765098">
      <Execution id="62787f9a-03f0-4ff4-b8a7-2c735a3dc754" />
      <TestMethod codeBase="C:/dev/repos/VersionOne.TeamSync/VersionOne.TeamSync.Core.Tests/bin/Release/VersionOne.TeamSync.Core.Tests.DLL" adapterTypeName="Microsoft.VisualStudio.TestTools.TestTypes.Unit.UnitTestAdapter, Microsoft.VisualStudio.QualityTools.Tips.UnitTest.Adapter, Version=12.0.0.0, Culture=neutral, PublicKeyToken=b03f5f7f11d50a3a" className="VersionOne.TeamSync.Core.Tests.Workers.take_jira_bug_to_v1_defect_and_epic_is_closed, VersionOne.TeamSync.Core.Tests, Version=1.1.0.20, Culture=neutral, PublicKeyToken=null" name="does_not_try_to_add_weblink" />
    </UnitTest>
    <UnitTest name="calls_SetEpicTo_ToDo_once" storage="c:\dev\repos\versionone.teamsync\versionone.teamsync.core.tests\bin\release\versionone.teamsync.core.tests.dll" id="77b086b5-a8d2-bfd1-9674-26994e90cc82">
      <Execution id="643ae2a7-4b37-46dc-9c75-d5b70b279b84" />
      <TestMethod codeBase="C:/dev/repos/VersionOne.TeamSync/VersionOne.TeamSync.Core.Tests/bin/Release/VersionOne.TeamSync.Core.Tests.DLL" adapterTypeName="Microsoft.VisualStudio.TestTools.TestTypes.Unit.UnitTestAdapter, Microsoft.VisualStudio.QualityTools.Tips.UnitTest.Adapter, Version=12.0.0.0, Culture=neutral, PublicKeyToken=b03f5f7f11d50a3a" className="VersionOne.TeamSync.Core.Tests.Worker_when_there_are_no_updated_epics, VersionOne.TeamSync.Core.Tests, Version=1.1.0.20, Culture=neutral, PublicKeyToken=null" name="calls_SetEpicTo_ToDo_once" />
    </UnitTest>
    <UnitTest name="epic_link_should_have_the_property_key" storage="c:\dev\repos\versionone.teamsync\versionone.teamsync.core.tests\bin\release\versionone.teamsync.core.tests.dll" id="092f652c-6cb2-faeb-6f1b-b217e61a7657">
      <DeploymentItems>
        <DeploymentItem filename="CreateMeta.json" />
      </DeploymentItems>
      <Execution id="94273319-d4b7-43e7-9256-b2c132b34a67" />
      <TestMethod codeBase="C:/dev/repos/VersionOne.TeamSync/VersionOne.TeamSync.Core.Tests/bin/Release/VersionOne.TeamSync.Core.Tests.DLL" adapterTypeName="Microsoft.VisualStudio.TestTools.TestTypes.Unit.UnitTestAdapter, Microsoft.VisualStudio.QualityTools.Tips.UnitTest.Adapter, Version=12.0.0.0, Culture=neutral, PublicKeyToken=b03f5f7f11d50a3a" className="VersionOne.TeamSync.Core.Tests.JsonConverter.MetaDataConverterTests, VersionOne.TeamSync.Core.Tests, Version=1.1.0.20, Culture=neutral, PublicKeyToken=null" name="epic_link_should_have_the_property_key" />
    </UnitTest>
    <UnitTest name="should_never_call_delete_asset" storage="c:\dev\repos\versionone.teamsync\versionone.teamsync.core.tests\bin\release\versionone.teamsync.core.tests.dll" id="738b9b02-b250-17cf-a2bf-0e9bd3db029a">
      <Execution id="1ac6bf87-53b0-468c-b7ff-27030b83dd99" />
      <TestMethod codeBase="C:/dev/repos/VersionOne.TeamSync/VersionOne.TeamSync.Core.Tests/bin/Release/VersionOne.TeamSync.Core.Tests.DLL" adapterTypeName="Microsoft.VisualStudio.TestTools.TestTypes.Unit.UnitTestAdapter, Microsoft.VisualStudio.QualityTools.Tips.UnitTest.Adapter, Version=12.0.0.0, Culture=neutral, PublicKeyToken=b03f5f7f11d50a3a" className="VersionOne.TeamSync.Core.Tests.story_delete, VersionOne.TeamSync.Core.Tests, Version=1.1.0.20, Culture=neutral, PublicKeyToken=null" name="should_never_call_delete_asset" />
    </UnitTest>
    <UnitTest name="should_call_CreateEpic_on_jira" storage="c:\dev\repos\versionone.teamsync\versionone.teamsync.core.tests\bin\release\versionone.teamsync.core.tests.dll" id="bf9fba92-d101-72d1-b02e-54a6ee65aac5">
      <Execution id="4e21fe1c-9895-4989-b1be-86ded013368b" />
      <TestMethod codeBase="C:/dev/repos/VersionOne.TeamSync/VersionOne.TeamSync.Core.Tests/bin/Release/VersionOne.TeamSync.Core.Tests.DLL" adapterTypeName="Microsoft.VisualStudio.TestTools.TestTypes.Unit.UnitTestAdapter, Microsoft.VisualStudio.QualityTools.Tips.UnitTest.Adapter, Version=12.0.0.0, Culture=neutral, PublicKeyToken=b03f5f7f11d50a3a" className="VersionOne.TeamSync.Core.Tests.and_it_is_a_mapped_project, VersionOne.TeamSync.Core.Tests, Version=1.1.0.20, Culture=neutral, PublicKeyToken=null" name="should_call_CreateEpic_on_jira" />
    </UnitTest>
    <UnitTest name="should_call_UpdateEpic_jira" storage="c:\dev\repos\versionone.teamsync\versionone.teamsync.core.tests\bin\release\versionone.teamsync.core.tests.dll" id="df0e66a9-c1e2-f5d8-ceca-ee706d763e19">
      <Execution id="a99ee66b-b51f-40e6-9f80-4428254bb9cf" />
      <TestMethod codeBase="C:/dev/repos/VersionOne.TeamSync/VersionOne.TeamSync.Core.Tests/bin/Release/VersionOne.TeamSync.Core.Tests.DLL" adapterTypeName="Microsoft.VisualStudio.TestTools.TestTypes.Unit.UnitTestAdapter, Microsoft.VisualStudio.QualityTools.Tips.UnitTest.Adapter, Version=12.0.0.0, Culture=neutral, PublicKeyToken=b03f5f7f11d50a3a" className="VersionOne.TeamSync.Core.Tests.Worker_when_there_is_1_epic_to_update_matching_one_in_jira, VersionOne.TeamSync.Core.Tests, Version=1.1.0.20, Culture=neutral, PublicKeyToken=null" name="should_call_UpdateEpic_jira" />
    </UnitTest>
    <UnitTest name="should_call_refresh_basic_info_for_newly_created_story" storage="c:\dev\repos\versionone.teamsync\versionone.teamsync.core.tests\bin\release\versionone.teamsync.core.tests.dll" id="7acbb2b0-21ed-c301-e881-d2cca6aebff8">
      <Execution id="109dd120-6c18-452f-8af3-f9ee08abe85f" />
      <TestMethod codeBase="C:/dev/repos/VersionOne.TeamSync/VersionOne.TeamSync.Core.Tests/bin/Release/VersionOne.TeamSync.Core.Tests.DLL" adapterTypeName="Microsoft.VisualStudio.TestTools.TestTypes.Unit.UnitTestAdapter, Microsoft.VisualStudio.QualityTools.Tips.UnitTest.Adapter, Version=12.0.0.0, Culture=neutral, PublicKeyToken=b03f5f7f11d50a3a" className="VersionOne.TeamSync.Core.Tests.StorySync.take_jira_story_to_v1_story, VersionOne.TeamSync.Core.Tests, Version=1.1.0.20, Culture=neutral, PublicKeyToken=null" name="should_call_refresh_basic_info_for_newly_created_story" />
    </UnitTest>
    <UnitTest name="santity_check" storage="c:\dev\repos\versionone.teamsync\versionone.teamsync.core.tests\bin\release\versionone.teamsync.core.tests.dll" id="c5196c18-7cb7-cace-e113-1d56ee33e8b6">
      <Execution id="82be5064-fc21-414c-987f-4539e09f96f9" />
      <TestMethod codeBase="C:/dev/repos/VersionOne.TeamSync/VersionOne.TeamSync.Core.Tests/bin/Release/VersionOne.TeamSync.Core.Tests.DLL" adapterTypeName="Microsoft.VisualStudio.TestTools.TestTypes.Unit.UnitTestAdapter, Microsoft.VisualStudio.QualityTools.Tips.UnitTest.Adapter, Version=12.0.0.0, Culture=neutral, PublicKeyToken=b03f5f7f11d50a3a" className="VersionOne.TeamSync.Core.Tests.EqualityTests_Story, VersionOne.TeamSync.Core.Tests, Version=1.1.0.20, Culture=neutral, PublicKeyToken=null" name="santity_check" />
    </UnitTest>
    <UnitTest name="should_log_a_message_about_the_closed_epic" storage="c:\dev\repos\versionone.teamsync\versionone.teamsync.core.tests\bin\release\versionone.teamsync.core.tests.dll" id="a352d131-f533-5210-4496-3c994dd49896">
      <Execution id="ace2d900-bfe2-408b-b1b5-20677b4a68fe" />
      <TestMethod codeBase="C:/dev/repos/VersionOne.TeamSync/VersionOne.TeamSync.Core.Tests/bin/Release/VersionOne.TeamSync.Core.Tests.DLL" adapterTypeName="Microsoft.VisualStudio.TestTools.TestTypes.Unit.UnitTestAdapter, Microsoft.VisualStudio.QualityTools.Tips.UnitTest.Adapter, Version=12.0.0.0, Culture=neutral, PublicKeyToken=b03f5f7f11d50a3a" className="VersionOne.TeamSync.Core.Tests.StorySync.and_the_status_is_normal_but_the_parent_epic_is_closed, VersionOne.TeamSync.Core.Tests, Version=1.1.0.20, Culture=neutral, PublicKeyToken=null" name="should_log_a_message_about_the_closed_epic" />
    </UnitTest>
    <UnitTest name="makes_a_call_add_a_comment_back_to_jira" storage="c:\dev\repos\versionone.teamsync\versionone.teamsync.core.tests\bin\release\versionone.teamsync.core.tests.dll" id="8ba803b4-4806-8ead-3e6f-9af6bbd72c25">
      <Execution id="172c383e-fa0c-43fa-9849-e9333e19adc3" />
      <TestMethod codeBase="C:/dev/repos/VersionOne.TeamSync/VersionOne.TeamSync.Core.Tests/bin/Release/VersionOne.TeamSync.Core.Tests.DLL" adapterTypeName="Microsoft.VisualStudio.TestTools.TestTypes.Unit.UnitTestAdapter, Microsoft.VisualStudio.QualityTools.Tips.UnitTest.Adapter, Version=12.0.0.0, Culture=neutral, PublicKeyToken=b03f5f7f11d50a3a" className="VersionOne.TeamSync.Core.Tests.orphan_story, VersionOne.TeamSync.Core.Tests, Version=1.1.0.20, Culture=neutral, PublicKeyToken=null" name="makes_a_call_add_a_comment_back_to_jira" />
    </UnitTest>
    <UnitTest name="should_sync_member_at_least_once" storage="c:\dev\repos\versionone.teamsync\versionone.teamsync.core.tests\bin\release\versionone.teamsync.core.tests.dll" id="6b4f5e4e-7af1-98ad-fcef-4532fd0a20f9">
      <Execution id="38ac967a-5723-42ee-822d-d495933ea6c6" />
      <TestMethod codeBase="C:/dev/repos/VersionOne.TeamSync/VersionOne.TeamSync.Core.Tests/bin/Release/VersionOne.TeamSync.Core.Tests.DLL" adapterTypeName="Microsoft.VisualStudio.TestTools.TestTypes.Unit.UnitTestAdapter, Microsoft.VisualStudio.QualityTools.Tips.UnitTest.Adapter, Version=12.0.0.0, Culture=neutral, PublicKeyToken=b03f5f7f11d50a3a" className="VersionOne.TeamSync.Core.Tests.new_defect_has_priority_set, VersionOne.TeamSync.Core.Tests, Version=1.1.0.20, Culture=neutral, PublicKeyToken=null" name="should_sync_member_at_least_once" />
    </UnitTest>
    <UnitTest name="never_calls_UpdateEpic" storage="c:\dev\repos\versionone.teamsync\versionone.teamsync.core.tests\bin\release\versionone.teamsync.core.tests.dll" id="8a0b398e-a0e8-4678-61b2-7d2cb59f8558">
      <Execution id="04f8ddcd-e96d-4184-82f6-b95caeca697d" />
      <TestMethod codeBase="C:/dev/repos/VersionOne.TeamSync/VersionOne.TeamSync.Core.Tests/bin/Release/VersionOne.TeamSync.Core.Tests.DLL" adapterTypeName="Microsoft.VisualStudio.TestTools.TestTypes.Unit.UnitTestAdapter, Microsoft.VisualStudio.QualityTools.Tips.UnitTest.Adapter, Version=12.0.0.0, Culture=neutral, PublicKeyToken=b03f5f7f11d50a3a" className="VersionOne.TeamSync.Core.Tests.Worker_when_there_are_no_epics_to_update, VersionOne.TeamSync.Core.Tests, Version=1.1.0.20, Culture=neutral, PublicKeyToken=null" name="never_calls_UpdateEpic" />
    </UnitTest>
    <UnitTest name="runs_func_when_things_line_up" storage="c:\dev\repos\versionone.teamsync\versionone.teamsync.core.tests\bin\release\versionone.teamsync.core.tests.dll" id="946dbe75-d34f-04b1-bf17-4cc8a4e62e1c">
      <Execution id="8df67b69-8dc2-45d9-bb00-21bef1d6f4a0" />
      <TestMethod codeBase="C:/dev/repos/VersionOne.TeamSync/VersionOne.TeamSync.Core.Tests/bin/Release/VersionOne.TeamSync.Core.Tests.DLL" adapterTypeName="Microsoft.VisualStudio.TestTools.TestTypes.Unit.UnitTestAdapter, Microsoft.VisualStudio.QualityTools.Tips.UnitTest.Adapter, Version=12.0.0.0, Culture=neutral, PublicKeyToken=b03f5f7f11d50a3a" className="VersionOne.TeamSync.Core.Tests.Executing_a_request_with_T_return, VersionOne.TeamSync.Core.Tests, Version=1.1.0.20, Culture=neutral, PublicKeyToken=null" name="runs_func_when_things_line_up" />
    </UnitTest>
    <UnitTest name="issue_story_points_becomes_estimates" storage="c:\dev\repos\versionone.teamsync\versionone.teamsync.core.tests\bin\release\versionone.teamsync.core.tests.dll" id="417b312d-1a92-5dd3-d042-5ef3a5ebf586">
      <Execution id="f0787670-2ff7-4a69-b816-ffe503579268" />
      <TestMethod codeBase="C:/dev/repos/VersionOne.TeamSync/VersionOne.TeamSync.Core.Tests/bin/Release/VersionOne.TeamSync.Core.Tests.DLL" adapterTypeName="Microsoft.VisualStudio.TestTools.TestTypes.Unit.UnitTestAdapter, Microsoft.VisualStudio.QualityTools.Tips.UnitTest.Adapter, Version=12.0.0.0, Culture=neutral, PublicKeyToken=b03f5f7f11d50a3a" className="VersionOne.TeamSync.Core.Tests.IssueExtensionTests, VersionOne.TeamSync.Core.Tests, Version=1.1.0.20, Culture=neutral, PublicKeyToken=null" name="issue_story_points_becomes_estimates" />
    </UnitTest>
    <UnitTest name="makes_a_call_add_a_comment_back_to_jira" storage="c:\dev\repos\versionone.teamsync\versionone.teamsync.core.tests\bin\release\versionone.teamsync.core.tests.dll" id="ac32892e-52d4-748a-b82a-570728ea6b9c">
      <Execution id="dd9d49fc-4163-4621-9a8b-d0611c8d25db" />
      <TestMethod codeBase="C:/dev/repos/VersionOne.TeamSync/VersionOne.TeamSync.Core.Tests/bin/Release/VersionOne.TeamSync.Core.Tests.DLL" adapterTypeName="Microsoft.VisualStudio.TestTools.TestTypes.Unit.UnitTestAdapter, Microsoft.VisualStudio.QualityTools.Tips.UnitTest.Adapter, Version=12.0.0.0, Culture=neutral, PublicKeyToken=b03f5f7f11d50a3a" className="VersionOne.TeamSync.Core.Tests.StorySync.take_jira_story_to_v1_story, VersionOne.TeamSync.Core.Tests, Version=1.1.0.20, Culture=neutral, PublicKeyToken=null" name="makes_a_call_add_a_comment_back_to_jira" />
    </UnitTest>
    <UnitTest name="should_call_EpicsWithoutReference_one_time" storage="c:\dev\repos\versionone.teamsync\versionone.teamsync.core.tests\bin\release\versionone.teamsync.core.tests.dll" id="70b37cdc-3485-6065-2708-77acdf8debbf">
      <Execution id="65ff1391-0356-4d3c-bb56-f46b61127e22" />
      <TestMethod codeBase="C:/dev/repos/VersionOne.TeamSync/VersionOne.TeamSync.Core.Tests/bin/Release/VersionOne.TeamSync.Core.Tests.DLL" adapterTypeName="Microsoft.VisualStudio.TestTools.TestTypes.Unit.UnitTestAdapter, Microsoft.VisualStudio.QualityTools.Tips.UnitTest.Adapter, Version=12.0.0.0, Culture=neutral, PublicKeyToken=b03f5f7f11d50a3a" className="VersionOne.TeamSync.Core.Tests.Worker_when_a_VersionOne_epic_is_closed_and_already_updated, VersionOne.TeamSync.Core.Tests, Version=1.1.0.20, Culture=neutral, PublicKeyToken=null" name="should_call_EpicsWithoutReference_one_time" />
    </UnitTest>
    <UnitTest name="makes_a_call_add_a_link_back_to_jira" storage="c:\dev\repos\versionone.teamsync\versionone.teamsync.core.tests\bin\release\versionone.teamsync.core.tests.dll" id="78856f2d-8b60-8e7c-3574-e86b73004bf5">
      <Execution id="23963a20-e0d8-47a4-9688-f3b609e8e30b" />
      <TestMethod codeBase="C:/dev/repos/VersionOne.TeamSync/VersionOne.TeamSync.Core.Tests/bin/Release/VersionOne.TeamSync.Core.Tests.DLL" adapterTypeName="Microsoft.VisualStudio.TestTools.TestTypes.Unit.UnitTestAdapter, Microsoft.VisualStudio.QualityTools.Tips.UnitTest.Adapter, Version=12.0.0.0, Culture=neutral, PublicKeyToken=b03f5f7f11d50a3a" className="VersionOne.TeamSync.Core.Tests.StorySync.take_jira_story_to_v1_story, VersionOne.TeamSync.Core.Tests, Version=1.1.0.20, Culture=neutral, PublicKeyToken=null" name="makes_a_call_add_a_link_back_to_jira" />
    </UnitTest>
    <UnitTest name="should_call_update_asset_just_one_time" storage="c:\dev\repos\versionone.teamsync\versionone.teamsync.core.tests\bin\release\versionone.teamsync.core.tests.dll" id="c9408e43-b48c-755d-2cb9-59411aa56115">
      <Execution id="306d56ef-aae7-4ca3-9e89-40480462b8bc" />
      <TestMethod codeBase="C:/dev/repos/VersionOne.TeamSync/VersionOne.TeamSync.Core.Tests/bin/Release/VersionOne.TeamSync.Core.Tests.DLL" adapterTypeName="Microsoft.VisualStudio.TestTools.TestTypes.Unit.UnitTestAdapter, Microsoft.VisualStudio.QualityTools.Tips.UnitTest.Adapter, Version=12.0.0.0, Culture=neutral, PublicKeyToken=b03f5f7f11d50a3a" className="VersionOne.TeamSync.Core.Tests.story_update, VersionOne.TeamSync.Core.Tests, Version=1.1.0.20, Culture=neutral, PublicKeyToken=null" name="should_call_update_asset_just_one_time" />
    </UnitTest>
    <UnitTest name="should_log_an_error" storage="c:\dev\repos\versionone.teamsync\versionone.teamsync.core.tests\bin\release\versionone.teamsync.core.tests.dll" id="31fdf3c3-efce-7f82-e297-86b7f8594416">
      <Execution id="f9c5e13b-8daa-42e7-a86e-01da1ebcf0ba" />
      <TestMethod codeBase="C:/dev/repos/VersionOne.TeamSync/VersionOne.TeamSync.Core.Tests/bin/Release/VersionOne.TeamSync.Core.Tests.DLL" adapterTypeName="Microsoft.VisualStudio.TestTools.TestTypes.Unit.UnitTestAdapter, Microsoft.VisualStudio.QualityTools.Tips.UnitTest.Adapter, Version=12.0.0.0, Culture=neutral, PublicKeyToken=b03f5f7f11d50a3a" className="VersionOne.TeamSync.Core.Tests.Workers.take_jira_bug_to_v1_defect_and_epic_is_closed, VersionOne.TeamSync.Core.Tests, Version=1.1.0.20, Culture=neutral, PublicKeyToken=null" name="should_log_an_error" />
    </UnitTest>
    <UnitTest name="different_super_means_update" storage="c:\dev\repos\versionone.teamsync\versionone.teamsync.core.tests\bin\release\versionone.teamsync.core.tests.dll" id="8bfa94cf-8ab2-63c7-7e1f-b761235c58ff">
      <Execution id="62418da4-2196-46c4-b44e-17ef7607f298" />
      <TestMethod codeBase="C:/dev/repos/VersionOne.TeamSync/VersionOne.TeamSync.Core.Tests/bin/Release/VersionOne.TeamSync.Core.Tests.DLL" adapterTypeName="Microsoft.VisualStudio.TestTools.TestTypes.Unit.UnitTestAdapter, Microsoft.VisualStudio.QualityTools.Tips.UnitTest.Adapter, Version=12.0.0.0, Culture=neutral, PublicKeyToken=b03f5f7f11d50a3a" className="VersionOne.TeamSync.Core.Tests.EqualityTests_Defect, VersionOne.TeamSync.Core.Tests, Version=1.1.0.20, Culture=neutral, PublicKeyToken=null" name="different_super_means_update" />
    </UnitTest>
    <UnitTest name="has_two_parameters" storage="c:\dev\repos\versionone.teamsync\versionone.teamsync.core.tests\bin\release\versionone.teamsync.core.tests.dll" id="d9b6340b-309c-68ea-73bc-798deffc761a">
      <Execution id="52902f0f-2475-4852-b5b0-f2649e268a51" />
      <Properties>
        <Property>
          <Key>__Internal_DeclaringClassName__</Key>
          <Value>VersionOne.TeamSync.Core.Tests.when_using_search</Value>
        </Property>
      </Properties>
      <TestMethod codeBase="C:/dev/repos/VersionOne.TeamSync/VersionOne.TeamSync.Core.Tests/bin/Release/VersionOne.TeamSync.Core.Tests.DLL" adapterTypeName="Microsoft.VisualStudio.TestTools.TestTypes.Unit.UnitTestAdapter, Microsoft.VisualStudio.QualityTools.Tips.UnitTest.Adapter, Version=12.0.0.0, Culture=neutral, PublicKeyToken=b03f5f7f11d50a3a" className="VersionOne.TeamSync.Core.Tests.and_the_project_is_not_a_reserved_word, VersionOne.TeamSync.Core.Tests, Version=1.1.0.20, Culture=neutral, PublicKeyToken=null" name="has_two_parameters" />
    </UnitTest>
    <UnitTest name="should_call_update_asset_just_one_time" storage="c:\dev\repos\versionone.teamsync\versionone.teamsync.core.tests\bin\release\versionone.teamsync.core.tests.dll" id="5e813e99-13b7-8be8-7418-43913bfdaf9e">
      <Execution id="c163c09a-0b2f-495d-be9c-89ea1b1e8411" />
      <Properties>
        <Property>
          <Key>__Internal_DeclaringClassName__</Key>
          <Value>VersionOne.TeamSync.Core.Tests.story_update</Value>
        </Property>
      </Properties>
      <TestMethod codeBase="C:/dev/repos/VersionOne.TeamSync/VersionOne.TeamSync.Core.Tests/bin/Release/VersionOne.TeamSync.Core.Tests.DLL" adapterTypeName="Microsoft.VisualStudio.TestTools.TestTypes.Unit.UnitTestAdapter, Microsoft.VisualStudio.QualityTools.Tips.UnitTest.Adapter, Version=12.0.0.0, Culture=neutral, PublicKeyToken=b03f5f7f11d50a3a" className="VersionOne.TeamSync.Core.Tests.modified_story_has_priority_set, VersionOne.TeamSync.Core.Tests, Version=1.1.0.20, Culture=neutral, PublicKeyToken=null" name="should_call_update_asset_just_one_time" />
    </UnitTest>
    <UnitTest name="do_not_call_the_jira_api" storage="c:\dev\repos\versionone.teamsync\versionone.teamsync.core.tests\bin\release\versionone.teamsync.core.tests.dll" id="2aafe21f-2e79-4af4-70c2-e807c50a674a">
      <Execution id="1eb7e40d-4467-49c2-8734-f17665b108cc" />
      <TestMethod codeBase="C:/dev/repos/VersionOne.TeamSync/VersionOne.TeamSync.Core.Tests/bin/Release/VersionOne.TeamSync.Core.Tests.DLL" adapterTypeName="Microsoft.VisualStudio.TestTools.TestTypes.Unit.UnitTestAdapter, Microsoft.VisualStudio.QualityTools.Tips.UnitTest.Adapter, Version=12.0.0.0, Culture=neutral, PublicKeyToken=b03f5f7f11d50a3a" className="VersionOne.TeamSync.Core.Tests.Worker_when_there_are_no_new_epics, VersionOne.TeamSync.Core.Tests, Version=1.1.0.20, Culture=neutral, PublicKeyToken=null" name="do_not_call_the_jira_api" />
    </UnitTest>
    <UnitTest name="defects_first_owner_should_be_Member20" storage="c:\dev\repos\versionone.teamsync\versionone.teamsync.core.tests\bin\release\versionone.teamsync.core.tests.dll" id="1257cc2f-f8b3-8f0c-13ef-bf8becdc06ab">
      <Execution id="97a2a327-96a9-41ec-a1ac-dd204e564ddf" />
      <TestMethod codeBase="C:/dev/repos/VersionOne.TeamSync/VersionOne.TeamSync.Core.Tests/bin/Release/VersionOne.TeamSync.Core.Tests.DLL" adapterTypeName="Microsoft.VisualStudio.TestTools.TestTypes.Unit.UnitTestAdapter, Microsoft.VisualStudio.QualityTools.Tips.UnitTest.Adapter, Version=12.0.0.0, Culture=neutral, PublicKeyToken=b03f5f7f11d50a3a" className="VersionOne.TeamSync.Core.Tests.Xml.Defect_Tests, VersionOne.TeamSync.Core.Tests, Version=1.1.0.20, Culture=neutral, PublicKeyToken=null" name="defects_first_owner_should_be_Member20" />
    </UnitTest>
    <UnitTest name="epic_name_should_have_the_property_key" storage="c:\dev\repos\versionone.teamsync\versionone.teamsync.core.tests\bin\release\versionone.teamsync.core.tests.dll" id="e3919975-5055-d42b-f6e0-fdcdc63f41d3">
      <DeploymentItems>
        <DeploymentItem filename="CreateMeta.json" />
      </DeploymentItems>
      <Execution id="564a7b8e-b745-42bf-9537-23f7047eabba" />
      <TestMethod codeBase="C:/dev/repos/VersionOne.TeamSync/VersionOne.TeamSync.Core.Tests/bin/Release/VersionOne.TeamSync.Core.Tests.DLL" adapterTypeName="Microsoft.VisualStudio.TestTools.TestTypes.Unit.UnitTestAdapter, Microsoft.VisualStudio.QualityTools.Tips.UnitTest.Adapter, Version=12.0.0.0, Culture=neutral, PublicKeyToken=b03f5f7f11d50a3a" className="VersionOne.TeamSync.Core.Tests.JsonConverter.MetaDataConverterTests, VersionOne.TeamSync.Core.Tests, Version=1.1.0.20, Culture=neutral, PublicKeyToken=null" name="epic_name_should_have_the_property_key" />
    </UnitTest>
    <UnitTest name="should_send_the_right_story_to_be_updated" storage="c:\dev\repos\versionone.teamsync\versionone.teamsync.core.tests\bin\release\versionone.teamsync.core.tests.dll" id="3c105b00-fd2f-2b14-04e3-a74a6cd955e6">
      <Execution id="94624381-619f-4a7f-b693-1f55a1cf94af" />
      <TestMethod codeBase="C:/dev/repos/VersionOne.TeamSync/VersionOne.TeamSync.Core.Tests/bin/Release/VersionOne.TeamSync.Core.Tests.DLL" adapterTypeName="Microsoft.VisualStudio.TestTools.TestTypes.Unit.UnitTestAdapter, Microsoft.VisualStudio.QualityTools.Tips.UnitTest.Adapter, Version=12.0.0.0, Culture=neutral, PublicKeyToken=b03f5f7f11d50a3a" className="VersionOne.TeamSync.Core.Tests.story_update, VersionOne.TeamSync.Core.Tests, Version=1.1.0.20, Culture=neutral, PublicKeyToken=null" name="should_send_the_right_story_to_be_updated" />
    </UnitTest>
    <UnitTest name="should_sync_member_at_least_once" storage="c:\dev\repos\versionone.teamsync\versionone.teamsync.core.tests\bin\release\versionone.teamsync.core.tests.dll" id="653829f3-59e9-e183-a03c-0280008797ef">
      <Execution id="3b5e6728-ca7d-4cff-8599-ce4096e3f3cb" />
      <TestMethod codeBase="C:/dev/repos/VersionOne.TeamSync/VersionOne.TeamSync.Core.Tests/bin/Release/VersionOne.TeamSync.Core.Tests.DLL" adapterTypeName="Microsoft.VisualStudio.TestTools.TestTypes.Unit.UnitTestAdapter, Microsoft.VisualStudio.QualityTools.Tips.UnitTest.Adapter, Version=12.0.0.0, Culture=neutral, PublicKeyToken=b03f5f7f11d50a3a" className="VersionOne.TeamSync.Core.Tests.modified_story_has_priority_set, VersionOne.TeamSync.Core.Tests, Version=1.1.0.20, Culture=neutral, PublicKeyToken=null" name="should_sync_member_at_least_once" />
    </UnitTest>
    <UnitTest name="should_sync_member_at_least_once" storage="c:\dev\repos\versionone.teamsync\versionone.teamsync.core.tests\bin\release\versionone.teamsync.core.tests.dll" id="4bb2f22e-8f2e-50bf-761a-de5b84ba02b0">
      <Execution id="cbee639c-5d6c-4f8f-a7f2-7b308bfdf76b" />
      <TestMethod codeBase="C:/dev/repos/VersionOne.TeamSync/VersionOne.TeamSync.Core.Tests/bin/Release/VersionOne.TeamSync.Core.Tests.DLL" adapterTypeName="Microsoft.VisualStudio.TestTools.TestTypes.Unit.UnitTestAdapter, Microsoft.VisualStudio.QualityTools.Tips.UnitTest.Adapter, Version=12.0.0.0, Culture=neutral, PublicKeyToken=b03f5f7f11d50a3a" className="VersionOne.TeamSync.Core.Tests.modified_defect_has_priority_set, VersionOne.TeamSync.Core.Tests, Version=1.1.0.20, Culture=neutral, PublicKeyToken=null" name="should_sync_member_at_least_once" />
    </UnitTest>
    <UnitTest name="should_call_CreateEpic_on_jira" storage="c:\dev\repos\versionone.teamsync\versionone.teamsync.core.tests\bin\release\versionone.teamsync.core.tests.dll" id="86b517be-554f-79f2-b176-5a6dac571c50">
      <Execution id="e0399313-c61b-4459-bb0e-0e33c429e813" />
      <TestMethod codeBase="C:/dev/repos/VersionOne.TeamSync/VersionOne.TeamSync.Core.Tests/bin/Release/VersionOne.TeamSync.Core.Tests.DLL" adapterTypeName="Microsoft.VisualStudio.TestTools.TestTypes.Unit.UnitTestAdapter, Microsoft.VisualStudio.QualityTools.Tips.UnitTest.Adapter, Version=12.0.0.0, Culture=neutral, PublicKeyToken=b03f5f7f11d50a3a" className="VersionOne.TeamSync.Core.Tests.Worker_when_a_VersionOne_epic_is_closed, VersionOne.TeamSync.Core.Tests, Version=1.1.0.20, Culture=neutral, PublicKeyToken=null" name="should_call_CreateEpic_on_jira" />
    </UnitTest>
    <UnitTest name="should_have_one_segment_for_epic_link" storage="c:\dev\repos\versionone.teamsync\versionone.teamsync.core.tests\bin\release\versionone.teamsync.core.tests.dll" id="1e9ff314-7c92-3090-8a5f-66e27262b6a4">
      <Execution id="cd2a9ea7-f4a8-4acf-99e7-307526520f99" />
      <TestMethod codeBase="C:/dev/repos/VersionOne.TeamSync/VersionOne.TeamSync.Core.Tests/bin/Release/VersionOne.TeamSync.Core.Tests.DLL" adapterTypeName="Microsoft.VisualStudio.TestTools.TestTypes.Unit.UnitTestAdapter, Microsoft.VisualStudio.QualityTools.Tips.UnitTest.Adapter, Version=12.0.0.0, Culture=neutral, PublicKeyToken=b03f5f7f11d50a3a" className="VersionOne.TeamSync.Core.Tests.getting_orphan_stories_in_a_jira_project, VersionOne.TeamSync.Core.Tests, Version=1.1.0.20, Culture=neutral, PublicKeyToken=null" name="should_have_one_segment_for_epic_link" />
    </UnitTest>
    <UnitTest name="should_not_match_if_the_key_is_different" storage="c:\dev\repos\versionone.teamsync\versionone.teamsync.core.tests\bin\release\versionone.teamsync.core.tests.dll" id="74a39df2-266a-2c24-cb6d-2361da1084b2">
      <Execution id="6cbba6f2-8949-4877-b7b5-54fa8948f8ae" />
      <TestMethod codeBase="C:/dev/repos/VersionOne.TeamSync/VersionOne.TeamSync.Core.Tests/bin/Release/VersionOne.TeamSync.Core.Tests.DLL" adapterTypeName="Microsoft.VisualStudio.TestTools.TestTypes.Unit.UnitTestAdapter, Microsoft.VisualStudio.QualityTools.Tips.UnitTest.Adapter, Version=12.0.0.0, Culture=neutral, PublicKeyToken=b03f5f7f11d50a3a" className="VersionOne.TeamSync.Core.Tests.IssueExtension_MatchesTests, VersionOne.TeamSync.Core.Tests, Version=1.1.0.20, Culture=neutral, PublicKeyToken=null" name="should_not_match_if_the_key_is_different" />
    </UnitTest>
    <UnitTest name="makes_a_call_to_update_the_issue_in_jira_with_defect_number" storage="c:\dev\repos\versionone.teamsync\versionone.teamsync.core.tests\bin\release\versionone.teamsync.core.tests.dll" id="60f20247-c635-4390-14c5-84b1e76ce5bc">
      <Execution id="c001c801-0299-460e-8bcc-5f42b11dad24" />
      <TestMethod codeBase="C:/dev/repos/VersionOne.TeamSync/VersionOne.TeamSync.Core.Tests/bin/Release/VersionOne.TeamSync.Core.Tests.DLL" adapterTypeName="Microsoft.VisualStudio.TestTools.TestTypes.Unit.UnitTestAdapter, Microsoft.VisualStudio.QualityTools.Tips.UnitTest.Adapter, Version=12.0.0.0, Culture=neutral, PublicKeyToken=b03f5f7f11d50a3a" className="VersionOne.TeamSync.Core.Tests.Workers.orphan_defect, VersionOne.TeamSync.Core.Tests, Version=1.1.0.20, Culture=neutral, PublicKeyToken=null" name="makes_a_call_to_update_the_issue_in_jira_with_defect_number" />
    </UnitTest>
    <UnitTest name="worklog_timeSpentSeconds_becomes_value" storage="c:\dev\repos\versionone.teamsync\versionone.teamsync.core.tests\bin\release\versionone.teamsync.core.tests.dll" id="9a393d67-6073-9508-90ab-6ca1a437584b">
      <Execution id="b1f7c509-caec-44db-a59b-820bd5784d97" />
      <TestMethod codeBase="C:/dev/repos/VersionOne.TeamSync/VersionOne.TeamSync.Core.Tests/bin/Release/VersionOne.TeamSync.Core.Tests.DLL" adapterTypeName="Microsoft.VisualStudio.TestTools.TestTypes.Unit.UnitTestAdapter, Microsoft.VisualStudio.QualityTools.Tips.UnitTest.Adapter, Version=12.0.0.0, Culture=neutral, PublicKeyToken=b03f5f7f11d50a3a" className="VersionOne.TeamSync.Core.Tests.IssueExtensionTests, VersionOne.TeamSync.Core.Tests, Version=1.1.0.20, Culture=neutral, PublicKeyToken=null" name="worklog_timeSpentSeconds_becomes_value" />
    </UnitTest>
    <UnitTest name="should_sync_member_at_least_once" storage="c:\dev\repos\versionone.teamsync\versionone.teamsync.core.tests\bin\release\versionone.teamsync.core.tests.dll" id="3e71f309-cbfd-7f69-9bab-0a267b93a181">
      <Execution id="cdad9080-88d7-44a9-ba6e-0144da927b41" />
      <TestMethod codeBase="C:/dev/repos/VersionOne.TeamSync/VersionOne.TeamSync.Core.Tests/bin/Release/VersionOne.TeamSync.Core.Tests.DLL" adapterTypeName="Microsoft.VisualStudio.TestTools.TestTypes.Unit.UnitTestAdapter, Microsoft.VisualStudio.QualityTools.Tips.UnitTest.Adapter, Version=12.0.0.0, Culture=neutral, PublicKeyToken=b03f5f7f11d50a3a" className="VersionOne.TeamSync.Core.Tests.Workers.defect_with_assignee, VersionOne.TeamSync.Core.Tests, Version=1.1.0.20, Culture=neutral, PublicKeyToken=null" name="should_sync_member_at_least_once" />
    </UnitTest>
    <UnitTest name="should_have_one_segment_for_project_key" storage="c:\dev\repos\versionone.teamsync\versionone.teamsync.core.tests\bin\release\versionone.teamsync.core.tests.dll" id="4b918b26-ba6e-e0b3-1129-e78f7dd426f7">
      <Execution id="ce13592a-8357-40c3-85ea-f09e323279e9" />
      <TestMethod codeBase="C:/dev/repos/VersionOne.TeamSync/VersionOne.TeamSync.Core.Tests/bin/Release/VersionOne.TeamSync.Core.Tests.DLL" adapterTypeName="Microsoft.VisualStudio.TestTools.TestTypes.Unit.UnitTestAdapter, Microsoft.VisualStudio.QualityTools.Tips.UnitTest.Adapter, Version=12.0.0.0, Culture=neutral, PublicKeyToken=b03f5f7f11d50a3a" className="VersionOne.TeamSync.Core.Tests.getting_orphan_stories_in_a_jira_project, VersionOne.TeamSync.Core.Tests, Version=1.1.0.20, Culture=neutral, PublicKeyToken=null" name="should_have_one_segment_for_project_key" />
    </UnitTest>
    <UnitTest name="makes_a_call_add_a_comment_back_to_jira" storage="c:\dev\repos\versionone.teamsync\versionone.teamsync.core.tests\bin\release\versionone.teamsync.core.tests.dll" id="fa1d8d54-9144-7948-6d7b-f31aff65e9e0">
      <Execution id="ec6b92dd-adbf-4a18-8657-60b709bee183" />
      <TestMethod codeBase="C:/dev/repos/VersionOne.TeamSync/VersionOne.TeamSync.Core.Tests/bin/Release/VersionOne.TeamSync.Core.Tests.DLL" adapterTypeName="Microsoft.VisualStudio.TestTools.TestTypes.Unit.UnitTestAdapter, Microsoft.VisualStudio.QualityTools.Tips.UnitTest.Adapter, Version=12.0.0.0, Culture=neutral, PublicKeyToken=b03f5f7f11d50a3a" className="VersionOne.TeamSync.Core.Tests.Workers.child_defect, VersionOne.TeamSync.Core.Tests, Version=1.1.0.20, Culture=neutral, PublicKeyToken=null" name="makes_a_call_add_a_comment_back_to_jira" />
    </UnitTest>
    <UnitTest name="makes_a_call_add_a_comment_back_to_jira" storage="c:\dev\repos\versionone.teamsync\versionone.teamsync.core.tests\bin\release\versionone.teamsync.core.tests.dll" id="d4a099a6-4cb3-3d86-7037-3dab556a7f69">
      <Execution id="d686a9cf-5f8a-493e-9961-e7c791101d28" />
      <TestMethod codeBase="C:/dev/repos/VersionOne.TeamSync/VersionOne.TeamSync.Core.Tests/bin/Release/VersionOne.TeamSync.Core.Tests.DLL" adapterTypeName="Microsoft.VisualStudio.TestTools.TestTypes.Unit.UnitTestAdapter, Microsoft.VisualStudio.QualityTools.Tips.UnitTest.Adapter, Version=12.0.0.0, Culture=neutral, PublicKeyToken=b03f5f7f11d50a3a" className="VersionOne.TeamSync.Core.Tests.child_story, VersionOne.TeamSync.Core.Tests, Version=1.1.0.20, Culture=neutral, PublicKeyToken=null" name="makes_a_call_add_a_comment_back_to_jira" />
    </UnitTest>
    <UnitTest name="relation_attribute_setter_skips_an_empty_value" storage="c:\dev\repos\versionone.teamsync\versionone.teamsync.core.tests\bin\release\versionone.teamsync.core.tests.dll" id="bc6c6198-6770-0585-c2d7-18985ec5fbfb">
      <Execution id="e4444735-0a76-4ac3-9469-24998a91be7d" />
      <TestMethod codeBase="C:/dev/repos/VersionOne.TeamSync/VersionOne.TeamSync.Core.Tests/bin/Release/VersionOne.TeamSync.Core.Tests.DLL" adapterTypeName="Microsoft.VisualStudio.TestTools.TestTypes.Unit.UnitTestAdapter, Microsoft.VisualStudio.QualityTools.Tips.UnitTest.Adapter, Version=12.0.0.0, Culture=neutral, PublicKeyToken=b03f5f7f11d50a3a" className="VersionOne.TeamSync.Core.Tests.Xml.SetRelationNodeTests, VersionOne.TeamSync.Core.Tests, Version=1.1.0.20, Culture=neutral, PublicKeyToken=null" name="relation_attribute_setter_skips_an_empty_value" />
    </UnitTest>
    <UnitTest name="different_reference_means_update" storage="c:\dev\repos\versionone.teamsync\versionone.teamsync.core.tests\bin\release\versionone.teamsync.core.tests.dll" id="05197d23-5b3d-1565-f5f8-ecff59c83c53">
      <Execution id="5561d680-d091-464d-b2a6-53504c1bb10e" />
      <TestMethod codeBase="C:/dev/repos/VersionOne.TeamSync/VersionOne.TeamSync.Core.Tests/bin/Release/VersionOne.TeamSync.Core.Tests.DLL" adapterTypeName="Microsoft.VisualStudio.TestTools.TestTypes.Unit.UnitTestAdapter, Microsoft.VisualStudio.QualityTools.Tips.UnitTest.Adapter, Version=12.0.0.0, Culture=neutral, PublicKeyToken=b03f5f7f11d50a3a" className="VersionOne.TeamSync.Core.Tests.EqualityTests_Story, VersionOne.TeamSync.Core.Tests, Version=1.1.0.20, Culture=neutral, PublicKeyToken=null" name="different_reference_means_update" />
    </UnitTest>
    <UnitTest name="should_pass_along_data_to_update_story" storage="c:\dev\repos\versionone.teamsync\versionone.teamsync.core.tests\bin\release\versionone.teamsync.core.tests.dll" id="8e5cd2db-d492-e1ca-643c-a87bc43cf683">
      <Execution id="a30de006-c61d-4937-a109-c8b7f4047f0f" />
      <TestMethod codeBase="C:/dev/repos/VersionOne.TeamSync/VersionOne.TeamSync.Core.Tests/bin/Release/VersionOne.TeamSync.Core.Tests.DLL" adapterTypeName="Microsoft.VisualStudio.TestTools.TestTypes.Unit.UnitTestAdapter, Microsoft.VisualStudio.QualityTools.Tips.UnitTest.Adapter, Version=12.0.0.0, Culture=neutral, PublicKeyToken=b03f5f7f11d50a3a" className="VersionOne.TeamSync.Core.Tests.Workers.defect_update_with_closed_epic, VersionOne.TeamSync.Core.Tests, Version=1.1.0.20, Culture=neutral, PublicKeyToken=null" name="should_pass_along_data_to_update_story" />
    </UnitTest>
    <UnitTest name="query_should_leave_query_words_alone" storage="c:\dev\repos\versionone.teamsync\versionone.teamsync.core.tests\bin\release\versionone.teamsync.core.tests.dll" id="80699f81-618d-bead-18da-a098bf9456ff">
      <Execution id="c0adc02a-4d96-4683-8125-b4318bb8852a" />
      <TestMethod codeBase="C:/dev/repos/VersionOne.TeamSync/VersionOne.TeamSync.Core.Tests/bin/Release/VersionOne.TeamSync.Core.Tests.DLL" adapterTypeName="Microsoft.VisualStudio.TestTools.TestTypes.Unit.UnitTestAdapter, Microsoft.VisualStudio.QualityTools.Tips.UnitTest.Adapter, Version=12.0.0.0, Culture=neutral, PublicKeyToken=b03f5f7f11d50a3a" className="VersionOne.TeamSync.Core.Tests.for_many_projects_for_items_in_jira, VersionOne.TeamSync.Core.Tests, Version=1.1.0.20, Culture=neutral, PublicKeyToken=null" name="query_should_leave_query_words_alone" />
    </UnitTest>
    <UnitTest name="worklog_started_becomes_date" storage="c:\dev\repos\versionone.teamsync\versionone.teamsync.core.tests\bin\release\versionone.teamsync.core.tests.dll" id="3948f5d9-33ea-b592-6ea1-3b0a88dde944">
      <Execution id="38572c21-808e-4089-b53f-4ed2845fa90c" />
      <TestMethod codeBase="C:/dev/repos/VersionOne.TeamSync/VersionOne.TeamSync.Core.Tests/bin/Release/VersionOne.TeamSync.Core.Tests.DLL" adapterTypeName="Microsoft.VisualStudio.TestTools.TestTypes.Unit.UnitTestAdapter, Microsoft.VisualStudio.QualityTools.Tips.UnitTest.Adapter, Version=12.0.0.0, Culture=neutral, PublicKeyToken=b03f5f7f11d50a3a" className="VersionOne.TeamSync.Core.Tests.IssueExtensionTests, VersionOne.TeamSync.Core.Tests, Version=1.1.0.20, Culture=neutral, PublicKeyToken=null" name="worklog_started_becomes_date" />
    </UnitTest>
    <UnitTest name="when_content_does_not_match_and_the_error_is_not_on_the_appropriate_screen_throw_a_jira_exception_with_that_data" storage="c:\dev\repos\versionone.teamsync\versionone.teamsync.core.tests\bin\release\versionone.teamsync.core.tests.dll" id="755011c5-f62a-7835-d624-ac85d7ea4444">
      <Execution id="812a54b2-7cb7-48bc-beae-6d7503d1a92a" />
      <TestMethod codeBase="C:/dev/repos/VersionOne.TeamSync/VersionOne.TeamSync.Core.Tests/bin/Release/VersionOne.TeamSync.Core.Tests.DLL" adapterTypeName="Microsoft.VisualStudio.TestTools.TestTypes.Unit.UnitTestAdapter, Microsoft.VisualStudio.QualityTools.Tips.UnitTest.Adapter, Version=12.0.0.0, Culture=neutral, PublicKeyToken=b03f5f7f11d50a3a" className="VersionOne.TeamSync.Core.Tests.Executing_a_request_with_no_return, VersionOne.TeamSync.Core.Tests, Version=1.1.0.20, Culture=neutral, PublicKeyToken=null" name="when_content_does_not_match_and_the_error_is_not_on_the_appropriate_screen_throw_a_jira_exception_with_that_data" />
    </UnitTest>
    <UnitTest name="nullable_attribute_setter_creates_an_empty_node" storage="c:\dev\repos\versionone.teamsync\versionone.teamsync.core.tests\bin\release\versionone.teamsync.core.tests.dll" id="b65994f9-ce5f-0458-72b6-e2f9d51bd967">
      <Execution id="23b266be-4d25-4016-8a0d-eaa5f4c7fa97" />
      <TestMethod codeBase="C:/dev/repos/VersionOne.TeamSync/VersionOne.TeamSync.Core.Tests/bin/Release/VersionOne.TeamSync.Core.Tests.DLL" adapterTypeName="Microsoft.VisualStudio.TestTools.TestTypes.Unit.UnitTestAdapter, Microsoft.VisualStudio.QualityTools.Tips.UnitTest.Adapter, Version=12.0.0.0, Culture=neutral, PublicKeyToken=b03f5f7f11d50a3a" className="VersionOne.TeamSync.Core.Tests.Xml.SetNullableNodeTests, VersionOne.TeamSync.Core.Tests, Version=1.1.0.20, Culture=neutral, PublicKeyToken=null" name="nullable_attribute_setter_creates_an_empty_node" />
    </UnitTest>
    <UnitTest name="gives_an_error_message_that_says_it_failed_moving_to_unsupported_statuses" storage="c:\dev\repos\versionone.teamsync\versionone.teamsync.core.tests\bin\release\versionone.teamsync.core.tests.dll" id="70d9e68c-5200-4a5a-b237-4f3f71f2800f">
      <Execution id="72a5337c-423c-462a-83e0-af4b51e93d28" />
      <TestMethod codeBase="C:/dev/repos/VersionOne.TeamSync/VersionOne.TeamSync.Core.Tests/bin/Release/VersionOne.TeamSync.Core.Tests.DLL" adapterTypeName="Microsoft.VisualStudio.TestTools.TestTypes.Unit.UnitTestAdapter, Microsoft.VisualStudio.QualityTools.Tips.UnitTest.Adapter, Version=12.0.0.0, Culture=neutral, PublicKeyToken=b03f5f7f11d50a3a" className="VersionOne.TeamSync.Core.Tests.Jira.Jira_SettingProjectToSomethingThatDoesntExist_Tests, VersionOne.TeamSync.Core.Tests, Version=1.1.0.20, Culture=neutral, PublicKeyToken=null" name="gives_an_error_message_that_says_it_failed_moving_to_unsupported_statuses" />
    </UnitTest>
    <UnitTest name="should_create_a_link_on_v1_epic" storage="c:\dev\repos\versionone.teamsync\versionone.teamsync.core.tests\bin\release\versionone.teamsync.core.tests.dll" id="9d2d67aa-f005-075b-ddaa-edd6ba861378">
      <Execution id="4c2c643f-1750-4cd1-be1a-2503e002b0a9" />
      <TestMethod codeBase="C:/dev/repos/VersionOne.TeamSync/VersionOne.TeamSync.Core.Tests/bin/Release/VersionOne.TeamSync.Core.Tests.DLL" adapterTypeName="Microsoft.VisualStudio.TestTools.TestTypes.Unit.UnitTestAdapter, Microsoft.VisualStudio.QualityTools.Tips.UnitTest.Adapter, Version=12.0.0.0, Culture=neutral, PublicKeyToken=b03f5f7f11d50a3a" className="VersionOne.TeamSync.Core.Tests.and_the_jira_project_contains_a_reserved_word, VersionOne.TeamSync.Core.Tests, Version=1.1.0.20, Culture=neutral, PublicKeyToken=null" name="should_create_a_link_on_v1_epic" />
    </UnitTest>
    <UnitTest name="summary_is_different" storage="c:\dev\repos\versionone.teamsync\versionone.teamsync.core.tests\bin\release\versionone.teamsync.core.tests.dll" id="e206a70c-cbe0-5f28-a650-d640fdfc7134">
      <Execution id="b43e70d9-b53a-4cbe-a4c7-ca70df556ef9" />
      <TestMethod codeBase="C:/dev/repos/VersionOne.TeamSync/VersionOne.TeamSync.Core.Tests/bin/Release/VersionOne.TeamSync.Core.Tests.DLL" adapterTypeName="Microsoft.VisualStudio.TestTools.TestTypes.Unit.UnitTestAdapter, Microsoft.VisualStudio.QualityTools.Tips.UnitTest.Adapter, Version=12.0.0.0, Culture=neutral, PublicKeyToken=b03f5f7f11d50a3a" className="VersionOne.TeamSync.Core.Tests.when_comparing_epic_to_issue, VersionOne.TeamSync.Core.Tests, Version=1.1.0.20, Culture=neutral, PublicKeyToken=null" name="summary_is_different" />
    </UnitTest>
    <UnitTest name="when_the_content_type_is_not_authorized_should_throw_a_jira_exception" storage="c:\dev\repos\versionone.teamsync\versionone.teamsync.core.tests\bin\release\versionone.teamsync.core.tests.dll" id="46787177-ef86-cc84-e285-82f8e0cf28bd">
      <Execution id="a6d8322a-940c-46b8-8753-782607152554" />
      <TestMethod codeBase="C:/dev/repos/VersionOne.TeamSync/VersionOne.TeamSync.Core.Tests/bin/Release/VersionOne.TeamSync.Core.Tests.DLL" adapterTypeName="Microsoft.VisualStudio.TestTools.TestTypes.Unit.UnitTestAdapter, Microsoft.VisualStudio.QualityTools.Tips.UnitTest.Adapter, Version=12.0.0.0, Culture=neutral, PublicKeyToken=b03f5f7f11d50a3a" className="VersionOne.TeamSync.Core.Tests.Executing_a_request_with_no_return, VersionOne.TeamSync.Core.Tests, Version=1.1.0.20, Culture=neutral, PublicKeyToken=null" name="when_the_content_type_is_not_authorized_should_throw_a_jira_exception" />
    </UnitTest>
    <UnitTest name="query_should_leave_the_query_string_alone" storage="c:\dev\repos\versionone.teamsync\versionone.teamsync.core.tests\bin\release\versionone.teamsync.core.tests.dll" id="9eadf62f-c457-1f32-2d54-e0859422f3a0">
      <Execution id="b1c766be-8db8-4f23-b242-6a69c90bf09d" />
      <TestMethod codeBase="C:/dev/repos/VersionOne.TeamSync/VersionOne.TeamSync.Core.Tests/bin/Release/VersionOne.TeamSync.Core.Tests.DLL" adapterTypeName="Microsoft.VisualStudio.TestTools.TestTypes.Unit.UnitTestAdapter, Microsoft.VisualStudio.QualityTools.Tips.UnitTest.Adapter, Version=12.0.0.0, Culture=neutral, PublicKeyToken=b03f5f7f11d50a3a" className="VersionOne.TeamSync.Core.Tests.and_the_project_is_not_a_reserved_word, VersionOne.TeamSync.Core.Tests, Version=1.1.0.20, Culture=neutral, PublicKeyToken=null" name="query_should_leave_the_query_string_alone" />
    </UnitTest>
    <UnitTest name="should_call_update_asset_just_one_time" storage="c:\dev\repos\versionone.teamsync\versionone.teamsync.core.tests\bin\release\versionone.teamsync.core.tests.dll" id="ca6c2994-8a40-a203-512d-2b58e98dc5f4">
      <Execution id="7c0f1de4-6c78-4ab8-9e93-b6e2e162f0b7" />
      <TestMethod codeBase="C:/dev/repos/VersionOne.TeamSync/VersionOne.TeamSync.Core.Tests/bin/Release/VersionOne.TeamSync.Core.Tests.DLL" adapterTypeName="Microsoft.VisualStudio.TestTools.TestTypes.Unit.UnitTestAdapter, Microsoft.VisualStudio.QualityTools.Tips.UnitTest.Adapter, Version=12.0.0.0, Culture=neutral, PublicKeyToken=b03f5f7f11d50a3a" className="VersionOne.TeamSync.Core.Tests.actual_update, VersionOne.TeamSync.Core.Tests, Version=1.1.0.20, Culture=neutral, PublicKeyToken=null" name="should_call_update_asset_just_one_time" />
    </UnitTest>
    <UnitTest name="should_not_call_reopen_story" storage="c:\dev\repos\versionone.teamsync\versionone.teamsync.core.tests\bin\release\versionone.teamsync.core.tests.dll" id="68485a4a-30da-f7e2-89c7-9f15271044c6">
      <Execution id="1cdf245d-388b-4680-9ae0-fa602c335ced" />
      <TestMethod codeBase="C:/dev/repos/VersionOne.TeamSync/VersionOne.TeamSync.Core.Tests/bin/Release/VersionOne.TeamSync.Core.Tests.DLL" adapterTypeName="Microsoft.VisualStudio.TestTools.TestTypes.Unit.UnitTestAdapter, Microsoft.VisualStudio.QualityTools.Tips.UnitTest.Adapter, Version=12.0.0.0, Culture=neutral, PublicKeyToken=b03f5f7f11d50a3a" className="VersionOne.TeamSync.Core.Tests.StorySync.and_the_status_is_closed_when_the_v1_story_is_open, VersionOne.TeamSync.Core.Tests, Version=1.1.0.20, Culture=neutral, PublicKeyToken=null" name="should_not_call_reopen_story" />
    </UnitTest>
    <UnitTest name="should_not_try_to_get_an_epic_id" storage="c:\dev\repos\versionone.teamsync\versionone.teamsync.core.tests\bin\release\versionone.teamsync.core.tests.dll" id="fd9d4dec-b77f-18a5-a0e1-c9e90b84da32">
      <Execution id="3e7421e9-66a5-4936-ba9d-7da70ccf8bbf" />
      <TestMethod codeBase="C:/dev/repos/VersionOne.TeamSync/VersionOne.TeamSync.Core.Tests/bin/Release/VersionOne.TeamSync.Core.Tests.DLL" adapterTypeName="Microsoft.VisualStudio.TestTools.TestTypes.Unit.UnitTestAdapter, Microsoft.VisualStudio.QualityTools.Tips.UnitTest.Adapter, Version=12.0.0.0, Culture=neutral, PublicKeyToken=b03f5f7f11d50a3a" className="VersionOne.TeamSync.Core.Tests.orphan_story, VersionOne.TeamSync.Core.Tests, Version=1.1.0.20, Culture=neutral, PublicKeyToken=null" name="should_not_try_to_get_an_epic_id" />
    </UnitTest>
    <UnitTest name="should_call_CreateEpic_on_jir" storage="c:\dev\repos\versionone.teamsync\versionone.teamsync.core.tests\bin\release\versionone.teamsync.core.tests.dll" id="a8256aa0-e58a-7cc9-7b9e-21736a4f2121">
      <Execution id="0e26f772-fda3-4a75-ae7b-14e38ac38b2e" />
      <TestMethod codeBase="C:/dev/repos/VersionOne.TeamSync/VersionOne.TeamSync.Core.Tests/bin/Release/VersionOne.TeamSync.Core.Tests.DLL" adapterTypeName="Microsoft.VisualStudio.TestTools.TestTypes.Unit.UnitTestAdapter, Microsoft.VisualStudio.QualityTools.Tips.UnitTest.Adapter, Version=12.0.0.0, Culture=neutral, PublicKeyToken=b03f5f7f11d50a3a" className="VersionOne.TeamSync.Core.Tests.Worker_when_a_VersionOne_epic_is_deleted, VersionOne.TeamSync.Core.Tests, Version=1.1.0.20, Culture=neutral, PublicKeyToken=null" name="should_call_CreateEpic_on_jir" />
    </UnitTest>
    <UnitTest name="should_call_reopen_story" storage="c:\dev\repos\versionone.teamsync\versionone.teamsync.core.tests\bin\release\versionone.teamsync.core.tests.dll" id="59c67b93-a82d-e702-7ecf-48cf920106fa">
      <Execution id="4120cbe9-5241-46c6-b7fa-b66a22487a84" />
      <TestMethod codeBase="C:/dev/repos/VersionOne.TeamSync/VersionOne.TeamSync.Core.Tests/bin/Release/VersionOne.TeamSync.Core.Tests.DLL" adapterTypeName="Microsoft.VisualStudio.TestTools.TestTypes.Unit.UnitTestAdapter, Microsoft.VisualStudio.QualityTools.Tips.UnitTest.Adapter, Version=12.0.0.0, Culture=neutral, PublicKeyToken=b03f5f7f11d50a3a" className="VersionOne.TeamSync.Core.Tests.StorySync.and_the_status_is_not_done_when_the_v1_story_is_closed, VersionOne.TeamSync.Core.Tests, Version=1.1.0.20, Culture=neutral, PublicKeyToken=null" name="should_call_reopen_story" />
    </UnitTest>
    <UnitTest name="santity_check" storage="c:\dev\repos\versionone.teamsync\versionone.teamsync.core.tests\bin\release\versionone.teamsync.core.tests.dll" id="c1f164c2-d2c5-fb6b-23ec-4e887b903660">
      <Execution id="32cb771a-4cfc-481f-b7c4-0fb839ae236a" />
      <TestMethod codeBase="C:/dev/repos/VersionOne.TeamSync/VersionOne.TeamSync.Core.Tests/bin/Release/VersionOne.TeamSync.Core.Tests.DLL" adapterTypeName="Microsoft.VisualStudio.TestTools.TestTypes.Unit.UnitTestAdapter, Microsoft.VisualStudio.QualityTools.Tips.UnitTest.Adapter, Version=12.0.0.0, Culture=neutral, PublicKeyToken=b03f5f7f11d50a3a" className="VersionOne.TeamSync.Core.Tests.EqualityTests_Defect, VersionOne.TeamSync.Core.Tests, Version=1.1.0.20, Culture=neutral, PublicKeyToken=null" name="santity_check" />
    </UnitTest>
    <UnitTest name="should_not_match_if_remainingInDays_is_different" storage="c:\dev\repos\versionone.teamsync\versionone.teamsync.core.tests\bin\release\versionone.teamsync.core.tests.dll" id="3ab0c4df-49ac-8bcf-f11a-459b04452264">
      <Execution id="e67403d7-9626-48e2-a6f9-13b208046326" />
      <TestMethod codeBase="C:/dev/repos/VersionOne.TeamSync/VersionOne.TeamSync.Core.Tests/bin/Release/VersionOne.TeamSync.Core.Tests.DLL" adapterTypeName="Microsoft.VisualStudio.TestTools.TestTypes.Unit.UnitTestAdapter, Microsoft.VisualStudio.QualityTools.Tips.UnitTest.Adapter, Version=12.0.0.0, Culture=neutral, PublicKeyToken=b03f5f7f11d50a3a" className="VersionOne.TeamSync.Core.Tests.IssueExtension_MatchesTests, VersionOne.TeamSync.Core.Tests, Version=1.1.0.20, Culture=neutral, PublicKeyToken=null" name="should_not_match_if_remainingInDays_is_different" />
    </UnitTest>
    <UnitTest name="makes_a_call_add_a_link_back_to_jira" storage="c:\dev\repos\versionone.teamsync\versionone.teamsync.core.tests\bin\release\versionone.teamsync.core.tests.dll" id="6460ad4e-d262-c7a0-5277-6c573b78183d">
      <Execution id="eba65ace-eafd-4249-ba79-4293e8d35519" />
      <TestMethod codeBase="C:/dev/repos/VersionOne.TeamSync/VersionOne.TeamSync.Core.Tests/bin/Release/VersionOne.TeamSync.Core.Tests.DLL" adapterTypeName="Microsoft.VisualStudio.TestTools.TestTypes.Unit.UnitTestAdapter, Microsoft.VisualStudio.QualityTools.Tips.UnitTest.Adapter, Version=12.0.0.0, Culture=neutral, PublicKeyToken=b03f5f7f11d50a3a" className="VersionOne.TeamSync.Core.Tests.Workers.child_defect, VersionOne.TeamSync.Core.Tests, Version=1.1.0.20, Culture=neutral, PublicKeyToken=null" name="makes_a_call_add_a_link_back_to_jira" />
    </UnitTest>
    <UnitTest name="description_is_null_or_empty" storage="c:\dev\repos\versionone.teamsync\versionone.teamsync.core.tests\bin\release\versionone.teamsync.core.tests.dll" id="ea2024a6-4d5a-3770-989b-75881a2d1e36">
      <Execution id="6f6b5c0f-a763-43a5-bce4-09dba67c744d" />
      <TestMethod codeBase="C:/dev/repos/VersionOne.TeamSync/VersionOne.TeamSync.Core.Tests/bin/Release/VersionOne.TeamSync.Core.Tests.DLL" adapterTypeName="Microsoft.VisualStudio.TestTools.TestTypes.Unit.UnitTestAdapter, Microsoft.VisualStudio.QualityTools.Tips.UnitTest.Adapter, Version=12.0.0.0, Culture=neutral, PublicKeyToken=b03f5f7f11d50a3a" className="VersionOne.TeamSync.Core.Tests.when_comparing_epic_to_issue, VersionOne.TeamSync.Core.Tests, Version=1.1.0.20, Culture=neutral, PublicKeyToken=null" name="description_is_null_or_empty" />
    </UnitTest>
    <UnitTest name="null_v1_priority_returns_empty_string" storage="c:\dev\repos\versionone.teamsync\versionone.teamsync.core.tests\bin\release\versionone.teamsync.core.tests.dll" id="5730a4e6-f4c6-9402-a289-1183b8171a0b">
      <Execution id="52e9d32c-3e7e-4960-9ea9-af26905356f4" />
      <TestMethod codeBase="C:/dev/repos/VersionOne.TeamSync/VersionOne.TeamSync.Core.Tests/bin/Release/VersionOne.TeamSync.Core.Tests.DLL" adapterTypeName="Microsoft.VisualStudio.TestTools.TestTypes.Unit.UnitTestAdapter, Microsoft.VisualStudio.QualityTools.Tips.UnitTest.Adapter, Version=12.0.0.0, Culture=neutral, PublicKeyToken=b03f5f7f11d50a3a" className="VersionOne.TeamSync.Core.Tests.new_epic_has_priority_set, VersionOne.TeamSync.Core.Tests, Version=1.1.0.20, Culture=neutral, PublicKeyToken=null" name="null_v1_priority_returns_empty_string" />
    </UnitTest>
    <UnitTest name="other_items_we_ignore" storage="c:\dev\repos\versionone.teamsync\versionone.teamsync.core.tests\bin\release\versionone.teamsync.core.tests.dll" id="f012a005-c0f7-f682-7026-4aa30aca8d6b">
      <Execution id="fd5a47c0-7499-4959-813e-eb32b8cd42f2" />
      <TestMethod codeBase="C:/dev/repos/VersionOne.TeamSync/VersionOne.TeamSync.Core.Tests/bin/Release/VersionOne.TeamSync.Core.Tests.DLL" adapterTypeName="Microsoft.VisualStudio.TestTools.TestTypes.Unit.UnitTestAdapter, Microsoft.VisualStudio.QualityTools.Tips.UnitTest.Adapter, Version=12.0.0.0, Culture=neutral, PublicKeyToken=b03f5f7f11d50a3a" className="VersionOne.TeamSync.Core.Tests.EqualityTests_Story, VersionOne.TeamSync.Core.Tests, Version=1.1.0.20, Culture=neutral, PublicKeyToken=null" name="other_items_we_ignore" />
    </UnitTest>
    <UnitTest name="should_create_a_link_on_v1_epic" storage="c:\dev\repos\versionone.teamsync\versionone.teamsync.core.tests\bin\release\versionone.teamsync.core.tests.dll" id="e210c70d-daaa-e83d-bf14-e15aa497edd3">
      <Execution id="84c7a212-a2aa-4526-8f4d-44013c654e2a" />
      <TestMethod codeBase="C:/dev/repos/VersionOne.TeamSync/VersionOne.TeamSync.Core.Tests/bin/Release/VersionOne.TeamSync.Core.Tests.DLL" adapterTypeName="Microsoft.VisualStudio.TestTools.TestTypes.Unit.UnitTestAdapter, Microsoft.VisualStudio.QualityTools.Tips.UnitTest.Adapter, Version=12.0.0.0, Culture=neutral, PublicKeyToken=b03f5f7f11d50a3a" className="VersionOne.TeamSync.Core.Tests.Worker_when_a_VersionOne_epic_is_closed, VersionOne.TeamSync.Core.Tests, Version=1.1.0.20, Culture=neutral, PublicKeyToken=null" name="should_create_a_link_on_v1_epic" />
    </UnitTest>
    <UnitTest name="all_mocked_calls_are_called" storage="c:\dev\repos\versionone.teamsync\versionone.teamsync.core.tests\bin\release\versionone.teamsync.core.tests.dll" id="b2e541ca-e9e3-d729-f872-79e461b9744c">
      <Execution id="ecc33c6c-a2f0-4dba-b3cf-3c5122117827" />
      <TestMethod codeBase="C:/dev/repos/VersionOne.TeamSync/VersionOne.TeamSync.Core.Tests/bin/Release/VersionOne.TeamSync.Core.Tests.DLL" adapterTypeName="Microsoft.VisualStudio.TestTools.TestTypes.Unit.UnitTestAdapter, Microsoft.VisualStudio.QualityTools.Tips.UnitTest.Adapter, Version=12.0.0.0, Culture=neutral, PublicKeyToken=b03f5f7f11d50a3a" className="VersionOne.TeamSync.Core.Tests.Jira.Jira_SettingProjectToSomethingThatDoesntExist_Tests, VersionOne.TeamSync.Core.Tests, Version=1.1.0.20, Culture=neutral, PublicKeyToken=null" name="all_mocked_calls_are_called" />
    </UnitTest>
    <UnitTest name="issue_summary_becomes_name" storage="c:\dev\repos\versionone.teamsync\versionone.teamsync.core.tests\bin\release\versionone.teamsync.core.tests.dll" id="9dcfb979-c37e-63e1-e20e-9758b3f8337d">
      <Execution id="e395da38-6226-41c7-99b1-d72e5026a6e6" />
      <TestMethod codeBase="C:/dev/repos/VersionOne.TeamSync/VersionOne.TeamSync.Core.Tests/bin/Release/VersionOne.TeamSync.Core.Tests.DLL" adapterTypeName="Microsoft.VisualStudio.TestTools.TestTypes.Unit.UnitTestAdapter, Microsoft.VisualStudio.QualityTools.Tips.UnitTest.Adapter, Version=12.0.0.0, Culture=neutral, PublicKeyToken=b03f5f7f11d50a3a" className="VersionOne.TeamSync.Core.Tests.IssueExtensionTests, VersionOne.TeamSync.Core.Tests, Version=1.1.0.20, Culture=neutral, PublicKeyToken=null" name="issue_summary_becomes_name" />
    </UnitTest>
    <UnitTest name="makes_a_call_to_update_the_issue_in_jira_with_story_number" storage="c:\dev\repos\versionone.teamsync\versionone.teamsync.core.tests\bin\release\versionone.teamsync.core.tests.dll" id="11197cae-76f5-1db7-eca6-794995dad23f">
      <Execution id="5a3796a5-1223-4b4a-a9da-3ec635d4c1a0" />
      <TestMethod codeBase="C:/dev/repos/VersionOne.TeamSync/VersionOne.TeamSync.Core.Tests/bin/Release/VersionOne.TeamSync.Core.Tests.DLL" adapterTypeName="Microsoft.VisualStudio.TestTools.TestTypes.Unit.UnitTestAdapter, Microsoft.VisualStudio.QualityTools.Tips.UnitTest.Adapter, Version=12.0.0.0, Culture=neutral, PublicKeyToken=b03f5f7f11d50a3a" className="VersionOne.TeamSync.Core.Tests.child_story, VersionOne.TeamSync.Core.Tests, Version=1.1.0.20, Culture=neutral, PublicKeyToken=null" name="makes_a_call_to_update_the_issue_in_jira_with_story_number" />
    </UnitTest>
    <UnitTest name="should_not_call_refresh_info" storage="c:\dev\repos\versionone.teamsync\versionone.teamsync.core.tests\bin\release\versionone.teamsync.core.tests.dll" id="5b077f0f-ae05-a4c6-233d-5112992467fd">
      <Execution id="fb33e186-e393-4bcb-b252-28109cc9dc1a" />
      <TestMethod codeBase="C:/dev/repos/VersionOne.TeamSync/VersionOne.TeamSync.Core.Tests/bin/Release/VersionOne.TeamSync.Core.Tests.DLL" adapterTypeName="Microsoft.VisualStudio.TestTools.TestTypes.Unit.UnitTestAdapter, Microsoft.VisualStudio.QualityTools.Tips.UnitTest.Adapter, Version=12.0.0.0, Culture=neutral, PublicKeyToken=b03f5f7f11d50a3a" className="VersionOne.TeamSync.Core.Tests.Workers.take_jira_bug_to_v1_defect_and_epic_is_closed, VersionOne.TeamSync.Core.Tests, Version=1.1.0.20, Culture=neutral, PublicKeyToken=null" name="should_not_call_refresh_info" />
    </UnitTest>
    <UnitTest name="other_items_we_ignore" storage="c:\dev\repos\versionone.teamsync\versionone.teamsync.core.tests\bin\release\versionone.teamsync.core.tests.dll" id="ed66acdf-d679-26f3-cd93-d24e908af72e">
      <Execution id="135bde72-3463-496c-a065-535c0ccac747" />
      <TestMethod codeBase="C:/dev/repos/VersionOne.TeamSync/VersionOne.TeamSync.Core.Tests/bin/Release/VersionOne.TeamSync.Core.Tests.DLL" adapterTypeName="Microsoft.VisualStudio.TestTools.TestTypes.Unit.UnitTestAdapter, Microsoft.VisualStudio.QualityTools.Tips.UnitTest.Adapter, Version=12.0.0.0, Culture=neutral, PublicKeyToken=b03f5f7f11d50a3a" className="VersionOne.TeamSync.Core.Tests.EqualityTests_Epic, VersionOne.TeamSync.Core.Tests, Version=1.1.0.20, Culture=neutral, PublicKeyToken=null" name="other_items_we_ignore" />
    </UnitTest>
    <UnitTest name="should_have_two_jqOperators" storage="c:\dev\repos\versionone.teamsync\versionone.teamsync.core.tests\bin\release\versionone.teamsync.core.tests.dll" id="188a1f9d-86d9-53e5-65e2-0cc60f4cdf42">
      <Execution id="1ec53d52-d19f-40d1-b8da-16bf6be1ddf2" />
      <TestMethod codeBase="C:/dev/repos/VersionOne.TeamSync/VersionOne.TeamSync.Core.Tests/bin/Release/VersionOne.TeamSync.Core.Tests.DLL" adapterTypeName="Microsoft.VisualStudio.TestTools.TestTypes.Unit.UnitTestAdapter, Microsoft.VisualStudio.QualityTools.Tips.UnitTest.Adapter, Version=12.0.0.0, Culture=neutral, PublicKeyToken=b03f5f7f11d50a3a" className="VersionOne.TeamSync.Core.Tests.getting_epic_by_key, VersionOne.TeamSync.Core.Tests, Version=1.1.0.20, Culture=neutral, PublicKeyToken=null" name="should_have_two_jqOperators" />
    </UnitTest>
    <UnitTest name="should_not_match_if_story_points_is_different" storage="c:\dev\repos\versionone.teamsync\versionone.teamsync.core.tests\bin\release\versionone.teamsync.core.tests.dll" id="94243e1e-513a-7b03-632b-359d0a688071">
      <Execution id="8425ee37-b9c8-4189-ae06-e0837f5d152b" />
      <TestMethod codeBase="C:/dev/repos/VersionOne.TeamSync/VersionOne.TeamSync.Core.Tests/bin/Release/VersionOne.TeamSync.Core.Tests.DLL" adapterTypeName="Microsoft.VisualStudio.TestTools.TestTypes.Unit.UnitTestAdapter, Microsoft.VisualStudio.QualityTools.Tips.UnitTest.Adapter, Version=12.0.0.0, Culture=neutral, PublicKeyToken=b03f5f7f11d50a3a" className="VersionOne.TeamSync.Core.Tests.IssueExtension_MatchesTests, VersionOne.TeamSync.Core.Tests, Version=1.1.0.20, Culture=neutral, PublicKeyToken=null" name="should_not_match_if_story_points_is_different" />
    </UnitTest>
    <UnitTest name="should_include_labels" storage="c:\dev\repos\versionone.teamsync\versionone.teamsync.core.tests\bin\release\versionone.teamsync.core.tests.dll" id="929cf019-0539-89ce-cd90-49e84fc06f6c">
      <Execution id="6851bd77-82a7-4af9-aaa9-16e30d8ac5e8" />
      <TestMethod codeBase="C:/dev/repos/VersionOne.TeamSync/VersionOne.TeamSync.Core.Tests/bin/Release/VersionOne.TeamSync.Core.Tests.DLL" adapterTypeName="Microsoft.VisualStudio.TestTools.TestTypes.Unit.UnitTestAdapter, Microsoft.VisualStudio.QualityTools.Tips.UnitTest.Adapter, Version=12.0.0.0, Culture=neutral, PublicKeyToken=b03f5f7f11d50a3a" className="VersionOne.TeamSync.Core.Tests.when_creating_payload_for_jira_epic_update, VersionOne.TeamSync.Core.Tests, Version=1.1.0.20, Culture=neutral, PublicKeyToken=null" name="should_include_labels" />
    </UnitTest>
    <UnitTest name="should_have_one_segment_for_issue_type" storage="c:\dev\repos\versionone.teamsync\versionone.teamsync.core.tests\bin\release\versionone.teamsync.core.tests.dll" id="069aa85c-e700-e5a2-ad3e-9d5ef2115b1f">
      <Execution id="b0c25c88-431e-4e41-8777-f1da19d792fc" />
      <TestMethod codeBase="C:/dev/repos/VersionOne.TeamSync/VersionOne.TeamSync.Core.Tests/bin/Release/VersionOne.TeamSync.Core.Tests.DLL" adapterTypeName="Microsoft.VisualStudio.TestTools.TestTypes.Unit.UnitTestAdapter, Microsoft.VisualStudio.QualityTools.Tips.UnitTest.Adapter, Version=12.0.0.0, Culture=neutral, PublicKeyToken=b03f5f7f11d50a3a" className="VersionOne.TeamSync.Core.Tests.getting_orphan_stories_in_a_jira_project, VersionOne.TeamSync.Core.Tests, Version=1.1.0.20, Culture=neutral, PublicKeyToken=null" name="should_have_one_segment_for_issue_type" />
    </UnitTest>
    <UnitTest name="passed_in_scope_becomes_story_scopeId" storage="c:\dev\repos\versionone.teamsync\versionone.teamsync.core.tests\bin\release\versionone.teamsync.core.tests.dll" id="33064bb2-5866-c189-2aca-f02d4ed6c94e">
      <Execution id="32227557-fad9-4efe-abae-c25027fe173c" />
      <TestMethod codeBase="C:/dev/repos/VersionOne.TeamSync/VersionOne.TeamSync.Core.Tests/bin/Release/VersionOne.TeamSync.Core.Tests.DLL" adapterTypeName="Microsoft.VisualStudio.TestTools.TestTypes.Unit.UnitTestAdapter, Microsoft.VisualStudio.QualityTools.Tips.UnitTest.Adapter, Version=12.0.0.0, Culture=neutral, PublicKeyToken=b03f5f7f11d50a3a" className="VersionOne.TeamSync.Core.Tests.IssueExtensionTests, VersionOne.TeamSync.Core.Tests, Version=1.1.0.20, Culture=neutral, PublicKeyToken=null" name="passed_in_scope_becomes_story_scopeId" />
    </UnitTest>
    <UnitTest name="logs_a_message_saying_it_set_the_status" storage="c:\dev\repos\versionone.teamsync\versionone.teamsync.core.tests\bin\release\versionone.teamsync.core.tests.dll" id="0c9ea319-e8ca-2af8-ed50-974e7f45dffe">
      <Execution id="7d31c6c5-356b-4d3d-9e53-c88c5360af3a" />
      <TestMethod codeBase="C:/dev/repos/VersionOne.TeamSync/VersionOne.TeamSync.Core.Tests/bin/Release/VersionOne.TeamSync.Core.Tests.DLL" adapterTypeName="Microsoft.VisualStudio.TestTools.TestTypes.Unit.UnitTestAdapter, Microsoft.VisualStudio.QualityTools.Tips.UnitTest.Adapter, Version=12.0.0.0, Culture=neutral, PublicKeyToken=b03f5f7f11d50a3a" className="VersionOne.TeamSync.Core.Tests.Jira.Jira_SettingProjectToResolved_Tests, VersionOne.TeamSync.Core.Tests, Version=1.1.0.20, Culture=neutral, PublicKeyToken=null" name="logs_a_message_saying_it_set_the_status" />
    </UnitTest>
    <UnitTest name="defect_should_have_two_owners" storage="c:\dev\repos\versionone.teamsync\versionone.teamsync.core.tests\bin\release\versionone.teamsync.core.tests.dll" id="3286c3c2-c4d2-ccb7-ca52-b36d4fac06fd">
      <Execution id="eb3c12ce-b4ae-4777-a68d-f0c6916297fa" />
      <TestMethod codeBase="C:/dev/repos/VersionOne.TeamSync/VersionOne.TeamSync.Core.Tests/bin/Release/VersionOne.TeamSync.Core.Tests.DLL" adapterTypeName="Microsoft.VisualStudio.TestTools.TestTypes.Unit.UnitTestAdapter, Microsoft.VisualStudio.QualityTools.Tips.UnitTest.Adapter, Version=12.0.0.0, Culture=neutral, PublicKeyToken=b03f5f7f11d50a3a" className="VersionOne.TeamSync.Core.Tests.Xml.Defect_Tests, VersionOne.TeamSync.Core.Tests, Version=1.1.0.20, Culture=neutral, PublicKeyToken=null" name="defect_should_have_two_owners" />
    </UnitTest>
    <UnitTest name="should_call_create_story_once" storage="c:\dev\repos\versionone.teamsync\versionone.teamsync.core.tests\bin\release\versionone.teamsync.core.tests.dll" id="73f653a4-5b51-df67-f931-e9dc8bec4e74">
      <Execution id="5e86e48c-3eff-4675-aeb3-9f8772e3d43e" />
      <TestMethod codeBase="C:/dev/repos/VersionOne.TeamSync/VersionOne.TeamSync.Core.Tests/bin/Release/VersionOne.TeamSync.Core.Tests.DLL" adapterTypeName="Microsoft.VisualStudio.TestTools.TestTypes.Unit.UnitTestAdapter, Microsoft.VisualStudio.QualityTools.Tips.UnitTest.Adapter, Version=12.0.0.0, Culture=neutral, PublicKeyToken=b03f5f7f11d50a3a" className="VersionOne.TeamSync.Core.Tests.StorySync.take_jira_story_to_v1_story_and_epic_is_closed, VersionOne.TeamSync.Core.Tests, Version=1.1.0.20, Culture=neutral, PublicKeyToken=null" name="should_call_create_story_once" />
    </UnitTest>
    <UnitTest name="should_try_to_get_an_epic_id" storage="c:\dev\repos\versionone.teamsync\versionone.teamsync.core.tests\bin\release\versionone.teamsync.core.tests.dll" id="8d222610-b609-c418-e595-485734af77d8">
      <Execution id="a81fbf7c-e5f8-4961-a8ee-0ae18bee203b" />
      <TestMethod codeBase="C:/dev/repos/VersionOne.TeamSync/VersionOne.TeamSync.Core.Tests/bin/Release/VersionOne.TeamSync.Core.Tests.DLL" adapterTypeName="Microsoft.VisualStudio.TestTools.TestTypes.Unit.UnitTestAdapter, Microsoft.VisualStudio.QualityTools.Tips.UnitTest.Adapter, Version=12.0.0.0, Culture=neutral, PublicKeyToken=b03f5f7f11d50a3a" className="VersionOne.TeamSync.Core.Tests.child_story, VersionOne.TeamSync.Core.Tests, Version=1.1.0.20, Culture=neutral, PublicKeyToken=null" name="should_try_to_get_an_epic_id" />
    </UnitTest>
    <UnitTest name="calls_GetEpicsInProject_once" storage="c:\dev\repos\versionone.teamsync\versionone.teamsync.core.tests\bin\release\versionone.teamsync.core.tests.dll" id="203823dd-58a4-0a62-fd47-fd4a25db7f80">
      <Execution id="c7a4b3ad-e367-4896-bd81-870b50dd6e65" />
      <TestMethod codeBase="C:/dev/repos/VersionOne.TeamSync/VersionOne.TeamSync.Core.Tests/bin/Release/VersionOne.TeamSync.Core.Tests.DLL" adapterTypeName="Microsoft.VisualStudio.TestTools.TestTypes.Unit.UnitTestAdapter, Microsoft.VisualStudio.QualityTools.Tips.UnitTest.Adapter, Version=12.0.0.0, Culture=neutral, PublicKeyToken=b03f5f7f11d50a3a" className="VersionOne.TeamSync.Core.Tests.Worker_when_there_are_no_updated_epics, VersionOne.TeamSync.Core.Tests, Version=1.1.0.20, Culture=neutral, PublicKeyToken=null" name="calls_GetEpicsInProject_once" />
    </UnitTest>
    <UnitTest name="should_have_one_segment_for_issue_type" storage="c:\dev\repos\versionone.teamsync\versionone.teamsync.core.tests\bin\release\versionone.teamsync.core.tests.dll" id="d45fa6aa-e319-4e1a-538f-67ad7ce6f909">
      <Execution id="b6041209-79da-4a9a-b90d-6067d726a165" />
      <TestMethod codeBase="C:/dev/repos/VersionOne.TeamSync/VersionOne.TeamSync.Core.Tests/bin/Release/VersionOne.TeamSync.Core.Tests.DLL" adapterTypeName="Microsoft.VisualStudio.TestTools.TestTypes.Unit.UnitTestAdapter, Microsoft.VisualStudio.QualityTools.Tips.UnitTest.Adapter, Version=12.0.0.0, Culture=neutral, PublicKeyToken=b03f5f7f11d50a3a" className="VersionOne.TeamSync.Core.Tests.getting_epic_by_key, VersionOne.TeamSync.Core.Tests, Version=1.1.0.20, Culture=neutral, PublicKeyToken=null" name="should_have_one_segment_for_issue_type" />
    </UnitTest>
    <UnitTest name="different_todo_means_update" storage="c:\dev\repos\versionone.teamsync\versionone.teamsync.core.tests\bin\release\versionone.teamsync.core.tests.dll" id="ecc047f1-5287-a32a-7847-b50f70c87baf">
      <Execution id="b3a90706-d273-4ec2-adc3-293ce6b26683" />
      <TestMethod codeBase="C:/dev/repos/VersionOne.TeamSync/VersionOne.TeamSync.Core.Tests/bin/Release/VersionOne.TeamSync.Core.Tests.DLL" adapterTypeName="Microsoft.VisualStudio.TestTools.TestTypes.Unit.UnitTestAdapter, Microsoft.VisualStudio.QualityTools.Tips.UnitTest.Adapter, Version=12.0.0.0, Culture=neutral, PublicKeyToken=b03f5f7f11d50a3a" className="VersionOne.TeamSync.Core.Tests.EqualityTests_Story, VersionOne.TeamSync.Core.Tests, Version=1.1.0.20, Culture=neutral, PublicKeyToken=null" name="different_todo_means_update" />
    </UnitTest>
    <UnitTest name="should_have_three_jqOperators" storage="c:\dev\repos\versionone.teamsync\versionone.teamsync.core.tests\bin\release\versionone.teamsync.core.tests.dll" id="7e959f4e-c18d-7408-3cc4-ffe30c6f9713">
      <Execution id="d72cbceb-92dd-47c3-ad89-f83875fa4c61" />
      <TestMethod codeBase="C:/dev/repos/VersionOne.TeamSync/VersionOne.TeamSync.Core.Tests/bin/Release/VersionOne.TeamSync.Core.Tests.DLL" adapterTypeName="Microsoft.VisualStudio.TestTools.TestTypes.Unit.UnitTestAdapter, Microsoft.VisualStudio.QualityTools.Tips.UnitTest.Adapter, Version=12.0.0.0, Culture=neutral, PublicKeyToken=b03f5f7f11d50a3a" className="VersionOne.TeamSync.Core.Tests.getting_orphan_stories_in_a_jira_project, VersionOne.TeamSync.Core.Tests, Version=1.1.0.20, Culture=neutral, PublicKeyToken=null" name="should_have_three_jqOperators" />
    </UnitTest>
    <UnitTest name="defect_should_have_a_priority_of_139" storage="c:\dev\repos\versionone.teamsync\versionone.teamsync.core.tests\bin\release\versionone.teamsync.core.tests.dll" id="ef9475ff-6e83-fa16-2b4c-681d794af6b5">
      <Execution id="540d69cd-6fe6-4f39-9557-f770fb5aa23d" />
      <TestMethod codeBase="C:/dev/repos/VersionOne.TeamSync/VersionOne.TeamSync.Core.Tests/bin/Release/VersionOne.TeamSync.Core.Tests.DLL" adapterTypeName="Microsoft.VisualStudio.TestTools.TestTypes.Unit.UnitTestAdapter, Microsoft.VisualStudio.QualityTools.Tips.UnitTest.Adapter, Version=12.0.0.0, Culture=neutral, PublicKeyToken=b03f5f7f11d50a3a" className="VersionOne.TeamSync.Core.Tests.Xml.Defect_Tests, VersionOne.TeamSync.Core.Tests, Version=1.1.0.20, Culture=neutral, PublicKeyToken=null" name="defect_should_have_a_priority_of_139" />
    </UnitTest>
    <UnitTest name="should_not_add_it_to_the_v1_project" storage="c:\dev\repos\versionone.teamsync\versionone.teamsync.core.tests\bin\release\versionone.teamsync.core.tests.dll" id="148af372-1493-fdfc-fe55-5bef0d7c9b52">
      <Execution id="fe7640da-31fc-40d7-87b3-b216b0cff2a5" />
      <TestMethod codeBase="C:/dev/repos/VersionOne.TeamSync/VersionOne.TeamSync.Core.Tests/bin/Release/VersionOne.TeamSync.Core.Tests.DLL" adapterTypeName="Microsoft.VisualStudio.TestTools.TestTypes.Unit.UnitTestAdapter, Microsoft.VisualStudio.QualityTools.Tips.UnitTest.Adapter, Version=12.0.0.0, Culture=neutral, PublicKeyToken=b03f5f7f11d50a3a" className="VersionOne.TeamSync.Core.Tests.StorySync.and_the_status_is_normal, VersionOne.TeamSync.Core.Tests, Version=1.1.0.20, Culture=neutral, PublicKeyToken=null" name="should_not_add_it_to_the_v1_project" />
    </UnitTest>
    <UnitTest name="Should_not_try_to_delete_it_again" storage="c:\dev\repos\versionone.teamsync\versionone.teamsync.core.tests\bin\release\versionone.teamsync.core.tests.dll" id="78a93613-17d6-7df6-6960-4361166b8e18">
      <Execution id="ada95837-bc91-4322-9060-acdd8742bf17" />
      <TestMethod codeBase="C:/dev/repos/VersionOne.TeamSync/VersionOne.TeamSync.Core.Tests/bin/Release/VersionOne.TeamSync.Core.Tests.DLL" adapterTypeName="Microsoft.VisualStudio.TestTools.TestTypes.Unit.UnitTestAdapter, Microsoft.VisualStudio.QualityTools.Tips.UnitTest.Adapter, Version=12.0.0.0, Culture=neutral, PublicKeyToken=b03f5f7f11d50a3a" className="VersionOne.TeamSync.Core.Tests.deleting_epics_already_deleted, VersionOne.TeamSync.Core.Tests, Version=1.1.0.20, Culture=neutral, PublicKeyToken=null" name="Should_not_try_to_delete_it_again" />
    </UnitTest>
    <UnitTest name="calls_GetEpicWithReference_once" storage="c:\dev\repos\versionone.teamsync\versionone.teamsync.core.tests\bin\release\versionone.teamsync.core.tests.dll" id="f281f3e5-ade9-ba0a-c20e-7f82668ebfdd">
      <Execution id="adfcdba4-6dcc-4938-b954-f04830fef1fe" />
      <TestMethod codeBase="C:/dev/repos/VersionOne.TeamSync/VersionOne.TeamSync.Core.Tests/bin/Release/VersionOne.TeamSync.Core.Tests.DLL" adapterTypeName="Microsoft.VisualStudio.TestTools.TestTypes.Unit.UnitTestAdapter, Microsoft.VisualStudio.QualityTools.Tips.UnitTest.Adapter, Version=12.0.0.0, Culture=neutral, PublicKeyToken=b03f5f7f11d50a3a" className="VersionOne.TeamSync.Core.Tests.Worker_when_there_are_no_updated_epics, VersionOne.TeamSync.Core.Tests, Version=1.1.0.20, Culture=neutral, PublicKeyToken=null" name="calls_GetEpicWithReference_once" />
    </UnitTest>
    <UnitTest name="call_GetJiraPriorityIdFromMapping_with_Medium_priority" storage="c:\dev\repos\versionone.teamsync\versionone.teamsync.core.tests\bin\release\versionone.teamsync.core.tests.dll" id="fe364416-02e1-5cd3-095b-02257b023ad1">
      <Execution id="7f6ae31b-2303-4b33-bef0-2299da8bc83d" />
      <TestMethod codeBase="C:/dev/repos/VersionOne.TeamSync/VersionOne.TeamSync.Core.Tests/bin/Release/VersionOne.TeamSync.Core.Tests.DLL" adapterTypeName="Microsoft.VisualStudio.TestTools.TestTypes.Unit.UnitTestAdapter, Microsoft.VisualStudio.QualityTools.Tips.UnitTest.Adapter, Version=12.0.0.0, Culture=neutral, PublicKeyToken=b03f5f7f11d50a3a" className="VersionOne.TeamSync.Core.Tests.modified_epic_has_priority_set, VersionOne.TeamSync.Core.Tests, Version=1.1.0.20, Culture=neutral, PublicKeyToken=null" name="call_GetJiraPriorityIdFromMapping_with_Medium_priority" />
    </UnitTest>
    <UnitTest name="basic_attribute_setter_builds_out_an_asset_payload" storage="c:\dev\repos\versionone.teamsync\versionone.teamsync.core.tests\bin\release\versionone.teamsync.core.tests.dll" id="c3594d42-67f9-aba1-88fb-b7166475a1f7">
      <Execution id="15cdb893-7ec3-4714-acad-22b35cfdf495" />
      <TestMethod codeBase="C:/dev/repos/VersionOne.TeamSync/VersionOne.TeamSync.Core.Tests/bin/Release/VersionOne.TeamSync.Core.Tests.DLL" adapterTypeName="Microsoft.VisualStudio.TestTools.TestTypes.Unit.UnitTestAdapter, Microsoft.VisualStudio.QualityTools.Tips.UnitTest.Adapter, Version=12.0.0.0, Culture=neutral, PublicKeyToken=b03f5f7f11d50a3a" className="VersionOne.TeamSync.Core.Tests.Xml.SetNodeTests, VersionOne.TeamSync.Core.Tests, Version=1.1.0.20, Culture=neutral, PublicKeyToken=null" name="basic_attribute_setter_builds_out_an_asset_payload" />
    </UnitTest>
    <UnitTest name="should_not_add_it_to_the_v1_project" storage="c:\dev\repos\versionone.teamsync\versionone.teamsync.core.tests\bin\release\versionone.teamsync.core.tests.dll" id="03df84a6-02bd-a485-f1a5-58c04bb6d291">
      <Execution id="10aa2eb5-a816-4eeb-bf6b-3cd04520dcd4" />
      <TestMethod codeBase="C:/dev/repos/VersionOne.TeamSync/VersionOne.TeamSync.Core.Tests/bin/Release/VersionOne.TeamSync.Core.Tests.DLL" adapterTypeName="Microsoft.VisualStudio.TestTools.TestTypes.Unit.UnitTestAdapter, Microsoft.VisualStudio.QualityTools.Tips.UnitTest.Adapter, Version=12.0.0.0, Culture=neutral, PublicKeyToken=b03f5f7f11d50a3a" className="VersionOne.TeamSync.Core.Tests.StorySync.take_jira_story_to_v1_story, VersionOne.TeamSync.Core.Tests, Version=1.1.0.20, Culture=neutral, PublicKeyToken=null" name="should_not_add_it_to_the_v1_project" />
    </UnitTest>
    <UnitTest name="null_v1_priority_returns_empty_string" storage="c:\dev\repos\versionone.teamsync\versionone.teamsync.core.tests\bin\release\versionone.teamsync.core.tests.dll" id="c189aec1-f792-605a-4d45-7d9ffd65612b">
      <Execution id="3bc00fc2-e092-4d89-8ff0-9ca543356863" />
      <TestMethod codeBase="C:/dev/repos/VersionOne.TeamSync/VersionOne.TeamSync.Core.Tests/bin/Release/VersionOne.TeamSync.Core.Tests.DLL" adapterTypeName="Microsoft.VisualStudio.TestTools.TestTypes.Unit.UnitTestAdapter, Microsoft.VisualStudio.QualityTools.Tips.UnitTest.Adapter, Version=12.0.0.0, Culture=neutral, PublicKeyToken=b03f5f7f11d50a3a" className="VersionOne.TeamSync.Core.Tests.modified_epic_has_no_priority_set, VersionOne.TeamSync.Core.Tests, Version=1.1.0.20, Culture=neutral, PublicKeyToken=null" name="null_v1_priority_returns_empty_string" />
    </UnitTest>
    <UnitTest name="should_not_set_the_issue_again" storage="c:\dev\repos\versionone.teamsync\versionone.teamsync.core.tests\bin\release\versionone.teamsync.core.tests.dll" id="c81a23cb-0a76-671b-26c0-325eccae0165">
      <Execution id="54b405ca-2b3d-4a32-8fdf-0bddca2d4561" />
      <TestMethod codeBase="C:/dev/repos/VersionOne.TeamSync/VersionOne.TeamSync.Core.Tests/bin/Release/VersionOne.TeamSync.Core.Tests.DLL" adapterTypeName="Microsoft.VisualStudio.TestTools.TestTypes.Unit.UnitTestAdapter, Microsoft.VisualStudio.QualityTools.Tips.UnitTest.Adapter, Version=12.0.0.0, Culture=neutral, PublicKeyToken=b03f5f7f11d50a3a" className="VersionOne.TeamSync.Core.Tests.Worker_when_a_VersionOne_epic_is_closed_and_already_updated, VersionOne.TeamSync.Core.Tests, Version=1.1.0.20, Culture=neutral, PublicKeyToken=null" name="should_not_set_the_issue_again" />
    </UnitTest>
    <UnitTest name="does_not_create_a_comment" storage="c:\dev\repos\versionone.teamsync\versionone.teamsync.core.tests\bin\release\versionone.teamsync.core.tests.dll" id="0818079b-2323-75fc-d53a-8f977a147fea">
      <Execution id="2a6e80a9-a147-437f-8c18-adabf6927de1" />
      <TestMethod codeBase="C:/dev/repos/VersionOne.TeamSync/VersionOne.TeamSync.Core.Tests/bin/Release/VersionOne.TeamSync.Core.Tests.DLL" adapterTypeName="Microsoft.VisualStudio.TestTools.TestTypes.Unit.UnitTestAdapter, Microsoft.VisualStudio.QualityTools.Tips.UnitTest.Adapter, Version=12.0.0.0, Culture=neutral, PublicKeyToken=b03f5f7f11d50a3a" className="VersionOne.TeamSync.Core.Tests.Workers.take_jira_bug_to_v1_defect_and_epic_is_closed, VersionOne.TeamSync.Core.Tests, Version=1.1.0.20, Culture=neutral, PublicKeyToken=null" name="does_not_create_a_comment" />
    </UnitTest>
    <UnitTest name="should_set_the_story_id" storage="c:\dev\repos\versionone.teamsync\versionone.teamsync.core.tests\bin\release\versionone.teamsync.core.tests.dll" id="d57e0019-3150-6b34-7206-45b63754e0df">
      <Execution id="4ff5e9d9-9b51-4b22-a73b-d738a97da0ba" />
      <TestMethod codeBase="C:/dev/repos/VersionOne.TeamSync/VersionOne.TeamSync.Core.Tests/bin/Release/VersionOne.TeamSync.Core.Tests.DLL" adapterTypeName="Microsoft.VisualStudio.TestTools.TestTypes.Unit.UnitTestAdapter, Microsoft.VisualStudio.QualityTools.Tips.UnitTest.Adapter, Version=12.0.0.0, Culture=neutral, PublicKeyToken=b03f5f7f11d50a3a" className="VersionOne.TeamSync.Core.Tests.when_creating_a_story, VersionOne.TeamSync.Core.Tests, Version=1.1.0.20, Culture=neutral, PublicKeyToken=null" name="should_set_the_story_id" />
    </UnitTest>
    <UnitTest name="should_call_close_story" storage="c:\dev\repos\versionone.teamsync\versionone.teamsync.core.tests\bin\release\versionone.teamsync.core.tests.dll" id="416e3ca3-b89f-7971-4b8d-3f0bee98c1eb">
      <Execution id="cc827627-fa8e-417c-b310-f6e61210e94f" />
      <TestMethod codeBase="C:/dev/repos/VersionOne.TeamSync/VersionOne.TeamSync.Core.Tests/bin/Release/VersionOne.TeamSync.Core.Tests.DLL" adapterTypeName="Microsoft.VisualStudio.TestTools.TestTypes.Unit.UnitTestAdapter, Microsoft.VisualStudio.QualityTools.Tips.UnitTest.Adapter, Version=12.0.0.0, Culture=neutral, PublicKeyToken=b03f5f7f11d50a3a" className="VersionOne.TeamSync.Core.Tests.StorySync.and_the_status_is_closed_when_the_v1_story_is_open, VersionOne.TeamSync.Core.Tests, Version=1.1.0.20, Culture=neutral, PublicKeyToken=null" name="should_call_close_story" />
    </UnitTest>
    <UnitTest name="different_name_means_update" storage="c:\dev\repos\versionone.teamsync\versionone.teamsync.core.tests\bin\release\versionone.teamsync.core.tests.dll" id="24a7aa82-59fd-bde7-1d27-dcae1d1676e7">
      <Execution id="5b20b96c-b8b6-4faa-95dd-09c305c29934" />
      <TestMethod codeBase="C:/dev/repos/VersionOne.TeamSync/VersionOne.TeamSync.Core.Tests/bin/Release/VersionOne.TeamSync.Core.Tests.DLL" adapterTypeName="Microsoft.VisualStudio.TestTools.TestTypes.Unit.UnitTestAdapter, Microsoft.VisualStudio.QualityTools.Tips.UnitTest.Adapter, Version=12.0.0.0, Culture=neutral, PublicKeyToken=b03f5f7f11d50a3a" className="VersionOne.TeamSync.Core.Tests.EqualityTests_Defect, VersionOne.TeamSync.Core.Tests, Version=1.1.0.20, Culture=neutral, PublicKeyToken=null" name="different_name_means_update" />
    </UnitTest>
    <UnitTest name="do_not_call_GetJiraPriorityIdFromMapping" storage="c:\dev\repos\versionone.teamsync\versionone.teamsync.core.tests\bin\release\versionone.teamsync.core.tests.dll" id="dc6e54ac-b554-53de-6a8e-e99b2757c024">
      <Execution id="9f8109ab-d8c7-4c8f-86c5-135371767c38" />
      <TestMethod codeBase="C:/dev/repos/VersionOne.TeamSync/VersionOne.TeamSync.Core.Tests/bin/Release/VersionOne.TeamSync.Core.Tests.DLL" adapterTypeName="Microsoft.VisualStudio.TestTools.TestTypes.Unit.UnitTestAdapter, Microsoft.VisualStudio.QualityTools.Tips.UnitTest.Adapter, Version=12.0.0.0, Culture=neutral, PublicKeyToken=b03f5f7f11d50a3a" className="VersionOne.TeamSync.Core.Tests.new_epic_has_priority_set, VersionOne.TeamSync.Core.Tests, Version=1.1.0.20, Culture=neutral, PublicKeyToken=null" name="do_not_call_GetJiraPriorityIdFromMapping" />
    </UnitTest>
    <UnitTest name="makes_a_call_to_update_the_issue_in_jira_with_defect_number" storage="c:\dev\repos\versionone.teamsync\versionone.teamsync.core.tests\bin\release\versionone.teamsync.core.tests.dll" id="1588fc8a-25d9-0095-ce19-3843100da889">
      <Execution id="fea5fc62-c4f8-4071-b3d6-6139868950e1" />
      <TestMethod codeBase="C:/dev/repos/VersionOne.TeamSync/VersionOne.TeamSync.Core.Tests/bin/Release/VersionOne.TeamSync.Core.Tests.DLL" adapterTypeName="Microsoft.VisualStudio.TestTools.TestTypes.Unit.UnitTestAdapter, Microsoft.VisualStudio.QualityTools.Tips.UnitTest.Adapter, Version=12.0.0.0, Culture=neutral, PublicKeyToken=b03f5f7f11d50a3a" className="VersionOne.TeamSync.Core.Tests.Workers.child_defect, VersionOne.TeamSync.Core.Tests, Version=1.1.0.20, Culture=neutral, PublicKeyToken=null" name="makes_a_call_to_update_the_issue_in_jira_with_defect_number" />
    </UnitTest>
    <UnitTest name="should_call_delete_asset_just_two_times" storage="c:\dev\repos\versionone.teamsync\versionone.teamsync.core.tests\bin\release\versionone.teamsync.core.tests.dll" id="66a60bf1-aa87-4ca8-ccfa-df9e0e5240ba">
      <Execution id="aae0e0c5-1d37-4ebe-a867-594245f7d26b" />
      <TestMethod codeBase="C:/dev/repos/VersionOne.TeamSync/VersionOne.TeamSync.Core.Tests/bin/Release/VersionOne.TeamSync.Core.Tests.DLL" adapterTypeName="Microsoft.VisualStudio.TestTools.TestTypes.Unit.UnitTestAdapter, Microsoft.VisualStudio.QualityTools.Tips.UnitTest.Adapter, Version=12.0.0.0, Culture=neutral, PublicKeyToken=b03f5f7f11d50a3a" className="VersionOne.TeamSync.Core.Tests.story_delete, VersionOne.TeamSync.Core.Tests, Version=1.1.0.20, Culture=neutral, PublicKeyToken=null" name="should_call_delete_asset_just_two_times" />
    </UnitTest>
    <UnitTest name="should_not_call_either_operations_to_close_or_reopen" storage="c:\dev\repos\versionone.teamsync\versionone.teamsync.core.tests\bin\release\versionone.teamsync.core.tests.dll" id="50a40348-2ad6-9bcd-e4cd-5213d54b3cbf">
      <Execution id="4d519fdb-cdfe-4fda-bbef-27bcbca6544e" />
      <TestMethod codeBase="C:/dev/repos/VersionOne.TeamSync/VersionOne.TeamSync.Core.Tests/bin/Release/VersionOne.TeamSync.Core.Tests.DLL" adapterTypeName="Microsoft.VisualStudio.TestTools.TestTypes.Unit.UnitTestAdapter, Microsoft.VisualStudio.QualityTools.Tips.UnitTest.Adapter, Version=12.0.0.0, Culture=neutral, PublicKeyToken=b03f5f7f11d50a3a" className="VersionOne.TeamSync.Core.Tests.StorySync.and_the_status_is_normal_but_the_parent_epic_is_closed, VersionOne.TeamSync.Core.Tests, Version=1.1.0.20, Culture=neutral, PublicKeyToken=null" name="should_not_call_either_operations_to_close_or_reopen" />
    </UnitTest>
    <UnitTest name="should_request_an_update_correctly" storage="c:\dev\repos\versionone.teamsync\versionone.teamsync.core.tests\bin\release\versionone.teamsync.core.tests.dll" id="67fd1e13-3538-01b6-63d4-f0b04dea512c">
      <Execution id="8a39a6ad-cee4-467b-b39a-1a5de3c2e191" />
      <TestMethod codeBase="C:/dev/repos/VersionOne.TeamSync/VersionOne.TeamSync.Core.Tests/bin/Release/VersionOne.TeamSync.Core.Tests.DLL" adapterTypeName="Microsoft.VisualStudio.TestTools.TestTypes.Unit.UnitTestAdapter, Microsoft.VisualStudio.QualityTools.Tips.UnitTest.Adapter, Version=12.0.0.0, Culture=neutral, PublicKeyToken=b03f5f7f11d50a3a" className="VersionOne.TeamSync.Core.Tests.for_setting_a_project_to_todo, VersionOne.TeamSync.Core.Tests, Version=1.1.0.20, Culture=neutral, PublicKeyToken=null" name="should_request_an_update_correctly" />
    </UnitTest>
    <UnitTest name="issue_time_tracking_becomes_ToDo" storage="c:\dev\repos\versionone.teamsync\versionone.teamsync.core.tests\bin\release\versionone.teamsync.core.tests.dll" id="e2ae81aa-3b2f-d525-fecc-bcfb8be4876e">
      <Execution id="b1300ece-9234-4440-b4ba-fbd8805b5498" />
      <TestMethod codeBase="C:/dev/repos/VersionOne.TeamSync/VersionOne.TeamSync.Core.Tests/bin/Release/VersionOne.TeamSync.Core.Tests.DLL" adapterTypeName="Microsoft.VisualStudio.TestTools.TestTypes.Unit.UnitTestAdapter, Microsoft.VisualStudio.QualityTools.Tips.UnitTest.Adapter, Version=12.0.0.0, Culture=neutral, PublicKeyToken=b03f5f7f11d50a3a" className="VersionOne.TeamSync.Core.Tests.IssueExtensionTests, VersionOne.TeamSync.Core.Tests, Version=1.1.0.20, Culture=neutral, PublicKeyToken=null" name="issue_time_tracking_becomes_ToDo" />
    </UnitTest>
    <UnitTest name="passed_in_member_becomes_actual_memberId" storage="c:\dev\repos\versionone.teamsync\versionone.teamsync.core.tests\bin\release\versionone.teamsync.core.tests.dll" id="026b298d-5351-5b44-bbdc-5838d040fbf1">
      <Execution id="526df4a0-437d-4cc6-9f83-75197432ebfc" />
      <TestMethod codeBase="C:/dev/repos/VersionOne.TeamSync/VersionOne.TeamSync.Core.Tests/bin/Release/VersionOne.TeamSync.Core.Tests.DLL" adapterTypeName="Microsoft.VisualStudio.TestTools.TestTypes.Unit.UnitTestAdapter, Microsoft.VisualStudio.QualityTools.Tips.UnitTest.Adapter, Version=12.0.0.0, Culture=neutral, PublicKeyToken=b03f5f7f11d50a3a" className="VersionOne.TeamSync.Core.Tests.IssueExtensionTests, VersionOne.TeamSync.Core.Tests, Version=1.1.0.20, Culture=neutral, PublicKeyToken=null" name="passed_in_member_becomes_actual_memberId" />
    </UnitTest>
    <UnitTest name="story_points_should_have_the_property_key" storage="c:\dev\repos\versionone.teamsync\versionone.teamsync.core.tests\bin\release\versionone.teamsync.core.tests.dll" id="54e7a827-a107-5cb0-8e09-5b3a968d4023">
      <DeploymentItems>
        <DeploymentItem filename="CreateMeta.json" />
      </DeploymentItems>
      <Execution id="585ac745-2c29-4745-9640-8d70dca307e9" />
      <TestMethod codeBase="C:/dev/repos/VersionOne.TeamSync/VersionOne.TeamSync.Core.Tests/bin/Release/VersionOne.TeamSync.Core.Tests.DLL" adapterTypeName="Microsoft.VisualStudio.TestTools.TestTypes.Unit.UnitTestAdapter, Microsoft.VisualStudio.QualityTools.Tips.UnitTest.Adapter, Version=12.0.0.0, Culture=neutral, PublicKeyToken=b03f5f7f11d50a3a" className="VersionOne.TeamSync.Core.Tests.JsonConverter.MetaDataConverterTests, VersionOne.TeamSync.Core.Tests, Version=1.1.0.20, Culture=neutral, PublicKeyToken=null" name="story_points_should_have_the_property_key" />
    </UnitTest>
    <UnitTest name="different_supernumber_means_update" storage="c:\dev\repos\versionone.teamsync\versionone.teamsync.core.tests\bin\release\versionone.teamsync.core.tests.dll" id="f6b9b387-8e1a-dc7e-4705-273a6b4f21d6">
      <Execution id="bec1d7bf-441b-4a63-bd65-93dca3f93774" />
      <TestMethod codeBase="C:/dev/repos/VersionOne.TeamSync/VersionOne.TeamSync.Core.Tests/bin/Release/VersionOne.TeamSync.Core.Tests.DLL" adapterTypeName="Microsoft.VisualStudio.TestTools.TestTypes.Unit.UnitTestAdapter, Microsoft.VisualStudio.QualityTools.Tips.UnitTest.Adapter, Version=12.0.0.0, Culture=neutral, PublicKeyToken=b03f5f7f11d50a3a" className="VersionOne.TeamSync.Core.Tests.EqualityTests_Story, VersionOne.TeamSync.Core.Tests, Version=1.1.0.20, Culture=neutral, PublicKeyToken=null" name="different_supernumber_means_update" />
    </UnitTest>
    <UnitTest name="does_not_try_to_add_weblink" storage="c:\dev\repos\versionone.teamsync\versionone.teamsync.core.tests\bin\release\versionone.teamsync.core.tests.dll" id="e4c5ea24-b2dc-0419-984d-0de3089f78f1">
      <Execution id="ce9712ba-3cbf-4d11-b36b-2b843190d01b" />
      <TestMethod codeBase="C:/dev/repos/VersionOne.TeamSync/VersionOne.TeamSync.Core.Tests/bin/Release/VersionOne.TeamSync.Core.Tests.DLL" adapterTypeName="Microsoft.VisualStudio.TestTools.TestTypes.Unit.UnitTestAdapter, Microsoft.VisualStudio.QualityTools.Tips.UnitTest.Adapter, Version=12.0.0.0, Culture=neutral, PublicKeyToken=b03f5f7f11d50a3a" className="VersionOne.TeamSync.Core.Tests.StorySync.take_jira_story_to_v1_story_and_epic_is_closed, VersionOne.TeamSync.Core.Tests, Version=1.1.0.20, Culture=neutral, PublicKeyToken=null" name="does_not_try_to_add_weblink" />
    </UnitTest>
    <UnitTest name="should_call_GetEpicsInProject_jira" storage="c:\dev\repos\versionone.teamsync\versionone.teamsync.core.tests\bin\release\versionone.teamsync.core.tests.dll" id="94ebc60e-e7b9-bb11-6cbe-536efb7e3068">
      <Execution id="02bac73c-8098-459f-9a75-5ff14eeedb10" />
      <TestMethod codeBase="C:/dev/repos/VersionOne.TeamSync/VersionOne.TeamSync.Core.Tests/bin/Release/VersionOne.TeamSync.Core.Tests.DLL" adapterTypeName="Microsoft.VisualStudio.TestTools.TestTypes.Unit.UnitTestAdapter, Microsoft.VisualStudio.QualityTools.Tips.UnitTest.Adapter, Version=12.0.0.0, Culture=neutral, PublicKeyToken=b03f5f7f11d50a3a" className="VersionOne.TeamSync.Core.Tests.Worker_when_there_is_1_epic_to_update_matching_one_in_jira, VersionOne.TeamSync.Core.Tests, Version=1.1.0.20, Culture=neutral, PublicKeyToken=null" name="should_call_GetEpicsInProject_jira" />
    </UnitTest>
    <UnitTest name="call_GetJiraPriorityIdFromMapping_with_null_priority" storage="c:\dev\repos\versionone.teamsync\versionone.teamsync.core.tests\bin\release\versionone.teamsync.core.tests.dll" id="3ab1c79b-513f-b1b7-004c-f3c402bd3e4c">
      <Execution id="fc954493-3a3a-4e8e-a9bc-3e25efcb5a46" />
      <TestMethod codeBase="C:/dev/repos/VersionOne.TeamSync/VersionOne.TeamSync.Core.Tests/bin/Release/VersionOne.TeamSync.Core.Tests.DLL" adapterTypeName="Microsoft.VisualStudio.TestTools.TestTypes.Unit.UnitTestAdapter, Microsoft.VisualStudio.QualityTools.Tips.UnitTest.Adapter, Version=12.0.0.0, Culture=neutral, PublicKeyToken=b03f5f7f11d50a3a" className="VersionOne.TeamSync.Core.Tests.modified_epic_has_no_priority_set, VersionOne.TeamSync.Core.Tests, Version=1.1.0.20, Culture=neutral, PublicKeyToken=null" name="call_GetJiraPriorityIdFromMapping_with_null_priority" />
    </UnitTest>
    <UnitTest name="should_not_match_if_description_is_different" storage="c:\dev\repos\versionone.teamsync\versionone.teamsync.core.tests\bin\release\versionone.teamsync.core.tests.dll" id="1581b7fd-5de2-6bd2-f10f-be0f7cde7122">
      <Execution id="c9665346-4cae-4642-b679-ed16a154e3fc" />
      <TestMethod codeBase="C:/dev/repos/VersionOne.TeamSync/VersionOne.TeamSync.Core.Tests/bin/Release/VersionOne.TeamSync.Core.Tests.DLL" adapterTypeName="Microsoft.VisualStudio.TestTools.TestTypes.Unit.UnitTestAdapter, Microsoft.VisualStudio.QualityTools.Tips.UnitTest.Adapter, Version=12.0.0.0, Culture=neutral, PublicKeyToken=b03f5f7f11d50a3a" className="VersionOne.TeamSync.Core.Tests.IssueExtension_MatchesTests, VersionOne.TeamSync.Core.Tests, Version=1.1.0.20, Culture=neutral, PublicKeyToken=null" name="should_not_match_if_description_is_different" />
    </UnitTest>
    <UnitTest name="different_name_means_update" storage="c:\dev\repos\versionone.teamsync\versionone.teamsync.core.tests\bin\release\versionone.teamsync.core.tests.dll" id="56431fc2-dc73-3e22-a8ed-fac7003fc82b">
      <Execution id="8dc519b4-593d-49a1-8290-c7a1ed86344f" />
      <TestMethod codeBase="C:/dev/repos/VersionOne.TeamSync/VersionOne.TeamSync.Core.Tests/bin/Release/VersionOne.TeamSync.Core.Tests.DLL" adapterTypeName="Microsoft.VisualStudio.TestTools.TestTypes.Unit.UnitTestAdapter, Microsoft.VisualStudio.QualityTools.Tips.UnitTest.Adapter, Version=12.0.0.0, Culture=neutral, PublicKeyToken=b03f5f7f11d50a3a" className="VersionOne.TeamSync.Core.Tests.EqualityTests_Epic, VersionOne.TeamSync.Core.Tests, Version=1.1.0.20, Culture=neutral, PublicKeyToken=null" name="different_name_means_update" />
    </UnitTest>
    <UnitTest name="should_have_one_segment_for_issue_key" storage="c:\dev\repos\versionone.teamsync\versionone.teamsync.core.tests\bin\release\versionone.teamsync.core.tests.dll" id="87b15999-7cbe-55e3-64a7-4530eeb9079d">
      <Execution id="84a67a54-9154-4d20-aef4-29e38c2235d5" />
      <TestMethod codeBase="C:/dev/repos/VersionOne.TeamSync/VersionOne.TeamSync.Core.Tests/bin/Release/VersionOne.TeamSync.Core.Tests.DLL" adapterTypeName="Microsoft.VisualStudio.TestTools.TestTypes.Unit.UnitTestAdapter, Microsoft.VisualStudio.QualityTools.Tips.UnitTest.Adapter, Version=12.0.0.0, Culture=neutral, PublicKeyToken=b03f5f7f11d50a3a" className="VersionOne.TeamSync.Core.Tests.getting_epic_by_key, VersionOne.TeamSync.Core.Tests, Version=1.1.0.20, Culture=neutral, PublicKeyToken=null" name="should_have_one_segment_for_issue_key" />
    </UnitTest>
    <UnitTest name="epic_type_should_have_3_official_custom_fields" storage="c:\dev\repos\versionone.teamsync\versionone.teamsync.core.tests\bin\release\versionone.teamsync.core.tests.dll" id="7c328bd2-df4e-873d-ee1b-98c3a66bd58c">
      <DeploymentItems>
        <DeploymentItem filename="CreateMeta.json" />
      </DeploymentItems>
      <Execution id="82932d10-a4d9-4523-a84f-8aa275d16dea" />
      <TestMethod codeBase="C:/dev/repos/VersionOne.TeamSync/VersionOne.TeamSync.Core.Tests/bin/Release/VersionOne.TeamSync.Core.Tests.DLL" adapterTypeName="Microsoft.VisualStudio.TestTools.TestTypes.Unit.UnitTestAdapter, Microsoft.VisualStudio.QualityTools.Tips.UnitTest.Adapter, Version=12.0.0.0, Culture=neutral, PublicKeyToken=b03f5f7f11d50a3a" className="VersionOne.TeamSync.Core.Tests.JsonConverter.MetaDataConverterTests, VersionOne.TeamSync.Core.Tests, Version=1.1.0.20, Culture=neutral, PublicKeyToken=null" name="epic_type_should_have_3_official_custom_fields" />
    </UnitTest>
    <UnitTest name="does_not_log_a_message_saying_it_set_the_status" storage="c:\dev\repos\versionone.teamsync\versionone.teamsync.core.tests\bin\release\versionone.teamsync.core.tests.dll" id="c8811859-8e6d-efce-5e07-30fc4255b200">
      <Execution id="c1d1a795-11fb-42bb-a476-f13152a05e26" />
      <TestMethod codeBase="C:/dev/repos/VersionOne.TeamSync/VersionOne.TeamSync.Core.Tests/bin/Release/VersionOne.TeamSync.Core.Tests.DLL" adapterTypeName="Microsoft.VisualStudio.TestTools.TestTypes.Unit.UnitTestAdapter, Microsoft.VisualStudio.QualityTools.Tips.UnitTest.Adapter, Version=12.0.0.0, Culture=neutral, PublicKeyToken=b03f5f7f11d50a3a" className="VersionOne.TeamSync.Core.Tests.Jira.Jira_SettingProjectToSomethingThatDoesntExist_Tests, VersionOne.TeamSync.Core.Tests, Version=1.1.0.20, Culture=neutral, PublicKeyToken=null" name="does_not_log_a_message_saying_it_set_the_status" />
    </UnitTest>
    <UnitTest name="should_call_create_asset_just_one_time" storage="c:\dev\repos\versionone.teamsync\versionone.teamsync.core.tests\bin\release\versionone.teamsync.core.tests.dll" id="2f7999ef-f28d-70d1-5612-c28adde7a58b">
      <Execution id="3ebf5d52-4257-4e8f-bea4-f4efb884110f" />
      <TestMethod codeBase="C:/dev/repos/VersionOne.TeamSync/VersionOne.TeamSync.Core.Tests/bin/Release/VersionOne.TeamSync.Core.Tests.DLL" adapterTypeName="Microsoft.VisualStudio.TestTools.TestTypes.Unit.UnitTestAdapter, Microsoft.VisualStudio.QualityTools.Tips.UnitTest.Adapter, Version=12.0.0.0, Culture=neutral, PublicKeyToken=b03f5f7f11d50a3a" className="VersionOne.TeamSync.Core.Tests.child_story, VersionOne.TeamSync.Core.Tests, Version=1.1.0.20, Culture=neutral, PublicKeyToken=null" name="should_call_create_asset_just_one_time" />
    </UnitTest>
    <UnitTest name="should_match_story" storage="c:\dev\repos\versionone.teamsync\versionone.teamsync.core.tests\bin\release\versionone.teamsync.core.tests.dll" id="ecc3c763-22f6-1079-0ff0-eb732e18be41">
      <Execution id="8feb77fc-67ad-4c4e-8118-2cd54c208693" />
      <TestMethod codeBase="C:/dev/repos/VersionOne.TeamSync/VersionOne.TeamSync.Core.Tests/bin/Release/VersionOne.TeamSync.Core.Tests.DLL" adapterTypeName="Microsoft.VisualStudio.TestTools.TestTypes.Unit.UnitTestAdapter, Microsoft.VisualStudio.QualityTools.Tips.UnitTest.Adapter, Version=12.0.0.0, Culture=neutral, PublicKeyToken=b03f5f7f11d50a3a" className="VersionOne.TeamSync.Core.Tests.IssueExtension_MatchesTests, VersionOne.TeamSync.Core.Tests, Version=1.1.0.20, Culture=neutral, PublicKeyToken=null" name="should_match_story" />
    </UnitTest>
    <UnitTest name="should_call_update_asset_just_one_time" storage="c:\dev\repos\versionone.teamsync\versionone.teamsync.core.tests\bin\release\versionone.teamsync.core.tests.dll" id="7498816b-5778-8a5a-cdae-b4e5c0b5d787">
      <Execution id="6b374f1e-948f-46ad-8930-c18b36488d62" />
      <TestMethod codeBase="C:/dev/repos/VersionOne.TeamSync/VersionOne.TeamSync.Core.Tests/bin/Release/VersionOne.TeamSync.Core.Tests.DLL" adapterTypeName="Microsoft.VisualStudio.TestTools.TestTypes.Unit.UnitTestAdapter, Microsoft.VisualStudio.QualityTools.Tips.UnitTest.Adapter, Version=12.0.0.0, Culture=neutral, PublicKeyToken=b03f5f7f11d50a3a" className="VersionOne.TeamSync.Core.Tests.actual_delete, VersionOne.TeamSync.Core.Tests, Version=1.1.0.20, Culture=neutral, PublicKeyToken=null" name="should_call_update_asset_just_one_time" />
    </UnitTest>
    <UnitTest name="should_pass_along_the_key_to_epic_reference" storage="c:\dev\repos\versionone.teamsync\versionone.teamsync.core.tests\bin\release\versionone.teamsync.core.tests.dll" id="de990dcd-4a48-dbd8-10b7-a0a4b98b846d">
      <Execution id="9602228c-9411-4c22-b9f3-4a1236e2dc10" />
      <TestMethod codeBase="C:/dev/repos/VersionOne.TeamSync/VersionOne.TeamSync.Core.Tests/bin/Release/VersionOne.TeamSync.Core.Tests.DLL" adapterTypeName="Microsoft.VisualStudio.TestTools.TestTypes.Unit.UnitTestAdapter, Microsoft.VisualStudio.QualityTools.Tips.UnitTest.Adapter, Version=12.0.0.0, Culture=neutral, PublicKeyToken=b03f5f7f11d50a3a" className="VersionOne.TeamSync.Core.Tests.and_the_jira_project_contains_a_reserved_word, VersionOne.TeamSync.Core.Tests, Version=1.1.0.20, Culture=neutral, PublicKeyToken=null" name="should_pass_along_the_key_to_epic_reference" />
    </UnitTest>
    <UnitTest name="different_description_means_update" storage="c:\dev\repos\versionone.teamsync\versionone.teamsync.core.tests\bin\release\versionone.teamsync.core.tests.dll" id="ccb7078e-10e8-34e4-0e50-9176917d1373">
      <Execution id="b4d39a7b-61b8-45d0-b9e4-a6aeed0d700c" />
      <TestMethod codeBase="C:/dev/repos/VersionOne.TeamSync/VersionOne.TeamSync.Core.Tests/bin/Release/VersionOne.TeamSync.Core.Tests.DLL" adapterTypeName="Microsoft.VisualStudio.TestTools.TestTypes.Unit.UnitTestAdapter, Microsoft.VisualStudio.QualityTools.Tips.UnitTest.Adapter, Version=12.0.0.0, Culture=neutral, PublicKeyToken=b03f5f7f11d50a3a" className="VersionOne.TeamSync.Core.Tests.EqualityTests_Defect, VersionOne.TeamSync.Core.Tests, Version=1.1.0.20, Culture=neutral, PublicKeyToken=null" name="different_description_means_update" />
    </UnitTest>
    <UnitTest name="should_call_create_asset_just_one_time" storage="c:\dev\repos\versionone.teamsync\versionone.teamsync.core.tests\bin\release\versionone.teamsync.core.tests.dll" id="0ed99ea3-95f0-913a-2c15-b57634911d0e">
      <Execution id="c407246a-76d5-4d08-958e-f0432df48cec" />
      <TestMethod codeBase="C:/dev/repos/VersionOne.TeamSync/VersionOne.TeamSync.Core.Tests/bin/Release/VersionOne.TeamSync.Core.Tests.DLL" adapterTypeName="Microsoft.VisualStudio.TestTools.TestTypes.Unit.UnitTestAdapter, Microsoft.VisualStudio.QualityTools.Tips.UnitTest.Adapter, Version=12.0.0.0, Culture=neutral, PublicKeyToken=b03f5f7f11d50a3a" className="VersionOne.TeamSync.Core.Tests.orphan_story, VersionOne.TeamSync.Core.Tests, Version=1.1.0.20, Culture=neutral, PublicKeyToken=null" name="should_call_create_asset_just_one_time" />
    </UnitTest>
    <UnitTest name="should_call_EpicsWithReference_one_time" storage="c:\dev\repos\versionone.teamsync\versionone.teamsync.core.tests\bin\release\versionone.teamsync.core.tests.dll" id="d1d2e247-a5f3-2e60-3bc9-4689ddcf18fa">
      <Execution id="0c19e190-62db-442a-b58e-b0774f5ce238" />
      <TestMethod codeBase="C:/dev/repos/VersionOne.TeamSync/VersionOne.TeamSync.Core.Tests/bin/Release/VersionOne.TeamSync.Core.Tests.DLL" adapterTypeName="Microsoft.VisualStudio.TestTools.TestTypes.Unit.UnitTestAdapter, Microsoft.VisualStudio.QualityTools.Tips.UnitTest.Adapter, Version=12.0.0.0, Culture=neutral, PublicKeyToken=b03f5f7f11d50a3a" className="VersionOne.TeamSync.Core.Tests.Worker_when_there_is_1_epic_to_update_matching_one_in_jira, VersionOne.TeamSync.Core.Tests, Version=1.1.0.20, Culture=neutral, PublicKeyToken=null" name="should_call_EpicsWithReference_one_time" />
    </UnitTest>
    <UnitTest name="should_include_the_summary" storage="c:\dev\repos\versionone.teamsync\versionone.teamsync.core.tests\bin\release\versionone.teamsync.core.tests.dll" id="1d518230-5969-349a-78cf-16e3ddee8103">
      <Execution id="a46c6e75-6d16-48b5-b5ae-412da9794dd0" />
      <TestMethod codeBase="C:/dev/repos/VersionOne.TeamSync/VersionOne.TeamSync.Core.Tests/bin/Release/VersionOne.TeamSync.Core.Tests.DLL" adapterTypeName="Microsoft.VisualStudio.TestTools.TestTypes.Unit.UnitTestAdapter, Microsoft.VisualStudio.QualityTools.Tips.UnitTest.Adapter, Version=12.0.0.0, Culture=neutral, PublicKeyToken=b03f5f7f11d50a3a" className="VersionOne.TeamSync.Core.Tests.when_creating_payload_for_jira_epic_update, VersionOne.TeamSync.Core.Tests, Version=1.1.0.20, Culture=neutral, PublicKeyToken=null" name="should_include_the_summary" />
    </UnitTest>
    <UnitTest name="should_pass_along_data_to_update_story" storage="c:\dev\repos\versionone.teamsync\versionone.teamsync.core.tests\bin\release\versionone.teamsync.core.tests.dll" id="05557889-1c1d-e34b-8224-61efb9e1913a">
      <Execution id="4510c15b-6971-4e23-af21-f7a4233fa55b" />
      <TestMethod codeBase="C:/dev/repos/VersionOne.TeamSync/VersionOne.TeamSync.Core.Tests/bin/Release/VersionOne.TeamSync.Core.Tests.DLL" adapterTypeName="Microsoft.VisualStudio.TestTools.TestTypes.Unit.UnitTestAdapter, Microsoft.VisualStudio.QualityTools.Tips.UnitTest.Adapter, Version=12.0.0.0, Culture=neutral, PublicKeyToken=b03f5f7f11d50a3a" className="VersionOne.TeamSync.Core.Tests.StorySync.and_the_status_is_normal, VersionOne.TeamSync.Core.Tests, Version=1.1.0.20, Culture=neutral, PublicKeyToken=null" name="should_pass_along_data_to_update_story" />
    </UnitTest>
    <UnitTest name="santity_check" storage="c:\dev\repos\versionone.teamsync\versionone.teamsync.core.tests\bin\release\versionone.teamsync.core.tests.dll" id="756615fd-de87-5db8-f0c6-96176e84bff5">
      <Execution id="f89de94c-f114-48e9-a905-08d6d3b86ec1" />
      <TestMethod codeBase="C:/dev/repos/VersionOne.TeamSync/VersionOne.TeamSync.Core.Tests/bin/Release/VersionOne.TeamSync.Core.Tests.DLL" adapterTypeName="Microsoft.VisualStudio.TestTools.TestTypes.Unit.UnitTestAdapter, Microsoft.VisualStudio.QualityTools.Tips.UnitTest.Adapter, Version=12.0.0.0, Culture=neutral, PublicKeyToken=b03f5f7f11d50a3a" className="VersionOne.TeamSync.Core.Tests.EqualityTests_Epic, VersionOne.TeamSync.Core.Tests, Version=1.1.0.20, Culture=neutral, PublicKeyToken=null" name="santity_check" />
    </UnitTest>
    <UnitTest name="different_todo_means_update" storage="c:\dev\repos\versionone.teamsync\versionone.teamsync.core.tests\bin\release\versionone.teamsync.core.tests.dll" id="2652ba37-36fb-e8a6-45b7-1e9432ff4766">
      <Execution id="c8b95cc2-883b-432d-a6a6-824fa5ec5ec1" />
      <TestMethod codeBase="C:/dev/repos/VersionOne.TeamSync/VersionOne.TeamSync.Core.Tests/bin/Release/VersionOne.TeamSync.Core.Tests.DLL" adapterTypeName="Microsoft.VisualStudio.TestTools.TestTypes.Unit.UnitTestAdapter, Microsoft.VisualStudio.QualityTools.Tips.UnitTest.Adapter, Version=12.0.0.0, Culture=neutral, PublicKeyToken=b03f5f7f11d50a3a" className="VersionOne.TeamSync.Core.Tests.EqualityTests_Defect, VersionOne.TeamSync.Core.Tests, Version=1.1.0.20, Culture=neutral, PublicKeyToken=null" name="different_todo_means_update" />
    </UnitTest>
    <UnitTest name="should_not_match_if_epicLink_is_different" storage="c:\dev\repos\versionone.teamsync\versionone.teamsync.core.tests\bin\release\versionone.teamsync.core.tests.dll" id="0144b492-2aec-c672-6a21-c290907fc74a">
      <Execution id="9825184e-546b-4357-a2b6-a57b28339c37" />
      <TestMethod codeBase="C:/dev/repos/VersionOne.TeamSync/VersionOne.TeamSync.Core.Tests/bin/Release/VersionOne.TeamSync.Core.Tests.DLL" adapterTypeName="Microsoft.VisualStudio.TestTools.TestTypes.Unit.UnitTestAdapter, Microsoft.VisualStudio.QualityTools.Tips.UnitTest.Adapter, Version=12.0.0.0, Culture=neutral, PublicKeyToken=b03f5f7f11d50a3a" className="VersionOne.TeamSync.Core.Tests.IssueExtension_MatchesTests, VersionOne.TeamSync.Core.Tests, Version=1.1.0.20, Culture=neutral, PublicKeyToken=null" name="should_not_match_if_epicLink_is_different" />
    </UnitTest>
    <UnitTest name="should_tell_us_about_creating_a_defect" storage="c:\dev\repos\versionone.teamsync\versionone.teamsync.core.tests\bin\release\versionone.teamsync.core.tests.dll" id="33cc223e-48fb-1270-43e5-744e653b5d9e">
      <Execution id="edaed338-41d1-49cc-8579-d64c00d5e954" />
      <TestMethod codeBase="C:/dev/repos/VersionOne.TeamSync/VersionOne.TeamSync.Core.Tests/bin/Release/VersionOne.TeamSync.Core.Tests.DLL" adapterTypeName="Microsoft.VisualStudio.TestTools.TestTypes.Unit.UnitTestAdapter, Microsoft.VisualStudio.QualityTools.Tips.UnitTest.Adapter, Version=12.0.0.0, Culture=neutral, PublicKeyToken=b03f5f7f11d50a3a" className="VersionOne.TeamSync.Core.Tests.Workers.orphan_defect, VersionOne.TeamSync.Core.Tests, Version=1.1.0.20, Culture=neutral, PublicKeyToken=null" name="should_tell_us_about_creating_a_defect" />
    </UnitTest>
    <UnitTest name="sanity_check" storage="c:\dev\repos\versionone.teamsync\versionone.teamsync.core.tests\bin\release\versionone.teamsync.core.tests.dll" id="2e1c046c-a27c-a352-01c8-dd052811c12d">
      <Execution id="09ddf7a5-bc0e-4c93-a5dc-0633267f2b7c" />
      <TestMethod codeBase="C:/dev/repos/VersionOne.TeamSync/VersionOne.TeamSync.Core.Tests/bin/Release/VersionOne.TeamSync.Core.Tests.DLL" adapterTypeName="Microsoft.VisualStudio.TestTools.TestTypes.Unit.UnitTestAdapter, Microsoft.VisualStudio.QualityTools.Tips.UnitTest.Adapter, Version=12.0.0.0, Culture=neutral, PublicKeyToken=b03f5f7f11d50a3a" className="VersionOne.TeamSync.Core.Tests.when_comparing_epic_to_issue, VersionOne.TeamSync.Core.Tests, Version=1.1.0.20, Culture=neutral, PublicKeyToken=null" name="sanity_check" />
    </UnitTest>
    <UnitTest name="should_not_try_to_get_an_epic_id" storage="c:\dev\repos\versionone.teamsync\versionone.teamsync.core.tests\bin\release\versionone.teamsync.core.tests.dll" id="6498fd0a-9ca3-8746-0a62-5ff8301bfba1">
      <Execution id="12124eb8-7d92-457b-95ee-3aa959da6952" />
      <TestMethod codeBase="C:/dev/repos/VersionOne.TeamSync/VersionOne.TeamSync.Core.Tests/bin/Release/VersionOne.TeamSync.Core.Tests.DLL" adapterTypeName="Microsoft.VisualStudio.TestTools.TestTypes.Unit.UnitTestAdapter, Microsoft.VisualStudio.QualityTools.Tips.UnitTest.Adapter, Version=12.0.0.0, Culture=neutral, PublicKeyToken=b03f5f7f11d50a3a" className="VersionOne.TeamSync.Core.Tests.Workers.orphan_defect, VersionOne.TeamSync.Core.Tests, Version=1.1.0.20, Culture=neutral, PublicKeyToken=null" name="should_not_try_to_get_an_epic_id" />
    </UnitTest>
    <UnitTest name="issue_description_becomes_description" storage="c:\dev\repos\versionone.teamsync\versionone.teamsync.core.tests\bin\release\versionone.teamsync.core.tests.dll" id="69cacab8-04c3-d82f-7246-dbb0313c61c3">
      <Execution id="a384cd2e-a60a-4902-836b-d6ec36b6f702" />
      <TestMethod codeBase="C:/dev/repos/VersionOne.TeamSync/VersionOne.TeamSync.Core.Tests/bin/Release/VersionOne.TeamSync.Core.Tests.DLL" adapterTypeName="Microsoft.VisualStudio.TestTools.TestTypes.Unit.UnitTestAdapter, Microsoft.VisualStudio.QualityTools.Tips.UnitTest.Adapter, Version=12.0.0.0, Culture=neutral, PublicKeyToken=b03f5f7f11d50a3a" className="VersionOne.TeamSync.Core.Tests.IssueExtensionTests, VersionOne.TeamSync.Core.Tests, Version=1.1.0.20, Culture=neutral, PublicKeyToken=null" name="issue_description_becomes_description" />
    </UnitTest>
    <UnitTest name="different_name_means_update" storage="c:\dev\repos\versionone.teamsync\versionone.teamsync.core.tests\bin\release\versionone.teamsync.core.tests.dll" id="941775c9-6c2f-5bc9-1f08-03091afe8eb3">
      <Execution id="88c6dc50-0951-4dc8-a267-5d325846b3ec" />
      <TestMethod codeBase="C:/dev/repos/VersionOne.TeamSync/VersionOne.TeamSync.Core.Tests/bin/Release/VersionOne.TeamSync.Core.Tests.DLL" adapterTypeName="Microsoft.VisualStudio.TestTools.TestTypes.Unit.UnitTestAdapter, Microsoft.VisualStudio.QualityTools.Tips.UnitTest.Adapter, Version=12.0.0.0, Culture=neutral, PublicKeyToken=b03f5f7f11d50a3a" className="VersionOne.TeamSync.Core.Tests.EqualityTests_Story, VersionOne.TeamSync.Core.Tests, Version=1.1.0.20, Culture=neutral, PublicKeyToken=null" name="different_name_means_update" />
    </UnitTest>
    <UnitTest name="should_send_the_right_story_to_be_updated" storage="c:\dev\repos\versionone.teamsync\versionone.teamsync.core.tests\bin\release\versionone.teamsync.core.tests.dll" id="ff4f6324-14c2-135e-f88a-7da41a92db14">
      <Execution id="bd70938c-0938-4f8c-a2ed-c08e3a891c92" />
      <Properties>
        <Property>
          <Key>__Internal_DeclaringClassName__</Key>
          <Value>VersionOne.TeamSync.Core.Tests.story_update</Value>
        </Property>
      </Properties>
      <TestMethod codeBase="C:/dev/repos/VersionOne.TeamSync/VersionOne.TeamSync.Core.Tests/bin/Release/VersionOne.TeamSync.Core.Tests.DLL" adapterTypeName="Microsoft.VisualStudio.TestTools.TestTypes.Unit.UnitTestAdapter, Microsoft.VisualStudio.QualityTools.Tips.UnitTest.Adapter, Version=12.0.0.0, Culture=neutral, PublicKeyToken=b03f5f7f11d50a3a" className="VersionOne.TeamSync.Core.Tests.modified_story_has_priority_set, VersionOne.TeamSync.Core.Tests, Version=1.1.0.20, Culture=neutral, PublicKeyToken=null" name="should_send_the_right_story_to_be_updated" />
    </UnitTest>
    <UnitTest name="should_call_create_asset_just_one_time" storage="c:\dev\repos\versionone.teamsync\versionone.teamsync.core.tests\bin\release\versionone.teamsync.core.tests.dll" id="03a57935-0a38-e8e2-3765-adb6ddc41e86">
      <Execution id="bac1b1c8-242e-4e70-bd31-4eadb862ad00" />
      <TestMethod codeBase="C:/dev/repos/VersionOne.TeamSync/VersionOne.TeamSync.Core.Tests/bin/Release/VersionOne.TeamSync.Core.Tests.DLL" adapterTypeName="Microsoft.VisualStudio.TestTools.TestTypes.Unit.UnitTestAdapter, Microsoft.VisualStudio.QualityTools.Tips.UnitTest.Adapter, Version=12.0.0.0, Culture=neutral, PublicKeyToken=b03f5f7f11d50a3a" className="VersionOne.TeamSync.Core.Tests.Workers.child_defect, VersionOne.TeamSync.Core.Tests, Version=1.1.0.20, Culture=neutral, PublicKeyToken=null" name="should_call_create_asset_just_one_time" />
    </UnitTest>
    <UnitTest name="reference_is_null_or_empty" storage="c:\dev\repos\versionone.teamsync\versionone.teamsync.core.tests\bin\release\versionone.teamsync.core.tests.dll" id="91e3f8d8-7a48-490b-3e66-94623a33a26f">
      <Execution id="678caefb-42cc-4d30-9610-1977f89a42b9" />
      <TestMethod codeBase="C:/dev/repos/VersionOne.TeamSync/VersionOne.TeamSync.Core.Tests/bin/Release/VersionOne.TeamSync.Core.Tests.DLL" adapterTypeName="Microsoft.VisualStudio.TestTools.TestTypes.Unit.UnitTestAdapter, Microsoft.VisualStudio.QualityTools.Tips.UnitTest.Adapter, Version=12.0.0.0, Culture=neutral, PublicKeyToken=b03f5f7f11d50a3a" className="VersionOne.TeamSync.Core.Tests.when_comparing_epic_to_issue, VersionOne.TeamSync.Core.Tests, Version=1.1.0.20, Culture=neutral, PublicKeyToken=null" name="reference_is_null_or_empty" />
    </UnitTest>
    <UnitTest name="defects_second_owner_should_be_Member1000" storage="c:\dev\repos\versionone.teamsync\versionone.teamsync.core.tests\bin\release\versionone.teamsync.core.tests.dll" id="ca77d984-8841-dff4-976c-727ba30c6fc1">
      <Execution id="5641e695-5a62-4e51-9efb-6e51d6c0efb9" />
      <TestMethod codeBase="C:/dev/repos/VersionOne.TeamSync/VersionOne.TeamSync.Core.Tests/bin/Release/VersionOne.TeamSync.Core.Tests.DLL" adapterTypeName="Microsoft.VisualStudio.TestTools.TestTypes.Unit.UnitTestAdapter, Microsoft.VisualStudio.QualityTools.Tips.UnitTest.Adapter, Version=12.0.0.0, Culture=neutral, PublicKeyToken=b03f5f7f11d50a3a" className="VersionOne.TeamSync.Core.Tests.Xml.Defect_Tests, VersionOne.TeamSync.Core.Tests, Version=1.1.0.20, Culture=neutral, PublicKeyToken=null" name="defects_second_owner_should_be_Member1000" />
    </UnitTest>
    <UnitTest name="does_not_try_to_create_a_link_on_v1_epic" storage="c:\dev\repos\versionone.teamsync\versionone.teamsync.core.tests\bin\release\versionone.teamsync.core.tests.dll" id="d54a1807-4698-b371-5189-75f1e0a838bc">
      <Execution id="45818720-9ff7-4407-aedd-b72dce4ca996" />
      <TestMethod codeBase="C:/dev/repos/VersionOne.TeamSync/VersionOne.TeamSync.Core.Tests/bin/Release/VersionOne.TeamSync.Core.Tests.DLL" adapterTypeName="Microsoft.VisualStudio.TestTools.TestTypes.Unit.UnitTestAdapter, Microsoft.VisualStudio.QualityTools.Tips.UnitTest.Adapter, Version=12.0.0.0, Culture=neutral, PublicKeyToken=b03f5f7f11d50a3a" className="VersionOne.TeamSync.Core.Tests.Workers.Worker_when_there_are_no_new_epics, VersionOne.TeamSync.Core.Tests, Version=1.1.0.20, Culture=neutral, PublicKeyToken=null" name="does_not_try_to_create_a_link_on_v1_epic" />
    </UnitTest>
    <UnitTest name="should_call_EpicsWithoutReference_one_time" storage="c:\dev\repos\versionone.teamsync\versionone.teamsync.core.tests\bin\release\versionone.teamsync.core.tests.dll" id="18fdb45e-6a55-7487-9dd8-47521b8c4d5b">
      <Execution id="d04bfe51-21bd-452a-9756-932531d5e160" />
      <TestMethod codeBase="C:/dev/repos/VersionOne.TeamSync/VersionOne.TeamSync.Core.Tests/bin/Release/VersionOne.TeamSync.Core.Tests.DLL" adapterTypeName="Microsoft.VisualStudio.TestTools.TestTypes.Unit.UnitTestAdapter, Microsoft.VisualStudio.QualityTools.Tips.UnitTest.Adapter, Version=12.0.0.0, Culture=neutral, PublicKeyToken=b03f5f7f11d50a3a" className="VersionOne.TeamSync.Core.Tests.and_the_jira_project_contains_a_reserved_word, VersionOne.TeamSync.Core.Tests, Version=1.1.0.20, Culture=neutral, PublicKeyToken=null" name="should_call_EpicsWithoutReference_one_time" />
    </UnitTest>
    <UnitTest name="should_call_delete_asset_just_one_time" storage="c:\dev\repos\versionone.teamsync\versionone.teamsync.core.tests\bin\release\versionone.teamsync.core.tests.dll" id="d12f9d7b-01f9-827c-bb92-a30b59b6e30c">
      <Execution id="b34ab316-f618-4d31-a7bf-b34a2c0f419f" />
      <TestMethod codeBase="C:/dev/repos/VersionOne.TeamSync/VersionOne.TeamSync.Core.Tests/bin/Release/VersionOne.TeamSync.Core.Tests.DLL" adapterTypeName="Microsoft.VisualStudio.TestTools.TestTypes.Unit.UnitTestAdapter, Microsoft.VisualStudio.QualityTools.Tips.UnitTest.Adapter, Version=12.0.0.0, Culture=neutral, PublicKeyToken=b03f5f7f11d50a3a" className="VersionOne.TeamSync.Core.Tests.Workers.defect_delete, VersionOne.TeamSync.Core.Tests, Version=1.1.0.20, Culture=neutral, PublicKeyToken=null" name="should_call_delete_asset_just_one_time" />
    </UnitTest>
    <UnitTest name="should_not_update_the_parent_epic" storage="c:\dev\repos\versionone.teamsync\versionone.teamsync.core.tests\bin\release\versionone.teamsync.core.tests.dll" id="38ca118a-a5c8-8af5-c156-a5df1d38ec3b">
      <Execution id="51e51747-eeb7-4ba1-8a62-e9b0cd530897" />
      <TestMethod codeBase="C:/dev/repos/VersionOne.TeamSync/VersionOne.TeamSync.Core.Tests/bin/Release/VersionOne.TeamSync.Core.Tests.DLL" adapterTypeName="Microsoft.VisualStudio.TestTools.TestTypes.Unit.UnitTestAdapter, Microsoft.VisualStudio.QualityTools.Tips.UnitTest.Adapter, Version=12.0.0.0, Culture=neutral, PublicKeyToken=b03f5f7f11d50a3a" className="VersionOne.TeamSync.Core.Tests.Workers.defect_update_with_closed_epic, VersionOne.TeamSync.Core.Tests, Version=1.1.0.20, Culture=neutral, PublicKeyToken=null" name="should_not_update_the_parent_epic" />
    </UnitTest>
    <UnitTest name="calls_the_GetEpicsWithoutReference_once" storage="c:\dev\repos\versionone.teamsync\versionone.teamsync.core.tests\bin\release\versionone.teamsync.core.tests.dll" id="0ab9af40-48fa-11ed-9b0a-3ab0f25e02ad">
      <Execution id="de9ee99f-2d26-4d59-99e6-3f6dac0b2d73" />
      <TestMethod codeBase="C:/dev/repos/VersionOne.TeamSync/VersionOne.TeamSync.Core.Tests/bin/Release/VersionOne.TeamSync.Core.Tests.DLL" adapterTypeName="Microsoft.VisualStudio.TestTools.TestTypes.Unit.UnitTestAdapter, Microsoft.VisualStudio.QualityTools.Tips.UnitTest.Adapter, Version=12.0.0.0, Culture=neutral, PublicKeyToken=b03f5f7f11d50a3a" className="VersionOne.TeamSync.Core.Tests.Worker_when_there_are_no_new_epics, VersionOne.TeamSync.Core.Tests, Version=1.1.0.20, Culture=neutral, PublicKeyToken=null" name="calls_the_GetEpicsWithoutReference_once" />
    </UnitTest>
    <UnitTest name="when_the_content_type_is_not_authorized_should_throw_a_jira_exception" storage="c:\dev\repos\versionone.teamsync\versionone.teamsync.core.tests\bin\release\versionone.teamsync.core.tests.dll" id="56a81558-0cfb-96f7-7fa8-8142d6235845">
      <Execution id="1be43347-1b9b-4308-9c6c-87b9a071decf" />
      <TestMethod codeBase="C:/dev/repos/VersionOne.TeamSync/VersionOne.TeamSync.Core.Tests/bin/Release/VersionOne.TeamSync.Core.Tests.DLL" adapterTypeName="Microsoft.VisualStudio.TestTools.TestTypes.Unit.UnitTestAdapter, Microsoft.VisualStudio.QualityTools.Tips.UnitTest.Adapter, Version=12.0.0.0, Culture=neutral, PublicKeyToken=b03f5f7f11d50a3a" className="VersionOne.TeamSync.Core.Tests.Executing_a_request_with_T_return, VersionOne.TeamSync.Core.Tests, Version=1.1.0.20, Culture=neutral, PublicKeyToken=null" name="when_the_content_type_is_not_authorized_should_throw_a_jira_exception" />
    </UnitTest>
    <UnitTest name="should_call_EpicsWithoutReference_one_time" storage="c:\dev\repos\versionone.teamsync\versionone.teamsync.core.tests\bin\release\versionone.teamsync.core.tests.dll" id="6450a37d-d350-970d-4931-78b93b0dd830">
      <Execution id="420dc93c-1303-44e1-8153-dd27763a6ee1" />
      <TestMethod codeBase="C:/dev/repos/VersionOne.TeamSync/VersionOne.TeamSync.Core.Tests/bin/Release/VersionOne.TeamSync.Core.Tests.DLL" adapterTypeName="Microsoft.VisualStudio.TestTools.TestTypes.Unit.UnitTestAdapter, Microsoft.VisualStudio.QualityTools.Tips.UnitTest.Adapter, Version=12.0.0.0, Culture=neutral, PublicKeyToken=b03f5f7f11d50a3a" className="VersionOne.TeamSync.Core.Tests.Worker_when_a_VersionOne_epic_is_deleted, VersionOne.TeamSync.Core.Tests, Version=1.1.0.20, Culture=neutral, PublicKeyToken=null" name="should_call_EpicsWithoutReference_one_time" />
    </UnitTest>
    <UnitTest name="should_send_the_right_defect_to_be_updated" storage="c:\dev\repos\versionone.teamsync\versionone.teamsync.core.tests\bin\release\versionone.teamsync.core.tests.dll" id="28e60a61-0878-9f4b-b6af-124887e573cd">
      <Execution id="7272bf9c-c10b-4d40-a0fc-ca44c9c7b09e" />
      <TestMethod codeBase="C:/dev/repos/VersionOne.TeamSync/VersionOne.TeamSync.Core.Tests/bin/Release/VersionOne.TeamSync.Core.Tests.DLL" adapterTypeName="Microsoft.VisualStudio.TestTools.TestTypes.Unit.UnitTestAdapter, Microsoft.VisualStudio.QualityTools.Tips.UnitTest.Adapter, Version=12.0.0.0, Culture=neutral, PublicKeyToken=b03f5f7f11d50a3a" className="VersionOne.TeamSync.Core.Tests.Workers.defect_update, VersionOne.TeamSync.Core.Tests, Version=1.1.0.20, Culture=neutral, PublicKeyToken=null" name="should_send_the_right_defect_to_be_updated" />
    </UnitTest>
    <UnitTest name="should_call_update_asset_just_one_time" storage="c:\dev\repos\versionone.teamsync\versionone.teamsync.core.tests\bin\release\versionone.teamsync.core.tests.dll" id="d2b7573d-7f7a-473b-b8b3-77b013351a4a">
      <Execution id="024d9f37-70df-4055-bf37-5612299552ac" />
      <Properties>
        <Property>
          <Key>__Internal_DeclaringClassName__</Key>
          <Value>VersionOne.TeamSync.Core.Tests.Workers.defect_update</Value>
        </Property>
      </Properties>
      <TestMethod codeBase="C:/dev/repos/VersionOne.TeamSync/VersionOne.TeamSync.Core.Tests/bin/Release/VersionOne.TeamSync.Core.Tests.DLL" adapterTypeName="Microsoft.VisualStudio.TestTools.TestTypes.Unit.UnitTestAdapter, Microsoft.VisualStudio.QualityTools.Tips.UnitTest.Adapter, Version=12.0.0.0, Culture=neutral, PublicKeyToken=b03f5f7f11d50a3a" className="VersionOne.TeamSync.Core.Tests.modified_defect_has_priority_set, VersionOne.TeamSync.Core.Tests, Version=1.1.0.20, Culture=neutral, PublicKeyToken=null" name="should_call_update_asset_just_one_time" />
    </UnitTest>
    <UnitTest name="should_not_match_if_summary_is_different" storage="c:\dev\repos\versionone.teamsync\versionone.teamsync.core.tests\bin\release\versionone.teamsync.core.tests.dll" id="a19eac50-b40e-ff48-791b-62c956d243ce">
      <Execution id="1fc54029-924a-4f4d-850e-958bac5cb8af" />
      <TestMethod codeBase="C:/dev/repos/VersionOne.TeamSync/VersionOne.TeamSync.Core.Tests/bin/Release/VersionOne.TeamSync.Core.Tests.DLL" adapterTypeName="Microsoft.VisualStudio.TestTools.TestTypes.Unit.UnitTestAdapter, Microsoft.VisualStudio.QualityTools.Tips.UnitTest.Adapter, Version=12.0.0.0, Culture=neutral, PublicKeyToken=b03f5f7f11d50a3a" className="VersionOne.TeamSync.Core.Tests.IssueExtension_MatchesTests, VersionOne.TeamSync.Core.Tests, Version=1.1.0.20, Culture=neutral, PublicKeyToken=null" name="should_not_match_if_summary_is_different" />
    </UnitTest>
    <UnitTest name="closed_tracked_epics_should_grab_just_the_name_assetState_and_reference" storage="c:\dev\repos\versionone.teamsync\versionone.teamsync.core.tests\bin\release\versionone.teamsync.core.tests.dll" id="3e490538-10bf-e3b9-47ed-60caecac2d1d">
      <Execution id="f654f93d-e5e8-4536-b34b-368379b69308" />
      <Properties>
        <Property>
          <Key>__Internal_AsyncTypeName__</Key>
          <Value>VersionOne.TeamSync.Core.Tests.V1DomainTests+&lt;closed_tracked_epics_should_grab_just_the_name_assetState_and_reference&gt;d__7</Value>
        </Property>
      </Properties>
      <TestMethod codeBase="C:/dev/repos/VersionOne.TeamSync/VersionOne.TeamSync.Core.Tests/bin/Release/VersionOne.TeamSync.Core.Tests.DLL" adapterTypeName="Microsoft.VisualStudio.TestTools.TestTypes.Unit.UnitTestAdapter, Microsoft.VisualStudio.QualityTools.Tips.UnitTest.Adapter, Version=12.0.0.0, Culture=neutral, PublicKeyToken=b03f5f7f11d50a3a" className="VersionOne.TeamSync.Core.Tests.V1DomainTests, VersionOne.TeamSync.Core.Tests, Version=1.1.0.20, Culture=neutral, PublicKeyToken=null" name="closed_tracked_epics_should_grab_just_the_name_assetState_and_reference" />
    </UnitTest>
    <UnitTest name="should_have_seven_query_items" storage="c:\dev\repos\versionone.teamsync\versionone.teamsync.core.tests\bin\release\versionone.teamsync.core.tests.dll" id="865bb5ff-a377-9868-7895-44bcc15531f0">
      <Execution id="07d62743-086f-45f2-afef-e44c8fe7797e" />
      <TestMethod codeBase="C:/dev/repos/VersionOne.TeamSync/VersionOne.TeamSync.Core.Tests/bin/Release/VersionOne.TeamSync.Core.Tests.DLL" adapterTypeName="Microsoft.VisualStudio.TestTools.TestTypes.Unit.UnitTestAdapter, Microsoft.VisualStudio.QualityTools.Tips.UnitTest.Adapter, Version=12.0.0.0, Culture=neutral, PublicKeyToken=b03f5f7f11d50a3a" className="VersionOne.TeamSync.Core.Tests.getting_epic_by_key, VersionOne.TeamSync.Core.Tests, Version=1.1.0.20, Culture=neutral, PublicKeyToken=null" name="should_have_seven_query_items" />
    </UnitTest>
    <UnitTest name="should_update_value_to_zero" storage="c:\dev\repos\versionone.teamsync\versionone.teamsync.core.tests\bin\release\versionone.teamsync.core.tests.dll" id="4f05108f-fc69-7578-9eae-95437d76a13d">
      <Execution id="45056b0c-d078-44e2-a741-ae64e337791f" />
      <TestMethod codeBase="C:/dev/repos/VersionOne.TeamSync/VersionOne.TeamSync.Core.Tests/bin/Release/VersionOne.TeamSync.Core.Tests.DLL" adapterTypeName="Microsoft.VisualStudio.TestTools.TestTypes.Unit.UnitTestAdapter, Microsoft.VisualStudio.QualityTools.Tips.UnitTest.Adapter, Version=12.0.0.0, Culture=neutral, PublicKeyToken=b03f5f7f11d50a3a" className="VersionOne.TeamSync.Core.Tests.actual_delete, VersionOne.TeamSync.Core.Tests, Version=1.1.0.20, Culture=neutral, PublicKeyToken=null" name="should_update_value_to_zero" />
    </UnitTest>
    <UnitTest name="should_refresh_the_story_once" storage="c:\dev\repos\versionone.teamsync\versionone.teamsync.core.tests\bin\release\versionone.teamsync.core.tests.dll" id="70167dab-4448-2829-e5de-df0245a7ffbe">
      <Execution id="003eb8ac-ee1b-4bf8-9aad-5775b27a6caf" />
      <TestMethod codeBase="C:/dev/repos/VersionOne.TeamSync/VersionOne.TeamSync.Core.Tests/bin/Release/VersionOne.TeamSync.Core.Tests.DLL" adapterTypeName="Microsoft.VisualStudio.TestTools.TestTypes.Unit.UnitTestAdapter, Microsoft.VisualStudio.QualityTools.Tips.UnitTest.Adapter, Version=12.0.0.0, Culture=neutral, PublicKeyToken=b03f5f7f11d50a3a" className="VersionOne.TeamSync.Core.Tests.orphan_story, VersionOne.TeamSync.Core.Tests, Version=1.1.0.20, Culture=neutral, PublicKeyToken=null" name="should_refresh_the_story_once" />
    </UnitTest>
    <UnitTest name="different_description_means_update" storage="c:\dev\repos\versionone.teamsync\versionone.teamsync.core.tests\bin\release\versionone.teamsync.core.tests.dll" id="9ba7ffba-d743-f679-f0ef-8a7fe83845ad">
      <Execution id="6fc0a368-46ab-4ff4-b99f-98afbe834584" />
      <TestMethod codeBase="C:/dev/repos/VersionOne.TeamSync/VersionOne.TeamSync.Core.Tests/bin/Release/VersionOne.TeamSync.Core.Tests.DLL" adapterTypeName="Microsoft.VisualStudio.TestTools.TestTypes.Unit.UnitTestAdapter, Microsoft.VisualStudio.QualityTools.Tips.UnitTest.Adapter, Version=12.0.0.0, Culture=neutral, PublicKeyToken=b03f5f7f11d50a3a" className="VersionOne.TeamSync.Core.Tests.EqualityTests_Epic, VersionOne.TeamSync.Core.Tests, Version=1.1.0.20, Culture=neutral, PublicKeyToken=null" name="different_description_means_update" />
    </UnitTest>
    <UnitTest name="should_include_the_custom_field_for_epic_name" storage="c:\dev\repos\versionone.teamsync\versionone.teamsync.core.tests\bin\release\versionone.teamsync.core.tests.dll" id="83df9a3b-ed9e-2898-b0f4-dc0e845939b6">
      <Execution id="583ffc73-76a2-42dc-a357-e276bd566ec5" />
      <TestMethod codeBase="C:/dev/repos/VersionOne.TeamSync/VersionOne.TeamSync.Core.Tests/bin/Release/VersionOne.TeamSync.Core.Tests.DLL" adapterTypeName="Microsoft.VisualStudio.TestTools.TestTypes.Unit.UnitTestAdapter, Microsoft.VisualStudio.QualityTools.Tips.UnitTest.Adapter, Version=12.0.0.0, Culture=neutral, PublicKeyToken=b03f5f7f11d50a3a" className="VersionOne.TeamSync.Core.Tests.when_creating_payload_for_jira_epic_update, VersionOne.TeamSync.Core.Tests, Version=1.1.0.20, Culture=neutral, PublicKeyToken=null" name="should_include_the_custom_field_for_epic_name" />
    </UnitTest>
    <UnitTest name="relation_attribute_setter_builds_out_an_asset_payload" storage="c:\dev\repos\versionone.teamsync\versionone.teamsync.core.tests\bin\release\versionone.teamsync.core.tests.dll" id="04e1b9c2-ce6b-8253-517d-dbf5f9e910b4">
      <Execution id="c4569bd6-2118-42d5-bdaa-de4cdc85f732" />
      <TestMethod codeBase="C:/dev/repos/VersionOne.TeamSync/VersionOne.TeamSync.Core.Tests/bin/Release/VersionOne.TeamSync.Core.Tests.DLL" adapterTypeName="Microsoft.VisualStudio.TestTools.TestTypes.Unit.UnitTestAdapter, Microsoft.VisualStudio.QualityTools.Tips.UnitTest.Adapter, Version=12.0.0.0, Culture=neutral, PublicKeyToken=b03f5f7f11d50a3a" className="VersionOne.TeamSync.Core.Tests.Xml.SetRelationNodeTests, VersionOne.TeamSync.Core.Tests, Version=1.1.0.20, Culture=neutral, PublicKeyToken=null" name="relation_attribute_setter_builds_out_an_asset_payload" />
    </UnitTest>
    <UnitTest name="should_call_EpicsWithoutReference_one_time" storage="c:\dev\repos\versionone.teamsync\versionone.teamsync.core.tests\bin\release\versionone.teamsync.core.tests.dll" id="7a02b98e-7e41-d440-a223-67a477e23661">
      <Execution id="8fbdee31-e8b8-4f47-81f2-adef7e6e5193" />
      <TestMethod codeBase="C:/dev/repos/VersionOne.TeamSync/VersionOne.TeamSync.Core.Tests/bin/Release/VersionOne.TeamSync.Core.Tests.DLL" adapterTypeName="Microsoft.VisualStudio.TestTools.TestTypes.Unit.UnitTestAdapter, Microsoft.VisualStudio.QualityTools.Tips.UnitTest.Adapter, Version=12.0.0.0, Culture=neutral, PublicKeyToken=b03f5f7f11d50a3a" className="VersionOne.TeamSync.Core.Tests.and_it_is_a_mapped_project, VersionOne.TeamSync.Core.Tests, Version=1.1.0.20, Culture=neutral, PublicKeyToken=null" name="should_call_EpicsWithoutReference_one_time" />
    </UnitTest>
    <UnitTest name="should_match_defect" storage="c:\dev\repos\versionone.teamsync\versionone.teamsync.core.tests\bin\release\versionone.teamsync.core.tests.dll" id="f8066bcc-209a-c26b-7c9d-fa85683a3e0b">
      <Execution id="fd1b2def-eec5-4e2a-95de-1f9431c13cce" />
      <TestMethod codeBase="C:/dev/repos/VersionOne.TeamSync/VersionOne.TeamSync.Core.Tests/bin/Release/VersionOne.TeamSync.Core.Tests.DLL" adapterTypeName="Microsoft.VisualStudio.TestTools.TestTypes.Unit.UnitTestAdapter, Microsoft.VisualStudio.QualityTools.Tips.UnitTest.Adapter, Version=12.0.0.0, Culture=neutral, PublicKeyToken=b03f5f7f11d50a3a" className="VersionOne.TeamSync.Core.Tests.IssueExtension_MatchesTests, VersionOne.TeamSync.Core.Tests, Version=1.1.0.20, Culture=neutral, PublicKeyToken=null" name="should_match_defect" />
    </UnitTest>
    <UnitTest name="query_quote_reserved_words" storage="c:\dev\repos\versionone.teamsync\versionone.teamsync.core.tests\bin\release\versionone.teamsync.core.tests.dll" id="572c5c60-e717-222e-9b31-f1d46dee4bf9">
      <Execution id="f972b79c-0bb3-4a3c-a3b7-f66b30a11ac7" />
      <TestMethod codeBase="C:/dev/repos/VersionOne.TeamSync/VersionOne.TeamSync.Core.Tests/bin/Release/VersionOne.TeamSync.Core.Tests.DLL" adapterTypeName="Microsoft.VisualStudio.TestTools.TestTypes.Unit.UnitTestAdapter, Microsoft.VisualStudio.QualityTools.Tips.UnitTest.Adapter, Version=12.0.0.0, Culture=neutral, PublicKeyToken=b03f5f7f11d50a3a" className="VersionOne.TeamSync.Core.Tests.when_seaching_in_one_project_for_items_in_jira, VersionOne.TeamSync.Core.Tests, Version=1.1.0.20, Culture=neutral, PublicKeyToken=null" name="query_quote_reserved_words" />
    </UnitTest>
    <UnitTest name="should_not_call_refresh_info" storage="c:\dev\repos\versionone.teamsync\versionone.teamsync.core.tests\bin\release\versionone.teamsync.core.tests.dll" id="07511065-ece9-c5c5-c035-47865a81729c">
      <Execution id="ec2f59cc-fb5d-41e7-99d1-368848d7b424" />
      <TestMethod codeBase="C:/dev/repos/VersionOne.TeamSync/VersionOne.TeamSync.Core.Tests/bin/Release/VersionOne.TeamSync.Core.Tests.DLL" adapterTypeName="Microsoft.VisualStudio.TestTools.TestTypes.Unit.UnitTestAdapter, Microsoft.VisualStudio.QualityTools.Tips.UnitTest.Adapter, Version=12.0.0.0, Culture=neutral, PublicKeyToken=b03f5f7f11d50a3a" className="VersionOne.TeamSync.Core.Tests.StorySync.take_jira_story_to_v1_story_and_epic_is_closed, VersionOne.TeamSync.Core.Tests, Version=1.1.0.20, Culture=neutral, PublicKeyToken=null" name="should_not_call_refresh_info" />
    </UnitTest>
    <UnitTest name="different_reference_means_update" storage="c:\dev\repos\versionone.teamsync\versionone.teamsync.core.tests\bin\release\versionone.teamsync.core.tests.dll" id="13a771aa-4195-68fc-efc0-f5daaa8e2abe">
      <Execution id="9f9c5a7d-ce75-47d7-8b98-af19d766b53e" />
      <TestMethod codeBase="C:/dev/repos/VersionOne.TeamSync/VersionOne.TeamSync.Core.Tests/bin/Release/VersionOne.TeamSync.Core.Tests.DLL" adapterTypeName="Microsoft.VisualStudio.TestTools.TestTypes.Unit.UnitTestAdapter, Microsoft.VisualStudio.QualityTools.Tips.UnitTest.Adapter, Version=12.0.0.0, Culture=neutral, PublicKeyToken=b03f5f7f11d50a3a" className="VersionOne.TeamSync.Core.Tests.EqualityTests_Defect, VersionOne.TeamSync.Core.Tests, Version=1.1.0.20, Culture=neutral, PublicKeyToken=null" name="different_reference_means_update" />
    </UnitTest>
    <UnitTest name="should_send_the_right_priority_to_be_updated" storage="c:\dev\repos\versionone.teamsync\versionone.teamsync.core.tests\bin\release\versionone.teamsync.core.tests.dll" id="a3aa44ec-fb5c-d598-6967-bd33621bbb95">
      <Execution id="ddea3c93-9231-4b60-8fda-71d49fb00e8a" />
      <TestMethod codeBase="C:/dev/repos/VersionOne.TeamSync/VersionOne.TeamSync.Core.Tests/bin/Release/VersionOne.TeamSync.Core.Tests.DLL" adapterTypeName="Microsoft.VisualStudio.TestTools.TestTypes.Unit.UnitTestAdapter, Microsoft.VisualStudio.QualityTools.Tips.UnitTest.Adapter, Version=12.0.0.0, Culture=neutral, PublicKeyToken=b03f5f7f11d50a3a" className="VersionOne.TeamSync.Core.Tests.modified_defect_has_priority_set, VersionOne.TeamSync.Core.Tests, Version=1.1.0.20, Culture=neutral, PublicKeyToken=null" name="should_send_the_right_priority_to_be_updated" />
    </UnitTest>
    <UnitTest name="should_tell_us_about_creating_a_defect" storage="c:\dev\repos\versionone.teamsync\versionone.teamsync.core.tests\bin\release\versionone.teamsync.core.tests.dll" id="dece53e0-9b3d-51c8-d02e-41e8fbc319ee">
      <Execution id="f6d67136-b84d-48ca-99f7-8b8a9a7be322" />
      <TestMethod codeBase="C:/dev/repos/VersionOne.TeamSync/VersionOne.TeamSync.Core.Tests/bin/Release/VersionOne.TeamSync.Core.Tests.DLL" adapterTypeName="Microsoft.VisualStudio.TestTools.TestTypes.Unit.UnitTestAdapter, Microsoft.VisualStudio.QualityTools.Tips.UnitTest.Adapter, Version=12.0.0.0, Culture=neutral, PublicKeyToken=b03f5f7f11d50a3a" className="VersionOne.TeamSync.Core.Tests.Workers.child_defect, VersionOne.TeamSync.Core.Tests, Version=1.1.0.20, Culture=neutral, PublicKeyToken=null" name="should_tell_us_about_creating_a_defect" />
    </UnitTest>
    <UnitTest name="worklog_id_becomes_reference" storage="c:\dev\repos\versionone.teamsync\versionone.teamsync.core.tests\bin\release\versionone.teamsync.core.tests.dll" id="53b20a3d-170c-a149-6239-6a875c929617">
      <Execution id="1543d109-5159-4d40-825b-98bf7c7308b1" />
      <TestMethod codeBase="C:/dev/repos/VersionOne.TeamSync/VersionOne.TeamSync.Core.Tests/bin/Release/VersionOne.TeamSync.Core.Tests.DLL" adapterTypeName="Microsoft.VisualStudio.TestTools.TestTypes.Unit.UnitTestAdapter, Microsoft.VisualStudio.QualityTools.Tips.UnitTest.Adapter, Version=12.0.0.0, Culture=neutral, PublicKeyToken=b03f5f7f11d50a3a" className="VersionOne.TeamSync.Core.Tests.IssueExtensionTests, VersionOne.TeamSync.Core.Tests, Version=1.1.0.20, Culture=neutral, PublicKeyToken=null" name="worklog_id_becomes_reference" />
    </UnitTest>
    <UnitTest name="should_try_to_get_an_epic_id" storage="c:\dev\repos\versionone.teamsync\versionone.teamsync.core.tests\bin\release\versionone.teamsync.core.tests.dll" id="a4d4fcf8-aaa6-510d-ce97-f2da802f7080">
      <Execution id="a1551c30-c608-4a52-a04c-62ce0b520aff" />
      <TestMethod codeBase="C:/dev/repos/VersionOne.TeamSync/VersionOne.TeamSync.Core.Tests/bin/Release/VersionOne.TeamSync.Core.Tests.DLL" adapterTypeName="Microsoft.VisualStudio.TestTools.TestTypes.Unit.UnitTestAdapter, Microsoft.VisualStudio.QualityTools.Tips.UnitTest.Adapter, Version=12.0.0.0, Culture=neutral, PublicKeyToken=b03f5f7f11d50a3a" className="VersionOne.TeamSync.Core.Tests.Workers.child_defect, VersionOne.TeamSync.Core.Tests, Version=1.1.0.20, Culture=neutral, PublicKeyToken=null" name="should_try_to_get_an_epic_id" />
    </UnitTest>
    <UnitTest name="should_call_create_asset_just_one_time" storage="c:\dev\repos\versionone.teamsync\versionone.teamsync.core.tests\bin\release\versionone.teamsync.core.tests.dll" id="ed4860a2-e409-ae11-af7a-4f961aad8bc7">
      <Execution id="4fcc1465-3369-471d-a7f0-ea0d30d36fe7" />
      <TestMethod codeBase="C:/dev/repos/VersionOne.TeamSync/VersionOne.TeamSync.Core.Tests/bin/Release/VersionOne.TeamSync.Core.Tests.DLL" adapterTypeName="Microsoft.VisualStudio.TestTools.TestTypes.Unit.UnitTestAdapter, Microsoft.VisualStudio.QualityTools.Tips.UnitTest.Adapter, Version=12.0.0.0, Culture=neutral, PublicKeyToken=b03f5f7f11d50a3a" className="VersionOne.TeamSync.Core.Tests.Workers.orphan_defect, VersionOne.TeamSync.Core.Tests, Version=1.1.0.20, Culture=neutral, PublicKeyToken=null" name="should_call_create_asset_just_one_time" />
    </UnitTest>
    <UnitTest name="different_estimate_means_update" storage="c:\dev\repos\versionone.teamsync\versionone.teamsync.core.tests\bin\release\versionone.teamsync.core.tests.dll" id="370d0966-66ae-c1ec-b65b-4a3d59e00a1f">
      <Execution id="4acec477-610e-479c-acf3-e64444bf51b1" />
      <TestMethod codeBase="C:/dev/repos/VersionOne.TeamSync/VersionOne.TeamSync.Core.Tests/bin/Release/VersionOne.TeamSync.Core.Tests.DLL" adapterTypeName="Microsoft.VisualStudio.TestTools.TestTypes.Unit.UnitTestAdapter, Microsoft.VisualStudio.QualityTools.Tips.UnitTest.Adapter, Version=12.0.0.0, Culture=neutral, PublicKeyToken=b03f5f7f11d50a3a" className="VersionOne.TeamSync.Core.Tests.EqualityTests_Defect, VersionOne.TeamSync.Core.Tests, Version=1.1.0.20, Culture=neutral, PublicKeyToken=null" name="different_estimate_means_update" />
    </UnitTest>
    <UnitTest name="issue_key_becomes_reference" storage="c:\dev\repos\versionone.teamsync\versionone.teamsync.core.tests\bin\release\versionone.teamsync.core.tests.dll" id="96eed395-efdb-aca8-6612-5ce93af64e4a">
      <Execution id="e62cd37a-6ee2-4aef-985d-124100c933e7" />
      <TestMethod codeBase="C:/dev/repos/VersionOne.TeamSync/VersionOne.TeamSync.Core.Tests/bin/Release/VersionOne.TeamSync.Core.Tests.DLL" adapterTypeName="Microsoft.VisualStudio.TestTools.TestTypes.Unit.UnitTestAdapter, Microsoft.VisualStudio.QualityTools.Tips.UnitTest.Adapter, Version=12.0.0.0, Culture=neutral, PublicKeyToken=b03f5f7f11d50a3a" className="VersionOne.TeamSync.Core.Tests.IssueExtensionTests, VersionOne.TeamSync.Core.Tests, Version=1.1.0.20, Culture=neutral, PublicKeyToken=null" name="issue_key_becomes_reference" />
    </UnitTest>
    <UnitTest name="should_log_an_error" storage="c:\dev\repos\versionone.teamsync\versionone.teamsync.core.tests\bin\release\versionone.teamsync.core.tests.dll" id="b28e50c3-9216-5539-0c0a-2d0e0a285150">
      <Execution id="db963886-45dc-4d5b-9e94-bb6a9ab45305" />
      <TestMethod codeBase="C:/dev/repos/VersionOne.TeamSync/VersionOne.TeamSync.Core.Tests/bin/Release/VersionOne.TeamSync.Core.Tests.DLL" adapterTypeName="Microsoft.VisualStudio.TestTools.TestTypes.Unit.UnitTestAdapter, Microsoft.VisualStudio.QualityTools.Tips.UnitTest.Adapter, Version=12.0.0.0, Culture=neutral, PublicKeyToken=b03f5f7f11d50a3a" className="VersionOne.TeamSync.Core.Tests.StorySync.take_jira_story_to_v1_story_and_epic_is_closed, VersionOne.TeamSync.Core.Tests, Version=1.1.0.20, Culture=neutral, PublicKeyToken=null" name="should_log_an_error" />
    </UnitTest>
    <UnitTest name="should_give_us_a_count_of_the_defects_created" storage="c:\dev\repos\versionone.teamsync\versionone.teamsync.core.tests\bin\release\versionone.teamsync.core.tests.dll" id="f3afcb36-f8cc-47a1-4715-f989c2ef7a07">
      <Execution id="0a420a2e-42aa-4842-b36c-30ba749d8625" />
      <TestMethod codeBase="C:/dev/repos/VersionOne.TeamSync/VersionOne.TeamSync.Core.Tests/bin/Release/VersionOne.TeamSync.Core.Tests.DLL" adapterTypeName="Microsoft.VisualStudio.TestTools.TestTypes.Unit.UnitTestAdapter, Microsoft.VisualStudio.QualityTools.Tips.UnitTest.Adapter, Version=12.0.0.0, Culture=neutral, PublicKeyToken=b03f5f7f11d50a3a" className="VersionOne.TeamSync.Core.Tests.Workers.orphan_defect, VersionOne.TeamSync.Core.Tests, Version=1.1.0.20, Culture=neutral, PublicKeyToken=null" name="should_give_us_a_count_of_the_defects_created" />
    </UnitTest>
    <UnitTest name="makes_a_call_add_created_as_VersionOne_actual_comment" storage="c:\dev\repos\versionone.teamsync\versionone.teamsync.core.tests\bin\release\versionone.teamsync.core.tests.dll" id="063636b3-9e9a-9e2a-4fa3-75bed5436831">
      <Execution id="c88ac1a6-d646-4bde-a93c-f4be56a0a6d8" />
      <TestMethod codeBase="C:/dev/repos/VersionOne.TeamSync/VersionOne.TeamSync.Core.Tests/bin/Release/VersionOne.TeamSync.Core.Tests.DLL" adapterTypeName="Microsoft.VisualStudio.TestTools.TestTypes.Unit.UnitTestAdapter, Microsoft.VisualStudio.QualityTools.Tips.UnitTest.Adapter, Version=12.0.0.0, Culture=neutral, PublicKeyToken=b03f5f7f11d50a3a" className="VersionOne.TeamSync.Core.Tests.create_actual, VersionOne.TeamSync.Core.Tests, Version=1.1.0.20, Culture=neutral, PublicKeyToken=null" name="makes_a_call_add_created_as_VersionOne_actual_comment" />
    </UnitTest>
    <UnitTest name="deleted_epics_need_a_query_for_isDeleted_along_with_basic_attributes" storage="c:\dev\repos\versionone.teamsync\versionone.teamsync.core.tests\bin\release\versionone.teamsync.core.tests.dll" id="394a83c9-a0fb-3d02-677b-8afc83b7042e">
      <Execution id="4ad406ed-db35-418c-a2fc-8a0567856189" />
      <Properties>
        <Property>
          <Key>__Internal_AsyncTypeName__</Key>
          <Value>VersionOne.TeamSync.Core.Tests.V1DomainTests+&lt;deleted_epics_need_a_query_for_isDeleted_along_with_basic_attributes&gt;d__11</Value>
        </Property>
      </Properties>
      <TestMethod codeBase="C:/dev/repos/VersionOne.TeamSync/VersionOne.TeamSync.Core.Tests/bin/Release/VersionOne.TeamSync.Core.Tests.DLL" adapterTypeName="Microsoft.VisualStudio.TestTools.TestTypes.Unit.UnitTestAdapter, Microsoft.VisualStudio.QualityTools.Tips.UnitTest.Adapter, Version=12.0.0.0, Culture=neutral, PublicKeyToken=b03f5f7f11d50a3a" className="VersionOne.TeamSync.Core.Tests.V1DomainTests, VersionOne.TeamSync.Core.Tests, Version=1.1.0.20, Culture=neutral, PublicKeyToken=null" name="deleted_epics_need_a_query_for_isDeleted_along_with_basic_attributes" />
    </UnitTest>
    <UnitTest name="should_call_update_asset_just_one_time" storage="c:\dev\repos\versionone.teamsync\versionone.teamsync.core.tests\bin\release\versionone.teamsync.core.tests.dll" id="cfb54f8c-901a-13d6-219a-5683973ac8a8">
      <Execution id="a0c37829-9f9c-432b-a49f-a2069fb33eed" />
      <TestMethod codeBase="C:/dev/repos/VersionOne.TeamSync/VersionOne.TeamSync.Core.Tests/bin/Release/VersionOne.TeamSync.Core.Tests.DLL" adapterTypeName="Microsoft.VisualStudio.TestTools.TestTypes.Unit.UnitTestAdapter, Microsoft.VisualStudio.QualityTools.Tips.UnitTest.Adapter, Version=12.0.0.0, Culture=neutral, PublicKeyToken=b03f5f7f11d50a3a" className="VersionOne.TeamSync.Core.Tests.Workers.defect_update, VersionOne.TeamSync.Core.Tests, Version=1.1.0.20, Culture=neutral, PublicKeyToken=null" name="should_call_update_asset_just_one_time" />
    </UnitTest>
    <UnitTest name="other_items_we_ignore" storage="c:\dev\repos\versionone.teamsync\versionone.teamsync.core.tests\bin\release\versionone.teamsync.core.tests.dll" id="2bd66374-1c19-012a-dd39-1ccfe462cfe5">
      <Execution id="20fdd006-ce5a-407b-b0b9-e9b350ce0b3a" />
      <TestMethod codeBase="C:/dev/repos/VersionOne.TeamSync/VersionOne.TeamSync.Core.Tests/bin/Release/VersionOne.TeamSync.Core.Tests.DLL" adapterTypeName="Microsoft.VisualStudio.TestTools.TestTypes.Unit.UnitTestAdapter, Microsoft.VisualStudio.QualityTools.Tips.UnitTest.Adapter, Version=12.0.0.0, Culture=neutral, PublicKeyToken=b03f5f7f11d50a3a" className="VersionOne.TeamSync.Core.Tests.EqualityTests_Defect, VersionOne.TeamSync.Core.Tests, Version=1.1.0.20, Culture=neutral, PublicKeyToken=null" name="other_items_we_ignore" />
    </UnitTest>
    <UnitTest name="get_all_the_stories_in_a_project_with_a_reference" storage="c:\dev\repos\versionone.teamsync\versionone.teamsync.core.tests\bin\release\versionone.teamsync.core.tests.dll" id="578e2502-cc80-cffb-ff47-db1642d67a17">
      <Execution id="264e9f5e-6af7-4ab3-b7bf-5210c10e4cb5" />
      <Properties>
        <Property>
          <Key>__Internal_AsyncTypeName__</Key>
          <Value>VersionOne.TeamSync.Core.Tests.V1DomainTests+&lt;get_all_the_stories_in_a_project_with_a_reference&gt;d__16</Value>
        </Property>
      </Properties>
      <TestMethod codeBase="C:/dev/repos/VersionOne.TeamSync/VersionOne.TeamSync.Core.Tests/bin/Release/VersionOne.TeamSync.Core.Tests.DLL" adapterTypeName="Microsoft.VisualStudio.TestTools.TestTypes.Unit.UnitTestAdapter, Microsoft.VisualStudio.QualityTools.Tips.UnitTest.Adapter, Version=12.0.0.0, Culture=neutral, PublicKeyToken=b03f5f7f11d50a3a" className="VersionOne.TeamSync.Core.Tests.V1DomainTests, VersionOne.TeamSync.Core.Tests, Version=1.1.0.20, Culture=neutral, PublicKeyToken=null" name="get_all_the_stories_in_a_project_with_a_reference" />
    </UnitTest>
    <UnitTest name="getting_tracked_epics_is_number_name_and_ref" storage="c:\dev\repos\versionone.teamsync\versionone.teamsync.core.tests\bin\release\versionone.teamsync.core.tests.dll" id="7dff38d0-4d55-c41f-272e-91e7a64ecd14">
      <Execution id="ace92f24-acf3-45ba-8e95-be5d6bc93e4c" />
      <Properties>
        <Property>
          <Key>__Internal_AsyncTypeName__</Key>
          <Value>VersionOne.TeamSync.Core.Tests.V1DomainTests+&lt;getting_tracked_epics_is_number_name_and_ref&gt;d__c</Value>
        </Property>
      </Properties>
      <TestMethod codeBase="C:/dev/repos/VersionOne.TeamSync/VersionOne.TeamSync.Core.Tests/bin/Release/VersionOne.TeamSync.Core.Tests.DLL" adapterTypeName="Microsoft.VisualStudio.TestTools.TestTypes.Unit.UnitTestAdapter, Microsoft.VisualStudio.QualityTools.Tips.UnitTest.Adapter, Version=12.0.0.0, Culture=neutral, PublicKeyToken=b03f5f7f11d50a3a" className="VersionOne.TeamSync.Core.Tests.V1DomainTests, VersionOne.TeamSync.Core.Tests, Version=1.1.0.20, Culture=neutral, PublicKeyToken=null" name="getting_tracked_epics_is_number_name_and_ref" />
    </UnitTest>
    <UnitTest name="should_create_a_link_on_v1_epic" storage="c:\dev\repos\versionone.teamsync\versionone.teamsync.core.tests\bin\release\versionone.teamsync.core.tests.dll" id="30a461a7-9231-019c-c497-7697a1e655b2">
      <Execution id="8ddb449a-937a-4cb9-a4d2-a53d3e09200e" />
      <TestMethod codeBase="C:/dev/repos/VersionOne.TeamSync/VersionOne.TeamSync.Core.Tests/bin/Release/VersionOne.TeamSync.Core.Tests.DLL" adapterTypeName="Microsoft.VisualStudio.TestTools.TestTypes.Unit.UnitTestAdapter, Microsoft.VisualStudio.QualityTools.Tips.UnitTest.Adapter, Version=12.0.0.0, Culture=neutral, PublicKeyToken=b03f5f7f11d50a3a" className="VersionOne.TeamSync.Core.Tests.and_it_is_a_mapped_project, VersionOne.TeamSync.Core.Tests, Version=1.1.0.20, Culture=neutral, PublicKeyToken=null" name="should_create_a_link_on_v1_epic" />
    </UnitTest>
    <UnitTest name="should_not_call_either_operations_to_close_or_reopen" storage="c:\dev\repos\versionone.teamsync\versionone.teamsync.core.tests\bin\release\versionone.teamsync.core.tests.dll" id="60d2f902-762f-1c57-1315-40f66f0e1753">
      <Execution id="230f6b5b-3d68-4c31-aa7d-214824ec225f" />
      <TestMethod codeBase="C:/dev/repos/VersionOne.TeamSync/VersionOne.TeamSync.Core.Tests/bin/Release/VersionOne.TeamSync.Core.Tests.DLL" adapterTypeName="Microsoft.VisualStudio.TestTools.TestTypes.Unit.UnitTestAdapter, Microsoft.VisualStudio.QualityTools.Tips.UnitTest.Adapter, Version=12.0.0.0, Culture=neutral, PublicKeyToken=b03f5f7f11d50a3a" className="VersionOne.TeamSync.Core.Tests.StorySync.and_the_status_is_normal, VersionOne.TeamSync.Core.Tests, Version=1.1.0.20, Culture=neutral, PublicKeyToken=null" name="should_not_call_either_operations_to_close_or_reopen" />
    </UnitTest>
    <UnitTest name="should_call_create_actual_just_one_time" storage="c:\dev\repos\versionone.teamsync\versionone.teamsync.core.tests\bin\release\versionone.teamsync.core.tests.dll" id="fc46e4e2-e9dd-7438-2a4e-f954fef74d48">
      <Execution id="1fd6d5ac-e464-492f-ad96-762bdef48c52" />
      <TestMethod codeBase="C:/dev/repos/VersionOne.TeamSync/VersionOne.TeamSync.Core.Tests/bin/Release/VersionOne.TeamSync.Core.Tests.DLL" adapterTypeName="Microsoft.VisualStudio.TestTools.TestTypes.Unit.UnitTestAdapter, Microsoft.VisualStudio.QualityTools.Tips.UnitTest.Adapter, Version=12.0.0.0, Culture=neutral, PublicKeyToken=b03f5f7f11d50a3a" className="VersionOne.TeamSync.Core.Tests.create_actual, VersionOne.TeamSync.Core.Tests, Version=1.1.0.20, Culture=neutral, PublicKeyToken=null" name="should_call_create_actual_just_one_time" />
    </UnitTest>
    <UnitTest name="does_not_create_a_comment" storage="c:\dev\repos\versionone.teamsync\versionone.teamsync.core.tests\bin\release\versionone.teamsync.core.tests.dll" id="7cfd3bd9-17cf-04ac-df4b-ee8a4223ad8f">
      <Execution id="640d1686-6426-4e4e-8270-9acbbaea7721" />
      <TestMethod codeBase="C:/dev/repos/VersionOne.TeamSync/VersionOne.TeamSync.Core.Tests/bin/Release/VersionOne.TeamSync.Core.Tests.DLL" adapterTypeName="Microsoft.VisualStudio.TestTools.TestTypes.Unit.UnitTestAdapter, Microsoft.VisualStudio.QualityTools.Tips.UnitTest.Adapter, Version=12.0.0.0, Culture=neutral, PublicKeyToken=b03f5f7f11d50a3a" className="VersionOne.TeamSync.Core.Tests.StorySync.take_jira_story_to_v1_story_and_epic_is_closed, VersionOne.TeamSync.Core.Tests, Version=1.1.0.20, Culture=neutral, PublicKeyToken=null" name="does_not_create_a_comment" />
    </UnitTest>
    <UnitTest name="makes_a_call_add_a_link_back_to_jira" storage="c:\dev\repos\versionone.teamsync\versionone.teamsync.core.tests\bin\release\versionone.teamsync.core.tests.dll" id="5f6549a3-29b7-98e4-9aa4-98ce3e1f8078">
      <Execution id="e66f04d5-80a4-4cd1-bf75-a3e1997da820" />
      <TestMethod codeBase="C:/dev/repos/VersionOne.TeamSync/VersionOne.TeamSync.Core.Tests/bin/Release/VersionOne.TeamSync.Core.Tests.DLL" adapterTypeName="Microsoft.VisualStudio.TestTools.TestTypes.Unit.UnitTestAdapter, Microsoft.VisualStudio.QualityTools.Tips.UnitTest.Adapter, Version=12.0.0.0, Culture=neutral, PublicKeyToken=b03f5f7f11d50a3a" className="VersionOne.TeamSync.Core.Tests.child_story, VersionOne.TeamSync.Core.Tests, Version=1.1.0.20, Culture=neutral, PublicKeyToken=null" name="makes_a_call_add_a_link_back_to_jira" />
    </UnitTest>
    <UnitTest name="should_log_a_message_about_the_closed_epic" storage="c:\dev\repos\versionone.teamsync\versionone.teamsync.core.tests\bin\release\versionone.teamsync.core.tests.dll" id="f91a655e-75f1-507b-50e8-929d1283c785">
      <Execution id="c343eb86-6b34-4e9d-8464-c2c10dd53072" />
      <TestMethod codeBase="C:/dev/repos/VersionOne.TeamSync/VersionOne.TeamSync.Core.Tests/bin/Release/VersionOne.TeamSync.Core.Tests.DLL" adapterTypeName="Microsoft.VisualStudio.TestTools.TestTypes.Unit.UnitTestAdapter, Microsoft.VisualStudio.QualityTools.Tips.UnitTest.Adapter, Version=12.0.0.0, Culture=neutral, PublicKeyToken=b03f5f7f11d50a3a" className="VersionOne.TeamSync.Core.Tests.Workers.defect_update_with_closed_epic, VersionOne.TeamSync.Core.Tests, Version=1.1.0.20, Culture=neutral, PublicKeyToken=null" name="should_log_a_message_about_the_closed_epic" />
    </UnitTest>
    <UnitTest name="epic_type_should_have_15_properties" storage="c:\dev\repos\versionone.teamsync\versionone.teamsync.core.tests\bin\release\versionone.teamsync.core.tests.dll" id="7664a782-4b9d-d5dc-119f-d6dc03eea018">
      <DeploymentItems>
        <DeploymentItem filename="CreateMeta.json" />
      </DeploymentItems>
      <Execution id="ac837c64-3a73-4883-ad11-7603a9c98cf6" />
      <TestMethod codeBase="C:/dev/repos/VersionOne.TeamSync/VersionOne.TeamSync.Core.Tests/bin/Release/VersionOne.TeamSync.Core.Tests.DLL" adapterTypeName="Microsoft.VisualStudio.TestTools.TestTypes.Unit.UnitTestAdapter, Microsoft.VisualStudio.QualityTools.Tips.UnitTest.Adapter, Version=12.0.0.0, Culture=neutral, PublicKeyToken=b03f5f7f11d50a3a" className="VersionOne.TeamSync.Core.Tests.JsonConverter.MetaDataConverterTests, VersionOne.TeamSync.Core.Tests, Version=1.1.0.20, Culture=neutral, PublicKeyToken=null" name="epic_type_should_have_15_properties" />
    </UnitTest>
    <UnitTest name="should_call_create_story_once" storage="c:\dev\repos\versionone.teamsync\versionone.teamsync.core.tests\bin\release\versionone.teamsync.core.tests.dll" id="392a9b2a-a47b-e870-065b-c805c9b663bd">
      <Execution id="e024b1d4-bcad-40f7-9345-0d5fa05fb39e" />
      <TestMethod codeBase="C:/dev/repos/VersionOne.TeamSync/VersionOne.TeamSync.Core.Tests/bin/Release/VersionOne.TeamSync.Core.Tests.DLL" adapterTypeName="Microsoft.VisualStudio.TestTools.TestTypes.Unit.UnitTestAdapter, Microsoft.VisualStudio.QualityTools.Tips.UnitTest.Adapter, Version=12.0.0.0, Culture=neutral, PublicKeyToken=b03f5f7f11d50a3a" className="VersionOne.TeamSync.Core.Tests.Workers.take_jira_bug_to_v1_defect_and_epic_is_closed, VersionOne.TeamSync.Core.Tests, Version=1.1.0.20, Culture=neutral, PublicKeyToken=null" name="should_call_create_story_once" />
    </UnitTest>
    <UnitTest name="should_update_the_asset_once" storage="c:\dev\repos\versionone.teamsync\versionone.teamsync.core.tests\bin\release\versionone.teamsync.core.tests.dll" id="cd820eea-807c-cb79-ee75-c43d855a4c6d">
      <Execution id="af3484da-92ff-49d5-8293-7c17977a8fec" />
      <TestMethod codeBase="C:/dev/repos/VersionOne.TeamSync/VersionOne.TeamSync.Core.Tests/bin/Release/VersionOne.TeamSync.Core.Tests.DLL" adapterTypeName="Microsoft.VisualStudio.TestTools.TestTypes.Unit.UnitTestAdapter, Microsoft.VisualStudio.QualityTools.Tips.UnitTest.Adapter, Version=12.0.0.0, Culture=neutral, PublicKeyToken=b03f5f7f11d50a3a" className="VersionOne.TeamSync.Core.Tests.Workers.defect_update_with_closed_epic, VersionOne.TeamSync.Core.Tests, Version=1.1.0.20, Culture=neutral, PublicKeyToken=null" name="should_update_the_asset_once" />
    </UnitTest>
    <UnitTest name="should_post_to_v1" storage="c:\dev\repos\versionone.teamsync\versionone.teamsync.core.tests\bin\release\versionone.teamsync.core.tests.dll" id="3a76faa3-aff5-7604-ecab-2adb91d36b7b">
      <Execution id="e618e8b6-41fe-48c0-ae4d-891da795ec8b" />
      <TestMethod codeBase="C:/dev/repos/VersionOne.TeamSync/VersionOne.TeamSync.Core.Tests/bin/Release/VersionOne.TeamSync.Core.Tests.DLL" adapterTypeName="Microsoft.VisualStudio.TestTools.TestTypes.Unit.UnitTestAdapter, Microsoft.VisualStudio.QualityTools.Tips.UnitTest.Adapter, Version=12.0.0.0, Culture=neutral, PublicKeyToken=b03f5f7f11d50a3a" className="VersionOne.TeamSync.Core.Tests.when_creating_a_story, VersionOne.TeamSync.Core.Tests, Version=1.1.0.20, Culture=neutral, PublicKeyToken=null" name="should_post_to_v1" />
    </UnitTest>
    <UnitTest name="does_not_update_the_epic_in_jira" storage="c:\dev\repos\versionone.teamsync\versionone.teamsync.core.tests\bin\release\versionone.teamsync.core.tests.dll" id="6cc08c14-9165-a46c-e468-946ab63f0a06">
      <Execution id="4bea03f4-bfbc-4791-a1d3-f5bae83d74e0" />
      <TestMethod codeBase="C:/dev/repos/VersionOne.TeamSync/VersionOne.TeamSync.Core.Tests/bin/Release/VersionOne.TeamSync.Core.Tests.DLL" adapterTypeName="Microsoft.VisualStudio.TestTools.TestTypes.Unit.UnitTestAdapter, Microsoft.VisualStudio.QualityTools.Tips.UnitTest.Adapter, Version=12.0.0.0, Culture=neutral, PublicKeyToken=b03f5f7f11d50a3a" className="VersionOne.TeamSync.Core.Tests.Worker_when_there_is_1_epic_to_update_and_no_match_in_jira, VersionOne.TeamSync.Core.Tests, Version=1.1.0.20, Culture=neutral, PublicKeyToken=null" name="does_not_update_the_epic_in_jira" />
    </UnitTest>
    <UnitTest name="should_call_add_a_label_to_jira_with_the_newly_created_story" storage="c:\dev\repos\versionone.teamsync\versionone.teamsync.core.tests\bin\release\versionone.teamsync.core.tests.dll" id="d845ad1a-e2e6-6b79-3d4c-42bdd3e31729">
      <Execution id="85ce258b-de96-4d92-9afc-55b92fa85bd2" />
      <TestMethod codeBase="C:/dev/repos/VersionOne.TeamSync/VersionOne.TeamSync.Core.Tests/bin/Release/VersionOne.TeamSync.Core.Tests.DLL" adapterTypeName="Microsoft.VisualStudio.TestTools.TestTypes.Unit.UnitTestAdapter, Microsoft.VisualStudio.QualityTools.Tips.UnitTest.Adapter, Version=12.0.0.0, Culture=neutral, PublicKeyToken=b03f5f7f11d50a3a" className="VersionOne.TeamSync.Core.Tests.StorySync.take_jira_story_to_v1_story, VersionOne.TeamSync.Core.Tests, Version=1.1.0.20, Culture=neutral, PublicKeyToken=null" name="should_call_add_a_label_to_jira_with_the_newly_created_story" />
    </UnitTest>
    <UnitTest name="has_two_parameters" storage="c:\dev\repos\versionone.teamsync\versionone.teamsync.core.tests\bin\release\versionone.teamsync.core.tests.dll" id="6e453c8c-0e20-34ad-12e7-dd6d246d0304">
      <Execution id="8f9743cc-0dbe-4d76-8be7-c5287d9cda61" />
      <Properties>
        <Property>
          <Key>__Internal_DeclaringClassName__</Key>
          <Value>VersionOne.TeamSync.Core.Tests.when_using_search</Value>
        </Property>
      </Properties>
      <TestMethod codeBase="C:/dev/repos/VersionOne.TeamSync/VersionOne.TeamSync.Core.Tests/bin/Release/VersionOne.TeamSync.Core.Tests.DLL" adapterTypeName="Microsoft.VisualStudio.TestTools.TestTypes.Unit.UnitTestAdapter, Microsoft.VisualStudio.QualityTools.Tips.UnitTest.Adapter, Version=12.0.0.0, Culture=neutral, PublicKeyToken=b03f5f7f11d50a3a" className="VersionOne.TeamSync.Core.Tests.for_many_projects_for_items_in_jira, VersionOne.TeamSync.Core.Tests, Version=1.1.0.20, Culture=neutral, PublicKeyToken=null" name="has_two_parameters" />
    </UnitTest>
    <UnitTest name="should_pass_along_the_key_to_epic_reference" storage="c:\dev\repos\versionone.teamsync\versionone.teamsync.core.tests\bin\release\versionone.teamsync.core.tests.dll" id="308297b4-ebe2-e8cc-90a7-6da4fadf2bb1">
      <Execution id="9594803b-0852-4556-9562-985685e83d4c" />
      <TestMethod codeBase="C:/dev/repos/VersionOne.TeamSync/VersionOne.TeamSync.Core.Tests/bin/Release/VersionOne.TeamSync.Core.Tests.DLL" adapterTypeName="Microsoft.VisualStudio.TestTools.TestTypes.Unit.UnitTestAdapter, Microsoft.VisualStudio.QualityTools.Tips.UnitTest.Adapter, Version=12.0.0.0, Culture=neutral, PublicKeyToken=b03f5f7f11d50a3a" className="VersionOne.TeamSync.Core.Tests.and_it_is_a_mapped_project, VersionOne.TeamSync.Core.Tests, Version=1.1.0.20, Culture=neutral, PublicKeyToken=null" name="should_pass_along_the_key_to_epic_reference" />
    </UnitTest>
    <UnitTest name="should_have_5_sets_of_issues" storage="c:\dev\repos\versionone.teamsync\versionone.teamsync.core.tests\bin\release\versionone.teamsync.core.tests.dll" id="f9b9c0e5-cac1-263f-7c41-2e8f1b141757">
      <DeploymentItems>
        <DeploymentItem filename="CreateMeta.json" />
      </DeploymentItems>
      <Execution id="056972c6-62b7-4a82-a632-ca1bed5c0c34" />
      <TestMethod codeBase="C:/dev/repos/VersionOne.TeamSync/VersionOne.TeamSync.Core.Tests/bin/Release/VersionOne.TeamSync.Core.Tests.DLL" adapterTypeName="Microsoft.VisualStudio.TestTools.TestTypes.Unit.UnitTestAdapter, Microsoft.VisualStudio.QualityTools.Tips.UnitTest.Adapter, Version=12.0.0.0, Culture=neutral, PublicKeyToken=b03f5f7f11d50a3a" className="VersionOne.TeamSync.Core.Tests.JsonConverter.MetaDataConverterTests, VersionOne.TeamSync.Core.Tests, Version=1.1.0.20, Culture=neutral, PublicKeyToken=null" name="should_have_5_sets_of_issues" />
    </UnitTest>
    <UnitTest name="basic_attribute_setter_skips_an_empty_value" storage="c:\dev\repos\versionone.teamsync\versionone.teamsync.core.tests\bin\release\versionone.teamsync.core.tests.dll" id="fcc9c09e-704c-c09a-9c0e-a16513b6d82b">
      <Execution id="9ee95160-9d30-4aad-a92b-0881cb30f3fc" />
      <TestMethod codeBase="C:/dev/repos/VersionOne.TeamSync/VersionOne.TeamSync.Core.Tests/bin/Release/VersionOne.TeamSync.Core.Tests.DLL" adapterTypeName="Microsoft.VisualStudio.TestTools.TestTypes.Unit.UnitTestAdapter, Microsoft.VisualStudio.QualityTools.Tips.UnitTest.Adapter, Version=12.0.0.0, Culture=neutral, PublicKeyToken=b03f5f7f11d50a3a" className="VersionOne.TeamSync.Core.Tests.Xml.SetNodeTests, VersionOne.TeamSync.Core.Tests, Version=1.1.0.20, Culture=neutral, PublicKeyToken=null" name="basic_attribute_setter_skips_an_empty_value" />
    </UnitTest>
    <UnitTest name="makes_a_call_add_a_comment_back_to_jira" storage="c:\dev\repos\versionone.teamsync\versionone.teamsync.core.tests\bin\release\versionone.teamsync.core.tests.dll" id="0eae1952-ed41-eb57-c02f-2b307116a3fb">
      <Execution id="d2dfc552-7e12-4673-8bd1-630895b4e323" />
      <TestMethod codeBase="C:/dev/repos/VersionOne.TeamSync/VersionOne.TeamSync.Core.Tests/bin/Release/VersionOne.TeamSync.Core.Tests.DLL" adapterTypeName="Microsoft.VisualStudio.TestTools.TestTypes.Unit.UnitTestAdapter, Microsoft.VisualStudio.QualityTools.Tips.UnitTest.Adapter, Version=12.0.0.0, Culture=neutral, PublicKeyToken=b03f5f7f11d50a3a" className="VersionOne.TeamSync.Core.Tests.Workers.orphan_defect, VersionOne.TeamSync.Core.Tests, Version=1.1.0.20, Culture=neutral, PublicKeyToken=null" name="makes_a_call_add_a_comment_back_to_jira" />
    </UnitTest>
    <UnitTest name="when_the_content_types_match_it_should_do_nothing" storage="c:\dev\repos\versionone.teamsync\versionone.teamsync.core.tests\bin\release\versionone.teamsync.core.tests.dll" id="d20fbcc7-07f2-8d10-b063-e01cc4048087">
      <Execution id="4d8b8dc7-3271-4230-ae06-b424dd5aa210" />
      <TestMethod codeBase="C:/dev/repos/VersionOne.TeamSync/VersionOne.TeamSync.Core.Tests/bin/Release/VersionOne.TeamSync.Core.Tests.DLL" adapterTypeName="Microsoft.VisualStudio.TestTools.TestTypes.Unit.UnitTestAdapter, Microsoft.VisualStudio.QualityTools.Tips.UnitTest.Adapter, Version=12.0.0.0, Culture=neutral, PublicKeyToken=b03f5f7f11d50a3a" className="VersionOne.TeamSync.Core.Tests.Executing_a_request_with_no_return, VersionOne.TeamSync.Core.Tests, Version=1.1.0.20, Culture=neutral, PublicKeyToken=null" name="when_the_content_types_match_it_should_do_nothing" />
    </UnitTest>
    <UnitTest name="should_match_updated_value" storage="c:\dev\repos\versionone.teamsync\versionone.teamsync.core.tests\bin\release\versionone.teamsync.core.tests.dll" id="dd8055ca-b282-2beb-afe0-2baa9acea7fa">
      <Execution id="0f593300-9d19-4d2b-ac61-590e4aefe0d9" />
      <TestMethod codeBase="C:/dev/repos/VersionOne.TeamSync/VersionOne.TeamSync.Core.Tests/bin/Release/VersionOne.TeamSync.Core.Tests.DLL" adapterTypeName="Microsoft.VisualStudio.TestTools.TestTypes.Unit.UnitTestAdapter, Microsoft.VisualStudio.QualityTools.Tips.UnitTest.Adapter, Version=12.0.0.0, Culture=neutral, PublicKeyToken=b03f5f7f11d50a3a" className="VersionOne.TeamSync.Core.Tests.actual_update, VersionOne.TeamSync.Core.Tests, Version=1.1.0.20, Culture=neutral, PublicKeyToken=null" name="should_match_updated_value" />
    </UnitTest>
  </TestDefinitions>
  <TestLists>
    <TestList name="Results Not in a List" id="8c84fa94-04c1-424b-9868-57a2d4851a1d" />
    <TestList name="All Loaded Results" id="19431567-8539-422a-85d7-44ee4e166bda" />
  </TestLists>
  <TestEntries>
    <TestEntry testId="7498816b-5778-8a5a-cdae-b4e5c0b5d787" executionId="6b374f1e-948f-46ad-8930-c18b36488d62" testListId="8c84fa94-04c1-424b-9868-57a2d4851a1d" />
    <TestEntry testId="4f05108f-fc69-7578-9eae-95437d76a13d" executionId="45056b0c-d078-44e2-a741-ae64e337791f" testListId="8c84fa94-04c1-424b-9868-57a2d4851a1d" />
    <TestEntry testId="ca6c2994-8a40-a203-512d-2b58e98dc5f4" executionId="7c0f1de4-6c78-4ab8-9e93-b6e2e162f0b7" testListId="8c84fa94-04c1-424b-9868-57a2d4851a1d" />
    <TestEntry testId="dd8055ca-b282-2beb-afe0-2baa9acea7fa" executionId="0f593300-9d19-4d2b-ac61-590e4aefe0d9" testListId="8c84fa94-04c1-424b-9868-57a2d4851a1d" />
    <TestEntry testId="bf9fba92-d101-72d1-b02e-54a6ee65aac5" executionId="4e21fe1c-9895-4989-b1be-86ded013368b" testListId="8c84fa94-04c1-424b-9868-57a2d4851a1d" />
    <TestEntry testId="7a02b98e-7e41-d440-a223-67a477e23661" executionId="8fbdee31-e8b8-4f47-81f2-adef7e6e5193" testListId="8c84fa94-04c1-424b-9868-57a2d4851a1d" />
    <TestEntry testId="30a461a7-9231-019c-c497-7697a1e655b2" executionId="8ddb449a-937a-4cb9-a4d2-a53d3e09200e" testListId="8c84fa94-04c1-424b-9868-57a2d4851a1d" />
    <TestEntry testId="308297b4-ebe2-e8cc-90a7-6da4fadf2bb1" executionId="9594803b-0852-4556-9562-985685e83d4c" testListId="8c84fa94-04c1-424b-9868-57a2d4851a1d" />
    <TestEntry testId="7dc1a8ff-86e5-b22f-1e6d-8965b3c09bb3" executionId="53c230ac-5afc-4fbe-9468-390ad8645f53" testListId="8c84fa94-04c1-424b-9868-57a2d4851a1d" />
    <TestEntry testId="18fdb45e-6a55-7487-9dd8-47521b8c4d5b" executionId="d04bfe51-21bd-452a-9756-932531d5e160" testListId="8c84fa94-04c1-424b-9868-57a2d4851a1d" />
    <TestEntry testId="9d2d67aa-f005-075b-ddaa-edd6ba861378" executionId="4c2c643f-1750-4cd1-be1a-2503e002b0a9" testListId="8c84fa94-04c1-424b-9868-57a2d4851a1d" />
    <TestEntry testId="de990dcd-4a48-dbd8-10b7-a0a4b98b846d" executionId="9602228c-9411-4c22-b9f3-4a1236e2dc10" testListId="8c84fa94-04c1-424b-9868-57a2d4851a1d" />
    <TestEntry testId="d9b6340b-309c-68ea-73bc-798deffc761a" executionId="52902f0f-2475-4852-b5b0-f2649e268a51" testListId="8c84fa94-04c1-424b-9868-57a2d4851a1d" />
    <TestEntry testId="9eadf62f-c457-1f32-2d54-e0859422f3a0" executionId="b1c766be-8db8-4f23-b242-6a69c90bf09d" testListId="8c84fa94-04c1-424b-9868-57a2d4851a1d" />
    <TestEntry testId="d4a099a6-4cb3-3d86-7037-3dab556a7f69" executionId="d686a9cf-5f8a-493e-9961-e7c791101d28" testListId="8c84fa94-04c1-424b-9868-57a2d4851a1d" />
    <TestEntry testId="5f6549a3-29b7-98e4-9aa4-98ce3e1f8078" executionId="e66f04d5-80a4-4cd1-bf75-a3e1997da820" testListId="8c84fa94-04c1-424b-9868-57a2d4851a1d" />
    <TestEntry testId="11197cae-76f5-1db7-eca6-794995dad23f" executionId="5a3796a5-1223-4b4a-a9da-3ec635d4c1a0" testListId="8c84fa94-04c1-424b-9868-57a2d4851a1d" />
    <TestEntry testId="2f7999ef-f28d-70d1-5612-c28adde7a58b" executionId="3ebf5d52-4257-4e8f-bea4-f4efb884110f" testListId="8c84fa94-04c1-424b-9868-57a2d4851a1d" />
    <TestEntry testId="19c14232-a109-53fd-a537-084cde1f58b0" executionId="5f276359-4000-4c3b-bf2c-8edbe5716dea" testListId="8c84fa94-04c1-424b-9868-57a2d4851a1d" />
    <TestEntry testId="8d222610-b609-c418-e595-485734af77d8" executionId="a81fbf7c-e5f8-4961-a8ee-0ae18bee203b" testListId="8c84fa94-04c1-424b-9868-57a2d4851a1d" />
    <TestEntry testId="063636b3-9e9a-9e2a-4fa3-75bed5436831" executionId="c88ac1a6-d646-4bde-a93c-f4be56a0a6d8" testListId="8c84fa94-04c1-424b-9868-57a2d4851a1d" />
    <TestEntry testId="fc46e4e2-e9dd-7438-2a4e-f954fef74d48" executionId="1fd6d5ac-e464-492f-ad96-762bdef48c52" testListId="8c84fa94-04c1-424b-9868-57a2d4851a1d" />
    <TestEntry testId="a9e21aff-2cf2-8baa-1619-d9d58ece1ce5" executionId="a1fcbfb6-0642-4e0a-8a7e-cac47c50367e" testListId="8c84fa94-04c1-424b-9868-57a2d4851a1d" />
    <TestEntry testId="5be88f42-415b-ed4c-6676-7af0dc752928" executionId="530e39dc-5844-41fb-8892-db6fd9748f37" testListId="8c84fa94-04c1-424b-9868-57a2d4851a1d" />
    <TestEntry testId="78a93613-17d6-7df6-6960-4361166b8e18" executionId="ada95837-bc91-4322-9060-acdd8742bf17" testListId="8c84fa94-04c1-424b-9868-57a2d4851a1d" />
    <TestEntry testId="ccb7078e-10e8-34e4-0e50-9176917d1373" executionId="b4d39a7b-61b8-45d0-b9e4-a6aeed0d700c" testListId="8c84fa94-04c1-424b-9868-57a2d4851a1d" />
    <TestEntry testId="370d0966-66ae-c1ec-b65b-4a3d59e00a1f" executionId="4acec477-610e-479c-acf3-e64444bf51b1" testListId="8c84fa94-04c1-424b-9868-57a2d4851a1d" />
    <TestEntry testId="24a7aa82-59fd-bde7-1d27-dcae1d1676e7" executionId="5b20b96c-b8b6-4faa-95dd-09c305c29934" testListId="8c84fa94-04c1-424b-9868-57a2d4851a1d" />
    <TestEntry testId="13a771aa-4195-68fc-efc0-f5daaa8e2abe" executionId="9f9c5a7d-ce75-47d7-8b98-af19d766b53e" testListId="8c84fa94-04c1-424b-9868-57a2d4851a1d" />
    <TestEntry testId="8bfa94cf-8ab2-63c7-7e1f-b761235c58ff" executionId="62418da4-2196-46c4-b44e-17ef7607f298" testListId="8c84fa94-04c1-424b-9868-57a2d4851a1d" />
    <TestEntry testId="2652ba37-36fb-e8a6-45b7-1e9432ff4766" executionId="c8b95cc2-883b-432d-a6a6-824fa5ec5ec1" testListId="8c84fa94-04c1-424b-9868-57a2d4851a1d" />
    <TestEntry testId="2bd66374-1c19-012a-dd39-1ccfe462cfe5" executionId="20fdd006-ce5a-407b-b0b9-e9b350ce0b3a" testListId="8c84fa94-04c1-424b-9868-57a2d4851a1d" />
    <TestEntry testId="c1f164c2-d2c5-fb6b-23ec-4e887b903660" executionId="32cb771a-4cfc-481f-b7c4-0fb839ae236a" testListId="8c84fa94-04c1-424b-9868-57a2d4851a1d" />
    <TestEntry testId="9ba7ffba-d743-f679-f0ef-8a7fe83845ad" executionId="6fc0a368-46ab-4ff4-b99f-98afbe834584" testListId="8c84fa94-04c1-424b-9868-57a2d4851a1d" />
    <TestEntry testId="56431fc2-dc73-3e22-a8ed-fac7003fc82b" executionId="8dc519b4-593d-49a1-8290-c7a1ed86344f" testListId="8c84fa94-04c1-424b-9868-57a2d4851a1d" />
    <TestEntry testId="4f440371-e6e1-0514-902b-8e6501e79653" executionId="fa36175c-cd4c-4c11-abd3-74efeac0cc2c" testListId="8c84fa94-04c1-424b-9868-57a2d4851a1d" />
    <TestEntry testId="ed66acdf-d679-26f3-cd93-d24e908af72e" executionId="135bde72-3463-496c-a065-535c0ccac747" testListId="8c84fa94-04c1-424b-9868-57a2d4851a1d" />
    <TestEntry testId="756615fd-de87-5db8-f0c6-96176e84bff5" executionId="f89de94c-f114-48e9-a905-08d6d3b86ec1" testListId="8c84fa94-04c1-424b-9868-57a2d4851a1d" />
    <TestEntry testId="0924a7ea-e553-197a-453e-0f848e7913f2" executionId="47363eb4-da61-45fc-980a-950692632434" testListId="8c84fa94-04c1-424b-9868-57a2d4851a1d" />
    <TestEntry testId="5dd8bc2c-6ad7-872a-533e-b0b8e5fb0b3c" executionId="762efd57-5a01-4af4-b12b-0aaaa788096e" testListId="8c84fa94-04c1-424b-9868-57a2d4851a1d" />
    <TestEntry testId="941775c9-6c2f-5bc9-1f08-03091afe8eb3" executionId="88c6dc50-0951-4dc8-a267-5d325846b3ec" testListId="8c84fa94-04c1-424b-9868-57a2d4851a1d" />
    <TestEntry testId="05197d23-5b3d-1565-f5f8-ecff59c83c53" executionId="5561d680-d091-464d-b2a6-53504c1bb10e" testListId="8c84fa94-04c1-424b-9868-57a2d4851a1d" />
    <TestEntry testId="f6b9b387-8e1a-dc7e-4705-273a6b4f21d6" executionId="bec1d7bf-441b-4a63-bd65-93dca3f93774" testListId="8c84fa94-04c1-424b-9868-57a2d4851a1d" />
    <TestEntry testId="ecc047f1-5287-a32a-7847-b50f70c87baf" executionId="b3a90706-d273-4ec2-adc3-293ce6b26683" testListId="8c84fa94-04c1-424b-9868-57a2d4851a1d" />
    <TestEntry testId="f012a005-c0f7-f682-7026-4aa30aca8d6b" executionId="fd5a47c0-7499-4959-813e-eb32b8cd42f2" testListId="8c84fa94-04c1-424b-9868-57a2d4851a1d" />
    <TestEntry testId="c5196c18-7cb7-cace-e113-1d56ee33e8b6" executionId="82be5064-fc21-414c-987f-4539e09f96f9" testListId="8c84fa94-04c1-424b-9868-57a2d4851a1d" />
    <TestEntry testId="755011c5-f62a-7835-d624-ac85d7ea4444" executionId="812a54b2-7cb7-48bc-beae-6d7503d1a92a" testListId="8c84fa94-04c1-424b-9868-57a2d4851a1d" />
    <TestEntry testId="4e983407-5545-d04b-a350-6eee99f5f035" executionId="8b75e0d3-4d3d-478f-ab20-b08328ba0eef" testListId="8c84fa94-04c1-424b-9868-57a2d4851a1d" />
    <TestEntry testId="46787177-ef86-cc84-e285-82f8e0cf28bd" executionId="a6d8322a-940c-46b8-8753-782607152554" testListId="8c84fa94-04c1-424b-9868-57a2d4851a1d" />
    <TestEntry testId="d20fbcc7-07f2-8d10-b063-e01cc4048087" executionId="4d8b8dc7-3271-4230-ae06-b424dd5aa210" testListId="8c84fa94-04c1-424b-9868-57a2d4851a1d" />
    <TestEntry testId="946dbe75-d34f-04b1-bf17-4cc8a4e62e1c" executionId="8df67b69-8dc2-45d9-bb00-21bef1d6f4a0" testListId="8c84fa94-04c1-424b-9868-57a2d4851a1d" />
    <TestEntry testId="03d4ba6b-5c6e-ee83-cf11-a4e8e5fa4192" executionId="72265b73-36e1-4cdb-8b2d-3f9927a8abdb" testListId="8c84fa94-04c1-424b-9868-57a2d4851a1d" />
    <TestEntry testId="56a81558-0cfb-96f7-7fa8-8142d6235845" executionId="1be43347-1b9b-4308-9c6c-87b9a071decf" testListId="8c84fa94-04c1-424b-9868-57a2d4851a1d" />
    <TestEntry testId="6e453c8c-0e20-34ad-12e7-dd6d246d0304" executionId="8f9743cc-0dbe-4d76-8be7-c5287d9cda61" testListId="8c84fa94-04c1-424b-9868-57a2d4851a1d" />
    <TestEntry testId="80699f81-618d-bead-18da-a098bf9456ff" executionId="c0adc02a-4d96-4683-8125-b4318bb8852a" testListId="8c84fa94-04c1-424b-9868-57a2d4851a1d" />
    <TestEntry testId="67fd1e13-3538-01b6-63d4-f0b04dea512c" executionId="8a39a6ad-cee4-467b-b39a-1a5de3c2e191" testListId="8c84fa94-04c1-424b-9868-57a2d4851a1d" />
    <TestEntry testId="87b15999-7cbe-55e3-64a7-4530eeb9079d" executionId="84a67a54-9154-4d20-aef4-29e38c2235d5" testListId="8c84fa94-04c1-424b-9868-57a2d4851a1d" />
    <TestEntry testId="d45fa6aa-e319-4e1a-538f-67ad7ce6f909" executionId="b6041209-79da-4a9a-b90d-6067d726a165" testListId="8c84fa94-04c1-424b-9868-57a2d4851a1d" />
    <TestEntry testId="865bb5ff-a377-9868-7895-44bcc15531f0" executionId="07d62743-086f-45f2-afef-e44c8fe7797e" testListId="8c84fa94-04c1-424b-9868-57a2d4851a1d" />
    <TestEntry testId="188a1f9d-86d9-53e5-65e2-0cc60f4cdf42" executionId="1ec53d52-d19f-40d1-b8da-16bf6be1ddf2" testListId="8c84fa94-04c1-424b-9868-57a2d4851a1d" />
    <TestEntry testId="9167a63e-ebf4-8110-49e2-4dc38d5a41f8" executionId="378eb02e-347a-4e56-b94b-07fae669eb2f" testListId="8c84fa94-04c1-424b-9868-57a2d4851a1d" />
    <TestEntry testId="1e9ff314-7c92-3090-8a5f-66e27262b6a4" executionId="cd2a9ea7-f4a8-4acf-99e7-307526520f99" testListId="8c84fa94-04c1-424b-9868-57a2d4851a1d" />
    <TestEntry testId="069aa85c-e700-e5a2-ad3e-9d5ef2115b1f" executionId="b0c25c88-431e-4e41-8777-f1da19d792fc" testListId="8c84fa94-04c1-424b-9868-57a2d4851a1d" />
    <TestEntry testId="4b918b26-ba6e-e0b3-1129-e78f7dd426f7" executionId="ce13592a-8357-40c3-85ea-f09e323279e9" testListId="8c84fa94-04c1-424b-9868-57a2d4851a1d" />
    <TestEntry testId="7e959f4e-c18d-7408-3cc4-ffe30c6f9713" executionId="d72cbceb-92dd-47c3-ad89-f83875fa4c61" testListId="8c84fa94-04c1-424b-9868-57a2d4851a1d" />
    <TestEntry testId="842f58c8-3234-0ede-11a7-6dbc9d5b135b" executionId="16121203-517d-4cb0-afb6-b75bb66af93e" testListId="8c84fa94-04c1-424b-9868-57a2d4851a1d" />
    <TestEntry testId="38347bc0-45a7-6fe8-4b95-ec13ed172ed2" executionId="b7661d0d-c7cd-458c-965d-4b863abea103" testListId="8c84fa94-04c1-424b-9868-57a2d4851a1d" />
    <TestEntry testId="f8066bcc-209a-c26b-7c9d-fa85683a3e0b" executionId="fd1b2def-eec5-4e2a-95de-1f9431c13cce" testListId="8c84fa94-04c1-424b-9868-57a2d4851a1d" />
    <TestEntry testId="ecc3c763-22f6-1079-0ff0-eb732e18be41" executionId="8feb77fc-67ad-4c4e-8118-2cd54c208693" testListId="8c84fa94-04c1-424b-9868-57a2d4851a1d" />
    <TestEntry testId="1581b7fd-5de2-6bd2-f10f-be0f7cde7122" executionId="c9665346-4cae-4642-b679-ed16a154e3fc" testListId="8c84fa94-04c1-424b-9868-57a2d4851a1d" />
    <TestEntry testId="0144b492-2aec-c672-6a21-c290907fc74a" executionId="9825184e-546b-4357-a2b6-a57b28339c37" testListId="8c84fa94-04c1-424b-9868-57a2d4851a1d" />
    <TestEntry testId="3ab0c4df-49ac-8bcf-f11a-459b04452264" executionId="e67403d7-9626-48e2-a6f9-13b208046326" testListId="8c84fa94-04c1-424b-9868-57a2d4851a1d" />
    <TestEntry testId="94243e1e-513a-7b03-632b-359d0a688071" executionId="8425ee37-b9c8-4189-ae06-e0837f5d152b" testListId="8c84fa94-04c1-424b-9868-57a2d4851a1d" />
    <TestEntry testId="a19eac50-b40e-ff48-791b-62c956d243ce" executionId="1fc54029-924a-4f4d-850e-958bac5cb8af" testListId="8c84fa94-04c1-424b-9868-57a2d4851a1d" />
    <TestEntry testId="74a39df2-266a-2c24-cb6d-2361da1084b2" executionId="6cbba6f2-8949-4877-b7b5-54fa8948f8ae" testListId="8c84fa94-04c1-424b-9868-57a2d4851a1d" />
    <TestEntry testId="69cacab8-04c3-d82f-7246-dbb0313c61c3" executionId="a384cd2e-a60a-4902-836b-d6ec36b6f702" testListId="8c84fa94-04c1-424b-9868-57a2d4851a1d" />
    <TestEntry testId="96eed395-efdb-aca8-6612-5ce93af64e4a" executionId="e62cd37a-6ee2-4aef-985d-124100c933e7" testListId="8c84fa94-04c1-424b-9868-57a2d4851a1d" />
    <TestEntry testId="417b312d-1a92-5dd3-d042-5ef3a5ebf586" executionId="f0787670-2ff7-4a69-b816-ffe503579268" testListId="8c84fa94-04c1-424b-9868-57a2d4851a1d" />
    <TestEntry testId="9dcfb979-c37e-63e1-e20e-9758b3f8337d" executionId="e395da38-6226-41c7-99b1-d72e5026a6e6" testListId="8c84fa94-04c1-424b-9868-57a2d4851a1d" />
    <TestEntry testId="e2ae81aa-3b2f-d525-fecc-bcfb8be4876e" executionId="b1300ece-9234-4440-b4ba-fbd8805b5498" testListId="8c84fa94-04c1-424b-9868-57a2d4851a1d" />
    <TestEntry testId="026b298d-5351-5b44-bbdc-5838d040fbf1" executionId="526df4a0-437d-4cc6-9f83-75197432ebfc" testListId="8c84fa94-04c1-424b-9868-57a2d4851a1d" />
    <TestEntry testId="8fb5d0ad-2a71-593d-1b4a-7642ea73d25e" executionId="b6d5c313-61b8-4969-8ff4-f2d35c1622ad" testListId="8c84fa94-04c1-424b-9868-57a2d4851a1d" />
    <TestEntry testId="33064bb2-5866-c189-2aca-f02d4ed6c94e" executionId="32227557-fad9-4efe-abae-c25027fe173c" testListId="8c84fa94-04c1-424b-9868-57a2d4851a1d" />
    <TestEntry testId="bd9f7548-9838-12f2-8291-82e96fd11935" executionId="d3916f94-f007-4b50-8ab4-670360537f0b" testListId="8c84fa94-04c1-424b-9868-57a2d4851a1d" />
    <TestEntry testId="53b20a3d-170c-a149-6239-6a875c929617" executionId="1543d109-5159-4d40-825b-98bf7c7308b1" testListId="8c84fa94-04c1-424b-9868-57a2d4851a1d" />
    <TestEntry testId="3948f5d9-33ea-b592-6ea1-3b0a88dde944" executionId="38572c21-808e-4089-b53f-4ed2845fa90c" testListId="8c84fa94-04c1-424b-9868-57a2d4851a1d" />
    <TestEntry testId="9a393d67-6073-9508-90ab-6ca1a437584b" executionId="b1f7c509-caec-44db-a59b-820bd5784d97" testListId="8c84fa94-04c1-424b-9868-57a2d4851a1d" />
    <TestEntry testId="c553ed22-adc3-afe9-427c-07019092e292" executionId="ceb614bd-b8e5-4523-bd1b-ad6e1e9d46a3" testListId="8c84fa94-04c1-424b-9868-57a2d4851a1d" />
    <TestEntry testId="0c9ea319-e8ca-2af8-ed50-974e7f45dffe" executionId="7d31c6c5-356b-4d3d-9e53-c88c5360af3a" testListId="8c84fa94-04c1-424b-9868-57a2d4851a1d" />
    <TestEntry testId="b2e541ca-e9e3-d729-f872-79e461b9744c" executionId="ecc33c6c-a2f0-4dba-b3cf-3c5122117827" testListId="8c84fa94-04c1-424b-9868-57a2d4851a1d" />
    <TestEntry testId="c8811859-8e6d-efce-5e07-30fc4255b200" executionId="c1d1a795-11fb-42bb-a476-f13152a05e26" testListId="8c84fa94-04c1-424b-9868-57a2d4851a1d" />
    <TestEntry testId="70d9e68c-5200-4a5a-b237-4f3f71f2800f" executionId="72a5337c-423c-462a-83e0-af4b51e93d28" testListId="8c84fa94-04c1-424b-9868-57a2d4851a1d" />
    <TestEntry testId="092f652c-6cb2-faeb-6f1b-b217e61a7657" executionId="94273319-d4b7-43e7-9256-b2c132b34a67" testListId="8c84fa94-04c1-424b-9868-57a2d4851a1d" />
    <TestEntry testId="e3919975-5055-d42b-f6e0-fdcdc63f41d3" executionId="564a7b8e-b745-42bf-9537-23f7047eabba" testListId="8c84fa94-04c1-424b-9868-57a2d4851a1d" />
    <TestEntry testId="7664a782-4b9d-d5dc-119f-d6dc03eea018" executionId="ac837c64-3a73-4883-ad11-7603a9c98cf6" testListId="8c84fa94-04c1-424b-9868-57a2d4851a1d" />
    <TestEntry testId="7c328bd2-df4e-873d-ee1b-98c3a66bd58c" executionId="82932d10-a4d9-4523-a84f-8aa275d16dea" testListId="8c84fa94-04c1-424b-9868-57a2d4851a1d" />
    <TestEntry testId="f9b9c0e5-cac1-263f-7c41-2e8f1b141757" executionId="056972c6-62b7-4a82-a632-ca1bed5c0c34" testListId="8c84fa94-04c1-424b-9868-57a2d4851a1d" />
    <TestEntry testId="b0bf992d-67a0-4bf1-6102-e6548bd7e11c" executionId="10eddb93-329e-4cf5-9dc2-ea1ef98c2c58" testListId="8c84fa94-04c1-424b-9868-57a2d4851a1d" />
    <TestEntry testId="54e7a827-a107-5cb0-8e09-5b3a968d4023" executionId="585ac745-2c29-4745-9640-8d70dca307e9" testListId="8c84fa94-04c1-424b-9868-57a2d4851a1d" />
    <TestEntry testId="d2b7573d-7f7a-473b-b8b3-77b013351a4a" executionId="024d9f37-70df-4055-bf37-5612299552ac" testListId="8c84fa94-04c1-424b-9868-57a2d4851a1d" />
    <TestEntry testId="d8ae65da-1195-d8f5-a279-2ed3d2892714" executionId="6141d625-a505-4292-9f12-6fe6363ac230" testListId="8c84fa94-04c1-424b-9868-57a2d4851a1d" />
    <TestEntry testId="a3aa44ec-fb5c-d598-6967-bd33621bbb95" executionId="ddea3c93-9231-4b60-8fda-71d49fb00e8a" testListId="8c84fa94-04c1-424b-9868-57a2d4851a1d" />
    <TestEntry testId="4bb2f22e-8f2e-50bf-761a-de5b84ba02b0" executionId="cbee639c-5d6c-4f8f-a7f2-7b308bfdf76b" testListId="8c84fa94-04c1-424b-9868-57a2d4851a1d" />
    <TestEntry testId="3ab1c79b-513f-b1b7-004c-f3c402bd3e4c" executionId="fc954493-3a3a-4e8e-a9bc-3e25efcb5a46" testListId="8c84fa94-04c1-424b-9868-57a2d4851a1d" />
    <TestEntry testId="c189aec1-f792-605a-4d45-7d9ffd65612b" executionId="3bc00fc2-e092-4d89-8ff0-9ca543356863" testListId="8c84fa94-04c1-424b-9868-57a2d4851a1d" />
    <TestEntry testId="fe364416-02e1-5cd3-095b-02257b023ad1" executionId="7f6ae31b-2303-4b33-bef0-2299da8bc83d" testListId="8c84fa94-04c1-424b-9868-57a2d4851a1d" />
    <TestEntry testId="189132ef-3b03-1a59-eac3-ea0849320c1b" executionId="1cee03d4-3f32-4618-b370-2f4ed5ad9de1" testListId="8c84fa94-04c1-424b-9868-57a2d4851a1d" />
    <TestEntry testId="5e813e99-13b7-8be8-7418-43913bfdaf9e" executionId="c163c09a-0b2f-495d-be9c-89ea1b1e8411" testListId="8c84fa94-04c1-424b-9868-57a2d4851a1d" />
    <TestEntry testId="6177ca55-578c-ba9c-7a78-75da4b6c3658" executionId="ad916618-e57b-4431-bf47-13f408456c16" testListId="8c84fa94-04c1-424b-9868-57a2d4851a1d" />
    <TestEntry testId="ff4f6324-14c2-135e-f88a-7da41a92db14" executionId="bd70938c-0938-4f8c-a2ed-c08e3a891c92" testListId="8c84fa94-04c1-424b-9868-57a2d4851a1d" />
    <TestEntry testId="653829f3-59e9-e183-a03c-0280008797ef" executionId="3b5e6728-ca7d-4cff-8599-ce4096e3f3cb" testListId="8c84fa94-04c1-424b-9868-57a2d4851a1d" />
    <TestEntry testId="6b4f5e4e-7af1-98ad-fcef-4532fd0a20f9" executionId="38ac967a-5723-42ee-822d-d495933ea6c6" testListId="8c84fa94-04c1-424b-9868-57a2d4851a1d" />
    <TestEntry testId="2bf42bc1-5575-e8b6-d93f-a6cf3ff03d71" executionId="f91ff854-2b32-48e1-9a32-98c9d8d9265c" testListId="8c84fa94-04c1-424b-9868-57a2d4851a1d" />
    <TestEntry testId="76de075c-2879-aa01-68fb-63d3c0f7eb1c" executionId="c311c57e-e4e9-445e-9190-787396627301" testListId="8c84fa94-04c1-424b-9868-57a2d4851a1d" />
    <TestEntry testId="dc6e54ac-b554-53de-6a8e-e99b2757c024" executionId="9f8109ab-d8c7-4c8f-86c5-135371767c38" testListId="8c84fa94-04c1-424b-9868-57a2d4851a1d" />
    <TestEntry testId="5730a4e6-f4c6-9402-a289-1183b8171a0b" executionId="52e9d32c-3e7e-4960-9ea9-af26905356f4" testListId="8c84fa94-04c1-424b-9868-57a2d4851a1d" />
    <TestEntry testId="5bcc6b4d-0123-1f07-709a-65a208da1bbf" executionId="759e8bd3-4cbc-4ae5-95b0-f32925e8a2de" testListId="8c84fa94-04c1-424b-9868-57a2d4851a1d" />
    <TestEntry testId="8ba803b4-4806-8ead-3e6f-9af6bbd72c25" executionId="172c383e-fa0c-43fa-9849-e9333e19adc3" testListId="8c84fa94-04c1-424b-9868-57a2d4851a1d" />
    <TestEntry testId="ace7038c-c5a7-de23-1f2a-d0e7fd972954" executionId="90774a6b-00d5-40de-87f7-2dd85b941084" testListId="8c84fa94-04c1-424b-9868-57a2d4851a1d" />
    <TestEntry testId="1a53bf63-7f68-fa13-fc02-54ef19b26c61" executionId="3c5dd31a-a9e2-4887-bf0b-0293d9b64aa1" testListId="8c84fa94-04c1-424b-9868-57a2d4851a1d" />
    <TestEntry testId="0ed99ea3-95f0-913a-2c15-b57634911d0e" executionId="c407246a-76d5-4d08-958e-f0432df48cec" testListId="8c84fa94-04c1-424b-9868-57a2d4851a1d" />
    <TestEntry testId="fd9d4dec-b77f-18a5-a0e1-c9e90b84da32" executionId="3e7421e9-66a5-4936-ba9d-7da70ccf8bbf" testListId="8c84fa94-04c1-424b-9868-57a2d4851a1d" />
    <TestEntry testId="70167dab-4448-2829-e5de-df0245a7ffbe" executionId="003eb8ac-ee1b-4bf8-9aad-5775b27a6caf" testListId="8c84fa94-04c1-424b-9868-57a2d4851a1d" />
    <TestEntry testId="1f1d9103-b75a-300d-af44-8f44b9875c6e" executionId="5f425023-24ef-4d5d-8673-b8e54f811779" testListId="8c84fa94-04c1-424b-9868-57a2d4851a1d" />
    <TestEntry testId="66a60bf1-aa87-4ca8-ccfa-df9e0e5240ba" executionId="aae0e0c5-1d37-4ebe-a867-594245f7d26b" testListId="8c84fa94-04c1-424b-9868-57a2d4851a1d" />
    <TestEntry testId="738b9b02-b250-17cf-a2bf-0e9bd3db029a" executionId="1ac6bf87-53b0-468c-b7ff-27030b83dd99" testListId="8c84fa94-04c1-424b-9868-57a2d4851a1d" />
    <TestEntry testId="c9408e43-b48c-755d-2cb9-59411aa56115" executionId="306d56ef-aae7-4ca3-9e89-40480462b8bc" testListId="8c84fa94-04c1-424b-9868-57a2d4851a1d" />
    <TestEntry testId="3c105b00-fd2f-2b14-04e3-a74a6cd955e6" executionId="94624381-619f-4a7f-b693-1f55a1cf94af" testListId="8c84fa94-04c1-424b-9868-57a2d4851a1d" />
    <TestEntry testId="ea0ec4a5-849c-43bd-0799-eb8fea1943b2" executionId="8302222e-b401-47e8-acf8-54d7e6dcd712" testListId="8c84fa94-04c1-424b-9868-57a2d4851a1d" />
    <TestEntry testId="416e3ca3-b89f-7971-4b8d-3f0bee98c1eb" executionId="cc827627-fa8e-417c-b310-f6e61210e94f" testListId="8c84fa94-04c1-424b-9868-57a2d4851a1d" />
    <TestEntry testId="68485a4a-30da-f7e2-89c7-9f15271044c6" executionId="1cdf245d-388b-4680-9ae0-fa602c335ced" testListId="8c84fa94-04c1-424b-9868-57a2d4851a1d" />
    <TestEntry testId="148af372-1493-fdfc-fe55-5bef0d7c9b52" executionId="fe7640da-31fc-40d7-87b3-b216b0cff2a5" testListId="8c84fa94-04c1-424b-9868-57a2d4851a1d" />
    <TestEntry testId="60d2f902-762f-1c57-1315-40f66f0e1753" executionId="230f6b5b-3d68-4c31-aa7d-214824ec225f" testListId="8c84fa94-04c1-424b-9868-57a2d4851a1d" />
    <TestEntry testId="05557889-1c1d-e34b-8224-61efb9e1913a" executionId="4510c15b-6971-4e23-af21-f7a4233fa55b" testListId="8c84fa94-04c1-424b-9868-57a2d4851a1d" />
    <TestEntry testId="a352d131-f533-5210-4496-3c994dd49896" executionId="ace2d900-bfe2-408b-b1b5-20677b4a68fe" testListId="8c84fa94-04c1-424b-9868-57a2d4851a1d" />
    <TestEntry testId="50a40348-2ad6-9bcd-e4cd-5213d54b3cbf" executionId="4d519fdb-cdfe-4fda-bbef-27bcbca6544e" testListId="8c84fa94-04c1-424b-9868-57a2d4851a1d" />
    <TestEntry testId="d90fddeb-6dbb-2aa4-1b55-969a440f31a3" executionId="9bdb09bb-e475-4e10-ac36-ecb5d0aaf90b" testListId="8c84fa94-04c1-424b-9868-57a2d4851a1d" />
    <TestEntry testId="59c67b93-a82d-e702-7ecf-48cf920106fa" executionId="4120cbe9-5241-46c6-b7fa-b66a22487a84" testListId="8c84fa94-04c1-424b-9868-57a2d4851a1d" />
    <TestEntry testId="c9ab5b7e-efe9-a785-3e50-f5ab04f81e63" executionId="b0461323-009a-49bd-9767-5d1bd122cc81" testListId="8c84fa94-04c1-424b-9868-57a2d4851a1d" />
    <TestEntry testId="ac32892e-52d4-748a-b82a-570728ea6b9c" executionId="dd9d49fc-4163-4621-9a8b-d0611c8d25db" testListId="8c84fa94-04c1-424b-9868-57a2d4851a1d" />
    <TestEntry testId="78856f2d-8b60-8e7c-3574-e86b73004bf5" executionId="23963a20-e0d8-47a4-9688-f3b609e8e30b" testListId="8c84fa94-04c1-424b-9868-57a2d4851a1d" />
    <TestEntry testId="d845ad1a-e2e6-6b79-3d4c-42bdd3e31729" executionId="85ce258b-de96-4d92-9afc-55b92fa85bd2" testListId="8c84fa94-04c1-424b-9868-57a2d4851a1d" />
    <TestEntry testId="7acbb2b0-21ed-c301-e881-d2cca6aebff8" executionId="109dd120-6c18-452f-8af3-f9ee08abe85f" testListId="8c84fa94-04c1-424b-9868-57a2d4851a1d" />
    <TestEntry testId="03df84a6-02bd-a485-f1a5-58c04bb6d291" executionId="10aa2eb5-a816-4eeb-bf6b-3cd04520dcd4" testListId="8c84fa94-04c1-424b-9868-57a2d4851a1d" />
    <TestEntry testId="7cfd3bd9-17cf-04ac-df4b-ee8a4223ad8f" executionId="640d1686-6426-4e4e-8270-9acbbaea7721" testListId="8c84fa94-04c1-424b-9868-57a2d4851a1d" />
    <TestEntry testId="e4c5ea24-b2dc-0419-984d-0de3089f78f1" executionId="ce9712ba-3cbf-4d11-b36b-2b843190d01b" testListId="8c84fa94-04c1-424b-9868-57a2d4851a1d" />
    <TestEntry testId="73f653a4-5b51-df67-f931-e9dc8bec4e74" executionId="5e86e48c-3eff-4675-aeb3-9f8772e3d43e" testListId="8c84fa94-04c1-424b-9868-57a2d4851a1d" />
    <TestEntry testId="b28e50c3-9216-5539-0c0a-2d0e0a285150" executionId="db963886-45dc-4d5b-9e94-bb6a9ab45305" testListId="8c84fa94-04c1-424b-9868-57a2d4851a1d" />
    <TestEntry testId="07511065-ece9-c5c5-c035-47865a81729c" executionId="ec2f59cc-fb5d-41e7-99d1-368848d7b424" testListId="8c84fa94-04c1-424b-9868-57a2d4851a1d" />
    <TestEntry testId="ce9788eb-b60b-d0e7-8fbb-1a9e315e3da7" executionId="106e4b46-9039-4173-9297-1ec1d5259597" testListId="8c84fa94-04c1-424b-9868-57a2d4851a1d" />
    <TestEntry testId="3e490538-10bf-e3b9-47ed-60caecac2d1d" executionId="f654f93d-e5e8-4536-b34b-368379b69308" testListId="8c84fa94-04c1-424b-9868-57a2d4851a1d" />
    <TestEntry testId="394a83c9-a0fb-3d02-677b-8afc83b7042e" executionId="4ad406ed-db35-418c-a2fc-8a0567856189" testListId="8c84fa94-04c1-424b-9868-57a2d4851a1d" />
    <TestEntry testId="578e2502-cc80-cffb-ff47-db1642d67a17" executionId="264e9f5e-6af7-4ab3-b7bf-5210c10e4cb5" testListId="8c84fa94-04c1-424b-9868-57a2d4851a1d" />
    <TestEntry testId="7dff38d0-4d55-c41f-272e-91e7a64ecd14" executionId="ace92f24-acf3-45ba-8e95-be5d6bc93e4c" testListId="8c84fa94-04c1-424b-9868-57a2d4851a1d" />
    <TestEntry testId="f7f0b8a7-cf7f-ca25-9d15-baa8f7f78579" executionId="4d26f61a-9bb0-42ed-92d4-7cdaf437c0fb" testListId="8c84fa94-04c1-424b-9868-57a2d4851a1d" />
    <TestEntry testId="6cd4c692-cf1b-abea-6b9b-321981764b34" executionId="05a3d7a2-cdc0-4a74-9b16-1ea7ddd648c4" testListId="8c84fa94-04c1-424b-9868-57a2d4851a1d" />
    <TestEntry testId="c0f5d4a2-b9c3-8ba4-a5cd-e43136f83f1c" executionId="a3d654ae-7c9e-4228-ba8c-189574d6d2f9" testListId="8c84fa94-04c1-424b-9868-57a2d4851a1d" />
    <TestEntry testId="4c881ea4-3cc9-4a9b-5eba-be04acf0addc" executionId="d4572ec7-c066-4f7a-adb5-6d149f5689fc" testListId="8c84fa94-04c1-424b-9868-57a2d4851a1d" />
    <TestEntry testId="ea2024a6-4d5a-3770-989b-75881a2d1e36" executionId="6f6b5c0f-a763-43a5-bce4-09dba67c744d" testListId="8c84fa94-04c1-424b-9868-57a2d4851a1d" />
    <TestEntry testId="91e3f8d8-7a48-490b-3e66-94623a33a26f" executionId="678caefb-42cc-4d30-9610-1977f89a42b9" testListId="8c84fa94-04c1-424b-9868-57a2d4851a1d" />
    <TestEntry testId="2e1c046c-a27c-a352-01c8-dd052811c12d" executionId="09ddf7a5-bc0e-4c93-a5dc-0633267f2b7c" testListId="8c84fa94-04c1-424b-9868-57a2d4851a1d" />
    <TestEntry testId="e206a70c-cbe0-5f28-a650-d640fdfc7134" executionId="b43e70d9-b53a-4cbe-a4c7-ca70df556ef9" testListId="8c84fa94-04c1-424b-9868-57a2d4851a1d" />
    <TestEntry testId="3a76faa3-aff5-7604-ecab-2adb91d36b7b" executionId="e618e8b6-41fe-48c0-ae4d-891da795ec8b" testListId="8c84fa94-04c1-424b-9868-57a2d4851a1d" />
    <TestEntry testId="d57e0019-3150-6b34-7206-45b63754e0df" executionId="4ff5e9d9-9b51-4b22-a73b-d738a97da0ba" testListId="8c84fa94-04c1-424b-9868-57a2d4851a1d" />
    <TestEntry testId="929cf019-0539-89ce-cd90-49e84fc06f6c" executionId="6851bd77-82a7-4af9-aaa9-16e30d8ac5e8" testListId="8c84fa94-04c1-424b-9868-57a2d4851a1d" />
    <TestEntry testId="83df9a3b-ed9e-2898-b0f4-dc0e845939b6" executionId="583ffc73-76a2-42dc-a357-e276bd566ec5" testListId="8c84fa94-04c1-424b-9868-57a2d4851a1d" />
    <TestEntry testId="3e432423-edd5-0e59-6398-25f96524c3c1" executionId="8464ae5e-2beb-4739-9cf9-12bb5e4325f9" testListId="8c84fa94-04c1-424b-9868-57a2d4851a1d" />
    <TestEntry testId="1d518230-5969-349a-78cf-16e3ddee8103" executionId="a46c6e75-6d16-48b5-b5ae-412da9794dd0" testListId="8c84fa94-04c1-424b-9868-57a2d4851a1d" />
    <TestEntry testId="0be6098c-dfad-01a6-03f7-a0eb6e8ab4b2" executionId="67c99dc5-682a-40cd-8a10-3b67720f35bc" testListId="8c84fa94-04c1-424b-9868-57a2d4851a1d" />
    <TestEntry testId="572c5c60-e717-222e-9b31-f1d46dee4bf9" executionId="f972b79c-0bb3-4a3c-a3b7-f66b30a11ac7" testListId="8c84fa94-04c1-424b-9868-57a2d4851a1d" />
    <TestEntry testId="86b517be-554f-79f2-b176-5a6dac571c50" executionId="e0399313-c61b-4459-bb0e-0e33c429e813" testListId="8c84fa94-04c1-424b-9868-57a2d4851a1d" />
    <TestEntry testId="ae304cd0-294e-ae2e-8d96-1e068f7b7160" executionId="632b9340-9a66-4e0d-9797-d2206bd12a7c" testListId="8c84fa94-04c1-424b-9868-57a2d4851a1d" />
    <TestEntry testId="e210c70d-daaa-e83d-bf14-e15aa497edd3" executionId="84c7a212-a2aa-4526-8f4d-44013c654e2a" testListId="8c84fa94-04c1-424b-9868-57a2d4851a1d" />
    <TestEntry testId="8671fc59-b87b-384e-da5e-9c2e17437011" executionId="6625a9f0-3841-4b02-8fb8-90e5103af26a" testListId="8c84fa94-04c1-424b-9868-57a2d4851a1d" />
    <TestEntry testId="70b37cdc-3485-6065-2708-77acdf8debbf" executionId="65ff1391-0356-4d3c-bb56-f46b61127e22" testListId="8c84fa94-04c1-424b-9868-57a2d4851a1d" />
    <TestEntry testId="c81a23cb-0a76-671b-26c0-325eccae0165" executionId="54b405ca-2b3d-4a32-8fdf-0bddca2d4561" testListId="8c84fa94-04c1-424b-9868-57a2d4851a1d" />
    <TestEntry testId="a8256aa0-e58a-7cc9-7b9e-21736a4f2121" executionId="0e26f772-fda3-4a75-ae7b-14e38ac38b2e" testListId="8c84fa94-04c1-424b-9868-57a2d4851a1d" />
    <TestEntry testId="6450a37d-d350-970d-4931-78b93b0dd830" executionId="420dc93c-1303-44e1-8153-dd27763a6ee1" testListId="8c84fa94-04c1-424b-9868-57a2d4851a1d" />
    <TestEntry testId="acbdfc65-73b4-b053-dbfc-7814b2d6a963" executionId="2c2b4cca-a31d-49bb-86e8-f9af54b2e354" testListId="8c84fa94-04c1-424b-9868-57a2d4851a1d" />
    <TestEntry testId="05f2803e-97dd-9c87-bb62-553a5a197614" executionId="2da1bb9a-5e36-423e-856b-110657e41e9e" testListId="8c84fa94-04c1-424b-9868-57a2d4851a1d" />
    <TestEntry testId="8a0b398e-a0e8-4678-61b2-7d2cb59f8558" executionId="04f8ddcd-e96d-4184-82f6-b95caeca697d" testListId="8c84fa94-04c1-424b-9868-57a2d4851a1d" />
    <TestEntry testId="0ab9af40-48fa-11ed-9b0a-3ab0f25e02ad" executionId="de9ee99f-2d26-4d59-99e6-3f6dac0b2d73" testListId="8c84fa94-04c1-424b-9868-57a2d4851a1d" />
    <TestEntry testId="2aafe21f-2e79-4af4-70c2-e807c50a674a" executionId="1eb7e40d-4467-49c2-8734-f17665b108cc" testListId="8c84fa94-04c1-424b-9868-57a2d4851a1d" />
    <TestEntry testId="ff6668d6-987c-acbb-2e79-8bdc76ec18f6" executionId="ee50df10-4516-4c60-904c-134139918fa3" testListId="8c84fa94-04c1-424b-9868-57a2d4851a1d" />
    <TestEntry testId="203823dd-58a4-0a62-fd47-fd4a25db7f80" executionId="c7a4b3ad-e367-4896-bd81-870b50dd6e65" testListId="8c84fa94-04c1-424b-9868-57a2d4851a1d" />
    <TestEntry testId="f281f3e5-ade9-ba0a-c20e-7f82668ebfdd" executionId="adfcdba4-6dcc-4938-b954-f04830fef1fe" testListId="8c84fa94-04c1-424b-9868-57a2d4851a1d" />
    <TestEntry testId="77b086b5-a8d2-bfd1-9674-26994e90cc82" executionId="643ae2a7-4b37-46dc-9c75-d5b70b279b84" testListId="8c84fa94-04c1-424b-9868-57a2d4851a1d" />
    <TestEntry testId="a69fc034-1d45-dd69-add3-e58400a5425e" executionId="efe99604-db0a-4739-8b67-0526d9c53877" testListId="8c84fa94-04c1-424b-9868-57a2d4851a1d" />
    <TestEntry testId="6cc08c14-9165-a46c-e468-946ab63f0a06" executionId="4bea03f4-bfbc-4791-a1d3-f5bae83d74e0" testListId="8c84fa94-04c1-424b-9868-57a2d4851a1d" />
    <TestEntry testId="037f1dbe-a8a7-60c2-44bd-1ed4291d70a1" executionId="76b57fe1-9276-4738-847e-fa0aabfc9264" testListId="8c84fa94-04c1-424b-9868-57a2d4851a1d" />
    <TestEntry testId="859089f1-9be3-2eff-86d9-f31ec9dcc1ea" executionId="094e5285-a592-4b4d-92fd-a3d9672d0cd3" testListId="8c84fa94-04c1-424b-9868-57a2d4851a1d" />
    <TestEntry testId="d1d2e247-a5f3-2e60-3bc9-4689ddcf18fa" executionId="0c19e190-62db-442a-b58e-b0774f5ce238" testListId="8c84fa94-04c1-424b-9868-57a2d4851a1d" />
    <TestEntry testId="94ebc60e-e7b9-bb11-6cbe-536efb7e3068" executionId="02bac73c-8098-459f-9a75-5ff14eeedb10" testListId="8c84fa94-04c1-424b-9868-57a2d4851a1d" />
    <TestEntry testId="df0e66a9-c1e2-f5d8-ceca-ee706d763e19" executionId="a99ee66b-b51f-40e6-9f80-4428254bb9cf" testListId="8c84fa94-04c1-424b-9868-57a2d4851a1d" />
    <TestEntry testId="fa1d8d54-9144-7948-6d7b-f31aff65e9e0" executionId="ec6b92dd-adbf-4a18-8657-60b709bee183" testListId="8c84fa94-04c1-424b-9868-57a2d4851a1d" />
    <TestEntry testId="6460ad4e-d262-c7a0-5277-6c573b78183d" executionId="eba65ace-eafd-4249-ba79-4293e8d35519" testListId="8c84fa94-04c1-424b-9868-57a2d4851a1d" />
    <TestEntry testId="1588fc8a-25d9-0095-ce19-3843100da889" executionId="fea5fc62-c4f8-4071-b3d6-6139868950e1" testListId="8c84fa94-04c1-424b-9868-57a2d4851a1d" />
    <TestEntry testId="03a57935-0a38-e8e2-3765-adb6ddc41e86" executionId="bac1b1c8-242e-4e70-bd31-4eadb862ad00" testListId="8c84fa94-04c1-424b-9868-57a2d4851a1d" />
    <TestEntry testId="b5b106c8-979f-415b-256d-de38aed0c503" executionId="e28d21a6-c7b6-4577-9cd7-b72ce94470bd" testListId="8c84fa94-04c1-424b-9868-57a2d4851a1d" />
    <TestEntry testId="dece53e0-9b3d-51c8-d02e-41e8fbc319ee" executionId="f6d67136-b84d-48ca-99f7-8b8a9a7be322" testListId="8c84fa94-04c1-424b-9868-57a2d4851a1d" />
    <TestEntry testId="a4d4fcf8-aaa6-510d-ce97-f2da802f7080" executionId="a1551c30-c608-4a52-a04c-62ce0b520aff" testListId="8c84fa94-04c1-424b-9868-57a2d4851a1d" />
    <TestEntry testId="d12f9d7b-01f9-827c-bb92-a30b59b6e30c" executionId="b34ab316-f618-4d31-a7bf-b34a2c0f419f" testListId="8c84fa94-04c1-424b-9868-57a2d4851a1d" />
    <TestEntry testId="dfb8df9a-3da8-8bf2-86dd-fd5f7a55d471" executionId="cc78a94f-eef7-4a9f-93de-48f16f752224" testListId="8c84fa94-04c1-424b-9868-57a2d4851a1d" />
    <TestEntry testId="b48af73c-bd52-31fe-f202-018d97d9fbe7" executionId="eb8a45ab-4db6-4fc3-a839-73e6df25b0f8" testListId="8c84fa94-04c1-424b-9868-57a2d4851a1d" />
    <TestEntry testId="cfb54f8c-901a-13d6-219a-5683973ac8a8" executionId="a0c37829-9f9c-432b-a49f-a2069fb33eed" testListId="8c84fa94-04c1-424b-9868-57a2d4851a1d" />
    <TestEntry testId="28e60a61-0878-9f4b-b6af-124887e573cd" executionId="7272bf9c-c10b-4d40-a0fc-ca44c9c7b09e" testListId="8c84fa94-04c1-424b-9868-57a2d4851a1d" />
    <TestEntry testId="f91a655e-75f1-507b-50e8-929d1283c785" executionId="c343eb86-6b34-4e9d-8464-c2c10dd53072" testListId="8c84fa94-04c1-424b-9868-57a2d4851a1d" />
    <TestEntry testId="bb358b37-78fd-81d1-baa4-f9cf0cda2deb" executionId="5aeea55e-5df4-4fc9-abb6-a0b7d2df7d4a" testListId="8c84fa94-04c1-424b-9868-57a2d4851a1d" />
    <TestEntry testId="38ca118a-a5c8-8af5-c156-a5df1d38ec3b" executionId="51e51747-eeb7-4ba1-8a62-e9b0cd530897" testListId="8c84fa94-04c1-424b-9868-57a2d4851a1d" />
    <TestEntry testId="8e5cd2db-d492-e1ca-643c-a87bc43cf683" executionId="a30de006-c61d-4937-a109-c8b7f4047f0f" testListId="8c84fa94-04c1-424b-9868-57a2d4851a1d" />
    <TestEntry testId="cd820eea-807c-cb79-ee75-c43d855a4c6d" executionId="af3484da-92ff-49d5-8293-7c17977a8fec" testListId="8c84fa94-04c1-424b-9868-57a2d4851a1d" />
    <TestEntry testId="3e71f309-cbfd-7f69-9bab-0a267b93a181" executionId="cdad9080-88d7-44a9-ba6e-0144da927b41" testListId="8c84fa94-04c1-424b-9868-57a2d4851a1d" />
    <TestEntry testId="0eae1952-ed41-eb57-c02f-2b307116a3fb" executionId="d2dfc552-7e12-4673-8bd1-630895b4e323" testListId="8c84fa94-04c1-424b-9868-57a2d4851a1d" />
    <TestEntry testId="7c45da67-691d-5bd4-21b6-f709a5c0841a" executionId="d3c63ee6-a96e-41e2-bd7a-27d093878793" testListId="8c84fa94-04c1-424b-9868-57a2d4851a1d" />
    <TestEntry testId="60f20247-c635-4390-14c5-84b1e76ce5bc" executionId="c001c801-0299-460e-8bcc-5f42b11dad24" testListId="8c84fa94-04c1-424b-9868-57a2d4851a1d" />
    <TestEntry testId="ed4860a2-e409-ae11-af7a-4f961aad8bc7" executionId="4fcc1465-3369-471d-a7f0-ea0d30d36fe7" testListId="8c84fa94-04c1-424b-9868-57a2d4851a1d" />
    <TestEntry testId="f3afcb36-f8cc-47a1-4715-f989c2ef7a07" executionId="0a420a2e-42aa-4842-b36c-30ba749d8625" testListId="8c84fa94-04c1-424b-9868-57a2d4851a1d" />
    <TestEntry testId="6498fd0a-9ca3-8746-0a62-5ff8301bfba1" executionId="12124eb8-7d92-457b-95ee-3aa959da6952" testListId="8c84fa94-04c1-424b-9868-57a2d4851a1d" />
    <TestEntry testId="fa853800-8453-665d-e00a-6ed40aa20fc4" executionId="092cc584-a413-4f0f-adee-970f98ecacdf" testListId="8c84fa94-04c1-424b-9868-57a2d4851a1d" />
    <TestEntry testId="33cc223e-48fb-1270-43e5-744e653b5d9e" executionId="edaed338-41d1-49cc-8579-d64c00d5e954" testListId="8c84fa94-04c1-424b-9868-57a2d4851a1d" />
    <TestEntry testId="0818079b-2323-75fc-d53a-8f977a147fea" executionId="2a6e80a9-a147-437f-8c18-adabf6927de1" testListId="8c84fa94-04c1-424b-9868-57a2d4851a1d" />
    <TestEntry testId="c7f7202a-8b3e-78d6-c8c4-fba612765098" executionId="62787f9a-03f0-4ff4-b8a7-2c735a3dc754" testListId="8c84fa94-04c1-424b-9868-57a2d4851a1d" />
    <TestEntry testId="392a9b2a-a47b-e870-065b-c805c9b663bd" executionId="e024b1d4-bcad-40f7-9345-0d5fa05fb39e" testListId="8c84fa94-04c1-424b-9868-57a2d4851a1d" />
    <TestEntry testId="31fdf3c3-efce-7f82-e297-86b7f8594416" executionId="f9c5e13b-8daa-42e7-a86e-01da1ebcf0ba" testListId="8c84fa94-04c1-424b-9868-57a2d4851a1d" />
    <TestEntry testId="5b077f0f-ae05-a4c6-233d-5112992467fd" executionId="fb33e186-e393-4bcb-b252-28109cc9dc1a" testListId="8c84fa94-04c1-424b-9868-57a2d4851a1d" />
    <TestEntry testId="6522519e-d94e-3af0-130e-0c6a670a9d88" executionId="32b3518d-3f6c-4af4-9f9f-e15a95e42f24" testListId="8c84fa94-04c1-424b-9868-57a2d4851a1d" />
    <TestEntry testId="86938245-09e8-90d4-202c-689ca2441c0f" executionId="20d787ad-d325-4f63-b56c-5c3f31083f3a" testListId="8c84fa94-04c1-424b-9868-57a2d4851a1d" />
    <TestEntry testId="8352b740-5640-aeae-5140-564f66adf679" executionId="72e3943d-d2b3-49ee-93b9-40ab0761d839" testListId="8c84fa94-04c1-424b-9868-57a2d4851a1d" />
    <TestEntry testId="d54a1807-4698-b371-5189-75f1e0a838bc" executionId="45818720-9ff7-4407-aedd-b72dce4ca996" testListId="8c84fa94-04c1-424b-9868-57a2d4851a1d" />
    <TestEntry testId="e449a90a-1c83-26f7-0d19-cb247779b8f5" executionId="3b3ad9e3-67de-43d5-a6ca-8e12f8fd7645" testListId="8c84fa94-04c1-424b-9868-57a2d4851a1d" />
    <TestEntry testId="ef9475ff-6e83-fa16-2b4c-681d794af6b5" executionId="540d69cd-6fe6-4f39-9557-f770fb5aa23d" testListId="8c84fa94-04c1-424b-9868-57a2d4851a1d" />
    <TestEntry testId="3286c3c2-c4d2-ccb7-ca52-b36d4fac06fd" executionId="eb3c12ce-b4ae-4777-a68d-f0c6916297fa" testListId="8c84fa94-04c1-424b-9868-57a2d4851a1d" />
    <TestEntry testId="1257cc2f-f8b3-8f0c-13ef-bf8becdc06ab" executionId="97a2a327-96a9-41ec-a1ac-dd204e564ddf" testListId="8c84fa94-04c1-424b-9868-57a2d4851a1d" />
    <TestEntry testId="ca77d984-8841-dff4-976c-727ba30c6fc1" executionId="5641e695-5a62-4e51-9efb-6e51d6c0efb9" testListId="8c84fa94-04c1-424b-9868-57a2d4851a1d" />
    <TestEntry testId="c3594d42-67f9-aba1-88fb-b7166475a1f7" executionId="15cdb893-7ec3-4714-acad-22b35cfdf495" testListId="8c84fa94-04c1-424b-9868-57a2d4851a1d" />
    <TestEntry testId="fcc9c09e-704c-c09a-9c0e-a16513b6d82b" executionId="9ee95160-9d30-4aad-a92b-0881cb30f3fc" testListId="8c84fa94-04c1-424b-9868-57a2d4851a1d" />
    <TestEntry testId="b1940fb9-b21b-8e69-b650-19ad5a532e31" executionId="dc02695f-8621-457e-b588-b60c30f2acd5" testListId="8c84fa94-04c1-424b-9868-57a2d4851a1d" />
    <TestEntry testId="b65994f9-ce5f-0458-72b6-e2f9d51bd967" executionId="23b266be-4d25-4016-8a0d-eaa5f4c7fa97" testListId="8c84fa94-04c1-424b-9868-57a2d4851a1d" />
    <TestEntry testId="04e1b9c2-ce6b-8253-517d-dbf5f9e910b4" executionId="c4569bd6-2118-42d5-bdaa-de4cdc85f732" testListId="8c84fa94-04c1-424b-9868-57a2d4851a1d" />
    <TestEntry testId="bc6c6198-6770-0585-c2d7-18985ec5fbfb" executionId="e4444735-0a76-4ac3-9469-24998a91be7d" testListId="8c84fa94-04c1-424b-9868-57a2d4851a1d" />
  </TestEntries>
  <Results>
    <UnitTestResult executionId="6b374f1e-948f-46ad-8930-c18b36488d62" testId="7498816b-5778-8a5a-cdae-b4e5c0b5d787" testName="should_call_update_asset_just_one_time" computerName="EXOI7" duration="00:00:00.3917563" startTime="2016-01-04T16:20:01.5174390-03:00" endTime="2016-01-04T16:20:02.2804827-03:00" testType="13cdc9d9-ddb5-4fa4-a97d-d965ccfc6d4b" outcome="Passed" testListId="8c84fa94-04c1-424b-9868-57a2d4851a1d" relativeResultsDirectory="6b374f1e-948f-46ad-8930-c18b36488d62">
    </UnitTestResult>
    <UnitTestResult executionId="45056b0c-d078-44e2-a741-ae64e337791f" testId="4f05108f-fc69-7578-9eae-95437d76a13d" testName="should_update_value_to_zero" computerName="EXOI7" duration="00:00:00.0089531" startTime="2016-01-04T16:20:02.2814827-03:00" endTime="2016-01-04T16:20:02.2944835-03:00" testType="13cdc9d9-ddb5-4fa4-a97d-d965ccfc6d4b" outcome="Passed" testListId="8c84fa94-04c1-424b-9868-57a2d4851a1d" relativeResultsDirectory="45056b0c-d078-44e2-a741-ae64e337791f">
    </UnitTestResult>
    <UnitTestResult executionId="7c0f1de4-6c78-4ab8-9e93-b6e2e162f0b7" testId="ca6c2994-8a40-a203-512d-2b58e98dc5f4" testName="should_call_update_asset_just_one_time" computerName="EXOI7" duration="00:00:00.0312940" startTime="2016-01-04T16:20:02.2954835-03:00" endTime="2016-01-04T16:20:02.3284854-03:00" testType="13cdc9d9-ddb5-4fa4-a97d-d965ccfc6d4b" outcome="Passed" testListId="8c84fa94-04c1-424b-9868-57a2d4851a1d" relativeResultsDirectory="7c0f1de4-6c78-4ab8-9e93-b6e2e162f0b7">
    </UnitTestResult>
    <UnitTestResult executionId="0f593300-9d19-4d2b-ac61-590e4aefe0d9" testId="dd8055ca-b282-2beb-afe0-2baa9acea7fa" testName="should_match_updated_value" computerName="EXOI7" duration="00:00:00.0060333" startTime="2016-01-04T16:20:02.3294855-03:00" endTime="2016-01-04T16:20:02.3374859-03:00" testType="13cdc9d9-ddb5-4fa4-a97d-d965ccfc6d4b" outcome="Passed" testListId="8c84fa94-04c1-424b-9868-57a2d4851a1d" relativeResultsDirectory="0f593300-9d19-4d2b-ac61-590e4aefe0d9">
    </UnitTestResult>
    <UnitTestResult executionId="4e21fe1c-9895-4989-b1be-86ded013368b" testId="bf9fba92-d101-72d1-b02e-54a6ee65aac5" testName="should_call_CreateEpic_on_jira" computerName="EXOI7" duration="00:00:00.0212963" startTime="2016-01-04T16:20:02.3384860-03:00" endTime="2016-01-04T16:20:02.3624873-03:00" testType="13cdc9d9-ddb5-4fa4-a97d-d965ccfc6d4b" outcome="Passed" testListId="8c84fa94-04c1-424b-9868-57a2d4851a1d" relativeResultsDirectory="4e21fe1c-9895-4989-b1be-86ded013368b">
    </UnitTestResult>
    <UnitTestResult executionId="8fbdee31-e8b8-4f47-81f2-adef7e6e5193" testId="7a02b98e-7e41-d440-a223-67a477e23661" testName="should_call_EpicsWithoutReference_one_time" computerName="EXOI7" duration="00:00:00.0071421" startTime="2016-01-04T16:20:02.3634874-03:00" endTime="2016-01-04T16:20:02.3724879-03:00" testType="13cdc9d9-ddb5-4fa4-a97d-d965ccfc6d4b" outcome="Passed" testListId="8c84fa94-04c1-424b-9868-57a2d4851a1d" relativeResultsDirectory="8fbdee31-e8b8-4f47-81f2-adef7e6e5193">
    </UnitTestResult>
    <UnitTestResult executionId="8ddb449a-937a-4cb9-a4d2-a53d3e09200e" testId="30a461a7-9231-019c-c497-7697a1e655b2" testName="should_create_a_link_on_v1_epic" computerName="EXOI7" duration="00:00:00.0107477" startTime="2016-01-04T16:20:02.3734880-03:00" endTime="2016-01-04T16:20:02.3864887-03:00" testType="13cdc9d9-ddb5-4fa4-a97d-d965ccfc6d4b" outcome="Passed" testListId="8c84fa94-04c1-424b-9868-57a2d4851a1d" relativeResultsDirectory="8ddb449a-937a-4cb9-a4d2-a53d3e09200e">
    </UnitTestResult>
    <UnitTestResult executionId="9594803b-0852-4556-9562-985685e83d4c" testId="308297b4-ebe2-e8cc-90a7-6da4fadf2bb1" testName="should_pass_along_the_key_to_epic_reference" computerName="EXOI7" duration="00:00:00.0064274" startTime="2016-01-04T16:20:02.3884888-03:00" endTime="2016-01-04T16:20:02.3974893-03:00" testType="13cdc9d9-ddb5-4fa4-a97d-d965ccfc6d4b" outcome="Passed" testListId="8c84fa94-04c1-424b-9868-57a2d4851a1d" relativeResultsDirectory="9594803b-0852-4556-9562-985685e83d4c">
    </UnitTestResult>
    <UnitTestResult executionId="53c230ac-5afc-4fbe-9468-390ad8645f53" testId="7dc1a8ff-86e5-b22f-1e6d-8965b3c09bb3" testName="should_call_CreateEpic_on_jira_without_modifying_reserved_word" computerName="EXOI7" duration="00:00:00.0074141" startTime="2016-01-04T16:20:02.3984894-03:00" endTime="2016-01-04T16:20:02.4074899-03:00" testType="13cdc9d9-ddb5-4fa4-a97d-d965ccfc6d4b" outcome="Passed" testListId="8c84fa94-04c1-424b-9868-57a2d4851a1d" relativeResultsDirectory="53c230ac-5afc-4fbe-9468-390ad8645f53">
    </UnitTestResult>
    <UnitTestResult executionId="d04bfe51-21bd-452a-9756-932531d5e160" testId="18fdb45e-6a55-7487-9dd8-47521b8c4d5b" testName="should_call_EpicsWithoutReference_one_time" computerName="EXOI7" duration="00:00:00.0072504" startTime="2016-01-04T16:20:02.4084900-03:00" endTime="2016-01-04T16:20:02.4184905-03:00" testType="13cdc9d9-ddb5-4fa4-a97d-d965ccfc6d4b" outcome="Passed" testListId="8c84fa94-04c1-424b-9868-57a2d4851a1d" relativeResultsDirectory="d04bfe51-21bd-452a-9756-932531d5e160">
    </UnitTestResult>
    <UnitTestResult executionId="4c2c643f-1750-4cd1-be1a-2503e002b0a9" testId="9d2d67aa-f005-075b-ddaa-edd6ba861378" testName="should_create_a_link_on_v1_epic" computerName="EXOI7" duration="00:00:00.0082421" startTime="2016-01-04T16:20:02.4194906-03:00" endTime="2016-01-04T16:20:02.4294912-03:00" testType="13cdc9d9-ddb5-4fa4-a97d-d965ccfc6d4b" outcome="Passed" testListId="8c84fa94-04c1-424b-9868-57a2d4851a1d" relativeResultsDirectory="4c2c643f-1750-4cd1-be1a-2503e002b0a9">
    </UnitTestResult>
    <UnitTestResult executionId="9602228c-9411-4c22-b9f3-4a1236e2dc10" testId="de990dcd-4a48-dbd8-10b7-a0a4b98b846d" testName="should_pass_along_the_key_to_epic_reference" computerName="EXOI7" duration="00:00:00.0066976" startTime="2016-01-04T16:20:02.4304912-03:00" endTime="2016-01-04T16:20:02.4394917-03:00" testType="13cdc9d9-ddb5-4fa4-a97d-d965ccfc6d4b" outcome="Passed" testListId="8c84fa94-04c1-424b-9868-57a2d4851a1d" relativeResultsDirectory="9602228c-9411-4c22-b9f3-4a1236e2dc10">
    </UnitTestResult>
    <UnitTestResult executionId="52902f0f-2475-4852-b5b0-f2649e268a51" testId="d9b6340b-309c-68ea-73bc-798deffc761a" testName="has_two_parameters" computerName="EXOI7" duration="00:00:00.0081815" startTime="2016-01-04T16:20:02.4414919-03:00" endTime="2016-01-04T16:20:02.4514924-03:00" testType="13cdc9d9-ddb5-4fa4-a97d-d965ccfc6d4b" outcome="Passed" testListId="8c84fa94-04c1-424b-9868-57a2d4851a1d" relativeResultsDirectory="52902f0f-2475-4852-b5b0-f2649e268a51">
    </UnitTestResult>
    <UnitTestResult executionId="b1c766be-8db8-4f23-b242-6a69c90bf09d" testId="9eadf62f-c457-1f32-2d54-e0859422f3a0" testName="query_should_leave_the_query_string_alone" computerName="EXOI7" duration="00:00:00.0020344" startTime="2016-01-04T16:20:02.4524925-03:00" endTime="2016-01-04T16:20:02.4564927-03:00" testType="13cdc9d9-ddb5-4fa4-a97d-d965ccfc6d4b" outcome="Passed" testListId="8c84fa94-04c1-424b-9868-57a2d4851a1d" relativeResultsDirectory="b1c766be-8db8-4f23-b242-6a69c90bf09d">
    </UnitTestResult>
    <UnitTestResult executionId="d686a9cf-5f8a-493e-9961-e7c791101d28" testId="d4a099a6-4cb3-3d86-7037-3dab556a7f69" testName="makes_a_call_add_a_comment_back_to_jira" computerName="EXOI7" duration="00:00:00.0362837" startTime="2016-01-04T16:20:02.4564927-03:00" endTime="2016-01-04T16:20:02.4954950-03:00" testType="13cdc9d9-ddb5-4fa4-a97d-d965ccfc6d4b" outcome="Passed" testListId="8c84fa94-04c1-424b-9868-57a2d4851a1d" relativeResultsDirectory="d686a9cf-5f8a-493e-9961-e7c791101d28">
    </UnitTestResult>
    <UnitTestResult executionId="e66f04d5-80a4-4cd1-bf75-a3e1997da820" testId="5f6549a3-29b7-98e4-9aa4-98ce3e1f8078" testName="makes_a_call_add_a_link_back_to_jira" computerName="EXOI7" duration="00:00:00.0041113" startTime="2016-01-04T16:20:02.4954950-03:00" endTime="2016-01-04T16:20:02.5014953-03:00" testType="13cdc9d9-ddb5-4fa4-a97d-d965ccfc6d4b" outcome="Passed" testListId="8c84fa94-04c1-424b-9868-57a2d4851a1d" relativeResultsDirectory="e66f04d5-80a4-4cd1-bf75-a3e1997da820">
    </UnitTestResult>
    <UnitTestResult executionId="5a3796a5-1223-4b4a-a9da-3ec635d4c1a0" testId="11197cae-76f5-1db7-eca6-794995dad23f" testName="makes_a_call_to_update_the_issue_in_jira_with_story_number" computerName="EXOI7" duration="00:00:00.0047000" startTime="2016-01-04T16:20:02.5024954-03:00" endTime="2016-01-04T16:20:02.5094958-03:00" testType="13cdc9d9-ddb5-4fa4-a97d-d965ccfc6d4b" outcome="Passed" testListId="8c84fa94-04c1-424b-9868-57a2d4851a1d" relativeResultsDirectory="5a3796a5-1223-4b4a-a9da-3ec635d4c1a0">
    </UnitTestResult>
    <UnitTestResult executionId="3ebf5d52-4257-4e8f-bea4-f4efb884110f" testId="2f7999ef-f28d-70d1-5612-c28adde7a58b" testName="should_call_create_asset_just_one_time" computerName="EXOI7" duration="00:00:00.0046739" startTime="2016-01-04T16:20:02.5114959-03:00" endTime="2016-01-04T16:20:02.5184963-03:00" testType="13cdc9d9-ddb5-4fa4-a97d-d965ccfc6d4b" outcome="Passed" testListId="8c84fa94-04c1-424b-9868-57a2d4851a1d" relativeResultsDirectory="3ebf5d52-4257-4e8f-bea4-f4efb884110f">
    </UnitTestResult>
    <UnitTestResult executionId="5f276359-4000-4c3b-bf2c-8edbe5716dea" testId="19c14232-a109-53fd-a537-084cde1f58b0" testName="should_refresh_the_story_once" computerName="EXOI7" duration="00:00:00.0047420" startTime="2016-01-04T16:20:02.5194963-03:00" endTime="2016-01-04T16:20:02.5274968-03:00" testType="13cdc9d9-ddb5-4fa4-a97d-d965ccfc6d4b" outcome="Passed" testListId="8c84fa94-04c1-424b-9868-57a2d4851a1d" relativeResultsDirectory="5f276359-4000-4c3b-bf2c-8edbe5716dea">
    </UnitTestResult>
    <UnitTestResult executionId="a81fbf7c-e5f8-4961-a8ee-0ae18bee203b" testId="8d222610-b609-c418-e595-485734af77d8" testName="should_try_to_get_an_epic_id" computerName="EXOI7" duration="00:00:00.0037665" startTime="2016-01-04T16:20:02.5284968-03:00" endTime="2016-01-04T16:20:02.5344972-03:00" testType="13cdc9d9-ddb5-4fa4-a97d-d965ccfc6d4b" outcome="Passed" testListId="8c84fa94-04c1-424b-9868-57a2d4851a1d" relativeResultsDirectory="a81fbf7c-e5f8-4961-a8ee-0ae18bee203b">
    </UnitTestResult>
    <UnitTestResult executionId="c88ac1a6-d646-4bde-a93c-f4be56a0a6d8" testId="063636b3-9e9a-9e2a-4fa3-75bed5436831" testName="makes_a_call_add_created_as_VersionOne_actual_comment" computerName="EXOI7" duration="00:00:00.0067353" startTime="2016-01-04T16:20:02.5354972-03:00" endTime="2016-01-04T16:20:02.5434977-03:00" testType="13cdc9d9-ddb5-4fa4-a97d-d965ccfc6d4b" outcome="Passed" testListId="8c84fa94-04c1-424b-9868-57a2d4851a1d" relativeResultsDirectory="c88ac1a6-d646-4bde-a93c-f4be56a0a6d8">
    </UnitTestResult>
    <UnitTestResult executionId="1fd6d5ac-e464-492f-ad96-762bdef48c52" testId="fc46e4e2-e9dd-7438-2a4e-f954fef74d48" testName="should_call_create_actual_just_one_time" computerName="EXOI7" duration="00:00:00.0037660" startTime="2016-01-04T16:20:02.5444978-03:00" endTime="2016-01-04T16:20:02.5504981-03:00" testType="13cdc9d9-ddb5-4fa4-a97d-d965ccfc6d4b" outcome="Passed" testListId="8c84fa94-04c1-424b-9868-57a2d4851a1d" relativeResultsDirectory="1fd6d5ac-e464-492f-ad96-762bdef48c52">
    </UnitTestResult>
    <UnitTestResult executionId="a1fcbfb6-0642-4e0a-8a7e-cac47c50367e" testId="a9e21aff-2cf2-8baa-1619-d9d58ece1ce5" testName="should_sync_member_at_least_once" computerName="EXOI7" duration="00:00:00.0042876" startTime="2016-01-04T16:20:02.5514982-03:00" endTime="2016-01-04T16:20:02.5574985-03:00" testType="13cdc9d9-ddb5-4fa4-a97d-d965ccfc6d4b" outcome="Passed" testListId="8c84fa94-04c1-424b-9868-57a2d4851a1d" relativeResultsDirectory="a1fcbfb6-0642-4e0a-8a7e-cac47c50367e">
    </UnitTestResult>
    <UnitTestResult executionId="530e39dc-5844-41fb-8892-db6fd9748f37" testId="5be88f42-415b-ed4c-6676-7af0dc752928" testName="should_call_logger_only_one_time" computerName="EXOI7" duration="00:00:00.0029865" startTime="2016-01-04T16:20:02.5584986-03:00" endTime="2016-01-04T16:20:02.5634988-03:00" testType="13cdc9d9-ddb5-4fa4-a97d-d965ccfc6d4b" outcome="Passed" testListId="8c84fa94-04c1-424b-9868-57a2d4851a1d" relativeResultsDirectory="530e39dc-5844-41fb-8892-db6fd9748f37">
    </UnitTestResult>
    <UnitTestResult executionId="ada95837-bc91-4322-9060-acdd8742bf17" testId="78a93613-17d6-7df6-6960-4361166b8e18" testName="Should_not_try_to_delete_it_again" computerName="EXOI7" duration="00:00:00.0384665" startTime="2016-01-04T16:20:02.5654990-03:00" endTime="2016-01-04T16:20:02.6065013-03:00" testType="13cdc9d9-ddb5-4fa4-a97d-d965ccfc6d4b" outcome="Passed" testListId="8c84fa94-04c1-424b-9868-57a2d4851a1d" relativeResultsDirectory="ada95837-bc91-4322-9060-acdd8742bf17">
    </UnitTestResult>
    <UnitTestResult executionId="b4d39a7b-61b8-45d0-b9e4-a6aeed0d700c" testId="ccb7078e-10e8-34e4-0e50-9176917d1373" testName="different_description_means_update" computerName="EXOI7" duration="00:00:00.0012628" startTime="2016-01-04T16:20:02.6075014-03:00" endTime="2016-01-04T16:20:02.6115016-03:00" testType="13cdc9d9-ddb5-4fa4-a97d-d965ccfc6d4b" outcome="Passed" testListId="8c84fa94-04c1-424b-9868-57a2d4851a1d" relativeResultsDirectory="b4d39a7b-61b8-45d0-b9e4-a6aeed0d700c">
    </UnitTestResult>
    <UnitTestResult executionId="4acec477-610e-479c-acf3-e64444bf51b1" testId="370d0966-66ae-c1ec-b65b-4a3d59e00a1f" testName="different_estimate_means_update" computerName="EXOI7" duration="00:00:00.0002257" startTime="2016-01-04T16:20:02.6125016-03:00" endTime="2016-01-04T16:20:02.6155018-03:00" testType="13cdc9d9-ddb5-4fa4-a97d-d965ccfc6d4b" outcome="Passed" testListId="8c84fa94-04c1-424b-9868-57a2d4851a1d" relativeResultsDirectory="4acec477-610e-479c-acf3-e64444bf51b1">
    </UnitTestResult>
    <UnitTestResult executionId="5b20b96c-b8b6-4faa-95dd-09c305c29934" testId="24a7aa82-59fd-bde7-1d27-dcae1d1676e7" testName="different_name_means_update" computerName="EXOI7" duration="00:00:00.0002341" startTime="2016-01-04T16:20:02.6175019-03:00" endTime="2016-01-04T16:20:02.6205021-03:00" testType="13cdc9d9-ddb5-4fa4-a97d-d965ccfc6d4b" outcome="Passed" testListId="8c84fa94-04c1-424b-9868-57a2d4851a1d" relativeResultsDirectory="5b20b96c-b8b6-4faa-95dd-09c305c29934">
    </UnitTestResult>
    <UnitTestResult executionId="9f9c5a7d-ce75-47d7-8b98-af19d766b53e" testId="13a771aa-4195-68fc-efc0-f5daaa8e2abe" testName="different_reference_means_update" computerName="EXOI7" duration="00:00:00.0005672" startTime="2016-01-04T16:20:02.6215022-03:00" endTime="2016-01-04T16:20:02.6245023-03:00" testType="13cdc9d9-ddb5-4fa4-a97d-d965ccfc6d4b" outcome="Passed" testListId="8c84fa94-04c1-424b-9868-57a2d4851a1d" relativeResultsDirectory="9f9c5a7d-ce75-47d7-8b98-af19d766b53e">
    </UnitTestResult>
    <UnitTestResult executionId="62418da4-2196-46c4-b44e-17ef7607f298" testId="8bfa94cf-8ab2-63c7-7e1f-b761235c58ff" testName="different_super_means_update" computerName="EXOI7" duration="00:00:00.0002309" startTime="2016-01-04T16:20:02.6255024-03:00" endTime="2016-01-04T16:20:02.6275025-03:00" testType="13cdc9d9-ddb5-4fa4-a97d-d965ccfc6d4b" outcome="Passed" testListId="8c84fa94-04c1-424b-9868-57a2d4851a1d" relativeResultsDirectory="62418da4-2196-46c4-b44e-17ef7607f298">
    </UnitTestResult>
    <UnitTestResult executionId="c8b95cc2-883b-432d-a6a6-824fa5ec5ec1" testId="2652ba37-36fb-e8a6-45b7-1e9432ff4766" testName="different_todo_means_update" computerName="EXOI7" duration="00:00:00.0002141" startTime="2016-01-04T16:20:02.6285026-03:00" endTime="2016-01-04T16:20:02.6315027-03:00" testType="13cdc9d9-ddb5-4fa4-a97d-d965ccfc6d4b" outcome="Passed" testListId="8c84fa94-04c1-424b-9868-57a2d4851a1d" relativeResultsDirectory="c8b95cc2-883b-432d-a6a6-824fa5ec5ec1">
    </UnitTestResult>
    <UnitTestResult executionId="20fdd006-ce5a-407b-b0b9-e9b350ce0b3a" testId="2bd66374-1c19-012a-dd39-1ccfe462cfe5" testName="other_items_we_ignore" computerName="EXOI7" duration="00:00:00.0002687" startTime="2016-01-04T16:20:02.6325028-03:00" endTime="2016-01-04T16:20:02.6345029-03:00" testType="13cdc9d9-ddb5-4fa4-a97d-d965ccfc6d4b" outcome="Passed" testListId="8c84fa94-04c1-424b-9868-57a2d4851a1d" relativeResultsDirectory="20fdd006-ce5a-407b-b0b9-e9b350ce0b3a">
    </UnitTestResult>
    <UnitTestResult executionId="32cb771a-4cfc-481f-b7c4-0fb839ae236a" testId="c1f164c2-d2c5-fb6b-23ec-4e887b903660" testName="santity_check" computerName="EXOI7" duration="00:00:00.0001838" startTime="2016-01-04T16:20:02.6345029-03:00" endTime="2016-01-04T16:20:02.6365030-03:00" testType="13cdc9d9-ddb5-4fa4-a97d-d965ccfc6d4b" outcome="Passed" testListId="8c84fa94-04c1-424b-9868-57a2d4851a1d" relativeResultsDirectory="32cb771a-4cfc-481f-b7c4-0fb839ae236a">
    </UnitTestResult>
    <UnitTestResult executionId="6fc0a368-46ab-4ff4-b99f-98afbe834584" testId="9ba7ffba-d743-f679-f0ef-8a7fe83845ad" testName="different_description_means_update" computerName="EXOI7" duration="00:00:00.0008718" startTime="2016-01-04T16:20:02.6375031-03:00" endTime="2016-01-04T16:20:02.6405032-03:00" testType="13cdc9d9-ddb5-4fa4-a97d-d965ccfc6d4b" outcome="Passed" testListId="8c84fa94-04c1-424b-9868-57a2d4851a1d" relativeResultsDirectory="6fc0a368-46ab-4ff4-b99f-98afbe834584">
    </UnitTestResult>
    <UnitTestResult executionId="8dc519b4-593d-49a1-8290-c7a1ed86344f" testId="56431fc2-dc73-3e22-a8ed-fac7003fc82b" testName="different_name_means_update" computerName="EXOI7" duration="00:00:00.0002075" startTime="2016-01-04T16:20:02.6415033-03:00" endTime="2016-01-04T16:20:02.6435034-03:00" testType="13cdc9d9-ddb5-4fa4-a97d-d965ccfc6d4b" outcome="Passed" testListId="8c84fa94-04c1-424b-9868-57a2d4851a1d" relativeResultsDirectory="8dc519b4-593d-49a1-8290-c7a1ed86344f">
    </UnitTestResult>
    <UnitTestResult executionId="fa36175c-cd4c-4c11-abd3-74efeac0cc2c" testId="4f440371-e6e1-0514-902b-8e6501e79653" testName="different_reference_means_update" computerName="EXOI7" duration="00:00:00.0002500" startTime="2016-01-04T16:20:02.6445035-03:00" endTime="2016-01-04T16:20:02.6465036-03:00" testType="13cdc9d9-ddb5-4fa4-a97d-d965ccfc6d4b" outcome="Passed" testListId="8c84fa94-04c1-424b-9868-57a2d4851a1d" relativeResultsDirectory="fa36175c-cd4c-4c11-abd3-74efeac0cc2c">
    </UnitTestResult>
    <UnitTestResult executionId="135bde72-3463-496c-a065-535c0ccac747" testId="ed66acdf-d679-26f3-cd93-d24e908af72e" testName="other_items_we_ignore" computerName="EXOI7" duration="00:00:00.0002192" startTime="2016-01-04T16:20:02.6465036-03:00" endTime="2016-01-04T16:20:02.6485037-03:00" testType="13cdc9d9-ddb5-4fa4-a97d-d965ccfc6d4b" outcome="Passed" testListId="8c84fa94-04c1-424b-9868-57a2d4851a1d" relativeResultsDirectory="135bde72-3463-496c-a065-535c0ccac747">
    </UnitTestResult>
    <UnitTestResult executionId="f89de94c-f114-48e9-a905-08d6d3b86ec1" testId="756615fd-de87-5db8-f0c6-96176e84bff5" testName="santity_check" computerName="EXOI7" duration="00:00:00.0001875" startTime="2016-01-04T16:20:02.6495038-03:00" endTime="2016-01-04T16:20:02.6515039-03:00" testType="13cdc9d9-ddb5-4fa4-a97d-d965ccfc6d4b" outcome="Passed" testListId="8c84fa94-04c1-424b-9868-57a2d4851a1d" relativeResultsDirectory="f89de94c-f114-48e9-a905-08d6d3b86ec1">
    </UnitTestResult>
    <UnitTestResult executionId="47363eb4-da61-45fc-980a-950692632434" testId="0924a7ea-e553-197a-453e-0f848e7913f2" testName="different_description_means_update" computerName="EXOI7" duration="00:00:00.0010440" startTime="2016-01-04T16:20:02.6525039-03:00" endTime="2016-01-04T16:20:02.6685048-03:00" testType="13cdc9d9-ddb5-4fa4-a97d-d965ccfc6d4b" outcome="Passed" testListId="8c84fa94-04c1-424b-9868-57a2d4851a1d" relativeResultsDirectory="47363eb4-da61-45fc-980a-950692632434">
    </UnitTestResult>
    <UnitTestResult executionId="762efd57-5a01-4af4-b12b-0aaaa788096e" testId="5dd8bc2c-6ad7-872a-533e-b0b8e5fb0b3c" testName="different_estimate_means_update" computerName="EXOI7" duration="00:00:00.0002178" startTime="2016-01-04T16:20:02.6695049-03:00" endTime="2016-01-04T16:20:02.6725051-03:00" testType="13cdc9d9-ddb5-4fa4-a97d-d965ccfc6d4b" outcome="Passed" testListId="8c84fa94-04c1-424b-9868-57a2d4851a1d" relativeResultsDirectory="762efd57-5a01-4af4-b12b-0aaaa788096e">
    </UnitTestResult>
    <UnitTestResult executionId="88c6dc50-0951-4dc8-a267-5d325846b3ec" testId="941775c9-6c2f-5bc9-1f08-03091afe8eb3" testName="different_name_means_update" computerName="EXOI7" duration="00:00:00.0002243" startTime="2016-01-04T16:20:02.6735051-03:00" endTime="2016-01-04T16:20:02.6755052-03:00" testType="13cdc9d9-ddb5-4fa4-a97d-d965ccfc6d4b" outcome="Passed" testListId="8c84fa94-04c1-424b-9868-57a2d4851a1d" relativeResultsDirectory="88c6dc50-0951-4dc8-a267-5d325846b3ec">
    </UnitTestResult>
    <UnitTestResult executionId="5561d680-d091-464d-b2a6-53504c1bb10e" testId="05197d23-5b3d-1565-f5f8-ecff59c83c53" testName="different_reference_means_update" computerName="EXOI7" duration="00:00:00.0002159" startTime="2016-01-04T16:20:02.6765053-03:00" endTime="2016-01-04T16:20:02.6795055-03:00" testType="13cdc9d9-ddb5-4fa4-a97d-d965ccfc6d4b" outcome="Passed" testListId="8c84fa94-04c1-424b-9868-57a2d4851a1d" relativeResultsDirectory="5561d680-d091-464d-b2a6-53504c1bb10e">
    </UnitTestResult>
    <UnitTestResult executionId="bec1d7bf-441b-4a63-bd65-93dca3f93774" testId="f6b9b387-8e1a-dc7e-4705-273a6b4f21d6" testName="different_supernumber_means_update" computerName="EXOI7" duration="00:00:00.0002173" startTime="2016-01-04T16:20:02.6805055-03:00" endTime="2016-01-04T16:20:02.6825056-03:00" testType="13cdc9d9-ddb5-4fa4-a97d-d965ccfc6d4b" outcome="Passed" testListId="8c84fa94-04c1-424b-9868-57a2d4851a1d" relativeResultsDirectory="bec1d7bf-441b-4a63-bd65-93dca3f93774">
    </UnitTestResult>
    <UnitTestResult executionId="b3a90706-d273-4ec2-adc3-293ce6b26683" testId="ecc047f1-5287-a32a-7847-b50f70c87baf" testName="different_todo_means_update" computerName="EXOI7" duration="00:00:00.0002094" startTime="2016-01-04T16:20:02.6835057-03:00" endTime="2016-01-04T16:20:02.6845058-03:00" testType="13cdc9d9-ddb5-4fa4-a97d-d965ccfc6d4b" outcome="Passed" testListId="8c84fa94-04c1-424b-9868-57a2d4851a1d" relativeResultsDirectory="b3a90706-d273-4ec2-adc3-293ce6b26683">
    </UnitTestResult>
    <UnitTestResult executionId="fd5a47c0-7499-4959-813e-eb32b8cd42f2" testId="f012a005-c0f7-f682-7026-4aa30aca8d6b" testName="other_items_we_ignore" computerName="EXOI7" duration="00:00:00.0002229" startTime="2016-01-04T16:20:02.6855058-03:00" endTime="2016-01-04T16:20:02.6875059-03:00" testType="13cdc9d9-ddb5-4fa4-a97d-d965ccfc6d4b" outcome="Passed" testListId="8c84fa94-04c1-424b-9868-57a2d4851a1d" relativeResultsDirectory="fd5a47c0-7499-4959-813e-eb32b8cd42f2">
    </UnitTestResult>
    <UnitTestResult executionId="82be5064-fc21-414c-987f-4539e09f96f9" testId="c5196c18-7cb7-cace-e113-1d56ee33e8b6" testName="santity_check" computerName="EXOI7" duration="00:00:00.0001254" startTime="2016-01-04T16:20:02.6885060-03:00" endTime="2016-01-04T16:20:02.6905061-03:00" testType="13cdc9d9-ddb5-4fa4-a97d-d965ccfc6d4b" outcome="Passed" testListId="8c84fa94-04c1-424b-9868-57a2d4851a1d" relativeResultsDirectory="82be5064-fc21-414c-987f-4539e09f96f9">
    </UnitTestResult>
    <UnitTestResult executionId="812a54b2-7cb7-48bc-beae-6d7503d1a92a" testId="755011c5-f62a-7835-d624-ac85d7ea4444" testName="when_content_does_not_match_and_the_error_is_not_on_the_appropriate_screen_throw_a_jira_exception_with_that_data" computerName="EXOI7" duration="00:00:00.3440459" startTime="2016-01-04T16:20:02.6915062-03:00" endTime="2016-01-04T16:20:03.0365259-03:00" testType="13cdc9d9-ddb5-4fa4-a97d-d965ccfc6d4b" outcome="Passed" testListId="8c84fa94-04c1-424b-9868-57a2d4851a1d" relativeResultsDirectory="812a54b2-7cb7-48bc-beae-6d7503d1a92a">
    </UnitTestResult>
    <UnitTestResult executionId="8b75e0d3-4d3d-478f-ab20-b08328ba0eef" testId="4e983407-5545-d04b-a350-6eee99f5f035" testName="when_content_does_not_match_throw_a_jira_exception_with_that_data" computerName="EXOI7" duration="00:00:00.0038556" startTime="2016-01-04T16:20:03.0375260-03:00" endTime="2016-01-04T16:20:03.0435263-03:00" testType="13cdc9d9-ddb5-4fa4-a97d-d965ccfc6d4b" outcome="Passed" testListId="8c84fa94-04c1-424b-9868-57a2d4851a1d" relativeResultsDirectory="8b75e0d3-4d3d-478f-ab20-b08328ba0eef">
    </UnitTestResult>
    <UnitTestResult executionId="a6d8322a-940c-46b8-8753-782607152554" testId="46787177-ef86-cc84-e285-82f8e0cf28bd" testName="when_the_content_type_is_not_authorized_should_throw_a_jira_exception" computerName="EXOI7" duration="00:00:00.0157109" startTime="2016-01-04T16:20:03.0445264-03:00" endTime="2016-01-04T16:20:03.0615273-03:00" testType="13cdc9d9-ddb5-4fa4-a97d-d965ccfc6d4b" outcome="Passed" testListId="8c84fa94-04c1-424b-9868-57a2d4851a1d" relativeResultsDirectory="a6d8322a-940c-46b8-8753-782607152554">
    </UnitTestResult>
    <UnitTestResult executionId="4d8b8dc7-3271-4230-ae06-b424dd5aa210" testId="d20fbcc7-07f2-8d10-b063-e01cc4048087" testName="when_the_content_types_match_it_should_do_nothing" computerName="EXOI7" duration="00:00:00.0022112" startTime="2016-01-04T16:20:03.0635274-03:00" endTime="2016-01-04T16:20:03.0675277-03:00" testType="13cdc9d9-ddb5-4fa4-a97d-d965ccfc6d4b" outcome="Passed" testListId="8c84fa94-04c1-424b-9868-57a2d4851a1d" relativeResultsDirectory="4d8b8dc7-3271-4230-ae06-b424dd5aa210">
    </UnitTestResult>
    <UnitTestResult executionId="8df67b69-8dc2-45d9-bb00-21bef1d6f4a0" testId="946dbe75-d34f-04b1-bf17-4cc8a4e62e1c" testName="runs_func_when_things_line_up" computerName="EXOI7" duration="00:00:00.0046342" startTime="2016-01-04T16:20:03.0705278-03:00" endTime="2016-01-04T16:20:03.0775282-03:00" testType="13cdc9d9-ddb5-4fa4-a97d-d965ccfc6d4b" outcome="Passed" testListId="8c84fa94-04c1-424b-9868-57a2d4851a1d" relativeResultsDirectory="8df67b69-8dc2-45d9-bb00-21bef1d6f4a0">
    </UnitTestResult>
    <UnitTestResult executionId="72265b73-36e1-4cdb-8b2d-3f9927a8abdb" testId="03d4ba6b-5c6e-ee83-cf11-a4e8e5fa4192" testName="when_content_does_not_match_throw_a_jira_exception_with_that_data" computerName="EXOI7" duration="00:00:00.0031545" startTime="2016-01-04T16:20:03.0785283-03:00" endTime="2016-01-04T16:20:03.0835286-03:00" testType="13cdc9d9-ddb5-4fa4-a97d-d965ccfc6d4b" outcome="Passed" testListId="8c84fa94-04c1-424b-9868-57a2d4851a1d" relativeResultsDirectory="72265b73-36e1-4cdb-8b2d-3f9927a8abdb">
    </UnitTestResult>
    <UnitTestResult executionId="1be43347-1b9b-4308-9c6c-87b9a071decf" testId="56a81558-0cfb-96f7-7fa8-8142d6235845" testName="when_the_content_type_is_not_authorized_should_throw_a_jira_exception" computerName="EXOI7" duration="00:00:00.0023656" startTime="2016-01-04T16:20:03.0845286-03:00" endTime="2016-01-04T16:20:03.0895289-03:00" testType="13cdc9d9-ddb5-4fa4-a97d-d965ccfc6d4b" outcome="Passed" testListId="8c84fa94-04c1-424b-9868-57a2d4851a1d" relativeResultsDirectory="1be43347-1b9b-4308-9c6c-87b9a071decf">
    </UnitTestResult>
    <UnitTestResult executionId="8f9743cc-0dbe-4d76-8be7-c5287d9cda61" testId="6e453c8c-0e20-34ad-12e7-dd6d246d0304" testName="has_two_parameters" computerName="EXOI7" duration="00:00:00.0003433" startTime="2016-01-04T16:20:03.0895289-03:00" endTime="2016-01-04T16:20:03.0925291-03:00" testType="13cdc9d9-ddb5-4fa4-a97d-d965ccfc6d4b" outcome="Passed" testListId="8c84fa94-04c1-424b-9868-57a2d4851a1d" relativeResultsDirectory="8f9743cc-0dbe-4d76-8be7-c5287d9cda61">
    </UnitTestResult>
    <UnitTestResult executionId="c0adc02a-4d96-4683-8125-b4318bb8852a" testId="80699f81-618d-bead-18da-a098bf9456ff" testName="query_should_leave_query_words_alone" computerName="EXOI7" duration="00:00:00.0005472" startTime="2016-01-04T16:20:03.0925291-03:00" endTime="2016-01-04T16:20:03.0955293-03:00" testType="13cdc9d9-ddb5-4fa4-a97d-d965ccfc6d4b" outcome="Passed" testListId="8c84fa94-04c1-424b-9868-57a2d4851a1d" relativeResultsDirectory="c0adc02a-4d96-4683-8125-b4318bb8852a">
    </UnitTestResult>
    <UnitTestResult executionId="8a39a6ad-cee4-467b-b39a-1a5de3c2e191" testId="67fd1e13-3538-01b6-63d4-f0b04dea512c" testName="should_request_an_update_correctly" computerName="EXOI7" duration="00:00:00.0112045" startTime="2016-01-04T16:20:03.0965293-03:00" endTime="2016-01-04T16:20:03.1095301-03:00" testType="13cdc9d9-ddb5-4fa4-a97d-d965ccfc6d4b" outcome="Passed" testListId="8c84fa94-04c1-424b-9868-57a2d4851a1d" relativeResultsDirectory="8a39a6ad-cee4-467b-b39a-1a5de3c2e191">
    </UnitTestResult>
    <UnitTestResult executionId="84a67a54-9154-4d20-aef4-29e38c2235d5" testId="87b15999-7cbe-55e3-64a7-4530eeb9079d" testName="should_have_one_segment_for_issue_key" computerName="EXOI7" duration="00:00:00.0037623" startTime="2016-01-04T16:20:03.1105301-03:00" endTime="2016-01-04T16:20:03.1155304-03:00" testType="13cdc9d9-ddb5-4fa4-a97d-d965ccfc6d4b" outcome="Passed" testListId="8c84fa94-04c1-424b-9868-57a2d4851a1d" relativeResultsDirectory="84a67a54-9154-4d20-aef4-29e38c2235d5">
    </UnitTestResult>
    <UnitTestResult executionId="b6041209-79da-4a9a-b90d-6067d726a165" testId="d45fa6aa-e319-4e1a-538f-67ad7ce6f909" testName="should_have_one_segment_for_issue_type" computerName="EXOI7" duration="00:00:00.0014550" startTime="2016-01-04T16:20:03.1175305-03:00" endTime="2016-01-04T16:20:03.1205307-03:00" testType="13cdc9d9-ddb5-4fa4-a97d-d965ccfc6d4b" outcome="Passed" testListId="8c84fa94-04c1-424b-9868-57a2d4851a1d" relativeResultsDirectory="b6041209-79da-4a9a-b90d-6067d726a165">
    </UnitTestResult>
    <UnitTestResult executionId="07d62743-086f-45f2-afef-e44c8fe7797e" testId="865bb5ff-a377-9868-7895-44bcc15531f0" testName="should_have_seven_query_items" computerName="EXOI7" duration="00:00:00.0016864" startTime="2016-01-04T16:20:03.1215308-03:00" endTime="2016-01-04T16:20:03.1255310-03:00" testType="13cdc9d9-ddb5-4fa4-a97d-d965ccfc6d4b" outcome="Passed" testListId="8c84fa94-04c1-424b-9868-57a2d4851a1d" relativeResultsDirectory="07d62743-086f-45f2-afef-e44c8fe7797e">
    </UnitTestResult>
    <UnitTestResult executionId="1ec53d52-d19f-40d1-b8da-16bf6be1ddf2" testId="188a1f9d-86d9-53e5-65e2-0cc60f4cdf42" testName="should_have_two_jqOperators" computerName="EXOI7" duration="00:00:00.0009549" startTime="2016-01-04T16:20:03.1265310-03:00" endTime="2016-01-04T16:20:03.1295312-03:00" testType="13cdc9d9-ddb5-4fa4-a97d-d965ccfc6d4b" outcome="Passed" testListId="8c84fa94-04c1-424b-9868-57a2d4851a1d" relativeResultsDirectory="1ec53d52-d19f-40d1-b8da-16bf6be1ddf2">
    </UnitTestResult>
    <UnitTestResult executionId="378eb02e-347a-4e56-b94b-07fae669eb2f" testId="9167a63e-ebf4-8110-49e2-4dc38d5a41f8" testName="should_have_eleven_query_items" computerName="EXOI7" duration="00:00:00.0083490" startTime="2016-01-04T16:20:03.1305313-03:00" endTime="2016-01-04T16:20:03.1405318-03:00" testType="13cdc9d9-ddb5-4fa4-a97d-d965ccfc6d4b" outcome="Passed" testListId="8c84fa94-04c1-424b-9868-57a2d4851a1d" relativeResultsDirectory="378eb02e-347a-4e56-b94b-07fae669eb2f">
    </UnitTestResult>
    <UnitTestResult executionId="cd2a9ea7-f4a8-4acf-99e7-307526520f99" testId="1e9ff314-7c92-3090-8a5f-66e27262b6a4" testName="should_have_one_segment_for_epic_link" computerName="EXOI7" duration="00:00:00.0017349" startTime="2016-01-04T16:20:03.1415319-03:00" endTime="2016-01-04T16:20:03.1445321-03:00" testType="13cdc9d9-ddb5-4fa4-a97d-d965ccfc6d4b" outcome="Passed" testListId="8c84fa94-04c1-424b-9868-57a2d4851a1d" relativeResultsDirectory="cd2a9ea7-f4a8-4acf-99e7-307526520f99">
    </UnitTestResult>
    <UnitTestResult executionId="b0c25c88-431e-4e41-8777-f1da19d792fc" testId="069aa85c-e700-e5a2-ad3e-9d5ef2115b1f" testName="should_have_one_segment_for_issue_type" computerName="EXOI7" duration="00:00:00.0016649" startTime="2016-01-04T16:20:03.1455321-03:00" endTime="2016-01-04T16:20:03.1485323-03:00" testType="13cdc9d9-ddb5-4fa4-a97d-d965ccfc6d4b" outcome="Passed" testListId="8c84fa94-04c1-424b-9868-57a2d4851a1d" relativeResultsDirectory="b0c25c88-431e-4e41-8777-f1da19d792fc">
    </UnitTestResult>
    <UnitTestResult executionId="ce13592a-8357-40c3-85ea-f09e323279e9" testId="4b918b26-ba6e-e0b3-1129-e78f7dd426f7" testName="should_have_one_segment_for_project_key" computerName="EXOI7" duration="00:00:00.0016523" startTime="2016-01-04T16:20:03.1495324-03:00" endTime="2016-01-04T16:20:03.1525325-03:00" testType="13cdc9d9-ddb5-4fa4-a97d-d965ccfc6d4b" outcome="Passed" testListId="8c84fa94-04c1-424b-9868-57a2d4851a1d" relativeResultsDirectory="ce13592a-8357-40c3-85ea-f09e323279e9">
    </UnitTestResult>
    <UnitTestResult executionId="d72cbceb-92dd-47c3-ad89-f83875fa4c61" testId="7e959f4e-c18d-7408-3cc4-ffe30c6f9713" testName="should_have_three_jqOperators" computerName="EXOI7" duration="00:00:00.0015525" startTime="2016-01-04T16:20:03.1535326-03:00" endTime="2016-01-04T16:20:03.1565328-03:00" testType="13cdc9d9-ddb5-4fa4-a97d-d965ccfc6d4b" outcome="Passed" testListId="8c84fa94-04c1-424b-9868-57a2d4851a1d" relativeResultsDirectory="d72cbceb-92dd-47c3-ad89-f83875fa4c61">
    </UnitTestResult>
    <UnitTestResult executionId="16121203-517d-4cb0-afb6-b75bb66af93e" testId="842f58c8-3234-0ede-11a7-6dbc9d5b135b" testName="should_never_call_the_logger" computerName="EXOI7" duration="00:00:00.0032879" startTime="2016-01-04T16:20:03.1575328-03:00" endTime="2016-01-04T16:20:03.1635332-03:00" testType="13cdc9d9-ddb5-4fa4-a97d-d965ccfc6d4b" outcome="Passed" testListId="8c84fa94-04c1-424b-9868-57a2d4851a1d" relativeResultsDirectory="16121203-517d-4cb0-afb6-b75bb66af93e">
    </UnitTestResult>
    <UnitTestResult executionId="b7661d0d-c7cd-458c-965d-4b863abea103" testId="38347bc0-45a7-6fe8-4b95-ec13ed172ed2" testName="should_be_a_match_even_if_someone_adds_spaces" computerName="EXOI7" duration="00:00:00.0010953" startTime="2016-01-04T16:20:03.1645332-03:00" endTime="2016-01-04T16:20:03.1675334-03:00" testType="13cdc9d9-ddb5-4fa4-a97d-d965ccfc6d4b" outcome="Passed" testListId="8c84fa94-04c1-424b-9868-57a2d4851a1d" relativeResultsDirectory="b7661d0d-c7cd-458c-965d-4b863abea103">
    </UnitTestResult>
    <UnitTestResult executionId="fd1b2def-eec5-4e2a-95de-1f9431c13cce" testId="f8066bcc-209a-c26b-7c9d-fa85683a3e0b" testName="should_match_defect" computerName="EXOI7" duration="00:00:00.0002570" startTime="2016-01-04T16:20:03.1685334-03:00" endTime="2016-01-04T16:20:03.1705336-03:00" testType="13cdc9d9-ddb5-4fa4-a97d-d965ccfc6d4b" outcome="Passed" testListId="8c84fa94-04c1-424b-9868-57a2d4851a1d" relativeResultsDirectory="fd1b2def-eec5-4e2a-95de-1f9431c13cce">
    </UnitTestResult>
    <UnitTestResult executionId="8feb77fc-67ad-4c4e-8118-2cd54c208693" testId="ecc3c763-22f6-1079-0ff0-eb732e18be41" testName="should_match_story" computerName="EXOI7" duration="00:00:00.0002556" startTime="2016-01-04T16:20:03.1725337-03:00" endTime="2016-01-04T16:20:03.1745338-03:00" testType="13cdc9d9-ddb5-4fa4-a97d-d965ccfc6d4b" outcome="Passed" testListId="8c84fa94-04c1-424b-9868-57a2d4851a1d" relativeResultsDirectory="8feb77fc-67ad-4c4e-8118-2cd54c208693">
    </UnitTestResult>
    <UnitTestResult executionId="c9665346-4cae-4642-b679-ed16a154e3fc" testId="1581b7fd-5de2-6bd2-f10f-be0f7cde7122" testName="should_not_match_if_description_is_different" computerName="EXOI7" duration="00:00:00.0003405" startTime="2016-01-04T16:20:03.1755338-03:00" endTime="2016-01-04T16:20:03.1785340-03:00" testType="13cdc9d9-ddb5-4fa4-a97d-d965ccfc6d4b" outcome="Passed" testListId="8c84fa94-04c1-424b-9868-57a2d4851a1d" relativeResultsDirectory="c9665346-4cae-4642-b679-ed16a154e3fc">
    </UnitTestResult>
    <UnitTestResult executionId="9825184e-546b-4357-a2b6-a57b28339c37" testId="0144b492-2aec-c672-6a21-c290907fc74a" testName="should_not_match_if_epicLink_is_different" computerName="EXOI7" duration="00:00:00.0001656" startTime="2016-01-04T16:20:03.1795341-03:00" endTime="2016-01-04T16:20:03.1815342-03:00" testType="13cdc9d9-ddb5-4fa4-a97d-d965ccfc6d4b" outcome="Passed" testListId="8c84fa94-04c1-424b-9868-57a2d4851a1d" relativeResultsDirectory="9825184e-546b-4357-a2b6-a57b28339c37">
    </UnitTestResult>
    <UnitTestResult executionId="e67403d7-9626-48e2-a6f9-13b208046326" testId="3ab0c4df-49ac-8bcf-f11a-459b04452264" testName="should_not_match_if_remainingInDays_is_different" computerName="EXOI7" duration="00:00:00.0001670" startTime="2016-01-04T16:20:03.1825342-03:00" endTime="2016-01-04T16:20:03.1845344-03:00" testType="13cdc9d9-ddb5-4fa4-a97d-d965ccfc6d4b" outcome="Passed" testListId="8c84fa94-04c1-424b-9868-57a2d4851a1d" relativeResultsDirectory="e67403d7-9626-48e2-a6f9-13b208046326">
    </UnitTestResult>
    <UnitTestResult executionId="8425ee37-b9c8-4189-ae06-e0837f5d152b" testId="94243e1e-513a-7b03-632b-359d0a688071" testName="should_not_match_if_story_points_is_different" computerName="EXOI7" duration="00:00:00.0001558" startTime="2016-01-04T16:20:03.1845344-03:00" endTime="2016-01-04T16:20:03.1865345-03:00" testType="13cdc9d9-ddb5-4fa4-a97d-d965ccfc6d4b" outcome="Passed" testListId="8c84fa94-04c1-424b-9868-57a2d4851a1d" relativeResultsDirectory="8425ee37-b9c8-4189-ae06-e0837f5d152b">
    </UnitTestResult>
    <UnitTestResult executionId="1fc54029-924a-4f4d-850e-958bac5cb8af" testId="a19eac50-b40e-ff48-791b-62c956d243ce" testName="should_not_match_if_summary_is_different" computerName="EXOI7" duration="00:00:00.0001581" startTime="2016-01-04T16:20:03.1875345-03:00" endTime="2016-01-04T16:20:03.1895346-03:00" testType="13cdc9d9-ddb5-4fa4-a97d-d965ccfc6d4b" outcome="Passed" testListId="8c84fa94-04c1-424b-9868-57a2d4851a1d" relativeResultsDirectory="1fc54029-924a-4f4d-850e-958bac5cb8af">
    </UnitTestResult>
    <UnitTestResult executionId="6cbba6f2-8949-4877-b7b5-54fa8948f8ae" testId="74a39df2-266a-2c24-cb6d-2361da1084b2" testName="should_not_match_if_the_key_is_different" computerName="EXOI7" duration="00:00:00.0001483" startTime="2016-01-04T16:20:03.1905347-03:00" endTime="2016-01-04T16:20:03.1915348-03:00" testType="13cdc9d9-ddb5-4fa4-a97d-d965ccfc6d4b" outcome="Passed" testListId="8c84fa94-04c1-424b-9868-57a2d4851a1d" relativeResultsDirectory="6cbba6f2-8949-4877-b7b5-54fa8948f8ae">
    </UnitTestResult>
    <UnitTestResult executionId="a384cd2e-a60a-4902-836b-d6ec36b6f702" testId="69cacab8-04c3-d82f-7246-dbb0313c61c3" testName="issue_description_becomes_description" computerName="EXOI7" duration="00:00:00.0006111" startTime="2016-01-04T16:20:03.1925348-03:00" endTime="2016-01-04T16:20:03.1955350-03:00" testType="13cdc9d9-ddb5-4fa4-a97d-d965ccfc6d4b" outcome="Passed" testListId="8c84fa94-04c1-424b-9868-57a2d4851a1d" relativeResultsDirectory="a384cd2e-a60a-4902-836b-d6ec36b6f702">
    </UnitTestResult>
    <UnitTestResult executionId="e62cd37a-6ee2-4aef-985d-124100c933e7" testId="96eed395-efdb-aca8-6612-5ce93af64e4a" testName="issue_key_becomes_reference" computerName="EXOI7" duration="00:00:00.0002215" startTime="2016-01-04T16:20:03.1955350-03:00" endTime="2016-01-04T16:20:03.1975351-03:00" testType="13cdc9d9-ddb5-4fa4-a97d-d965ccfc6d4b" outcome="Passed" testListId="8c84fa94-04c1-424b-9868-57a2d4851a1d" relativeResultsDirectory="e62cd37a-6ee2-4aef-985d-124100c933e7">
    </UnitTestResult>
    <UnitTestResult executionId="f0787670-2ff7-4a69-b816-ffe503579268" testId="417b312d-1a92-5dd3-d042-5ef3a5ebf586" testName="issue_story_points_becomes_estimates" computerName="EXOI7" duration="00:00:00.0002341" startTime="2016-01-04T16:20:03.1985352-03:00" endTime="2016-01-04T16:20:03.2005353-03:00" testType="13cdc9d9-ddb5-4fa4-a97d-d965ccfc6d4b" outcome="Passed" testListId="8c84fa94-04c1-424b-9868-57a2d4851a1d" relativeResultsDirectory="f0787670-2ff7-4a69-b816-ffe503579268">
    </UnitTestResult>
    <UnitTestResult executionId="e395da38-6226-41c7-99b1-d72e5026a6e6" testId="9dcfb979-c37e-63e1-e20e-9758b3f8337d" testName="issue_summary_becomes_name" computerName="EXOI7" duration="00:00:00.0002187" startTime="2016-01-04T16:20:03.2015353-03:00" endTime="2016-01-04T16:20:03.2035354-03:00" testType="13cdc9d9-ddb5-4fa4-a97d-d965ccfc6d4b" outcome="Passed" testListId="8c84fa94-04c1-424b-9868-57a2d4851a1d" relativeResultsDirectory="e395da38-6226-41c7-99b1-d72e5026a6e6">
    </UnitTestResult>
    <UnitTestResult executionId="b1300ece-9234-4440-b4ba-fbd8805b5498" testId="e2ae81aa-3b2f-d525-fecc-bcfb8be4876e" testName="issue_time_tracking_becomes_ToDo" computerName="EXOI7" duration="00:00:00.0002197" startTime="2016-01-04T16:20:03.2035354-03:00" endTime="2016-01-04T16:20:03.2055356-03:00" testType="13cdc9d9-ddb5-4fa4-a97d-d965ccfc6d4b" outcome="Passed" testListId="8c84fa94-04c1-424b-9868-57a2d4851a1d" relativeResultsDirectory="b1300ece-9234-4440-b4ba-fbd8805b5498">
    </UnitTestResult>
    <UnitTestResult executionId="526df4a0-437d-4cc6-9f83-75197432ebfc" testId="026b298d-5351-5b44-bbdc-5838d040fbf1" testName="passed_in_member_becomes_actual_memberId" computerName="EXOI7" duration="00:00:00.0002234" startTime="2016-01-04T16:20:03.2065356-03:00" endTime="2016-01-04T16:20:03.2085357-03:00" testType="13cdc9d9-ddb5-4fa4-a97d-d965ccfc6d4b" outcome="Passed" testListId="8c84fa94-04c1-424b-9868-57a2d4851a1d" relativeResultsDirectory="526df4a0-437d-4cc6-9f83-75197432ebfc">
    </UnitTestResult>
    <UnitTestResult executionId="b6d5c313-61b8-4969-8ff4-f2d35c1622ad" testId="8fb5d0ad-2a71-593d-1b4a-7642ea73d25e" testName="passed_in_scope_becomes_actual_scopeId" computerName="EXOI7" duration="00:00:00.0002458" startTime="2016-01-04T16:20:03.2095358-03:00" endTime="2016-01-04T16:20:03.2115359-03:00" testType="13cdc9d9-ddb5-4fa4-a97d-d965ccfc6d4b" outcome="Passed" testListId="8c84fa94-04c1-424b-9868-57a2d4851a1d" relativeResultsDirectory="b6d5c313-61b8-4969-8ff4-f2d35c1622ad">
    </UnitTestResult>
    <UnitTestResult executionId="32227557-fad9-4efe-abae-c25027fe173c" testId="33064bb2-5866-c189-2aca-f02d4ed6c94e" testName="passed_in_scope_becomes_story_scopeId" computerName="EXOI7" duration="00:00:00.0002411" startTime="2016-01-04T16:20:03.2125360-03:00" endTime="2016-01-04T16:20:03.2145361-03:00" testType="13cdc9d9-ddb5-4fa4-a97d-d965ccfc6d4b" outcome="Passed" testListId="8c84fa94-04c1-424b-9868-57a2d4851a1d" relativeResultsDirectory="32227557-fad9-4efe-abae-c25027fe173c">
    </UnitTestResult>
    <UnitTestResult executionId="d3916f94-f007-4b50-8ab4-670360537f0b" testId="bd9f7548-9838-12f2-8291-82e96fd11935" testName="passed_in_workitem_becomes_actual_workItemId" computerName="EXOI7" duration="00:00:00.0002374" startTime="2016-01-04T16:20:03.2155361-03:00" endTime="2016-01-04T16:20:03.2175363-03:00" testType="13cdc9d9-ddb5-4fa4-a97d-d965ccfc6d4b" outcome="Passed" testListId="8c84fa94-04c1-424b-9868-57a2d4851a1d" relativeResultsDirectory="d3916f94-f007-4b50-8ab4-670360537f0b">
    </UnitTestResult>
    <UnitTestResult executionId="1543d109-5159-4d40-825b-98bf7c7308b1" testId="53b20a3d-170c-a149-6239-6a875c929617" testName="worklog_id_becomes_reference" computerName="EXOI7" duration="00:00:00.0002411" startTime="2016-01-04T16:20:03.2195364-03:00" endTime="2016-01-04T16:20:03.2225365-03:00" testType="13cdc9d9-ddb5-4fa4-a97d-d965ccfc6d4b" outcome="Passed" testListId="8c84fa94-04c1-424b-9868-57a2d4851a1d" relativeResultsDirectory="1543d109-5159-4d40-825b-98bf7c7308b1">
    </UnitTestResult>
    <UnitTestResult executionId="38572c21-808e-4089-b53f-4ed2845fa90c" testId="3948f5d9-33ea-b592-6ea1-3b0a88dde944" testName="worklog_started_becomes_date" computerName="EXOI7" duration="00:00:00.0014946" startTime="2016-01-04T16:20:03.2235366-03:00" endTime="2016-01-04T16:20:03.2265368-03:00" testType="13cdc9d9-ddb5-4fa4-a97d-d965ccfc6d4b" outcome="Passed" testListId="8c84fa94-04c1-424b-9868-57a2d4851a1d" relativeResultsDirectory="38572c21-808e-4089-b53f-4ed2845fa90c">
    </UnitTestResult>
    <UnitTestResult executionId="b1f7c509-caec-44db-a59b-820bd5784d97" testId="9a393d67-6073-9508-90ab-6ca1a437584b" testName="worklog_timeSpentSeconds_becomes_value" computerName="EXOI7" duration="00:00:00.0002388" startTime="2016-01-04T16:20:03.2275368-03:00" endTime="2016-01-04T16:20:03.2295369-03:00" testType="13cdc9d9-ddb5-4fa4-a97d-d965ccfc6d4b" outcome="Passed" testListId="8c84fa94-04c1-424b-9868-57a2d4851a1d" relativeResultsDirectory="b1f7c509-caec-44db-a59b-820bd5784d97">
    </UnitTestResult>
    <UnitTestResult executionId="ceb614bd-b8e5-4523-bd1b-ad6e1e9d46a3" testId="c553ed22-adc3-afe9-427c-07019092e292" testName="all_mocked_calls_are_called" computerName="EXOI7" duration="00:00:00.0054100" startTime="2016-01-04T16:20:03.2305370-03:00" endTime="2016-01-04T16:20:03.2375374-03:00" testType="13cdc9d9-ddb5-4fa4-a97d-d965ccfc6d4b" outcome="Passed" testListId="8c84fa94-04c1-424b-9868-57a2d4851a1d" relativeResultsDirectory="ceb614bd-b8e5-4523-bd1b-ad6e1e9d46a3">
    </UnitTestResult>
    <UnitTestResult executionId="7d31c6c5-356b-4d3d-9e53-c88c5360af3a" testId="0c9ea319-e8ca-2af8-ed50-974e7f45dffe" testName="logs_a_message_saying_it_set_the_status" computerName="EXOI7" duration="00:00:00.0029170" startTime="2016-01-04T16:20:03.2385375-03:00" endTime="2016-01-04T16:20:03.2435377-03:00" testType="13cdc9d9-ddb5-4fa4-a97d-d965ccfc6d4b" outcome="Passed" testListId="8c84fa94-04c1-424b-9868-57a2d4851a1d" relativeResultsDirectory="7d31c6c5-356b-4d3d-9e53-c88c5360af3a">
    </UnitTestResult>
    <UnitTestResult executionId="ecc33c6c-a2f0-4dba-b3cf-3c5122117827" testId="b2e541ca-e9e3-d729-f872-79e461b9744c" testName="all_mocked_calls_are_called" computerName="EXOI7" duration="00:00:00.0015739" startTime="2016-01-04T16:20:03.2445378-03:00" endTime="2016-01-04T16:20:03.2475380-03:00" testType="13cdc9d9-ddb5-4fa4-a97d-d965ccfc6d4b" outcome="Passed" testListId="8c84fa94-04c1-424b-9868-57a2d4851a1d" relativeResultsDirectory="ecc33c6c-a2f0-4dba-b3cf-3c5122117827">
    </UnitTestResult>
    <UnitTestResult executionId="c1d1a795-11fb-42bb-a476-f13152a05e26" testId="c8811859-8e6d-efce-5e07-30fc4255b200" testName="does_not_log_a_message_saying_it_set_the_status" computerName="EXOI7" duration="00:00:00.0018277" startTime="2016-01-04T16:20:03.2485380-03:00" endTime="2016-01-04T16:20:03.2515382-03:00" testType="13cdc9d9-ddb5-4fa4-a97d-d965ccfc6d4b" outcome="Passed" testListId="8c84fa94-04c1-424b-9868-57a2d4851a1d" relativeResultsDirectory="c1d1a795-11fb-42bb-a476-f13152a05e26">
    </UnitTestResult>
    <UnitTestResult executionId="72a5337c-423c-462a-83e0-af4b51e93d28" testId="70d9e68c-5200-4a5a-b237-4f3f71f2800f" testName="gives_an_error_message_that_says_it_failed_moving_to_unsupported_statuses" computerName="EXOI7" duration="00:00:00.0018342" startTime="2016-01-04T16:20:03.2525383-03:00" endTime="2016-01-04T16:20:03.2555384-03:00" testType="13cdc9d9-ddb5-4fa4-a97d-d965ccfc6d4b" outcome="Passed" testListId="8c84fa94-04c1-424b-9868-57a2d4851a1d" relativeResultsDirectory="72a5337c-423c-462a-83e0-af4b51e93d28">
    </UnitTestResult>
    <UnitTestResult executionId="94273319-d4b7-43e7-9256-b2c132b34a67" testId="092f652c-6cb2-faeb-6f1b-b217e61a7657" testName="epic_link_should_have_the_property_key" computerName="EXOI7" duration="00:00:00.1128124" startTime="2016-01-04T16:20:03.2565385-03:00" endTime="2016-01-04T16:20:03.3715451-03:00" testType="13cdc9d9-ddb5-4fa4-a97d-d965ccfc6d4b" outcome="Passed" testListId="8c84fa94-04c1-424b-9868-57a2d4851a1d" relativeResultsDirectory="94273319-d4b7-43e7-9256-b2c132b34a67">
    </UnitTestResult>
    <UnitTestResult executionId="564a7b8e-b745-42bf-9537-23f7047eabba" testId="e3919975-5055-d42b-f6e0-fdcdc63f41d3" testName="epic_name_should_have_the_property_key" computerName="EXOI7" duration="00:00:00.0061905" startTime="2016-01-04T16:20:03.3725451-03:00" endTime="2016-01-04T16:20:03.3805456-03:00" testType="13cdc9d9-ddb5-4fa4-a97d-d965ccfc6d4b" outcome="Passed" testListId="8c84fa94-04c1-424b-9868-57a2d4851a1d" relativeResultsDirectory="564a7b8e-b745-42bf-9537-23f7047eabba">
    </UnitTestResult>
    <UnitTestResult executionId="ac837c64-3a73-4883-ad11-7603a9c98cf6" testId="7664a782-4b9d-d5dc-119f-d6dc03eea018" testName="epic_type_should_have_15_properties" computerName="EXOI7" duration="00:00:00.0058303" startTime="2016-01-04T16:20:03.3815456-03:00" endTime="2016-01-04T16:20:03.3885460-03:00" testType="13cdc9d9-ddb5-4fa4-a97d-d965ccfc6d4b" outcome="Passed" testListId="8c84fa94-04c1-424b-9868-57a2d4851a1d" relativeResultsDirectory="ac837c64-3a73-4883-ad11-7603a9c98cf6">
    </UnitTestResult>
    <UnitTestResult executionId="82932d10-a4d9-4523-a84f-8aa275d16dea" testId="7c328bd2-df4e-873d-ee1b-98c3a66bd58c" testName="epic_type_should_have_3_official_custom_fields" computerName="EXOI7" duration="00:00:00.0058807" startTime="2016-01-04T16:20:03.3895461-03:00" endTime="2016-01-04T16:20:03.3975465-03:00" testType="13cdc9d9-ddb5-4fa4-a97d-d965ccfc6d4b" outcome="Passed" testListId="8c84fa94-04c1-424b-9868-57a2d4851a1d" relativeResultsDirectory="82932d10-a4d9-4523-a84f-8aa275d16dea">
    </UnitTestResult>
    <UnitTestResult executionId="056972c6-62b7-4a82-a632-ca1bed5c0c34" testId="f9b9c0e5-cac1-263f-7c41-2e8f1b141757" testName="should_have_5_sets_of_issues" computerName="EXOI7" duration="00:00:00.0057104" startTime="2016-01-04T16:20:03.3975465-03:00" endTime="2016-01-04T16:20:03.4055470-03:00" testType="13cdc9d9-ddb5-4fa4-a97d-d965ccfc6d4b" outcome="Passed" testListId="8c84fa94-04c1-424b-9868-57a2d4851a1d" relativeResultsDirectory="056972c6-62b7-4a82-a632-ca1bed5c0c34">
    </UnitTestResult>
    <UnitTestResult executionId="10eddb93-329e-4cf5-9dc2-ea1ef98c2c58" testId="b0bf992d-67a0-4bf1-6102-e6548bd7e11c" testName="should_have_one_project" computerName="EXOI7" duration="00:00:00.0065721" startTime="2016-01-04T16:20:03.4065471-03:00" endTime="2016-01-04T16:20:03.4155476-03:00" testType="13cdc9d9-ddb5-4fa4-a97d-d965ccfc6d4b" outcome="Passed" testListId="8c84fa94-04c1-424b-9868-57a2d4851a1d" relativeResultsDirectory="10eddb93-329e-4cf5-9dc2-ea1ef98c2c58">
    </UnitTestResult>
    <UnitTestResult executionId="585ac745-2c29-4745-9640-8d70dca307e9" testId="54e7a827-a107-5cb0-8e09-5b3a968d4023" testName="story_points_should_have_the_property_key" computerName="EXOI7" duration="00:00:00.0068748" startTime="2016-01-04T16:20:03.4165476-03:00" endTime="2016-01-04T16:20:03.4255481-03:00" testType="13cdc9d9-ddb5-4fa4-a97d-d965ccfc6d4b" outcome="Passed" testListId="8c84fa94-04c1-424b-9868-57a2d4851a1d" relativeResultsDirectory="585ac745-2c29-4745-9640-8d70dca307e9">
    </UnitTestResult>
    <UnitTestResult executionId="024d9f37-70df-4055-bf37-5612299552ac" testId="d2b7573d-7f7a-473b-b8b3-77b013351a4a" testName="should_call_update_asset_just_one_time" computerName="EXOI7" duration="00:00:00.0194947" startTime="2016-01-04T16:20:03.4275483-03:00" endTime="2016-01-04T16:20:03.4495495-03:00" testType="13cdc9d9-ddb5-4fa4-a97d-d965ccfc6d4b" outcome="Passed" testListId="8c84fa94-04c1-424b-9868-57a2d4851a1d" relativeResultsDirectory="024d9f37-70df-4055-bf37-5612299552ac">
    </UnitTestResult>
    <UnitTestResult executionId="6141d625-a505-4292-9f12-6fe6363ac230" testId="d8ae65da-1195-d8f5-a279-2ed3d2892714" testName="should_send_the_right_defect_to_be_updated" computerName="EXOI7" duration="00:00:00.0037656" startTime="2016-01-04T16:20:03.4505496-03:00" endTime="2016-01-04T16:20:03.4555499-03:00" testType="13cdc9d9-ddb5-4fa4-a97d-d965ccfc6d4b" outcome="Passed" testListId="8c84fa94-04c1-424b-9868-57a2d4851a1d" relativeResultsDirectory="6141d625-a505-4292-9f12-6fe6363ac230">
    </UnitTestResult>
    <UnitTestResult executionId="ddea3c93-9231-4b60-8fda-71d49fb00e8a" testId="a3aa44ec-fb5c-d598-6967-bd33621bbb95" testName="should_send_the_right_priority_to_be_updated" computerName="EXOI7" duration="00:00:00.0040725" startTime="2016-01-04T16:20:03.4565499-03:00" endTime="2016-01-04T16:20:03.4625503-03:00" testType="13cdc9d9-ddb5-4fa4-a97d-d965ccfc6d4b" outcome="Passed" testListId="8c84fa94-04c1-424b-9868-57a2d4851a1d" relativeResultsDirectory="ddea3c93-9231-4b60-8fda-71d49fb00e8a">
    </UnitTestResult>
    <UnitTestResult executionId="cbee639c-5d6c-4f8f-a7f2-7b308bfdf76b" testId="4bb2f22e-8f2e-50bf-761a-de5b84ba02b0" testName="should_sync_member_at_least_once" computerName="EXOI7" duration="00:00:00.0057328" startTime="2016-01-04T16:20:03.4635503-03:00" endTime="2016-01-04T16:20:03.4925520-03:00" testType="13cdc9d9-ddb5-4fa4-a97d-d965ccfc6d4b" outcome="Passed" testListId="8c84fa94-04c1-424b-9868-57a2d4851a1d" relativeResultsDirectory="cbee639c-5d6c-4f8f-a7f2-7b308bfdf76b">
    </UnitTestResult>
    <UnitTestResult executionId="fc954493-3a3a-4e8e-a9bc-3e25efcb5a46" testId="3ab1c79b-513f-b1b7-004c-f3c402bd3e4c" testName="call_GetJiraPriorityIdFromMapping_with_null_priority" computerName="EXOI7" duration="00:00:00.0124010" startTime="2016-01-04T16:20:03.4935520-03:00" endTime="2016-01-04T16:20:03.5075528-03:00" testType="13cdc9d9-ddb5-4fa4-a97d-d965ccfc6d4b" outcome="Passed" testListId="8c84fa94-04c1-424b-9868-57a2d4851a1d" relativeResultsDirectory="fc954493-3a3a-4e8e-a9bc-3e25efcb5a46">
    </UnitTestResult>
    <UnitTestResult executionId="3bc00fc2-e092-4d89-8ff0-9ca543356863" testId="c189aec1-f792-605a-4d45-7d9ffd65612b" testName="null_v1_priority_returns_empty_string" computerName="EXOI7" duration="00:00:00.0114512" startTime="2016-01-04T16:20:03.5085529-03:00" endTime="2016-01-04T16:20:03.5215536-03:00" testType="13cdc9d9-ddb5-4fa4-a97d-d965ccfc6d4b" outcome="Passed" testListId="8c84fa94-04c1-424b-9868-57a2d4851a1d" relativeResultsDirectory="3bc00fc2-e092-4d89-8ff0-9ca543356863">
    </UnitTestResult>
    <UnitTestResult executionId="7f6ae31b-2303-4b33-bef0-2299da8bc83d" testId="fe364416-02e1-5cd3-095b-02257b023ad1" testName="call_GetJiraPriorityIdFromMapping_with_Medium_priority" computerName="EXOI7" duration="00:00:00.0063757" startTime="2016-01-04T16:20:03.5225537-03:00" endTime="2016-01-04T16:20:03.5305542-03:00" testType="13cdc9d9-ddb5-4fa4-a97d-d965ccfc6d4b" outcome="Passed" testListId="8c84fa94-04c1-424b-9868-57a2d4851a1d" relativeResultsDirectory="7f6ae31b-2303-4b33-bef0-2299da8bc83d">
    </UnitTestResult>
    <UnitTestResult executionId="1cee03d4-3f32-4618-b370-2f4ed5ad9de1" testId="189132ef-3b03-1a59-eac3-ea0849320c1b" testName="null_v1_priority_returns_empty_string" computerName="EXOI7" duration="00:00:00.0062422" startTime="2016-01-04T16:20:03.5315542-03:00" endTime="2016-01-04T16:20:03.5395547-03:00" testType="13cdc9d9-ddb5-4fa4-a97d-d965ccfc6d4b" outcome="Passed" testListId="8c84fa94-04c1-424b-9868-57a2d4851a1d" relativeResultsDirectory="1cee03d4-3f32-4618-b370-2f4ed5ad9de1">
    </UnitTestResult>
    <UnitTestResult executionId="c163c09a-0b2f-495d-be9c-89ea1b1e8411" testId="5e813e99-13b7-8be8-7418-43913bfdaf9e" testName="should_call_update_asset_just_one_time" computerName="EXOI7" duration="00:00:00.0135654" startTime="2016-01-04T16:20:03.5405547-03:00" endTime="2016-01-04T16:20:03.5555556-03:00" testType="13cdc9d9-ddb5-4fa4-a97d-d965ccfc6d4b" outcome="Passed" testListId="8c84fa94-04c1-424b-9868-57a2d4851a1d" relativeResultsDirectory="c163c09a-0b2f-495d-be9c-89ea1b1e8411">
    </UnitTestResult>
    <UnitTestResult executionId="ad916618-e57b-4431-bf47-13f408456c16" testId="6177ca55-578c-ba9c-7a78-75da4b6c3658" testName="should_send_the_right_priority_to_be_updated" computerName="EXOI7" duration="00:00:00.0038122" startTime="2016-01-04T16:20:03.5565556-03:00" endTime="2016-01-04T16:20:03.5625560-03:00" testType="13cdc9d9-ddb5-4fa4-a97d-d965ccfc6d4b" outcome="Passed" testListId="8c84fa94-04c1-424b-9868-57a2d4851a1d" relativeResultsDirectory="ad916618-e57b-4431-bf47-13f408456c16">
    </UnitTestResult>
    <UnitTestResult executionId="bd70938c-0938-4f8c-a2ed-c08e3a891c92" testId="ff4f6324-14c2-135e-f88a-7da41a92db14" testName="should_send_the_right_story_to_be_updated" computerName="EXOI7" duration="00:00:00.0039568" startTime="2016-01-04T16:20:03.5635560-03:00" endTime="2016-01-04T16:20:03.5695564-03:00" testType="13cdc9d9-ddb5-4fa4-a97d-d965ccfc6d4b" outcome="Passed" testListId="8c84fa94-04c1-424b-9868-57a2d4851a1d" relativeResultsDirectory="bd70938c-0938-4f8c-a2ed-c08e3a891c92">
    </UnitTestResult>
    <UnitTestResult executionId="3b5e6728-ca7d-4cff-8599-ce4096e3f3cb" testId="653829f3-59e9-e183-a03c-0280008797ef" testName="should_sync_member_at_least_once" computerName="EXOI7" duration="00:00:00.0047602" startTime="2016-01-04T16:20:03.5715565-03:00" endTime="2016-01-04T16:20:03.5785569-03:00" testType="13cdc9d9-ddb5-4fa4-a97d-d965ccfc6d4b" outcome="Passed" testListId="8c84fa94-04c1-424b-9868-57a2d4851a1d" relativeResultsDirectory="3b5e6728-ca7d-4cff-8599-ce4096e3f3cb">
    </UnitTestResult>
    <UnitTestResult executionId="38ac967a-5723-42ee-822d-d495933ea6c6" testId="6b4f5e4e-7af1-98ad-fcef-4532fd0a20f9" testName="should_sync_member_at_least_once" computerName="EXOI7" duration="00:00:00.0076679" startTime="2016-01-04T16:20:03.5795570-03:00" endTime="2016-01-04T16:20:03.5895575-03:00" testType="13cdc9d9-ddb5-4fa4-a97d-d965ccfc6d4b" outcome="Passed" testListId="8c84fa94-04c1-424b-9868-57a2d4851a1d" relativeResultsDirectory="38ac967a-5723-42ee-822d-d495933ea6c6">
    </UnitTestResult>
    <UnitTestResult executionId="f91ff854-2b32-48e1-9a32-98c9d8d9265c" testId="2bf42bc1-5575-e8b6-d93f-a6cf3ff03d71" testName="do_not_call_GetJiraPriorityIdFromMapping" computerName="EXOI7" duration="00:00:00.0098227" startTime="2016-01-04T16:20:03.5905576-03:00" endTime="2016-01-04T16:20:03.6015582-03:00" testType="13cdc9d9-ddb5-4fa4-a97d-d965ccfc6d4b" outcome="Passed" testListId="8c84fa94-04c1-424b-9868-57a2d4851a1d" relativeResultsDirectory="f91ff854-2b32-48e1-9a32-98c9d8d9265c">
    </UnitTestResult>
    <UnitTestResult executionId="c311c57e-e4e9-445e-9190-787396627301" testId="76de075c-2879-aa01-68fb-63d3c0f7eb1c" testName="null_v1_priority_returns_empty_string" computerName="EXOI7" duration="00:00:00.0048418" startTime="2016-01-04T16:20:03.6025583-03:00" endTime="2016-01-04T16:20:03.6095587-03:00" testType="13cdc9d9-ddb5-4fa4-a97d-d965ccfc6d4b" outcome="Passed" testListId="8c84fa94-04c1-424b-9868-57a2d4851a1d" relativeResultsDirectory="c311c57e-e4e9-445e-9190-787396627301">
    </UnitTestResult>
    <UnitTestResult executionId="9f8109ab-d8c7-4c8f-86c5-135371767c38" testId="dc6e54ac-b554-53de-6a8e-e99b2757c024" testName="do_not_call_GetJiraPriorityIdFromMapping" computerName="EXOI7" duration="00:00:00.0068767" startTime="2016-01-04T16:20:03.6105587-03:00" endTime="2016-01-04T16:20:03.6205593-03:00" testType="13cdc9d9-ddb5-4fa4-a97d-d965ccfc6d4b" outcome="Passed" testListId="8c84fa94-04c1-424b-9868-57a2d4851a1d" relativeResultsDirectory="9f8109ab-d8c7-4c8f-86c5-135371767c38">
    </UnitTestResult>
    <UnitTestResult executionId="52e9d32c-3e7e-4960-9ea9-af26905356f4" testId="5730a4e6-f4c6-9402-a289-1183b8171a0b" testName="null_v1_priority_returns_empty_string" computerName="EXOI7" duration="00:00:00.0043188" startTime="2016-01-04T16:20:03.6215594-03:00" endTime="2016-01-04T16:20:03.6275597-03:00" testType="13cdc9d9-ddb5-4fa4-a97d-d965ccfc6d4b" outcome="Passed" testListId="8c84fa94-04c1-424b-9868-57a2d4851a1d" relativeResultsDirectory="52e9d32c-3e7e-4960-9ea9-af26905356f4">
    </UnitTestResult>
    <UnitTestResult executionId="759e8bd3-4cbc-4ae5-95b0-f32925e8a2de" testId="5bcc6b4d-0123-1f07-709a-65a208da1bbf" testName="should_sync_member_at_least_once" computerName="EXOI7" duration="00:00:00.0036126" startTime="2016-01-04T16:20:03.6285598-03:00" endTime="2016-01-04T16:20:03.6345601-03:00" testType="13cdc9d9-ddb5-4fa4-a97d-d965ccfc6d4b" outcome="Passed" testListId="8c84fa94-04c1-424b-9868-57a2d4851a1d" relativeResultsDirectory="759e8bd3-4cbc-4ae5-95b0-f32925e8a2de">
    </UnitTestResult>
    <UnitTestResult executionId="172c383e-fa0c-43fa-9849-e9333e19adc3" testId="8ba803b4-4806-8ead-3e6f-9af6bbd72c25" testName="makes_a_call_add_a_comment_back_to_jira" computerName="EXOI7" duration="00:00:00.0038939" startTime="2016-01-04T16:20:03.6355602-03:00" endTime="2016-01-04T16:20:03.6415605-03:00" testType="13cdc9d9-ddb5-4fa4-a97d-d965ccfc6d4b" outcome="Passed" testListId="8c84fa94-04c1-424b-9868-57a2d4851a1d" relativeResultsDirectory="172c383e-fa0c-43fa-9849-e9333e19adc3">
    </UnitTestResult>
    <UnitTestResult executionId="90774a6b-00d5-40de-87f7-2dd85b941084" testId="ace7038c-c5a7-de23-1f2a-d0e7fd972954" testName="makes_a_call_add_a_link_back_to_jira" computerName="EXOI7" duration="00:00:00.0038048" startTime="2016-01-04T16:20:03.6415605-03:00" endTime="2016-01-04T16:20:03.6485609-03:00" testType="13cdc9d9-ddb5-4fa4-a97d-d965ccfc6d4b" outcome="Passed" testListId="8c84fa94-04c1-424b-9868-57a2d4851a1d" relativeResultsDirectory="90774a6b-00d5-40de-87f7-2dd85b941084">
    </UnitTestResult>
    <UnitTestResult executionId="3c5dd31a-a9e2-4887-bf0b-0293d9b64aa1" testId="1a53bf63-7f68-fa13-fc02-54ef19b26c61" testName="makes_a_call_to_update_the_issue_in_jira_with_story_number" computerName="EXOI7" duration="00:00:00.0035407" startTime="2016-01-04T16:20:03.6485609-03:00" endTime="2016-01-04T16:20:03.6535612-03:00" testType="13cdc9d9-ddb5-4fa4-a97d-d965ccfc6d4b" outcome="Passed" testListId="8c84fa94-04c1-424b-9868-57a2d4851a1d" relativeResultsDirectory="3c5dd31a-a9e2-4887-bf0b-0293d9b64aa1">
    </UnitTestResult>
    <UnitTestResult executionId="c407246a-76d5-4d08-958e-f0432df48cec" testId="0ed99ea3-95f0-913a-2c15-b57634911d0e" testName="should_call_create_asset_just_one_time" computerName="EXOI7" duration="00:00:00.0033177" startTime="2016-01-04T16:20:03.6545612-03:00" endTime="2016-01-04T16:20:03.6595615-03:00" testType="13cdc9d9-ddb5-4fa4-a97d-d965ccfc6d4b" outcome="Passed" testListId="8c84fa94-04c1-424b-9868-57a2d4851a1d" relativeResultsDirectory="c407246a-76d5-4d08-958e-f0432df48cec">
    </UnitTestResult>
    <UnitTestResult executionId="3e7421e9-66a5-4936-ba9d-7da70ccf8bbf" testId="fd9d4dec-b77f-18a5-a0e1-c9e90b84da32" testName="should_not_try_to_get_an_epic_id" computerName="EXOI7" duration="00:00:00.0037534" startTime="2016-01-04T16:20:03.6605616-03:00" endTime="2016-01-04T16:20:03.6675620-03:00" testType="13cdc9d9-ddb5-4fa4-a97d-d965ccfc6d4b" outcome="Passed" testListId="8c84fa94-04c1-424b-9868-57a2d4851a1d" relativeResultsDirectory="3e7421e9-66a5-4936-ba9d-7da70ccf8bbf">
    </UnitTestResult>
    <UnitTestResult executionId="003eb8ac-ee1b-4bf8-9aad-5775b27a6caf" testId="70167dab-4448-2829-e5de-df0245a7ffbe" testName="should_refresh_the_story_once" computerName="EXOI7" duration="00:00:00.0037264" startTime="2016-01-04T16:20:03.6685620-03:00" endTime="2016-01-04T16:20:03.6745624-03:00" testType="13cdc9d9-ddb5-4fa4-a97d-d965ccfc6d4b" outcome="Passed" testListId="8c84fa94-04c1-424b-9868-57a2d4851a1d" relativeResultsDirectory="003eb8ac-ee1b-4bf8-9aad-5775b27a6caf">
    </UnitTestResult>
    <UnitTestResult executionId="5f425023-24ef-4d5d-8673-b8e54f811779" testId="1f1d9103-b75a-300d-af44-8f44b9875c6e" testName="should_call_delete_asset_just_one_time" computerName="EXOI7" duration="00:00:00.0061023" startTime="2016-01-04T16:20:03.6755624-03:00" endTime="2016-01-04T16:20:03.6835629-03:00" testType="13cdc9d9-ddb5-4fa4-a97d-d965ccfc6d4b" outcome="Passed" testListId="8c84fa94-04c1-424b-9868-57a2d4851a1d" relativeResultsDirectory="5f425023-24ef-4d5d-8673-b8e54f811779">
    </UnitTestResult>
    <UnitTestResult executionId="aae0e0c5-1d37-4ebe-a867-594245f7d26b" testId="66a60bf1-aa87-4ca8-ccfa-df9e0e5240ba" testName="should_call_delete_asset_just_two_times" computerName="EXOI7" duration="00:00:00.0052029" startTime="2016-01-04T16:20:03.6845630-03:00" endTime="2016-01-04T16:20:03.6915634-03:00" testType="13cdc9d9-ddb5-4fa4-a97d-d965ccfc6d4b" outcome="Passed" testListId="8c84fa94-04c1-424b-9868-57a2d4851a1d" relativeResultsDirectory="aae0e0c5-1d37-4ebe-a867-594245f7d26b">
    </UnitTestResult>
    <UnitTestResult executionId="1ac6bf87-53b0-468c-b7ff-27030b83dd99" testId="738b9b02-b250-17cf-a2bf-0e9bd3db029a" testName="should_never_call_delete_asset" computerName="EXOI7" duration="00:00:00.0035118" startTime="2016-01-04T16:20:03.6935635-03:00" endTime="2016-01-04T16:20:03.6985638-03:00" testType="13cdc9d9-ddb5-4fa4-a97d-d965ccfc6d4b" outcome="Passed" testListId="8c84fa94-04c1-424b-9868-57a2d4851a1d" relativeResultsDirectory="1ac6bf87-53b0-468c-b7ff-27030b83dd99">
    </UnitTestResult>
    <UnitTestResult executionId="306d56ef-aae7-4ca3-9e89-40480462b8bc" testId="c9408e43-b48c-755d-2cb9-59411aa56115" testName="should_call_update_asset_just_one_time" computerName="EXOI7" duration="00:00:00.0040389" startTime="2016-01-04T16:20:03.6995638-03:00" endTime="2016-01-04T16:20:03.7065642-03:00" testType="13cdc9d9-ddb5-4fa4-a97d-d965ccfc6d4b" outcome="Passed" testListId="8c84fa94-04c1-424b-9868-57a2d4851a1d" relativeResultsDirectory="306d56ef-aae7-4ca3-9e89-40480462b8bc">
    </UnitTestResult>
    <UnitTestResult executionId="94624381-619f-4a7f-b693-1f55a1cf94af" testId="3c105b00-fd2f-2b14-04e3-a74a6cd955e6" testName="should_send_the_right_story_to_be_updated" computerName="EXOI7" duration="00:00:00.0041052" startTime="2016-01-04T16:20:03.7075643-03:00" endTime="2016-01-04T16:20:03.7135646-03:00" testType="13cdc9d9-ddb5-4fa4-a97d-d965ccfc6d4b" outcome="Passed" testListId="8c84fa94-04c1-424b-9868-57a2d4851a1d" relativeResultsDirectory="94624381-619f-4a7f-b693-1f55a1cf94af">
    </UnitTestResult>
    <UnitTestResult executionId="8302222e-b401-47e8-acf8-54d7e6dcd712" testId="ea0ec4a5-849c-43bd-0799-eb8fea1943b2" testName="should_sync_member_at_least_once" computerName="EXOI7" duration="00:00:00.0097578" startTime="2016-01-04T16:20:03.7155647-03:00" endTime="2016-01-04T16:20:03.7285655-03:00" testType="13cdc9d9-ddb5-4fa4-a97d-d965ccfc6d4b" outcome="Passed" testListId="8c84fa94-04c1-424b-9868-57a2d4851a1d" relativeResultsDirectory="8302222e-b401-47e8-acf8-54d7e6dcd712">
    </UnitTestResult>
    <UnitTestResult executionId="cc827627-fa8e-417c-b310-f6e61210e94f" testId="416e3ca3-b89f-7971-4b8d-3f0bee98c1eb" testName="should_call_close_story" computerName="EXOI7" duration="00:00:00.0075909" startTime="2016-01-04T16:20:03.7295655-03:00" endTime="2016-01-04T16:20:03.7395661-03:00" testType="13cdc9d9-ddb5-4fa4-a97d-d965ccfc6d4b" outcome="Passed" testListId="8c84fa94-04c1-424b-9868-57a2d4851a1d" relativeResultsDirectory="cc827627-fa8e-417c-b310-f6e61210e94f">
    </UnitTestResult>
    <UnitTestResult executionId="1cdf245d-388b-4680-9ae0-fa602c335ced" testId="68485a4a-30da-f7e2-89c7-9f15271044c6" testName="should_not_call_reopen_story" computerName="EXOI7" duration="00:00:00.0036294" startTime="2016-01-04T16:20:03.7405662-03:00" endTime="2016-01-04T16:20:03.7465665-03:00" testType="13cdc9d9-ddb5-4fa4-a97d-d965ccfc6d4b" outcome="Passed" testListId="8c84fa94-04c1-424b-9868-57a2d4851a1d" relativeResultsDirectory="1cdf245d-388b-4680-9ae0-fa602c335ced">
    </UnitTestResult>
    <UnitTestResult executionId="fe7640da-31fc-40d7-87b3-b216b0cff2a5" testId="148af372-1493-fdfc-fe55-5bef0d7c9b52" testName="should_not_add_it_to_the_v1_project" computerName="EXOI7" duration="00:00:00.0040301" startTime="2016-01-04T16:20:03.7475666-03:00" endTime="2016-01-04T16:20:03.7535669-03:00" testType="13cdc9d9-ddb5-4fa4-a97d-d965ccfc6d4b" outcome="Passed" testListId="8c84fa94-04c1-424b-9868-57a2d4851a1d" relativeResultsDirectory="fe7640da-31fc-40d7-87b3-b216b0cff2a5">
    </UnitTestResult>
    <UnitTestResult executionId="230f6b5b-3d68-4c31-aa7d-214824ec225f" testId="60d2f902-762f-1c57-1315-40f66f0e1753" testName="should_not_call_either_operations_to_close_or_reopen" computerName="EXOI7" duration="00:00:00.0043324" startTime="2016-01-04T16:20:03.7545670-03:00" endTime="2016-01-04T16:20:03.7605673-03:00" testType="13cdc9d9-ddb5-4fa4-a97d-d965ccfc6d4b" outcome="Passed" testListId="8c84fa94-04c1-424b-9868-57a2d4851a1d" relativeResultsDirectory="230f6b5b-3d68-4c31-aa7d-214824ec225f">
    </UnitTestResult>
    <UnitTestResult executionId="4510c15b-6971-4e23-af21-f7a4233fa55b" testId="05557889-1c1d-e34b-8224-61efb9e1913a" testName="should_pass_along_data_to_update_story" computerName="EXOI7" duration="00:00:00.0033947" startTime="2016-01-04T16:20:03.7615674-03:00" endTime="2016-01-04T16:20:03.7685678-03:00" testType="13cdc9d9-ddb5-4fa4-a97d-d965ccfc6d4b" outcome="Passed" testListId="8c84fa94-04c1-424b-9868-57a2d4851a1d" relativeResultsDirectory="4510c15b-6971-4e23-af21-f7a4233fa55b">
    </UnitTestResult>
    <UnitTestResult executionId="ace2d900-bfe2-408b-b1b5-20677b4a68fe" testId="a352d131-f533-5210-4496-3c994dd49896" testName="should_log_a_message_about_the_closed_epic" computerName="EXOI7" duration="00:00:00.0037726" startTime="2016-01-04T16:20:03.7695678-03:00" endTime="2016-01-04T16:20:03.7775683-03:00" testType="13cdc9d9-ddb5-4fa4-a97d-d965ccfc6d4b" outcome="Passed" testListId="8c84fa94-04c1-424b-9868-57a2d4851a1d" relativeResultsDirectory="ace2d900-bfe2-408b-b1b5-20677b4a68fe">
    </UnitTestResult>
    <UnitTestResult executionId="4d519fdb-cdfe-4fda-bbef-27bcbca6544e" testId="50a40348-2ad6-9bcd-e4cd-5213d54b3cbf" testName="should_not_call_either_operations_to_close_or_reopen" computerName="EXOI7" duration="00:00:00.0040870" startTime="2016-01-04T16:20:03.7795684-03:00" endTime="2016-01-04T16:20:03.7855687-03:00" testType="13cdc9d9-ddb5-4fa4-a97d-d965ccfc6d4b" outcome="Passed" testListId="8c84fa94-04c1-424b-9868-57a2d4851a1d" relativeResultsDirectory="4d519fdb-cdfe-4fda-bbef-27bcbca6544e">
    </UnitTestResult>
    <UnitTestResult executionId="9bdb09bb-e475-4e10-ac36-ecb5d0aaf90b" testId="d90fddeb-6dbb-2aa4-1b55-969a440f31a3" testName="should_not_update_the_parent_epic" computerName="EXOI7" duration="00:00:00.0030681" startTime="2016-01-04T16:20:03.7865688-03:00" endTime="2016-01-04T16:20:03.7915691-03:00" testType="13cdc9d9-ddb5-4fa4-a97d-d965ccfc6d4b" outcome="Passed" testListId="8c84fa94-04c1-424b-9868-57a2d4851a1d" relativeResultsDirectory="9bdb09bb-e475-4e10-ac36-ecb5d0aaf90b">
    </UnitTestResult>
    <UnitTestResult executionId="4120cbe9-5241-46c6-b7fa-b66a22487a84" testId="59c67b93-a82d-e702-7ecf-48cf920106fa" testName="should_call_reopen_story" computerName="EXOI7" duration="00:00:00.0039792" startTime="2016-01-04T16:20:03.7925691-03:00" endTime="2016-01-04T16:20:03.7995695-03:00" testType="13cdc9d9-ddb5-4fa4-a97d-d965ccfc6d4b" outcome="Passed" testListId="8c84fa94-04c1-424b-9868-57a2d4851a1d" relativeResultsDirectory="4120cbe9-5241-46c6-b7fa-b66a22487a84">
    </UnitTestResult>
    <UnitTestResult executionId="b0461323-009a-49bd-9767-5d1bd122cc81" testId="c9ab5b7e-efe9-a785-3e50-f5ab04f81e63" testName="should_not_call_close_story" computerName="EXOI7" duration="00:00:00.0036830" startTime="2016-01-04T16:20:03.8005696-03:00" endTime="2016-01-04T16:20:03.8055699-03:00" testType="13cdc9d9-ddb5-4fa4-a97d-d965ccfc6d4b" outcome="Passed" testListId="8c84fa94-04c1-424b-9868-57a2d4851a1d" relativeResultsDirectory="b0461323-009a-49bd-9767-5d1bd122cc81">
    </UnitTestResult>
    <UnitTestResult executionId="dd9d49fc-4163-4621-9a8b-d0611c8d25db" testId="ac32892e-52d4-748a-b82a-570728ea6b9c" testName="makes_a_call_add_a_comment_back_to_jira" computerName="EXOI7" duration="00:00:00.0064536" startTime="2016-01-04T16:20:03.8065699-03:00" endTime="2016-01-04T16:20:03.8155705-03:00" testType="13cdc9d9-ddb5-4fa4-a97d-d965ccfc6d4b" outcome="Passed" testListId="8c84fa94-04c1-424b-9868-57a2d4851a1d" relativeResultsDirectory="dd9d49fc-4163-4621-9a8b-d0611c8d25db">
    </UnitTestResult>
    <UnitTestResult executionId="23963a20-e0d8-47a4-9688-f3b609e8e30b" testId="78856f2d-8b60-8e7c-3574-e86b73004bf5" testName="makes_a_call_add_a_link_back_to_jira" computerName="EXOI7" duration="00:00:00.0059180" startTime="2016-01-04T16:20:03.8165705-03:00" endTime="2016-01-04T16:20:03.8245710-03:00" testType="13cdc9d9-ddb5-4fa4-a97d-d965ccfc6d4b" outcome="Passed" testListId="8c84fa94-04c1-424b-9868-57a2d4851a1d" relativeResultsDirectory="23963a20-e0d8-47a4-9688-f3b609e8e30b">
    </UnitTestResult>
    <UnitTestResult executionId="85ce258b-de96-4d92-9afc-55b92fa85bd2" testId="d845ad1a-e2e6-6b79-3d4c-42bdd3e31729" testName="should_call_add_a_label_to_jira_with_the_newly_created_story" computerName="EXOI7" duration="00:00:00.0039144" startTime="2016-01-04T16:20:03.8255710-03:00" endTime="2016-01-04T16:20:03.8315714-03:00" testType="13cdc9d9-ddb5-4fa4-a97d-d965ccfc6d4b" outcome="Passed" testListId="8c84fa94-04c1-424b-9868-57a2d4851a1d" relativeResultsDirectory="85ce258b-de96-4d92-9afc-55b92fa85bd2">
    </UnitTestResult>
    <UnitTestResult executionId="109dd120-6c18-452f-8af3-f9ee08abe85f" testId="7acbb2b0-21ed-c301-e881-d2cca6aebff8" testName="should_call_refresh_basic_info_for_newly_created_story" computerName="EXOI7" duration="00:00:00.0034516" startTime="2016-01-04T16:20:03.8325714-03:00" endTime="2016-01-04T16:20:03.8385718-03:00" testType="13cdc9d9-ddb5-4fa4-a97d-d965ccfc6d4b" outcome="Passed" testListId="8c84fa94-04c1-424b-9868-57a2d4851a1d" relativeResultsDirectory="109dd120-6c18-452f-8af3-f9ee08abe85f">
    </UnitTestResult>
    <UnitTestResult executionId="10aa2eb5-a816-4eeb-bf6b-3cd04520dcd4" testId="03df84a6-02bd-a485-f1a5-58c04bb6d291" testName="should_not_add_it_to_the_v1_project" computerName="EXOI7" duration="00:00:00.0035230" startTime="2016-01-04T16:20:03.8395718-03:00" endTime="2016-01-04T16:20:03.8445721-03:00" testType="13cdc9d9-ddb5-4fa4-a97d-d965ccfc6d4b" outcome="Passed" testListId="8c84fa94-04c1-424b-9868-57a2d4851a1d" relativeResultsDirectory="10aa2eb5-a816-4eeb-bf6b-3cd04520dcd4">
    </UnitTestResult>
    <UnitTestResult executionId="640d1686-6426-4e4e-8270-9acbbaea7721" testId="7cfd3bd9-17cf-04ac-df4b-ee8a4223ad8f" testName="does_not_create_a_comment" computerName="EXOI7" duration="00:00:00.0059614" startTime="2016-01-04T16:20:03.8455722-03:00" endTime="2016-01-04T16:20:03.8525726-03:00" testType="13cdc9d9-ddb5-4fa4-a97d-d965ccfc6d4b" outcome="Passed" testListId="8c84fa94-04c1-424b-9868-57a2d4851a1d" relativeResultsDirectory="640d1686-6426-4e4e-8270-9acbbaea7721">
    </UnitTestResult>
    <UnitTestResult executionId="ce9712ba-3cbf-4d11-b36b-2b843190d01b" testId="e4c5ea24-b2dc-0419-984d-0de3089f78f1" testName="does_not_try_to_add_weblink" computerName="EXOI7" duration="00:00:00.0035277" startTime="2016-01-04T16:20:03.8535726-03:00" endTime="2016-01-04T16:20:03.8585729-03:00" testType="13cdc9d9-ddb5-4fa4-a97d-d965ccfc6d4b" outcome="Passed" testListId="8c84fa94-04c1-424b-9868-57a2d4851a1d" relativeResultsDirectory="ce9712ba-3cbf-4d11-b36b-2b843190d01b">
    </UnitTestResult>
    <UnitTestResult executionId="5e86e48c-3eff-4675-aeb3-9f8772e3d43e" testId="73f653a4-5b51-df67-f931-e9dc8bec4e74" testName="should_call_create_story_once" computerName="EXOI7" duration="00:00:00.0038034" startTime="2016-01-04T16:20:03.8595730-03:00" endTime="2016-01-04T16:20:03.8645733-03:00" testType="13cdc9d9-ddb5-4fa4-a97d-d965ccfc6d4b" outcome="Passed" testListId="8c84fa94-04c1-424b-9868-57a2d4851a1d" relativeResultsDirectory="5e86e48c-3eff-4675-aeb3-9f8772e3d43e">
    </UnitTestResult>
    <UnitTestResult executionId="db963886-45dc-4d5b-9e94-bb6a9ab45305" testId="b28e50c3-9216-5539-0c0a-2d0e0a285150" testName="should_log_an_error" computerName="EXOI7" duration="00:00:00.0033121" startTime="2016-01-04T16:20:03.8655733-03:00" endTime="2016-01-04T16:20:03.8715737-03:00" testType="13cdc9d9-ddb5-4fa4-a97d-d965ccfc6d4b" outcome="Passed" testListId="8c84fa94-04c1-424b-9868-57a2d4851a1d" relativeResultsDirectory="db963886-45dc-4d5b-9e94-bb6a9ab45305">
    </UnitTestResult>
    <UnitTestResult executionId="ec2f59cc-fb5d-41e7-99d1-368848d7b424" testId="07511065-ece9-c5c5-c035-47865a81729c" testName="should_not_call_refresh_info" computerName="EXOI7" duration="00:00:00.0034913" startTime="2016-01-04T16:20:03.8725737-03:00" endTime="2016-01-04T16:20:03.8775740-03:00" testType="13cdc9d9-ddb5-4fa4-a97d-d965ccfc6d4b" outcome="Passed" testListId="8c84fa94-04c1-424b-9868-57a2d4851a1d" relativeResultsDirectory="ec2f59cc-fb5d-41e7-99d1-368848d7b424">
    </UnitTestResult>
    <UnitTestResult executionId="106e4b46-9039-4173-9297-1ec1d5259597" testId="ce9788eb-b60b-d0e7-8fbb-1a9e315e3da7" testName="should_not_update_the_issue" computerName="EXOI7" duration="00:00:00.0036023" startTime="2016-01-04T16:20:03.8795741-03:00" endTime="2016-01-04T16:20:03.8845744-03:00" testType="13cdc9d9-ddb5-4fa4-a97d-d965ccfc6d4b" outcome="Passed" testListId="8c84fa94-04c1-424b-9868-57a2d4851a1d" relativeResultsDirectory="106e4b46-9039-4173-9297-1ec1d5259597">
    </UnitTestResult>
    <UnitTestResult executionId="f654f93d-e5e8-4536-b34b-368379b69308" testId="3e490538-10bf-e3b9-47ed-60caecac2d1d" testName="closed_tracked_epics_should_grab_just_the_name_assetState_and_reference" computerName="EXOI7" duration="00:00:00.0228871" startTime="2016-01-04T16:20:03.8855745-03:00" endTime="2016-01-04T16:20:03.9105759-03:00" testType="13cdc9d9-ddb5-4fa4-a97d-d965ccfc6d4b" outcome="Passed" testListId="8c84fa94-04c1-424b-9868-57a2d4851a1d" relativeResultsDirectory="f654f93d-e5e8-4536-b34b-368379b69308">
    </UnitTestResult>
    <UnitTestResult executionId="4ad406ed-db35-418c-a2fc-8a0567856189" testId="394a83c9-a0fb-3d02-677b-8afc83b7042e" testName="deleted_epics_need_a_query_for_isDeleted_along_with_basic_attributes" computerName="EXOI7" duration="00:00:00.0060137" startTime="2016-01-04T16:20:03.9115759-03:00" endTime="2016-01-04T16:20:03.9205765-03:00" testType="13cdc9d9-ddb5-4fa4-a97d-d965ccfc6d4b" outcome="Passed" testListId="8c84fa94-04c1-424b-9868-57a2d4851a1d" relativeResultsDirectory="4ad406ed-db35-418c-a2fc-8a0567856189">
    </UnitTestResult>
    <UnitTestResult executionId="264e9f5e-6af7-4ab3-b7bf-5210c10e4cb5" testId="578e2502-cc80-cffb-ff47-db1642d67a17" testName="get_all_the_stories_in_a_project_with_a_reference" computerName="EXOI7" duration="00:00:00.0082338" startTime="2016-01-04T16:20:03.9215765-03:00" endTime="2016-01-04T16:20:03.9335772-03:00" testType="13cdc9d9-ddb5-4fa4-a97d-d965ccfc6d4b" outcome="Passed" testListId="8c84fa94-04c1-424b-9868-57a2d4851a1d" relativeResultsDirectory="264e9f5e-6af7-4ab3-b7bf-5210c10e4cb5">
    </UnitTestResult>
    <UnitTestResult executionId="ace92f24-acf3-45ba-8e95-be5d6bc93e4c" testId="7dff38d0-4d55-c41f-272e-91e7a64ecd14" testName="getting_tracked_epics_is_number_name_and_ref" computerName="EXOI7" duration="00:00:00.0066210" startTime="2016-01-04T16:20:03.9345773-03:00" endTime="2016-01-04T16:20:03.9435778-03:00" testType="13cdc9d9-ddb5-4fa4-a97d-d965ccfc6d4b" outcome="Passed" testListId="8c84fa94-04c1-424b-9868-57a2d4851a1d" relativeResultsDirectory="ace92f24-acf3-45ba-8e95-be5d6bc93e4c">
    </UnitTestResult>
    <UnitTestResult executionId="4d26f61a-9bb0-42ed-92d4-7cdaf437c0fb" testId="f7f0b8a7-cf7f-ca25-9d15-baa8f7f78579" testName="make_sure_its_getting_refereces_correctly" computerName="EXOI7" duration="00:00:00.0058261" startTime="2016-01-04T16:20:03.9445778-03:00" endTime="2016-01-04T16:20:03.9525783-03:00" testType="13cdc9d9-ddb5-4fa4-a97d-d965ccfc6d4b" outcome="Passed" testListId="8c84fa94-04c1-424b-9868-57a2d4851a1d" relativeResultsDirectory="4d26f61a-9bb0-42ed-92d4-7cdaf437c0fb">
    </UnitTestResult>
    <UnitTestResult executionId="05a3d7a2-cdc0-4a74-9b16-1ea7ddd648c4" testId="6cd4c692-cf1b-abea-6b9b-321981764b34" testName="should_call_create_member_just_once" computerName="EXOI7" duration="00:00:00.0186181" startTime="2016-01-04T16:20:03.9535783-03:00" endTime="2016-01-04T16:20:03.9735795-03:00" testType="13cdc9d9-ddb5-4fa4-a97d-d965ccfc6d4b" outcome="Passed" testListId="8c84fa94-04c1-424b-9868-57a2d4851a1d" relativeResultsDirectory="05a3d7a2-cdc0-4a74-9b16-1ea7ddd648c4">
    </UnitTestResult>
    <UnitTestResult executionId="a3d654ae-7c9e-4228-ba8c-189574d6d2f9" testId="c0f5d4a2-b9c3-8ba4-a5cd-e43136f83f1c" testName="should_create_a_post_to_update_member" computerName="EXOI7" duration="00:00:00.0093538" startTime="2016-01-04T16:20:03.9745796-03:00" endTime="2016-01-04T16:20:03.9855802-03:00" testType="13cdc9d9-ddb5-4fa4-a97d-d965ccfc6d4b" outcome="Passed" testListId="8c84fa94-04c1-424b-9868-57a2d4851a1d" relativeResultsDirectory="a3d654ae-7c9e-4228-ba8c-189574d6d2f9">
    </UnitTestResult>
    <UnitTestResult executionId="d4572ec7-c066-4f7a-adb5-6d149f5689fc" testId="4c881ea4-3cc9-4a9b-5eba-be04acf0addc" testName="should_create_a_post_to_create_member" computerName="EXOI7" duration="00:00:00.0038015" startTime="2016-01-04T16:20:03.9865802-03:00" endTime="2016-01-04T16:20:03.9915805-03:00" testType="13cdc9d9-ddb5-4fa4-a97d-d965ccfc6d4b" outcome="Passed" testListId="8c84fa94-04c1-424b-9868-57a2d4851a1d" relativeResultsDirectory="d4572ec7-c066-4f7a-adb5-6d149f5689fc">
    </UnitTestResult>
    <UnitTestResult executionId="6f6b5c0f-a763-43a5-bce4-09dba67c744d" testId="ea2024a6-4d5a-3770-989b-75881a2d1e36" testName="description_is_null_or_empty" computerName="EXOI7" duration="00:00:00.0005313" startTime="2016-01-04T16:20:03.9925806-03:00" endTime="2016-01-04T16:20:03.9945807-03:00" testType="13cdc9d9-ddb5-4fa4-a97d-d965ccfc6d4b" outcome="Passed" testListId="8c84fa94-04c1-424b-9868-57a2d4851a1d" relativeResultsDirectory="6f6b5c0f-a763-43a5-bce4-09dba67c744d">
    </UnitTestResult>
    <UnitTestResult executionId="678caefb-42cc-4d30-9610-1977f89a42b9" testId="91e3f8d8-7a48-490b-3e66-94623a33a26f" testName="reference_is_null_or_empty" computerName="EXOI7" duration="00:00:00.0002122" startTime="2016-01-04T16:20:03.9955808-03:00" endTime="2016-01-04T16:20:03.9975809-03:00" testType="13cdc9d9-ddb5-4fa4-a97d-d965ccfc6d4b" outcome="Passed" testListId="8c84fa94-04c1-424b-9868-57a2d4851a1d" relativeResultsDirectory="678caefb-42cc-4d30-9610-1977f89a42b9">
    </UnitTestResult>
    <UnitTestResult executionId="09ddf7a5-bc0e-4c93-a5dc-0633267f2b7c" testId="2e1c046c-a27c-a352-01c8-dd052811c12d" testName="sanity_check" computerName="EXOI7" duration="00:00:00.0001917" startTime="2016-01-04T16:20:03.9975809-03:00" endTime="2016-01-04T16:20:03.9995810-03:00" testType="13cdc9d9-ddb5-4fa4-a97d-d965ccfc6d4b" outcome="Passed" testListId="8c84fa94-04c1-424b-9868-57a2d4851a1d" relativeResultsDirectory="09ddf7a5-bc0e-4c93-a5dc-0633267f2b7c">
    </UnitTestResult>
    <UnitTestResult executionId="b43e70d9-b53a-4cbe-a4c7-ca70df556ef9" testId="e206a70c-cbe0-5f28-a650-d640fdfc7134" testName="summary_is_different" computerName="EXOI7" duration="00:00:00.0002192" startTime="2016-01-04T16:20:04.0005810-03:00" endTime="2016-01-04T16:20:04.0025812-03:00" testType="13cdc9d9-ddb5-4fa4-a97d-d965ccfc6d4b" outcome="Passed" testListId="8c84fa94-04c1-424b-9868-57a2d4851a1d" relativeResultsDirectory="b43e70d9-b53a-4cbe-a4c7-ca70df556ef9">
    </UnitTestResult>
    <UnitTestResult executionId="e618e8b6-41fe-48c0-ae4d-891da795ec8b" testId="3a76faa3-aff5-7604-ecab-2adb91d36b7b" testName="should_post_to_v1" computerName="EXOI7" duration="00:00:00.0072112" startTime="2016-01-04T16:20:04.0025812-03:00" endTime="2016-01-04T16:20:04.0115817-03:00" testType="13cdc9d9-ddb5-4fa4-a97d-d965ccfc6d4b" outcome="Passed" testListId="8c84fa94-04c1-424b-9868-57a2d4851a1d" relativeResultsDirectory="e618e8b6-41fe-48c0-ae4d-891da795ec8b">
    </UnitTestResult>
    <UnitTestResult executionId="4ff5e9d9-9b51-4b22-a73b-d738a97da0ba" testId="d57e0019-3150-6b34-7206-45b63754e0df" testName="should_set_the_story_id" computerName="EXOI7" duration="00:00:00.0016621" startTime="2016-01-04T16:20:04.0125817-03:00" endTime="2016-01-04T16:20:04.0165820-03:00" testType="13cdc9d9-ddb5-4fa4-a97d-d965ccfc6d4b" outcome="Passed" testListId="8c84fa94-04c1-424b-9868-57a2d4851a1d" relativeResultsDirectory="4ff5e9d9-9b51-4b22-a73b-d738a97da0ba">
    </UnitTestResult>
    <UnitTestResult executionId="6851bd77-82a7-4af9-aaa9-16e30d8ac5e8" testId="929cf019-0539-89ce-cd90-49e84fc06f6c" testName="should_include_labels" computerName="EXOI7" duration="00:00:00.0270675" startTime="2016-01-04T16:20:04.0175820-03:00" endTime="2016-01-04T16:20:04.0475837-03:00" testType="13cdc9d9-ddb5-4fa4-a97d-d965ccfc6d4b" outcome="Passed" testListId="8c84fa94-04c1-424b-9868-57a2d4851a1d" relativeResultsDirectory="6851bd77-82a7-4af9-aaa9-16e30d8ac5e8">
    </UnitTestResult>
    <UnitTestResult executionId="583ffc73-76a2-42dc-a357-e276bd566ec5" testId="83df9a3b-ed9e-2898-b0f4-dc0e845939b6" testName="should_include_the_custom_field_for_epic_name" computerName="EXOI7" duration="00:00:00.0022770" startTime="2016-01-04T16:20:04.0475837-03:00" endTime="2016-01-04T16:20:04.0515840-03:00" testType="13cdc9d9-ddb5-4fa4-a97d-d965ccfc6d4b" outcome="Passed" testListId="8c84fa94-04c1-424b-9868-57a2d4851a1d" relativeResultsDirectory="583ffc73-76a2-42dc-a357-e276bd566ec5">
    </UnitTestResult>
    <UnitTestResult executionId="8464ae5e-2beb-4739-9cf9-12bb5e4325f9" testId="3e432423-edd5-0e59-6398-25f96524c3c1" testName="should_include_the_description" computerName="EXOI7" duration="00:00:00.0022905" startTime="2016-01-04T16:20:04.0525840-03:00" endTime="2016-01-04T16:20:04.0565842-03:00" testType="13cdc9d9-ddb5-4fa4-a97d-d965ccfc6d4b" outcome="Passed" testListId="8c84fa94-04c1-424b-9868-57a2d4851a1d" relativeResultsDirectory="8464ae5e-2beb-4739-9cf9-12bb5e4325f9">
    </UnitTestResult>
    <UnitTestResult executionId="a46c6e75-6d16-48b5-b5ae-412da9794dd0" testId="1d518230-5969-349a-78cf-16e3ddee8103" testName="should_include_the_summary" computerName="EXOI7" duration="00:00:00.0023110" startTime="2016-01-04T16:20:04.0575843-03:00" endTime="2016-01-04T16:20:04.0615845-03:00" testType="13cdc9d9-ddb5-4fa4-a97d-d965ccfc6d4b" outcome="Passed" testListId="8c84fa94-04c1-424b-9868-57a2d4851a1d" relativeResultsDirectory="a46c6e75-6d16-48b5-b5ae-412da9794dd0">
    </UnitTestResult>
    <UnitTestResult executionId="67c99dc5-682a-40cd-8a10-3b67720f35bc" testId="0be6098c-dfad-01a6-03f7-a0eb6e8ab4b2" testName="has_two_parameters" computerName="EXOI7" duration="00:00:00.0003620" startTime="2016-01-04T16:20:04.0625846-03:00" endTime="2016-01-04T16:20:04.0645847-03:00" testType="13cdc9d9-ddb5-4fa4-a97d-d965ccfc6d4b" outcome="Passed" testListId="8c84fa94-04c1-424b-9868-57a2d4851a1d" relativeResultsDirectory="67c99dc5-682a-40cd-8a10-3b67720f35bc">
    </UnitTestResult>
    <UnitTestResult executionId="f972b79c-0bb3-4a3c-a3b7-f66b30a11ac7" testId="572c5c60-e717-222e-9b31-f1d46dee4bf9" testName="query_quote_reserved_words" computerName="EXOI7" duration="00:00:00.0006545" startTime="2016-01-04T16:20:04.0655848-03:00" endTime="2016-01-04T16:20:04.0685849-03:00" testType="13cdc9d9-ddb5-4fa4-a97d-d965ccfc6d4b" outcome="Passed" testListId="8c84fa94-04c1-424b-9868-57a2d4851a1d" relativeResultsDirectory="f972b79c-0bb3-4a3c-a3b7-f66b30a11ac7">
    </UnitTestResult>
    <UnitTestResult executionId="e0399313-c61b-4459-bb0e-0e33c429e813" testId="86b517be-554f-79f2-b176-5a6dac571c50" testName="should_call_CreateEpic_on_jira" computerName="EXOI7" duration="00:00:00.0125135" startTime="2016-01-04T16:20:04.0695850-03:00" endTime="2016-01-04T16:20:04.0845858-03:00" testType="13cdc9d9-ddb5-4fa4-a97d-d965ccfc6d4b" outcome="Passed" testListId="8c84fa94-04c1-424b-9868-57a2d4851a1d" relativeResultsDirectory="e0399313-c61b-4459-bb0e-0e33c429e813">
    </UnitTestResult>
    <UnitTestResult executionId="632b9340-9a66-4e0d-9797-d2206bd12a7c" testId="ae304cd0-294e-ae2e-8d96-1e068f7b7160" testName="should_call_EpicsWithoutReference_one_time" computerName="EXOI7" duration="00:00:00.0060911" startTime="2016-01-04T16:20:04.0895861-03:00" endTime="2016-01-04T16:20:04.0975866-03:00" testType="13cdc9d9-ddb5-4fa4-a97d-d965ccfc6d4b" outcome="Passed" testListId="8c84fa94-04c1-424b-9868-57a2d4851a1d" relativeResultsDirectory="632b9340-9a66-4e0d-9797-d2206bd12a7c">
    </UnitTestResult>
    <UnitTestResult executionId="84c7a212-a2aa-4526-8f4d-44013c654e2a" testId="e210c70d-daaa-e83d-bf14-e15aa497edd3" testName="should_create_a_link_on_v1_epic" computerName="EXOI7" duration="00:00:00.0055098" startTime="2016-01-04T16:20:04.0985866-03:00" endTime="2016-01-04T16:20:04.1055870-03:00" testType="13cdc9d9-ddb5-4fa4-a97d-d965ccfc6d4b" outcome="Passed" testListId="8c84fa94-04c1-424b-9868-57a2d4851a1d" relativeResultsDirectory="84c7a212-a2aa-4526-8f4d-44013c654e2a">
    </UnitTestResult>
    <UnitTestResult executionId="6625a9f0-3841-4b02-8fb8-90e5103af26a" testId="8671fc59-b87b-384e-da5e-9c2e17437011" testName="should_call_CreateEpic_on_jira" computerName="EXOI7" duration="00:00:00.0080513" startTime="2016-01-04T16:20:04.1065871-03:00" endTime="2016-01-04T16:20:04.1165877-03:00" testType="13cdc9d9-ddb5-4fa4-a97d-d965ccfc6d4b" outcome="Passed" testListId="8c84fa94-04c1-424b-9868-57a2d4851a1d" relativeResultsDirectory="6625a9f0-3841-4b02-8fb8-90e5103af26a">
    </UnitTestResult>
    <UnitTestResult executionId="65ff1391-0356-4d3c-bb56-f46b61127e22" testId="70b37cdc-3485-6065-2708-77acdf8debbf" testName="should_call_EpicsWithoutReference_one_time" computerName="EXOI7" duration="00:00:00.0061238" startTime="2016-01-04T16:20:04.1175877-03:00" endTime="2016-01-04T16:20:04.1255882-03:00" testType="13cdc9d9-ddb5-4fa4-a97d-d965ccfc6d4b" outcome="Passed" testListId="8c84fa94-04c1-424b-9868-57a2d4851a1d" relativeResultsDirectory="65ff1391-0356-4d3c-bb56-f46b61127e22">
    </UnitTestResult>
    <UnitTestResult executionId="54b405ca-2b3d-4a32-8fdf-0bddca2d4561" testId="c81a23cb-0a76-671b-26c0-325eccae0165" testName="should_not_set_the_issue_again" computerName="EXOI7" duration="00:00:00.0055803" startTime="2016-01-04T16:20:04.1265882-03:00" endTime="2016-01-04T16:20:04.1345887-03:00" testType="13cdc9d9-ddb5-4fa4-a97d-d965ccfc6d4b" outcome="Passed" testListId="8c84fa94-04c1-424b-9868-57a2d4851a1d" relativeResultsDirectory="54b405ca-2b3d-4a32-8fdf-0bddca2d4561">
    </UnitTestResult>
    <UnitTestResult executionId="0e26f772-fda3-4a75-ae7b-14e38ac38b2e" testId="a8256aa0-e58a-7cc9-7b9e-21736a4f2121" testName="should_call_CreateEpic_on_jir" computerName="EXOI7" duration="00:00:00.0097532" startTime="2016-01-04T16:20:04.1345887-03:00" endTime="2016-01-04T16:20:04.1465894-03:00" testType="13cdc9d9-ddb5-4fa4-a97d-d965ccfc6d4b" outcome="Passed" testListId="8c84fa94-04c1-424b-9868-57a2d4851a1d" relativeResultsDirectory="0e26f772-fda3-4a75-ae7b-14e38ac38b2e">
    </UnitTestResult>
    <UnitTestResult executionId="420dc93c-1303-44e1-8153-dd27763a6ee1" testId="6450a37d-d350-970d-4931-78b93b0dd830" testName="should_call_EpicsWithoutReference_one_time" computerName="EXOI7" duration="00:00:00.0049440" startTime="2016-01-04T16:20:04.1475894-03:00" endTime="2016-01-04T16:20:04.1535898-03:00" testType="13cdc9d9-ddb5-4fa4-a97d-d965ccfc6d4b" outcome="Passed" testListId="8c84fa94-04c1-424b-9868-57a2d4851a1d" relativeResultsDirectory="420dc93c-1303-44e1-8153-dd27763a6ee1">
    </UnitTestResult>
    <UnitTestResult executionId="2c2b4cca-a31d-49bb-86e8-f9af54b2e354" testId="acbdfc65-73b4-b053-dbfc-7814b2d6a963" testName="calls_GetEpicsInProject_once" computerName="EXOI7" duration="00:00:00.0060640" startTime="2016-01-04T16:20:04.1545898-03:00" endTime="2016-01-04T16:20:04.1625903-03:00" testType="13cdc9d9-ddb5-4fa4-a97d-d965ccfc6d4b" outcome="Passed" testListId="8c84fa94-04c1-424b-9868-57a2d4851a1d" relativeResultsDirectory="2c2b4cca-a31d-49bb-86e8-f9af54b2e354">
    </UnitTestResult>
    <UnitTestResult executionId="2da1bb9a-5e36-423e-856b-110657e41e9e" testId="05f2803e-97dd-9c87-bb62-553a5a197614" testName="calls_GetEpicWithReference_once" computerName="EXOI7" duration="00:00:00.0048595" startTime="2016-01-04T16:20:04.1635904-03:00" endTime="2016-01-04T16:20:04.1715908-03:00" testType="13cdc9d9-ddb5-4fa4-a97d-d965ccfc6d4b" outcome="Passed" testListId="8c84fa94-04c1-424b-9868-57a2d4851a1d" relativeResultsDirectory="2da1bb9a-5e36-423e-856b-110657e41e9e">
    </UnitTestResult>
    <UnitTestResult executionId="04f8ddcd-e96d-4184-82f6-b95caeca697d" testId="8a0b398e-a0e8-4678-61b2-7d2cb59f8558" testName="never_calls_UpdateEpic" computerName="EXOI7" duration="00:00:00.0042923" startTime="2016-01-04T16:20:04.1725909-03:00" endTime="2016-01-04T16:20:04.1785912-03:00" testType="13cdc9d9-ddb5-4fa4-a97d-d965ccfc6d4b" outcome="Passed" testListId="8c84fa94-04c1-424b-9868-57a2d4851a1d" relativeResultsDirectory="04f8ddcd-e96d-4184-82f6-b95caeca697d">
    </UnitTestResult>
    <UnitTestResult executionId="de9ee99f-2d26-4d59-99e6-3f6dac0b2d73" testId="0ab9af40-48fa-11ed-9b0a-3ab0f25e02ad" testName="calls_the_GetEpicsWithoutReference_once" computerName="EXOI7" duration="00:00:00.0056614" startTime="2016-01-04T16:20:04.1795913-03:00" endTime="2016-01-04T16:20:04.1875917-03:00" testType="13cdc9d9-ddb5-4fa4-a97d-d965ccfc6d4b" outcome="Passed" testListId="8c84fa94-04c1-424b-9868-57a2d4851a1d" relativeResultsDirectory="de9ee99f-2d26-4d59-99e6-3f6dac0b2d73">
    </UnitTestResult>
    <UnitTestResult executionId="1eb7e40d-4467-49c2-8734-f17665b108cc" testId="2aafe21f-2e79-4af4-70c2-e807c50a674a" testName="do_not_call_the_jira_api" computerName="EXOI7" duration="00:00:00.0040380" startTime="2016-01-04T16:20:04.1875917-03:00" endTime="2016-01-04T16:20:04.1935921-03:00" testType="13cdc9d9-ddb5-4fa4-a97d-d965ccfc6d4b" outcome="Passed" testListId="8c84fa94-04c1-424b-9868-57a2d4851a1d" relativeResultsDirectory="1eb7e40d-4467-49c2-8734-f17665b108cc">
    </UnitTestResult>
    <UnitTestResult executionId="ee50df10-4516-4c60-904c-134139918fa3" testId="ff6668d6-987c-acbb-2e79-8bdc76ec18f6" testName="does_not_try_to_create_a_link_on_v1_epic" computerName="EXOI7" duration="00:00:00.0040613" startTime="2016-01-04T16:20:04.1945921-03:00" endTime="2016-01-04T16:20:04.2005925-03:00" testType="13cdc9d9-ddb5-4fa4-a97d-d965ccfc6d4b" outcome="Passed" testListId="8c84fa94-04c1-424b-9868-57a2d4851a1d" relativeResultsDirectory="ee50df10-4516-4c60-904c-134139918fa3">
    </UnitTestResult>
    <UnitTestResult executionId="c7a4b3ad-e367-4896-bd81-870b50dd6e65" testId="203823dd-58a4-0a62-fd47-fd4a25db7f80" testName="calls_GetEpicsInProject_once" computerName="EXOI7" duration="00:00:00.0092031" startTime="2016-01-04T16:20:04.2015925-03:00" endTime="2016-01-04T16:20:04.2125932-03:00" testType="13cdc9d9-ddb5-4fa4-a97d-d965ccfc6d4b" outcome="Passed" testListId="8c84fa94-04c1-424b-9868-57a2d4851a1d" relativeResultsDirectory="c7a4b3ad-e367-4896-bd81-870b50dd6e65">
    </UnitTestResult>
    <UnitTestResult executionId="adfcdba4-6dcc-4938-b954-f04830fef1fe" testId="f281f3e5-ade9-ba0a-c20e-7f82668ebfdd" testName="calls_GetEpicWithReference_once" computerName="EXOI7" duration="00:00:00.0050191" startTime="2016-01-04T16:20:04.2135932-03:00" endTime="2016-01-04T16:20:04.2205936-03:00" testType="13cdc9d9-ddb5-4fa4-a97d-d965ccfc6d4b" outcome="Passed" testListId="8c84fa94-04c1-424b-9868-57a2d4851a1d" relativeResultsDirectory="adfcdba4-6dcc-4938-b954-f04830fef1fe">
    </UnitTestResult>
    <UnitTestResult executionId="643ae2a7-4b37-46dc-9c75-d5b70b279b84" testId="77b086b5-a8d2-bfd1-9674-26994e90cc82" testName="calls_SetEpicTo_ToDo_once" computerName="EXOI7" duration="00:00:00.0047275" startTime="2016-01-04T16:20:04.2215937-03:00" endTime="2016-01-04T16:20:04.2285941-03:00" testType="13cdc9d9-ddb5-4fa4-a97d-d965ccfc6d4b" outcome="Passed" testListId="8c84fa94-04c1-424b-9868-57a2d4851a1d" relativeResultsDirectory="643ae2a7-4b37-46dc-9c75-d5b70b279b84">
    </UnitTestResult>
    <UnitTestResult executionId="efe99604-db0a-4739-8b67-0526d9c53877" testId="a69fc034-1d45-dd69-add3-e58400a5425e" testName="calls_UpdateEpic_twice" computerName="EXOI7" duration="00:00:00.0044411" startTime="2016-01-04T16:20:04.2295941-03:00" endTime="2016-01-04T16:20:04.2355945-03:00" testType="13cdc9d9-ddb5-4fa4-a97d-d965ccfc6d4b" outcome="Passed" testListId="8c84fa94-04c1-424b-9868-57a2d4851a1d" relativeResultsDirectory="efe99604-db0a-4739-8b67-0526d9c53877">
    </UnitTestResult>
    <UnitTestResult executionId="4bea03f4-bfbc-4791-a1d3-f5bae83d74e0" testId="6cc08c14-9165-a46c-e468-946ab63f0a06" testName="does_not_update_the_epic_in_jira" computerName="EXOI7" duration="00:00:00.0065837" startTime="2016-01-04T16:20:04.2365945-03:00" endTime="2016-01-04T16:20:04.2455951-03:00" testType="13cdc9d9-ddb5-4fa4-a97d-d965ccfc6d4b" outcome="Passed" testListId="8c84fa94-04c1-424b-9868-57a2d4851a1d" relativeResultsDirectory="4bea03f4-bfbc-4791-a1d3-f5bae83d74e0">
    </UnitTestResult>
    <UnitTestResult executionId="76b57fe1-9276-4738-847e-fa0aabfc9264" testId="037f1dbe-a8a7-60c2-44bd-1ed4291d70a1" testName="should_call_EpicsWithReference_one_time" computerName="EXOI7" duration="00:00:00.0045824" startTime="2016-01-04T16:20:04.2455951-03:00" endTime="2016-01-04T16:20:04.2525955-03:00" testType="13cdc9d9-ddb5-4fa4-a97d-d965ccfc6d4b" outcome="Passed" testListId="8c84fa94-04c1-424b-9868-57a2d4851a1d" relativeResultsDirectory="76b57fe1-9276-4738-847e-fa0aabfc9264">
    </UnitTestResult>
    <UnitTestResult executionId="094e5285-a592-4b4d-92fd-a3d9672d0cd3" testId="859089f1-9be3-2eff-86d9-f31ec9dcc1ea" testName="should_call_GetEpicsInProject_jira" computerName="EXOI7" duration="00:00:00.0042815" startTime="2016-01-04T16:20:04.2535955-03:00" endTime="2016-01-04T16:20:04.2595959-03:00" testType="13cdc9d9-ddb5-4fa4-a97d-d965ccfc6d4b" outcome="Passed" testListId="8c84fa94-04c1-424b-9868-57a2d4851a1d" relativeResultsDirectory="094e5285-a592-4b4d-92fd-a3d9672d0cd3">
    </UnitTestResult>
    <UnitTestResult executionId="0c19e190-62db-442a-b58e-b0774f5ce238" testId="d1d2e247-a5f3-2e60-3bc9-4689ddcf18fa" testName="should_call_EpicsWithReference_one_time" computerName="EXOI7" duration="00:00:00.0074943" startTime="2016-01-04T16:20:04.2595959-03:00" endTime="2016-01-04T16:20:04.2695964-03:00" testType="13cdc9d9-ddb5-4fa4-a97d-d965ccfc6d4b" outcome="Passed" testListId="8c84fa94-04c1-424b-9868-57a2d4851a1d" relativeResultsDirectory="0c19e190-62db-442a-b58e-b0774f5ce238">
    </UnitTestResult>
    <UnitTestResult executionId="02bac73c-8098-459f-9a75-5ff14eeedb10" testId="94ebc60e-e7b9-bb11-6cbe-536efb7e3068" testName="should_call_GetEpicsInProject_jira" computerName="EXOI7" duration="00:00:00.0046762" startTime="2016-01-04T16:20:04.2705965-03:00" endTime="2016-01-04T16:20:04.2775969-03:00" testType="13cdc9d9-ddb5-4fa4-a97d-d965ccfc6d4b" outcome="Passed" testListId="8c84fa94-04c1-424b-9868-57a2d4851a1d" relativeResultsDirectory="02bac73c-8098-459f-9a75-5ff14eeedb10">
    </UnitTestResult>
    <UnitTestResult executionId="a99ee66b-b51f-40e6-9f80-4428254bb9cf" testId="df0e66a9-c1e2-f5d8-ceca-ee706d763e19" testName="should_call_UpdateEpic_jira" computerName="EXOI7" duration="00:00:00.0042605" startTime="2016-01-04T16:20:04.2785969-03:00" endTime="2016-01-04T16:20:04.2845973-03:00" testType="13cdc9d9-ddb5-4fa4-a97d-d965ccfc6d4b" outcome="Passed" testListId="8c84fa94-04c1-424b-9868-57a2d4851a1d" relativeResultsDirectory="a99ee66b-b51f-40e6-9f80-4428254bb9cf">
    </UnitTestResult>
    <UnitTestResult executionId="ec6b92dd-adbf-4a18-8657-60b709bee183" testId="fa1d8d54-9144-7948-6d7b-f31aff65e9e0" testName="makes_a_call_add_a_comment_back_to_jira" computerName="EXOI7" duration="00:00:00.0040903" startTime="2016-01-04T16:20:04.2865974-03:00" endTime="2016-01-04T16:20:04.2925977-03:00" testType="13cdc9d9-ddb5-4fa4-a97d-d965ccfc6d4b" outcome="Passed" testListId="8c84fa94-04c1-424b-9868-57a2d4851a1d" relativeResultsDirectory="ec6b92dd-adbf-4a18-8657-60b709bee183">
    </UnitTestResult>
    <UnitTestResult executionId="eba65ace-eafd-4249-ba79-4293e8d35519" testId="6460ad4e-d262-c7a0-5277-6c573b78183d" testName="makes_a_call_add_a_link_back_to_jira" computerName="EXOI7" duration="00:00:00.0039620" startTime="2016-01-04T16:20:04.2925977-03:00" endTime="2016-01-04T16:20:04.2985981-03:00" testType="13cdc9d9-ddb5-4fa4-a97d-d965ccfc6d4b" outcome="Passed" testListId="8c84fa94-04c1-424b-9868-57a2d4851a1d" relativeResultsDirectory="eba65ace-eafd-4249-ba79-4293e8d35519">
    </UnitTestResult>
    <UnitTestResult executionId="fea5fc62-c4f8-4071-b3d6-6139868950e1" testId="1588fc8a-25d9-0095-ce19-3843100da889" testName="makes_a_call_to_update_the_issue_in_jira_with_defect_number" computerName="EXOI7" duration="00:00:00.0036046" startTime="2016-01-04T16:20:04.2995981-03:00" endTime="2016-01-04T16:20:04.3045984-03:00" testType="13cdc9d9-ddb5-4fa4-a97d-d965ccfc6d4b" outcome="Passed" testListId="8c84fa94-04c1-424b-9868-57a2d4851a1d" relativeResultsDirectory="fea5fc62-c4f8-4071-b3d6-6139868950e1">
    </UnitTestResult>
    <UnitTestResult executionId="bac1b1c8-242e-4e70-bd31-4eadb862ad00" testId="03a57935-0a38-e8e2-3765-adb6ddc41e86" testName="should_call_create_asset_just_one_time" computerName="EXOI7" duration="00:00:00.0033285" startTime="2016-01-04T16:20:04.3055985-03:00" endTime="2016-01-04T16:20:04.3105988-03:00" testType="13cdc9d9-ddb5-4fa4-a97d-d965ccfc6d4b" outcome="Passed" testListId="8c84fa94-04c1-424b-9868-57a2d4851a1d" relativeResultsDirectory="bac1b1c8-242e-4e70-bd31-4eadb862ad00">
    </UnitTestResult>
    <UnitTestResult executionId="e28d21a6-c7b6-4577-9cd7-b72ce94470bd" testId="b5b106c8-979f-415b-256d-de38aed0c503" testName="should_refresh_the_defect_once" computerName="EXOI7" duration="00:00:00.0036923" startTime="2016-01-04T16:20:04.3115988-03:00" endTime="2016-01-04T16:20:04.3165991-03:00" testType="13cdc9d9-ddb5-4fa4-a97d-d965ccfc6d4b" outcome="Passed" testListId="8c84fa94-04c1-424b-9868-57a2d4851a1d" relativeResultsDirectory="e28d21a6-c7b6-4577-9cd7-b72ce94470bd">
    </UnitTestResult>
    <UnitTestResult executionId="f6d67136-b84d-48ca-99f7-8b8a9a7be322" testId="dece53e0-9b3d-51c8-d02e-41e8fbc319ee" testName="should_tell_us_about_creating_a_defect" computerName="EXOI7" duration="00:00:00.0035813" startTime="2016-01-04T16:20:04.3175992-03:00" endTime="2016-01-04T16:20:04.3235995-03:00" testType="13cdc9d9-ddb5-4fa4-a97d-d965ccfc6d4b" outcome="Passed" testListId="8c84fa94-04c1-424b-9868-57a2d4851a1d" relativeResultsDirectory="f6d67136-b84d-48ca-99f7-8b8a9a7be322">
    </UnitTestResult>
    <UnitTestResult executionId="a1551c30-c608-4a52-a04c-62ce0b520aff" testId="a4d4fcf8-aaa6-510d-ce97-f2da802f7080" testName="should_try_to_get_an_epic_id" computerName="EXOI7" duration="00:00:00.0034908" startTime="2016-01-04T16:20:04.3245996-03:00" endTime="2016-01-04T16:20:04.3295999-03:00" testType="13cdc9d9-ddb5-4fa4-a97d-d965ccfc6d4b" outcome="Passed" testListId="8c84fa94-04c1-424b-9868-57a2d4851a1d" relativeResultsDirectory="a1551c30-c608-4a52-a04c-62ce0b520aff">
    </UnitTestResult>
    <UnitTestResult executionId="b34ab316-f618-4d31-a7bf-b34a2c0f419f" testId="d12f9d7b-01f9-827c-bb92-a30b59b6e30c" testName="should_call_delete_asset_just_one_time" computerName="EXOI7" duration="00:00:00.0058401" startTime="2016-01-04T16:20:04.3305999-03:00" endTime="2016-01-04T16:20:04.3386004-03:00" testType="13cdc9d9-ddb5-4fa4-a97d-d965ccfc6d4b" outcome="Passed" testListId="8c84fa94-04c1-424b-9868-57a2d4851a1d" relativeResultsDirectory="b34ab316-f618-4d31-a7bf-b34a2c0f419f">
    </UnitTestResult>
    <UnitTestResult executionId="cc78a94f-eef7-4a9f-93de-48f16f752224" testId="dfb8df9a-3da8-8bf2-86dd-fd5f7a55d471" testName="should_call_delete_asset_just_two_times" computerName="EXOI7" duration="00:00:00.0039872" startTime="2016-01-04T16:20:04.3396004-03:00" endTime="2016-01-04T16:20:04.3456008-03:00" testType="13cdc9d9-ddb5-4fa4-a97d-d965ccfc6d4b" outcome="Passed" testListId="8c84fa94-04c1-424b-9868-57a2d4851a1d" relativeResultsDirectory="cc78a94f-eef7-4a9f-93de-48f16f752224">
    </UnitTestResult>
    <UnitTestResult executionId="eb8a45ab-4db6-4fc3-a839-73e6df25b0f8" testId="b48af73c-bd52-31fe-f202-018d97d9fbe7" testName="should_never_call_delete_asset" computerName="EXOI7" duration="00:00:00.0032650" startTime="2016-01-04T16:20:04.3466008-03:00" endTime="2016-01-04T16:20:04.3506011-03:00" testType="13cdc9d9-ddb5-4fa4-a97d-d965ccfc6d4b" outcome="Passed" testListId="8c84fa94-04c1-424b-9868-57a2d4851a1d" relativeResultsDirectory="eb8a45ab-4db6-4fc3-a839-73e6df25b0f8">
    </UnitTestResult>
    <UnitTestResult executionId="a0c37829-9f9c-432b-a49f-a2069fb33eed" testId="cfb54f8c-901a-13d6-219a-5683973ac8a8" testName="should_call_update_asset_just_one_time" computerName="EXOI7" duration="00:00:00.0040082" startTime="2016-01-04T16:20:04.3516011-03:00" endTime="2016-01-04T16:20:04.3576015-03:00" testType="13cdc9d9-ddb5-4fa4-a97d-d965ccfc6d4b" outcome="Passed" testListId="8c84fa94-04c1-424b-9868-57a2d4851a1d" relativeResultsDirectory="a0c37829-9f9c-432b-a49f-a2069fb33eed">
    </UnitTestResult>
    <UnitTestResult executionId="7272bf9c-c10b-4d40-a0fc-ca44c9c7b09e" testId="28e60a61-0878-9f4b-b6af-124887e573cd" testName="should_send_the_right_defect_to_be_updated" computerName="EXOI7" duration="00:00:00.0040907" startTime="2016-01-04T16:20:04.3586015-03:00" endTime="2016-01-04T16:20:04.3636018-03:00" testType="13cdc9d9-ddb5-4fa4-a97d-d965ccfc6d4b" outcome="Passed" testListId="8c84fa94-04c1-424b-9868-57a2d4851a1d" relativeResultsDirectory="7272bf9c-c10b-4d40-a0fc-ca44c9c7b09e">
    </UnitTestResult>
    <UnitTestResult executionId="c343eb86-6b34-4e9d-8464-c2c10dd53072" testId="f91a655e-75f1-507b-50e8-929d1283c785" testName="should_log_a_message_about_the_closed_epic" computerName="EXOI7" duration="00:00:00.0068916" startTime="2016-01-04T16:20:04.3656019-03:00" endTime="2016-01-04T16:20:04.3746024-03:00" testType="13cdc9d9-ddb5-4fa4-a97d-d965ccfc6d4b" outcome="Passed" testListId="8c84fa94-04c1-424b-9868-57a2d4851a1d" relativeResultsDirectory="c343eb86-6b34-4e9d-8464-c2c10dd53072">
    </UnitTestResult>
    <UnitTestResult executionId="5aeea55e-5df4-4fc9-abb6-a0b7d2df7d4a" testId="bb358b37-78fd-81d1-baa4-f9cf0cda2deb" testName="should_not_call_either_operations_to_close_or_reopen" computerName="EXOI7" duration="00:00:00.0046753" startTime="2016-01-04T16:20:04.3756025-03:00" endTime="2016-01-04T16:20:04.3816028-03:00" testType="13cdc9d9-ddb5-4fa4-a97d-d965ccfc6d4b" outcome="Passed" testListId="8c84fa94-04c1-424b-9868-57a2d4851a1d" relativeResultsDirectory="5aeea55e-5df4-4fc9-abb6-a0b7d2df7d4a">
    </UnitTestResult>
    <UnitTestResult executionId="51e51747-eeb7-4ba1-8a62-e9b0cd530897" testId="38ca118a-a5c8-8af5-c156-a5df1d38ec3b" testName="should_not_update_the_parent_epic" computerName="EXOI7" duration="00:00:00.0028727" startTime="2016-01-04T16:20:04.3826029-03:00" endTime="2016-01-04T16:20:04.3876032-03:00" testType="13cdc9d9-ddb5-4fa4-a97d-d965ccfc6d4b" outcome="Passed" testListId="8c84fa94-04c1-424b-9868-57a2d4851a1d" relativeResultsDirectory="51e51747-eeb7-4ba1-8a62-e9b0cd530897">
    </UnitTestResult>
    <UnitTestResult executionId="a30de006-c61d-4937-a109-c8b7f4047f0f" testId="8e5cd2db-d492-e1ca-643c-a87bc43cf683" testName="should_pass_along_data_to_update_story" computerName="EXOI7" duration="00:00:00.0029441" startTime="2016-01-04T16:20:04.3886032-03:00" endTime="2016-01-04T16:20:04.3936035-03:00" testType="13cdc9d9-ddb5-4fa4-a97d-d965ccfc6d4b" outcome="Passed" testListId="8c84fa94-04c1-424b-9868-57a2d4851a1d" relativeResultsDirectory="a30de006-c61d-4937-a109-c8b7f4047f0f">
    </UnitTestResult>
    <UnitTestResult executionId="af3484da-92ff-49d5-8293-7c17977a8fec" testId="cd820eea-807c-cb79-ee75-c43d855a4c6d" testName="should_update_the_asset_once" computerName="EXOI7" duration="00:00:00.0036891" startTime="2016-01-04T16:20:04.3936035-03:00" endTime="2016-01-04T16:20:04.3996039-03:00" testType="13cdc9d9-ddb5-4fa4-a97d-d965ccfc6d4b" outcome="Passed" testListId="8c84fa94-04c1-424b-9868-57a2d4851a1d" relativeResultsDirectory="af3484da-92ff-49d5-8293-7c17977a8fec">
    </UnitTestResult>
    <UnitTestResult executionId="cdad9080-88d7-44a9-ba6e-0144da927b41" testId="3e71f309-cbfd-7f69-9bab-0a267b93a181" testName="should_sync_member_at_least_once" computerName="EXOI7" duration="00:00:00.0072070" startTime="2016-01-04T16:20:04.3996039-03:00" endTime="2016-01-04T16:20:04.4086044-03:00" testType="13cdc9d9-ddb5-4fa4-a97d-d965ccfc6d4b" outcome="Passed" testListId="8c84fa94-04c1-424b-9868-57a2d4851a1d" relativeResultsDirectory="cdad9080-88d7-44a9-ba6e-0144da927b41">
    </UnitTestResult>
    <UnitTestResult executionId="d2dfc552-7e12-4673-8bd1-630895b4e323" testId="0eae1952-ed41-eb57-c02f-2b307116a3fb" testName="makes_a_call_add_a_comment_back_to_jira" computerName="EXOI7" duration="00:00:00.0040954" startTime="2016-01-04T16:20:04.4096044-03:00" endTime="2016-01-04T16:20:04.4156048-03:00" testType="13cdc9d9-ddb5-4fa4-a97d-d965ccfc6d4b" outcome="Passed" testListId="8c84fa94-04c1-424b-9868-57a2d4851a1d" relativeResultsDirectory="d2dfc552-7e12-4673-8bd1-630895b4e323">
    </UnitTestResult>
    <UnitTestResult executionId="d3c63ee6-a96e-41e2-bd7a-27d093878793" testId="7c45da67-691d-5bd4-21b6-f709a5c0841a" testName="makes_a_call_add_a_link_back_to_jira" computerName="EXOI7" duration="00:00:00.0039074" startTime="2016-01-04T16:20:04.4166048-03:00" endTime="2016-01-04T16:20:04.4226052-03:00" testType="13cdc9d9-ddb5-4fa4-a97d-d965ccfc6d4b" outcome="Passed" testListId="8c84fa94-04c1-424b-9868-57a2d4851a1d" relativeResultsDirectory="d3c63ee6-a96e-41e2-bd7a-27d093878793">
    </UnitTestResult>
    <UnitTestResult executionId="c001c801-0299-460e-8bcc-5f42b11dad24" testId="60f20247-c635-4390-14c5-84b1e76ce5bc" testName="makes_a_call_to_update_the_issue_in_jira_with_defect_number" computerName="EXOI7" duration="00:00:00.0038724" startTime="2016-01-04T16:20:04.4246053-03:00" endTime="2016-01-04T16:20:04.4306056-03:00" testType="13cdc9d9-ddb5-4fa4-a97d-d965ccfc6d4b" outcome="Passed" testListId="8c84fa94-04c1-424b-9868-57a2d4851a1d" relativeResultsDirectory="c001c801-0299-460e-8bcc-5f42b11dad24">
    </UnitTestResult>
    <UnitTestResult executionId="4fcc1465-3369-471d-a7f0-ea0d30d36fe7" testId="ed4860a2-e409-ae11-af7a-4f961aad8bc7" testName="should_call_create_asset_just_one_time" computerName="EXOI7" duration="00:00:00.0033383" startTime="2016-01-04T16:20:04.4316057-03:00" endTime="2016-01-04T16:20:04.4366060-03:00" testType="13cdc9d9-ddb5-4fa4-a97d-d965ccfc6d4b" outcome="Passed" testListId="8c84fa94-04c1-424b-9868-57a2d4851a1d" relativeResultsDirectory="4fcc1465-3369-471d-a7f0-ea0d30d36fe7">
    </UnitTestResult>
    <UnitTestResult executionId="0a420a2e-42aa-4842-b36c-30ba749d8625" testId="f3afcb36-f8cc-47a1-4715-f989c2ef7a07" testName="should_give_us_a_count_of_the_defects_created" computerName="EXOI7" duration="00:00:00.0036494" startTime="2016-01-04T16:20:04.4376060-03:00" endTime="2016-01-04T16:20:04.4426063-03:00" testType="13cdc9d9-ddb5-4fa4-a97d-d965ccfc6d4b" outcome="Passed" testListId="8c84fa94-04c1-424b-9868-57a2d4851a1d" relativeResultsDirectory="0a420a2e-42aa-4842-b36c-30ba749d8625">
    </UnitTestResult>
    <UnitTestResult executionId="12124eb8-7d92-457b-95ee-3aa959da6952" testId="6498fd0a-9ca3-8746-0a62-5ff8301bfba1" testName="should_not_try_to_get_an_epic_id" computerName="EXOI7" duration="00:00:00.0032939" startTime="2016-01-04T16:20:04.4436064-03:00" endTime="2016-01-04T16:20:04.4486067-03:00" testType="13cdc9d9-ddb5-4fa4-a97d-d965ccfc6d4b" outcome="Passed" testListId="8c84fa94-04c1-424b-9868-57a2d4851a1d" relativeResultsDirectory="12124eb8-7d92-457b-95ee-3aa959da6952">
    </UnitTestResult>
    <UnitTestResult executionId="092cc584-a413-4f0f-adee-970f98ecacdf" testId="fa853800-8453-665d-e00a-6ed40aa20fc4" testName="should_refresh_the_defect_once" computerName="EXOI7" duration="00:00:00.0033140" startTime="2016-01-04T16:20:04.4496067-03:00" endTime="2016-01-04T16:20:04.4536069-03:00" testType="13cdc9d9-ddb5-4fa4-a97d-d965ccfc6d4b" outcome="Passed" testListId="8c84fa94-04c1-424b-9868-57a2d4851a1d" relativeResultsDirectory="092cc584-a413-4f0f-adee-970f98ecacdf">
    </UnitTestResult>
    <UnitTestResult executionId="edaed338-41d1-49cc-8579-d64c00d5e954" testId="33cc223e-48fb-1270-43e5-744e653b5d9e" testName="should_tell_us_about_creating_a_defect" computerName="EXOI7" duration="00:00:00.0031549" startTime="2016-01-04T16:20:04.4546070-03:00" endTime="2016-01-04T16:20:04.4596073-03:00" testType="13cdc9d9-ddb5-4fa4-a97d-d965ccfc6d4b" outcome="Passed" testListId="8c84fa94-04c1-424b-9868-57a2d4851a1d" relativeResultsDirectory="edaed338-41d1-49cc-8579-d64c00d5e954">
    </UnitTestResult>
    <UnitTestResult executionId="2a6e80a9-a147-437f-8c18-adabf6927de1" testId="0818079b-2323-75fc-d53a-8f977a147fea" testName="does_not_create_a_comment" computerName="EXOI7" duration="00:00:00.0065063" startTime="2016-01-04T16:20:04.4606073-03:00" endTime="2016-01-04T16:20:04.4686078-03:00" testType="13cdc9d9-ddb5-4fa4-a97d-d965ccfc6d4b" outcome="Passed" testListId="8c84fa94-04c1-424b-9868-57a2d4851a1d" relativeResultsDirectory="2a6e80a9-a147-437f-8c18-adabf6927de1">
    </UnitTestResult>
    <UnitTestResult executionId="62787f9a-03f0-4ff4-b8a7-2c735a3dc754" testId="c7f7202a-8b3e-78d6-c8c4-fba612765098" testName="does_not_try_to_add_weblink" computerName="EXOI7" duration="00:00:00.0044140" startTime="2016-01-04T16:20:04.4696079-03:00" endTime="2016-01-04T16:20:04.4756082-03:00" testType="13cdc9d9-ddb5-4fa4-a97d-d965ccfc6d4b" outcome="Passed" testListId="8c84fa94-04c1-424b-9868-57a2d4851a1d" relativeResultsDirectory="62787f9a-03f0-4ff4-b8a7-2c735a3dc754">
    </UnitTestResult>
    <UnitTestResult executionId="e024b1d4-bcad-40f7-9345-0d5fa05fb39e" testId="392a9b2a-a47b-e870-065b-c805c9b663bd" testName="should_call_create_story_once" computerName="EXOI7" duration="00:00:00.0039904" startTime="2016-01-04T16:20:04.4766083-03:00" endTime="2016-01-04T16:20:04.4826086-03:00" testType="13cdc9d9-ddb5-4fa4-a97d-d965ccfc6d4b" outcome="Passed" testListId="8c84fa94-04c1-424b-9868-57a2d4851a1d" relativeResultsDirectory="e024b1d4-bcad-40f7-9345-0d5fa05fb39e">
    </UnitTestResult>
    <UnitTestResult executionId="f9c5e13b-8daa-42e7-a86e-01da1ebcf0ba" testId="31fdf3c3-efce-7f82-e297-86b7f8594416" testName="should_log_an_error" computerName="EXOI7" duration="00:00:00.0030901" startTime="2016-01-04T16:20:04.4836087-03:00" endTime="2016-01-04T16:20:04.4886090-03:00" testType="13cdc9d9-ddb5-4fa4-a97d-d965ccfc6d4b" outcome="Passed" testListId="8c84fa94-04c1-424b-9868-57a2d4851a1d" relativeResultsDirectory="f9c5e13b-8daa-42e7-a86e-01da1ebcf0ba">
    </UnitTestResult>
    <UnitTestResult executionId="fb33e186-e393-4bcb-b252-28109cc9dc1a" testId="5b077f0f-ae05-a4c6-233d-5112992467fd" testName="should_not_call_refresh_info" computerName="EXOI7" duration="00:00:00.0032394" startTime="2016-01-04T16:20:04.4896090-03:00" endTime="2016-01-04T16:20:04.4946093-03:00" testType="13cdc9d9-ddb5-4fa4-a97d-d965ccfc6d4b" outcome="Passed" testListId="8c84fa94-04c1-424b-9868-57a2d4851a1d" relativeResultsDirectory="fb33e186-e393-4bcb-b252-28109cc9dc1a">
    </UnitTestResult>
    <UnitTestResult executionId="32b3518d-3f6c-4af4-9f9f-e15a95e42f24" testId="6522519e-d94e-3af0-130e-0c6a670a9d88" testName="should_not_update_the_issue" computerName="EXOI7" duration="00:00:00.0032487" startTime="2016-01-04T16:20:04.4956094-03:00" endTime="2016-01-04T16:20:04.5006096-03:00" testType="13cdc9d9-ddb5-4fa4-a97d-d965ccfc6d4b" outcome="Passed" testListId="8c84fa94-04c1-424b-9868-57a2d4851a1d" relativeResultsDirectory="32b3518d-3f6c-4af4-9f9f-e15a95e42f24">
    </UnitTestResult>
    <UnitTestResult executionId="20d787ad-d325-4f63-b56c-5c3f31083f3a" testId="86938245-09e8-90d4-202c-689ca2441c0f" testName="calls_the_GetEpicsWithoutReference_once" computerName="EXOI7" duration="00:00:00.0057156" startTime="2016-01-04T16:20:04.5006096-03:00" endTime="2016-01-04T16:20:04.5086101-03:00" testType="13cdc9d9-ddb5-4fa4-a97d-d965ccfc6d4b" outcome="Passed" testListId="8c84fa94-04c1-424b-9868-57a2d4851a1d" relativeResultsDirectory="20d787ad-d325-4f63-b56c-5c3f31083f3a">
    </UnitTestResult>
    <UnitTestResult executionId="72e3943d-d2b3-49ee-93b9-40ab0761d839" testId="8352b740-5640-aeae-5140-564f66adf679" testName="do_not_call_the_jira_api" computerName="EXOI7" duration="00:00:00.0040217" startTime="2016-01-04T16:20:04.5096102-03:00" endTime="2016-01-04T16:20:04.5156105-03:00" testType="13cdc9d9-ddb5-4fa4-a97d-d965ccfc6d4b" outcome="Passed" testListId="8c84fa94-04c1-424b-9868-57a2d4851a1d" relativeResultsDirectory="72e3943d-d2b3-49ee-93b9-40ab0761d839">
    </UnitTestResult>
    <UnitTestResult executionId="45818720-9ff7-4407-aedd-b72dce4ca996" testId="d54a1807-4698-b371-5189-75f1e0a838bc" testName="does_not_try_to_create_a_link_on_v1_epic" computerName="EXOI7" duration="00:00:00.0045554" startTime="2016-01-04T16:20:04.5166106-03:00" endTime="2016-01-04T16:20:04.5226109-03:00" testType="13cdc9d9-ddb5-4fa4-a97d-d965ccfc6d4b" outcome="Passed" testListId="8c84fa94-04c1-424b-9868-57a2d4851a1d" relativeResultsDirectory="45818720-9ff7-4407-aedd-b72dce4ca996">
    </UnitTestResult>
    <UnitTestResult executionId="3b3ad9e3-67de-43d5-a6ca-8e12f8fd7645" testId="e449a90a-1c83-26f7-0d19-cb247779b8f5" testName="defect_should_have_a_name_of_defect_template" computerName="EXOI7" duration="00:00:00.0052696" startTime="2016-01-04T16:20:04.5246110-03:00" endTime="2016-01-04T16:20:04.5326115-03:00" testType="13cdc9d9-ddb5-4fa4-a97d-d965ccfc6d4b" outcome="Passed" testListId="8c84fa94-04c1-424b-9868-57a2d4851a1d" relativeResultsDirectory="3b3ad9e3-67de-43d5-a6ca-8e12f8fd7645">
    </UnitTestResult>
    <UnitTestResult executionId="540d69cd-6fe6-4f39-9557-f770fb5aa23d" testId="ef9475ff-6e83-fa16-2b4c-681d794af6b5" testName="defect_should_have_a_priority_of_139" computerName="EXOI7" duration="00:00:00.0002785" startTime="2016-01-04T16:20:04.5336115-03:00" endTime="2016-01-04T16:20:04.5356116-03:00" testType="13cdc9d9-ddb5-4fa4-a97d-d965ccfc6d4b" outcome="Passed" testListId="8c84fa94-04c1-424b-9868-57a2d4851a1d" relativeResultsDirectory="540d69cd-6fe6-4f39-9557-f770fb5aa23d">
    </UnitTestResult>
    <UnitTestResult executionId="eb3c12ce-b4ae-4777-a68d-f0c6916297fa" testId="3286c3c2-c4d2-ccb7-ca52-b36d4fac06fd" testName="defect_should_have_two_owners" computerName="EXOI7" duration="00:00:00.0003004" startTime="2016-01-04T16:20:04.5356116-03:00" endTime="2016-01-04T16:20:04.5376118-03:00" testType="13cdc9d9-ddb5-4fa4-a97d-d965ccfc6d4b" outcome="Passed" testListId="8c84fa94-04c1-424b-9868-57a2d4851a1d" relativeResultsDirectory="eb3c12ce-b4ae-4777-a68d-f0c6916297fa">
    </UnitTestResult>
    <UnitTestResult executionId="97a2a327-96a9-41ec-a1ac-dd204e564ddf" testId="1257cc2f-f8b3-8f0c-13ef-bf8becdc06ab" testName="defects_first_owner_should_be_Member20" computerName="EXOI7" duration="00:00:00.0003312" startTime="2016-01-04T16:20:04.5386118-03:00" endTime="2016-01-04T16:20:04.5406119-03:00" testType="13cdc9d9-ddb5-4fa4-a97d-d965ccfc6d4b" outcome="Passed" testListId="8c84fa94-04c1-424b-9868-57a2d4851a1d" relativeResultsDirectory="97a2a327-96a9-41ec-a1ac-dd204e564ddf">
    </UnitTestResult>
    <UnitTestResult executionId="5641e695-5a62-4e51-9efb-6e51d6c0efb9" testId="ca77d984-8841-dff4-976c-727ba30c6fc1" testName="defects_second_owner_should_be_Member1000" computerName="EXOI7" duration="00:00:00.0003372" startTime="2016-01-04T16:20:04.5406119-03:00" endTime="2016-01-04T16:20:04.5426120-03:00" testType="13cdc9d9-ddb5-4fa4-a97d-d965ccfc6d4b" outcome="Passed" testListId="8c84fa94-04c1-424b-9868-57a2d4851a1d" relativeResultsDirectory="5641e695-5a62-4e51-9efb-6e51d6c0efb9">
    </UnitTestResult>
    <UnitTestResult executionId="15cdb893-7ec3-4714-acad-22b35cfdf495" testId="c3594d42-67f9-aba1-88fb-b7166475a1f7" testName="basic_attribute_setter_builds_out_an_asset_payload" computerName="EXOI7" duration="00:00:00.0003890" startTime="2016-01-04T16:20:04.5436121-03:00" endTime="2016-01-04T16:20:04.5456122-03:00" testType="13cdc9d9-ddb5-4fa4-a97d-d965ccfc6d4b" outcome="Passed" testListId="8c84fa94-04c1-424b-9868-57a2d4851a1d" relativeResultsDirectory="15cdb893-7ec3-4714-acad-22b35cfdf495">
    </UnitTestResult>
    <UnitTestResult executionId="9ee95160-9d30-4aad-a92b-0881cb30f3fc" testId="fcc9c09e-704c-c09a-9c0e-a16513b6d82b" testName="basic_attribute_setter_skips_an_empty_value" computerName="EXOI7" duration="00:00:00.0003480" startTime="2016-01-04T16:20:04.5466123-03:00" endTime="2016-01-04T16:20:04.5486124-03:00" testType="13cdc9d9-ddb5-4fa4-a97d-d965ccfc6d4b" outcome="Passed" testListId="8c84fa94-04c1-424b-9868-57a2d4851a1d" relativeResultsDirectory="9ee95160-9d30-4aad-a92b-0881cb30f3fc">
    </UnitTestResult>
    <UnitTestResult executionId="dc02695f-8621-457e-b588-b60c30f2acd5" testId="b1940fb9-b21b-8e69-b650-19ad5a532e31" testName="nullable_attribute_setter_builds_out_an_asset_payload" computerName="EXOI7" duration="00:00:00.0003676" startTime="2016-01-04T16:20:04.5496124-03:00" endTime="2016-01-04T16:20:04.5516126-03:00" testType="13cdc9d9-ddb5-4fa4-a97d-d965ccfc6d4b" outcome="Passed" testListId="8c84fa94-04c1-424b-9868-57a2d4851a1d" relativeResultsDirectory="dc02695f-8621-457e-b588-b60c30f2acd5">
    </UnitTestResult>
    <UnitTestResult executionId="23b266be-4d25-4016-8a0d-eaa5f4c7fa97" testId="b65994f9-ce5f-0458-72b6-e2f9d51bd967" testName="nullable_attribute_setter_creates_an_empty_node" computerName="EXOI7" duration="00:00:00.0003344" startTime="2016-01-04T16:20:04.5516126-03:00" endTime="2016-01-04T16:20:04.5536127-03:00" testType="13cdc9d9-ddb5-4fa4-a97d-d965ccfc6d4b" outcome="Passed" testListId="8c84fa94-04c1-424b-9868-57a2d4851a1d" relativeResultsDirectory="23b266be-4d25-4016-8a0d-eaa5f4c7fa97">
    </UnitTestResult>
    <UnitTestResult executionId="c4569bd6-2118-42d5-bdaa-de4cdc85f732" testId="04e1b9c2-ce6b-8253-517d-dbf5f9e910b4" testName="relation_attribute_setter_builds_out_an_asset_payload" computerName="EXOI7" duration="00:00:00.0003652" startTime="2016-01-04T16:20:04.5546127-03:00" endTime="2016-01-04T16:20:04.5566128-03:00" testType="13cdc9d9-ddb5-4fa4-a97d-d965ccfc6d4b" outcome="Passed" testListId="8c84fa94-04c1-424b-9868-57a2d4851a1d" relativeResultsDirectory="c4569bd6-2118-42d5-bdaa-de4cdc85f732">
    </UnitTestResult>
    <UnitTestResult executionId="e4444735-0a76-4ac3-9469-24998a91be7d" testId="bc6c6198-6770-0585-c2d7-18985ec5fbfb" testName="relation_attribute_setter_skips_an_empty_value" computerName="EXOI7" duration="00:00:00.0003508" startTime="2016-01-04T16:20:04.5576129-03:00" endTime="2016-01-04T16:20:04.5596130-03:00" testType="13cdc9d9-ddb5-4fa4-a97d-d965ccfc6d4b" outcome="Passed" testListId="8c84fa94-04c1-424b-9868-57a2d4851a1d" relativeResultsDirectory="e4444735-0a76-4ac3-9469-24998a91be7d">
    </UnitTestResult>
  </Results>
</TestRun>